<?xml version="1.0" encoding="utf-8"?>
<basetalismane>
    <file type="titre" name="2017/01/01/19-00-00/0,2-3208,1-0,0.xml">
        <titre>
            <p type="titre">
                <item><a>1</a><a>Ce</a><a>ce</a><a>PRO</a><a>PRO</a><a>n=s</a><a>0</a><a>_</a><a>0</a><a>_</a></item>
                <item><a>2</a><a>que</a><a>que</a><a>PROREL</a><a>PROREL</a><a></a><a>5</a><a>obj</a><a>5</a><a>obj</a>
                </item>
                <item><a>3</a><a>l'</a><a>le</a><a>DET</a><a>DET</a><a>n=s</a><a>4</a><a>det</a><a>4</a><a>det</a>
                </item>
                <item><a>4</a><a>on</a><a>on</a><a>CLS</a><a>CLS</a><a>n=s|p=3</a><a>5</a><a>suj</a><a>5</a><a>suj</a>
                </item>
                <item>
                    <a>5</a><a>sait</a><a>savoir</a><a>V</a><a>V</a><a>n=s|t=P|p=3</a><a>1</a><a>mod_rel</a><a>1</a><a>mod_rel</a>
                </item>
                <item><a>6</a><a>de</a><a>de</a><a>P</a><a>P</a><a></a><a>5</a><a>mod</a><a>5</a><a>mod</a></item>
                <item><a>7</a><a>l'</a><a>le</a><a>DET</a><a>DET</a><a>n=s</a><a>8</a><a>det</a><a>8</a><a>det</a>
                </item>
                <item>
                    <a>8</a><a>attentat</a><a>attentat</a><a>NC</a><a>NC</a><a>n=s|g=m</a><a>6</a><a>prep</a><a>6</a><a>prep</a>
                </item>
                <item><a>9</a><a>du</a><a>de</a><a>P+D</a><a>P+D</a><a>n=s|g=m</a><a>5</a><a>mod</a><a>5</a><a>mod</a>
                </item>
                <item><a>10</a><a>Nouvel</a><a>_</a><a>ADJ</a><a>ADJ</a><a></a><a>11</a><a>mod</a><a>11</a><a>mod</a>
                </item>
                <item><a>11</a><a>An</a><a>An</a><a>NPP</a><a>NPP</a><a>n=s</a><a>9</a><a>prep</a><a>9</a><a>prep</a>
                </item>
                <item><a>12</a><a>dans</a><a>dans</a><a>P</a><a>P</a><a></a><a>5</a><a>mod</a><a>5</a><a>mod</a></item>
                <item>
                    <a>13</a><a>un</a><a>un</a><a>DET</a><a>DET</a><a>n=s|g=m</a><a>14</a><a>det</a><a>14</a><a>det</a>
                </item>
                <item>
                    <a>14</a><a>club</a><a>club</a><a>NC</a><a>NC</a><a>n=s|g=m</a><a>12</a><a>prep</a><a>12</a><a>prep</a>
                </item>
                <item><a>15</a><a>d'</a><a>de</a><a>P</a><a>P</a><a></a><a>5</a><a>mod</a><a>5</a><a>mod</a></item>
                <item>
                    <a>16</a><a>Istanbul</a><a>_</a><a>NPP</a><a>NPP</a><a></a><a>15</a><a>prep</a><a>15</a><a>prep</a>
                </item>
                <item><a>17</a><a>.</a><a>.</a><a>PONCT</a><a>PONCT</a><a></a><a>16</a><a>ponct</a><a>16</a><a>ponct</a>
                </item>
                <item><a>18</a><a>§</a><a>§</a><a>PONCT</a><a>PONCT</a><a></a><a>16</a><a>ponct</a><a>16</a><a>ponct</a>
                </item>
            </p>
        </titre>
        <titre>
            <p type="titre">
                <item><a>1</a><a>Tiers</a><a>tiers</a><a>NC</a><a>NC</a><a>g=m</a><a>0</a><a>_</a><a>0</a><a>_</a>
                </item>
                <item>
                    <a>2</a><a>payant</a><a>payant</a><a>ADJ</a><a>ADJ</a><a>n=s|g=m</a><a>1</a><a>mod</a><a>1</a><a>mod</a>
                </item>
                <item><a>3</a><a>,</a><a>,</a><a>PONCT</a><a>PONCT</a><a></a><a>2</a><a>ponct</a><a>2</a><a>ponct</a>
                </item>
                <item>
                    <a>4</a><a>paquet</a><a>paquet</a><a>NC</a><a>NC</a><a>n=s|g=m</a><a>1</a><a>mod</a><a>1</a><a>mod</a>
                </item>
                <item>
                    <a>5</a><a>neutre</a><a>neutre</a><a>ADJ</a><a>ADJ</a><a>n=s</a><a>4</a><a>mod</a><a>4</a><a>mod</a>
                </item>
                <item><a>6</a><a>,</a><a>,</a><a>PONCT</a><a>PONCT</a><a></a><a>5</a><a>ponct</a><a>5</a><a>ponct</a>
                </item>
                <item>
                    <a>7</a><a>divorce</a><a>divorce</a><a>NC</a><a>NC</a><a>n=s|g=m</a><a>1</a><a>mod</a><a>1</a><a>mod</a>
                </item>
                <item><a>8</a><a>…</a><a>…</a><a>PONCT</a><a>PONCT</a><a></a><a>7</a><a>ponct</a><a>7</a><a>ponct</a>
                </item>
                <item><a>9</a><a>ce</a><a>ce</a><a>PRO</a><a>PRO</a><a>n=s</a><a>1</a><a>mod</a><a>1</a><a>mod</a>
                </item>
                <item>
                    <a>10</a><a>qui</a><a>qui</a><a>PROREL</a><a>PROREL</a><a>n=s</a><a>11</a><a>suj</a><a>11</a><a>suj</a>
                </item>
                <item>
                    <a>11</a><a>change</a><a>changer</a><a>V</a><a>V</a><a>n=s|t=P,S|p=1,3</a><a>9</a><a>mod_rel</a><a>9</a><a>mod_rel</a>
                </item>
                <item><a>12</a><a>en</a><a>en</a><a>P</a><a>P</a><a></a><a>11</a><a>mod</a><a>11</a><a>mod</a></item>
                <item>
                    <a>13</a><a>janvier</a><a>janvier</a><a>NC</a><a>NC</a><a>n=s|g=m</a><a>12</a><a>prep</a><a>12</a><a>prep</a>
                </item>
                <item><a>14</a><a>2017</a><a>2017</a><a>NC</a><a>NC</a><a></a><a>13</a><a>mod</a><a>13</a><a>mod</a>
                </item>
                <item><a>15</a><a>.</a><a>.</a><a>PONCT</a><a>PONCT</a><a></a><a>14</a><a>ponct</a><a>14</a><a>ponct</a>
                </item>
                <item><a>16</a><a>§</a><a>§</a><a>PONCT</a><a>PONCT</a><a></a><a>14</a><a>ponct</a><a>14</a><a>ponct</a>
                </item>
            </p>
        </titre>
        <titre>
            <p type="titre">
                <item><a>1</a><a>2016</a><a>2016</a><a>NC</a><a>NC</a><a></a><a>0</a><a>_</a><a>0</a><a>_</a></item>
                <item><a>2</a><a>:</a><a>:</a><a>PONCT</a><a>PONCT</a><a></a><a>1</a><a>ponct</a><a>1</a><a>ponct</a>
                </item>
                <item><a>3</a><a>l'</a><a>le</a><a>DET</a><a>DET</a><a>n=s</a><a>4</a><a>det</a><a>4</a><a>det</a>
                </item>
                <item><a>4</a><a>année</a><a>année</a><a>NC</a><a>NC</a><a>n=s|g=f</a><a>0</a><a>_</a><a>0</a><a>_</a>
                </item>
                <item><a>5</a><a>où</a><a>où</a><a>PROREL</a><a>PROREL</a><a></a><a>11</a><a>mod</a><a>11</a><a>mod</a>
                </item>
                <item><a>6</a><a>le</a><a>le</a><a>DET</a><a>DET</a><a>n=s|g=m</a><a>7</a><a>det</a><a>7</a><a>det</a>
                </item>
                <item><a>7</a><a>libre</a><a>libre</a><a>ADJ</a><a>ADJ</a><a>n=s</a><a>9</a><a>mod</a><a>9</a><a>mod</a>
                </item>
                <item><a>8</a><a>-</a><a>-</a><a>PONCT</a><a>PONCT</a><a></a><a>7</a><a>ponct</a><a>7</a><a>ponct</a>
                </item>
                <item>
                    <a>9</a><a>échange</a><a>échange</a><a>NC</a><a>NC</a><a>n=s|g=m</a><a>11</a><a>suj</a><a>11</a><a>suj</a>
                </item>
                <item>
                    <a>10</a><a>a</a><a>avoir</a><a>V</a><a>V</a><a>n=s|t=P|p=3</a><a>11</a><a>aux_tps</a><a>11</a><a>aux_tps</a>
                </item>
                <item>
                    <a>11</a><a>vacillé</a><a>vaciller</a><a>VPP</a><a>VPP</a><a>n=s|g=m|t=K</a><a>4</a><a>mod_rel</a><a>4</a><a>mod_rel</a>
                </item>
                <item><a>12</a><a>.</a><a>.</a><a>PONCT</a><a>PONCT</a><a></a><a>11</a><a>ponct</a><a>11</a><a>ponct</a>
                </item>
                <item><a>13</a><a>§</a><a>§</a><a>PONCT</a><a>PONCT</a><a></a><a>11</a><a>ponct</a><a>11</a><a>ponct</a>
                </item>
            </p>
        </titre>
        <titre>
            <p type="titre">
                <item>
                    <a>1</a><a>Antonio</a><a>Antonio</a><a>NPP</a><a>NPP</a><a>n=s|g=m</a><a>11</a><a>suj</a><a>11</a><a>suj</a>
                </item>
                <item><a>2</a><a>Guterres</a><a>_</a><a>NPP</a><a>NPP</a><a></a><a>1</a><a>mod</a><a>1</a><a>mod</a>
                </item>
                <item><a>3</a><a>,</a><a>,</a><a>PONCT</a><a>PONCT</a><a></a><a>2</a><a>ponct</a><a>2</a><a>ponct</a>
                </item>
                <item>
                    <a>4</a><a>nouveau</a><a>nouveau</a><a>ADJ</a><a>ADJ</a><a>n=s|g=m</a><a>5</a><a>mod</a><a>5</a><a>mod</a>
                </item>
                <item>
                    <a>5</a><a>secrétaire</a><a>secrétaire</a><a>NC</a><a>NC</a><a>n=s</a><a>1</a><a>mod</a><a>1</a><a>mod</a>
                </item>
                <item>
                    <a>6</a><a>général</a><a>général</a><a>ADJ</a><a>ADJ</a><a>n=s|g=m</a><a>5</a><a>mod</a><a>5</a><a>mod</a>
                </item>
                <item><a>7</a><a>de</a><a>de</a><a>P</a><a>P</a><a></a><a>5</a><a>dep</a><a>5</a><a>dep</a></item>
                <item><a>8</a><a>l'</a><a>le</a><a>DET</a><a>DET</a><a>n=s</a><a>9</a><a>det</a><a>9</a><a>det</a>
                </item>
                <item>
                    <a>9</a><a>ONU</a><a>O.N.U.</a><a>NC</a><a>NC</a><a>n=s|g=f</a><a>7</a><a>prep</a><a>7</a><a>prep</a>
                </item>
                <item><a>10</a><a>,</a><a>,</a><a>PONCT</a><a>PONCT</a><a></a><a>9</a><a>ponct</a><a>9</a><a>ponct</a>
                </item>
                <item>
                    <a>11</a><a>veut</a><a>vouloir</a><a>V</a><a>V</a><a>n=s|t=P|p=3</a><a>0</a><a>root</a><a>0</a><a>root</a>
                </item>
                <item>
                    <a>12</a><a>faire</a><a>faire</a><a>VINF</a><a>VINF</a><a>t=W</a><a>11</a><a>obj</a><a>11</a><a>obj</a>
                </item>
                <item><a>13</a><a>de</a><a>de</a><a>P</a><a>P</a><a></a><a>12</a><a>mod</a><a>12</a><a>mod</a></item>
                <item><a>14</a><a>2017</a><a>2017</a><a>NC</a><a>NC</a><a></a><a>13</a><a>prep</a><a>13</a><a>prep</a>
                </item>
                <item><a>15</a><a>"</a><a>"</a><a>PONCT</a><a>PONCT</a><a></a><a>14</a><a>ponct</a><a>14</a><a>ponct</a>
                </item>
                <item>
                    <a>16</a><a>une</a><a>une</a><a>DET</a><a>DET</a><a>n=s|g=f</a><a>17</a><a>det</a><a>17</a><a>det</a>
                </item>
                <item>
                    <a>17</a><a>année</a><a>année</a><a>NC</a><a>NC</a><a>n=s|g=f</a><a>12</a><a>obj</a><a>12</a><a>obj</a>
                </item>
                <item><a>18</a><a>pour</a><a>pour</a><a>P</a><a>P</a><a></a><a>12</a><a>mod</a><a>12</a><a>mod</a>
                </item>
                <item>
                    <a>19</a><a>la</a><a>la</a><a>DET</a><a>DET</a><a>n=s|g=f</a><a>20</a><a>det</a><a>20</a><a>det</a>
                </item>
                <item>
                    <a>20</a><a>paix</a><a>paix</a><a>NC</a><a>NC</a><a>g=f</a><a>18</a><a>prep</a><a>18</a><a>prep</a>
                </item>
                <item><a>21</a><a>"</a><a>"</a><a>PONCT</a><a>PONCT</a><a></a><a>20</a><a>ponct</a><a>20</a><a>ponct</a>
                </item>
                <item><a>22</a><a>.</a><a>.</a><a>PONCT</a><a>PONCT</a><a></a><a>20</a><a>ponct</a><a>20</a><a>ponct</a>
                </item>
            </p>
            <p type="titre">
                <item><a>1</a><a>§</a><a>§</a><a>PONCT</a><a>PONCT</a><a></a><a>0</a><a>ponct</a><a>0</a><a>ponct</a>
                </item>
            </p>
        </titre>
        <titre>
            <p type="titre">
                <item><a>1</a><a>Les</a><a>les</a><a>DET</a><a>DET</a><a>n=p</a><a>2</a><a>det</a><a>2</a><a>det</a>
                </item>
                <item><a>2</a><a>temps</a><a>temps</a><a>NC</a><a>NC</a><a>g=m</a><a>0</a><a>_</a><a>0</a><a>_</a>
                </item>
                <item>
                    <a>3</a><a>forts</a><a>fort</a><a>ADJ</a><a>ADJ</a><a>n=p|g=m</a><a>2</a><a>mod</a><a>2</a><a>mod</a>
                </item>
                <item>
                    <a>4</a><a>attendus</a><a>attendre</a><a>VPP</a><a>VPP</a><a>n=p|g=m|t=K</a><a>2</a><a>mod</a><a>2</a><a>mod</a>
                </item>
                <item><a>5</a><a>de</a><a>de</a><a>P</a><a>P</a><a></a><a>4</a><a>mod</a><a>4</a><a>mod</a></item>
                <item><a>6</a><a>2017</a><a>2017</a><a>NC</a><a>NC</a><a></a><a>5</a><a>prep</a><a>5</a><a>prep</a>
                </item>
                <item><a>7</a><a>.</a><a>.</a><a>PONCT</a><a>PONCT</a><a></a><a>6</a><a>ponct</a><a>6</a><a>ponct</a>
                </item>
                <item><a>8</a><a>§</a><a>§</a><a>PONCT</a><a>PONCT</a><a></a><a>6</a><a>ponct</a><a>6</a><a>ponct</a>
                </item>
            </p>
        </titre>
        <titre>
            <p type="titre">
                <item><a>1</a><a>La</a><a>la</a><a>DET</a><a>DET</a><a>n=s|g=f</a><a>2</a><a>det</a><a>2</a><a>det</a>
                </item>
                <item>
                    <a>2</a><a>frontière</a><a>frontière</a><a>NC</a><a>NC</a><a>n=s|g=f</a><a>0</a><a>_</a><a>0</a><a>_</a>
                </item>
                <item>
                    <a>3</a><a>Maroc</a><a>Maroc</a><a>NPP</a><a>NPP</a><a>n=s|g=m</a><a>2</a><a>mod</a><a>2</a><a>mod</a>
                </item>
                <item><a>4</a><a>-</a><a>-</a><a>PONCT</a><a>PONCT</a><a></a><a>3</a><a>ponct</a><a>3</a><a>ponct</a>
                </item>
                <item>
                    <a>5</a><a>Espagne</a><a>Espagne</a><a>NPP</a><a>NPP</a><a>n=s|g=f</a><a>2</a><a>mod</a><a>2</a><a>mod</a>
                </item>
                <item><a>6</a><a>à</a><a>à</a><a>P</a><a>P</a><a></a><a>2</a><a>dep</a><a>2</a><a>dep</a></item>
                <item><a>7</a><a>Ceuta</a><a>_</a><a>NPP</a><a>NPP</a><a></a><a>6</a><a>prep</a><a>6</a><a>prep</a>
                </item>
                <item>
                    <a>8</a><a>forcée</a><a>forcer</a><a>VPP</a><a>VPP</a><a>n=s|g=f|t=K</a><a>2</a><a>mod</a><a>2</a><a>mod</a>
                </item>
                <item><a>9</a><a>par</a><a>par</a><a>P</a><a>P</a><a></a><a>8</a><a>mod</a><a>8</a><a>mod</a></item>
                <item><a>10</a><a>près</a><a>près</a><a>ADV</a><a>ADV</a><a></a><a>9</a><a>prep</a><a>9</a><a>prep</a>
                </item>
                <item><a>11</a><a>d'</a><a>de</a><a>P</a><a>P</a><a></a><a>8</a><a>mod</a><a>8</a><a>mod</a></item>
                <item>
                    <a>12</a><a>un</a><a>un</a><a>DET</a><a>DET</a><a>n=s|g=m</a><a>13</a><a>det</a><a>13</a><a>det</a>
                </item>
                <item>
                    <a>13</a><a>millier</a><a>millier</a><a>NC</a><a>NC</a><a>n=s|g=m</a><a>11</a><a>prep</a><a>11</a><a>prep</a>
                </item>
                <item><a>14</a><a>de</a><a>de</a><a>P</a><a>P</a><a></a><a>13</a><a>dep</a><a>13</a><a>dep</a></item>
                <item>
                    <a>15</a><a>migrants</a><a>migrant</a><a>NC</a><a>NC</a><a>n=p|g=m</a><a>14</a><a>prep</a><a>14</a><a>prep</a>
                </item>
                <item><a>16</a><a>.</a><a>.</a><a>PONCT</a><a>PONCT</a><a></a><a>15</a><a>ponct</a><a>15</a><a>ponct</a>
                </item>
                <item><a>17</a><a>§</a><a>§</a><a>PONCT</a><a>PONCT</a><a></a><a>15</a><a>ponct</a><a>15</a><a>ponct</a>
                </item>
            </p>
        </titre>
        <titre>
            <p type="titre">
                <item>
                    <a>1</a><a>Fessée</a><a>fesser</a><a>VPP</a><a>VPP</a><a>n=s|g=f|t=K</a><a>5</a><a>mod</a><a>5</a><a>mod</a>
                </item>
                <item><a>2</a><a>:</a><a>:</a><a>PONCT</a><a>PONCT</a><a></a><a>1</a><a>ponct</a><a>1</a><a>ponct</a>
                </item>
                <item><a>3</a><a>la</a><a>la</a><a>DET</a><a>DET</a><a>n=s|g=f</a><a>4</a><a>det</a><a>4</a><a>det</a>
                </item>
                <item>
                    <a>4</a><a>France</a><a>France</a><a>NPP</a><a>NPP</a><a>n=s|g=f,m</a><a>5</a><a>suj</a><a>5</a><a>suj</a>
                </item>
                <item>
                    <a>5</a><a>devient</a><a>devenir</a><a>V</a><a>V</a><a>n=s|t=P|p=3</a><a>0</a><a>root</a><a>0</a><a>root</a>
                </item>
                <item><a>6</a><a>le</a><a>le</a><a>DET</a><a>DET</a><a>n=s|g=m</a><a>8</a><a>det</a><a>8</a><a>det</a>
                </item>
                <item><a>7</a><a>52e</a><a>_</a><a>ADJ</a><a>ADJ</a><a></a><a>8</a><a>mod</a><a>8</a><a>mod</a></item>
                <item><a>8</a><a>pays</a><a>pays</a><a>NC</a><a>NC</a><a>g=m</a><a>5</a><a>obj</a><a>5</a><a>obj</a>
                </item>
                <item><a>9</a><a>à</a><a>à</a><a>P</a><a>P</a><a></a><a>5</a><a>mod</a><a>5</a><a>mod</a></item>
                <item>
                    <a>10</a><a>l'</a><a>le</a><a>CLO</a><a>CLO</a><a>n=s|p=3</a><a>11</a><a>obj</a><a>11</a><a>obj</a>
                </item>
                <item>
                    <a>11</a><a>interdire</a><a>interdire</a><a>VINF</a><a>VINF</a><a>t=W</a><a>9</a><a>prep</a><a>9</a><a>prep</a>
                </item>
                <item><a>12</a><a>.</a><a>.</a><a>PONCT</a><a>PONCT</a><a></a><a>11</a><a>ponct</a><a>11</a><a>ponct</a>
                </item>
                <item><a>13</a><a>§</a><a>§</a><a>PONCT</a><a>PONCT</a><a></a><a>11</a><a>ponct</a><a>11</a><a>ponct</a>
                </item>
            </p>
        </titre>
        <titre>
            <p type="titre">
                <item><a>1</a><a>La</a><a>la</a><a>DET</a><a>DET</a><a>n=s|g=f</a><a>2</a><a>det</a><a>2</a><a>det</a>
                </item>
                <item>
                    <a>2</a><a>Finlande</a><a>Finlande</a><a>NPP</a><a>NPP</a><a>n=s|g=f</a><a>3</a><a>suj</a><a>3</a><a>suj</a>
                </item>
                <item>
                    <a>3</a><a>commence</a><a>commencer</a><a>V</a><a>V</a><a>n=s|t=P,S|p=1,3</a><a>0</a><a>root</a><a>0</a><a>root</a>
                </item>
                <item><a>4</a><a>à</a><a>à</a><a>P</a><a>P</a><a></a><a>3</a><a>obj</a><a>3</a><a>obj</a></item>
                <item>
                    <a>5</a><a>expérimenter</a><a>expérimenter</a><a>VINF</a><a>VINF</a><a>t=W</a><a>4</a><a>prep</a><a>4</a><a>prep</a>
                </item>
                <item><a>6</a><a>le</a><a>le</a><a>DET</a><a>DET</a><a>n=s|g=m</a><a>7</a><a>det</a><a>7</a><a>det</a>
                </item>
                <item>
                    <a>7</a><a>revenu</a><a>revenu</a><a>NC</a><a>NC</a><a>n=s|g=m</a><a>5</a><a>obj</a><a>5</a><a>obj</a>
                </item>
                <item>
                    <a>8</a><a>universel</a><a>universel</a><a>ADJ</a><a>ADJ</a><a>n=s|g=m</a><a>7</a><a>mod</a><a>7</a><a>mod</a>
                </item>
                <item><a>9</a><a>.</a><a>.</a><a>PONCT</a><a>PONCT</a><a></a><a>8</a><a>ponct</a><a>8</a><a>ponct</a>
                </item>
                <item><a>10</a><a>§</a><a>§</a><a>PONCT</a><a>PONCT</a><a></a><a>8</a><a>ponct</a><a>8</a><a>ponct</a>
                </item>
            </p>
        </titre>
        <titre>
            <p type="titre">
                <item><a>1</a><a>Les</a><a>les</a><a>DET</a><a>DET</a><a>n=p</a><a>4</a><a>det</a><a>4</a><a>det</a>
                </item>
                <item><a>2</a><a>plus</a><a>plus</a><a>ADV</a><a>ADV</a><a></a><a>3</a><a>mod</a><a>3</a><a>mod</a>
                </item>
                <item>
                    <a>3</a><a>beaux</a><a>beau</a><a>ADJ</a><a>ADJ</a><a>n=p|g=m</a><a>4</a><a>mod</a><a>4</a><a>mod</a>
                </item>
                <item>
                    <a>4</a><a>rendez-vous</a><a>rendez-vous</a><a>NC</a><a>NC</a><a>g=m</a><a>0</a><a>_</a><a>0</a><a>_</a>
                </item>
                <item>
                    <a>5</a><a>astronomiques</a><a>astronomique</a><a>ADJ</a><a>ADJ</a><a>n=p</a><a>4</a><a>mod</a><a>4</a><a>mod</a>
                </item>
                <item><a>6</a><a>en</a><a>en</a><a>P</a><a>P</a><a></a><a>4</a><a>dep</a><a>4</a><a>dep</a></item>
                <item>
                    <a>7</a><a>janvier</a><a>janvier</a><a>NC</a><a>NC</a><a>n=s|g=m</a><a>6</a><a>prep</a><a>6</a><a>prep</a>
                </item>
                <item><a>8</a><a>.</a><a>.</a><a>PONCT</a><a>PONCT</a><a></a><a>7</a><a>ponct</a><a>7</a><a>ponct</a>
                </item>
                <item><a>9</a><a>§</a><a>§</a><a>PONCT</a><a>PONCT</a><a></a><a>7</a><a>ponct</a><a>7</a><a>ponct</a>
                </item>
            </p>
        </titre>
        <titre>
            <p type="titre">
                <item><a>1</a><a>Léonore</a><a>_</a><a>NPP</a><a>NPP</a><a></a><a>0</a><a>_</a><a>0</a><a>_</a></item>
                <item><a>2</a><a>Baulac</a><a>_</a><a>NPP</a><a>NPP</a><a></a><a>1</a><a>mod</a><a>1</a><a>mod</a>
                </item>
                <item>
                    <a>3</a><a>nommée</a><a>nommer</a><a>VPP</a><a>VPP</a><a>n=s|g=f|t=K</a><a>1</a><a>mod</a><a>1</a><a>mod</a>
                </item>
                <item><a>4</a><a>danseuse</a><a>_</a><a>ADJ</a><a>ADJ</a><a></a><a>3</a><a>mod</a><a>3</a><a>mod</a>
                </item>
                <item>
                    <a>5</a><a>étoile</a><a>étoile</a><a>NC</a><a>NC</a><a>n=s|g=f</a><a>3</a><a>mod</a><a>3</a><a>mod</a>
                </item>
                <item><a>6</a><a>de</a><a>de</a><a>P</a><a>P</a><a></a><a>3</a><a>mod</a><a>3</a><a>mod</a></item>
                <item><a>7</a><a>l'</a><a>le</a><a>DET</a><a>DET</a><a>n=s</a><a>8</a><a>det</a><a>8</a><a>det</a>
                </item>
                <item><a>8</a><a>Opéra</a><a>_</a><a>NPP</a><a>NPP</a><a></a><a>6</a><a>prep</a><a>6</a><a>prep</a>
                </item>
                <item><a>9</a><a>de</a><a>de</a><a>P</a><a>P</a><a></a><a>3</a><a>mod</a><a>3</a><a>mod</a></item>
                <item>
                    <a>10</a><a>Paris</a><a>Paris</a><a>NPP</a><a>NPP</a><a>n=s|g=m</a><a>9</a><a>prep</a><a>9</a><a>prep</a>
                </item>
                <item><a>11</a><a>.</a><a>.</a><a>PONCT</a><a>PONCT</a><a></a><a>10</a><a>ponct</a><a>10</a><a>ponct</a>
                </item>
                <item><a>12</a><a>§</a><a>§</a><a>PONCT</a><a>PONCT</a><a></a><a>10</a><a>ponct</a><a>10</a><a>ponct</a>
                </item>
            </p>
        </titre>
        <titre>
            <p type="titre">
                <item>
                    <a>1</a><a>François</a><a>François</a><a>NPP</a><a>NPP</a><a>n=s|g=m</a><a>4</a><a>suj</a><a>4</a><a>suj</a>
                </item>
                <item><a>2</a><a>Hollande</a><a>_</a><a>NPP</a><a>NPP</a><a></a><a>1</a><a>mod</a><a>1</a><a>mod</a>
                </item>
                <item>
                    <a>3</a><a>a</a><a>avoir</a><a>V</a><a>V</a><a>n=s|t=P|p=3</a><a>4</a><a>aux_tps</a><a>4</a><a>aux_tps</a>
                </item>
                <item>
                    <a>4</a><a>adressé</a><a>adresser</a><a>VPP</a><a>VPP</a><a>n=s|g=m|t=K</a><a>0</a><a>root</a><a>0</a><a>root</a>
                </item>
                <item>
                    <a>5</a><a>ses</a><a>ses</a><a>DET</a><a>DET</a><a>n=p|p=3|poss=s</a><a>7</a><a>det</a><a>7</a><a>det</a>
                </item>
                <item>
                    <a>6</a><a>ultimes</a><a>ultime</a><a>ADJ</a><a>ADJ</a><a>n=p</a><a>7</a><a>mod</a><a>7</a><a>mod</a>
                </item>
                <item><a>7</a><a>vœux</a><a>_</a><a>NC</a><a>NC</a><a></a><a>4</a><a>obj</a><a>4</a><a>obj</a></item>
                <item><a>8</a><a>aux</a><a>à</a><a>P+D</a><a>P+D</a><a>n=p</a><a>4</a><a>mod</a><a>4</a><a>mod</a>
                </item>
                <item>
                    <a>9</a><a>Français</a><a>français</a><a>NC</a><a>NC</a><a>g=m</a><a>8</a><a>prep</a><a>8</a><a>prep</a>
                </item>
                <item><a>10</a><a>.</a><a>.</a><a>PONCT</a><a>PONCT</a><a></a><a>9</a><a>ponct</a><a>9</a><a>ponct</a>
                </item>
                <item><a>11</a><a>§</a><a>§</a><a>PONCT</a><a>PONCT</a><a></a><a>9</a><a>ponct</a><a>9</a><a>ponct</a>
                </item>
            </p>
        </titre>
        <titre>
            <p type="titre">
                <item><a>1</a><a>Que</a><a>que</a><a>PROWH</a><a>PROWH</a><a></a><a>2</a><a>suj</a><a>2</a><a>suj</a>
                </item>
                <item>
                    <a>2</a><a>faut</a><a>falloir</a><a>V</a><a>V</a><a>n=s|t=P|p=3</a><a>0</a><a>root</a><a>0</a><a>root</a>
                </item>
                <item>
                    <a>3</a><a>-il</a><a>il</a><a>CLS</a><a>CLS</a><a>n=s|g=m|p=3</a><a>2</a><a>suj</a><a>2</a><a>suj</a>
                </item>
                <item>
                    <a>4</a><a>retenir</a><a>retenir</a><a>VINF</a><a>VINF</a><a>t=W</a><a>2</a><a>obj</a><a>2</a><a>obj</a>
                </item>
                <item><a>5</a><a>de</a><a>de</a><a>P</a><a>P</a><a></a><a>4</a><a>mod</a><a>4</a><a>mod</a></item>
                <item><a>6</a><a>l'</a><a>le</a><a>DET</a><a>DET</a><a>n=s</a><a>7</a><a>det</a><a>7</a><a>det</a>
                </item>
                <item>
                    <a>7</a><a>actualité</a><a>actualité</a><a>NC</a><a>NC</a><a>n=s|g=f</a><a>5</a><a>prep</a><a>5</a><a>prep</a>
                </item>
                <item><a>8</a><a>de</a><a>de</a><a>P</a><a>P</a><a></a><a>4</a><a>mod</a><a>4</a><a>mod</a></item>
                <item><a>9</a><a>2016</a><a>2016</a><a>NC</a><a>NC</a><a></a><a>8</a><a>prep</a><a>8</a><a>prep</a>
                </item>
                <item><a>10</a><a>?</a><a>?</a><a>PONCT</a><a>PONCT</a><a></a><a>9</a><a>ponct</a><a>9</a><a>ponct</a>
                </item>
                <item><a>11</a><a>§</a><a>§</a><a>PONCT</a><a>PONCT</a><a></a><a>9</a><a>ponct</a><a>9</a><a>ponct</a>
                </item>
            </p>
        </titre>
        <titre>
            <p type="titre">
                <item><a>1</a><a>Mails</a><a>mail</a><a>NC</a><a>NC</a><a>n=p|g=m</a><a>0</a><a>_</a><a>0</a><a>_</a>
                </item>
                <item>
                    <a>2</a><a>professionnels</a><a>professionnel</a><a>ADJ</a><a>ADJ</a><a>n=p|g=m</a><a>1</a><a>mod</a><a>1</a><a>mod</a>
                </item>
                <item><a>3</a><a>:</a><a>:</a><a>PONCT</a><a>PONCT</a><a></a><a>2</a><a>ponct</a><a>2</a><a>ponct</a>
                </item>
                <item><a>4</a><a>"</a><a>"</a><a>PONCT</a><a>PONCT</a><a></a><a>2</a><a>ponct</a><a>2</a><a>ponct</a>
                </item>
                <item><a>5</a><a>Tant</a><a>tant</a><a>ADV</a><a>ADV</a><a></a><a>6</a><a>mod</a><a>6</a><a>mod</a>
                </item>
                <item><a>6</a><a>que</a><a>que</a><a>CS</a><a>CS</a><a></a><a>1</a><a>mod</a><a>1</a><a>mod</a></item>
                <item><a>7</a><a>la</a><a>la</a><a>DET</a><a>DET</a><a>n=s|g=f</a><a>8</a><a>det</a><a>8</a><a>det</a>
                </item>
                <item>
                    <a>8</a><a>déconnexion</a><a>déconnexion</a><a>NC</a><a>NC</a><a>n=s|g=f</a><a>12</a><a>suj</a><a>12</a><a>suj</a>
                </item>
                <item><a>9</a><a>ne</a><a>ne</a><a>ADV</a><a>ADV</a><a></a><a>12</a><a>mod</a><a>12</a><a>mod</a></item>
                <item>
                    <a>10</a><a>sera</a><a>être</a><a>V</a><a>V</a><a>n=s|t=F|p=3</a><a>12</a><a>aux_pass</a><a>12</a><a>aux_pass</a>
                </item>
                <item><a>11</a><a>pas</a><a>pas</a><a>ADV</a><a>ADV</a><a></a><a>12</a><a>mod</a><a>12</a><a>mod</a>
                </item>
                <item>
                    <a>12</a><a>imposée</a><a>imposer</a><a>VPP</a><a>VPP</a><a>n=s|g=f|t=K</a><a>6</a><a>sub</a><a>6</a><a>sub</a>
                </item>
                <item><a>13</a><a>,</a><a>,</a><a>PONCT</a><a>PONCT</a><a></a><a>12</a><a>ponct</a><a>12</a><a>ponct</a>
                </item>
                <item><a>14</a><a>ça</a><a>ça</a><a>PRO</a><a>PRO</a><a>n=s</a><a>16</a><a>suj</a><a>16</a><a>suj</a>
                </item>
                <item><a>15</a><a>ne</a><a>ne</a><a>ADV</a><a>ADV</a><a></a><a>16</a><a>mod</a><a>16</a><a>mod</a>
                </item>
                <item>
                    <a>16</a><a>marchera</a><a>marcher</a><a>V</a><a>V</a><a>n=s|t=F|p=3</a><a>6</a><a>root</a><a>6</a><a>root</a>
                </item>
                <item><a>17</a><a>pas</a><a>pas</a><a>ADV</a><a>ADV</a><a></a><a>16</a><a>mod</a><a>16</a><a>mod</a>
                </item>
                <item><a>18</a><a>"</a><a>"</a><a>PONCT</a><a>PONCT</a><a></a><a>17</a><a>ponct</a><a>17</a><a>ponct</a>
                </item>
                <item><a>19</a><a>.</a><a>.</a><a>PONCT</a><a>PONCT</a><a></a><a>17</a><a>ponct</a><a>17</a><a>ponct</a>
                </item>
            </p>
            <p type="titre">
                <item><a>1</a><a>§</a><a>§</a><a>PONCT</a><a>PONCT</a><a></a><a>0</a><a>ponct</a><a>0</a><a>ponct</a>
                </item>
            </p>
        </titre>
        <titre>
            <p type="titre">
                <item><a>1</a><a>Le</a><a>le</a><a>DET</a><a>DET</a><a>n=s|g=m</a><a>2</a><a>det</a><a>2</a><a>det</a>
                </item>
                <item>
                    <a>2</a><a>monde</a><a>monde</a><a>NC</a><a>NC</a><a>n=s|g=m</a><a>4</a><a>suj</a><a>4</a><a>suj</a>
                </item>
                <item>
                    <a>3</a><a>a</a><a>avoir</a><a>V</a><a>V</a><a>n=s|t=P|p=3</a><a>4</a><a>aux_tps</a><a>4</a><a>aux_tps</a>
                </item>
                <item>
                    <a>4</a><a>fêté</a><a>fêter</a><a>VPP</a><a>VPP</a><a>n=s|g=m|t=K</a><a>0</a><a>root</a><a>0</a><a>root</a>
                </item>
                <item><a>5</a><a>le</a><a>le</a><a>DET</a><a>DET</a><a>n=s|g=m</a><a>7</a><a>det</a><a>7</a><a>det</a>
                </item>
                <item><a>6</a><a>Nouvel</a><a>_</a><a>ADJ</a><a>ADJ</a><a></a><a>7</a><a>mod</a><a>7</a><a>mod</a>
                </item>
                <item><a>7</a><a>An</a><a>An</a><a>NPP</a><a>NPP</a><a>n=s</a><a>4</a><a>obj</a><a>4</a><a>obj</a>
                </item>
                <item><a>8</a><a>2017</a><a>2017</a><a>ADJ</a><a>ADJ</a><a></a><a>7</a><a>mod</a><a>7</a><a>mod</a>
                </item>
                <item><a>9</a><a>.</a><a>.</a><a>PONCT</a><a>PONCT</a><a></a><a>8</a><a>ponct</a><a>8</a><a>ponct</a>
                </item>
                <item><a>10</a><a>§</a><a>§</a><a>PONCT</a><a>PONCT</a><a></a><a>8</a><a>ponct</a><a>8</a><a>ponct</a>
                </item>
            </p>
        </titre>
        <titre>
            <p type="titre">
                <item><a>1</a><a>Au</a><a>à</a><a>P+D</a><a>P+D</a><a>n=s|g=m</a><a>0</a><a>_</a><a>0</a><a>_</a></item>
                <item><a>2</a><a>moins</a><a>moins</a><a>ADV</a><a>ADV</a><a></a><a>3</a><a>mod</a><a>3</a><a>mod</a>
                </item>
                <item><a>3</a><a>23</a><a>23</a><a>ADJ</a><a>ADJ</a><a></a><a>4</a><a>mod</a><a>4</a><a>mod</a></item>
                <item>
                    <a>4</a><a>morts</a><a>mort</a><a>NC</a><a>NC</a><a>n=p|g=f,m</a><a>1</a><a>prep</a><a>1</a><a>prep</a>
                </item>
                <item><a>5</a><a>dans</a><a>dans</a><a>P</a><a>P</a><a></a><a>4</a><a>dep</a><a>4</a><a>dep</a></item>
                <item><a>6</a><a>un</a><a>un</a><a>DET</a><a>DET</a><a>n=s|g=m</a><a>7</a><a>det</a><a>7</a><a>det</a>
                </item>
                <item>
                    <a>7</a><a>incendie</a><a>incendie</a><a>NC</a><a>NC</a><a>n=s|g=m</a><a>5</a><a>prep</a><a>5</a><a>prep</a>
                </item>
                <item><a>8</a><a>à</a><a>à</a><a>P</a><a>P</a><a></a><a>4</a><a>dep</a><a>4</a><a>dep</a></item>
                <item>
                    <a>9</a><a>bord</a><a>bord</a><a>NC</a><a>NC</a><a>n=s|g=m</a><a>8</a><a>prep</a><a>8</a><a>prep</a>
                </item>
                <item><a>10</a><a>d'</a><a>de</a><a>P</a><a>P</a><a></a><a>4</a><a>dep</a><a>4</a><a>dep</a></item>
                <item>
                    <a>11</a><a>un</a><a>un</a><a>DET</a><a>DET</a><a>n=s|g=m</a><a>12</a><a>det</a><a>12</a><a>det</a>
                </item>
                <item>
                    <a>12</a><a>bateau</a><a>bateau</a><a>NC</a><a>NC</a><a>n=s|g=m</a><a>10</a><a>prep</a><a>10</a><a>prep</a>
                </item>
                <item><a>13</a><a>en</a><a>en</a><a>P</a><a>P</a><a></a><a>4</a><a>dep</a><a>4</a><a>dep</a></item>
                <item>
                    <a>14</a><a>Indonésie</a><a>Indonésie</a><a>NPP</a><a>NPP</a><a>n=s|g=f</a><a>13</a><a>prep</a><a>13</a><a>prep</a>
                </item>
                <item><a>15</a><a>.</a><a>.</a><a>PONCT</a><a>PONCT</a><a></a><a>14</a><a>ponct</a><a>14</a><a>ponct</a>
                </item>
                <item><a>16</a><a>§</a><a>§</a><a>PONCT</a><a>PONCT</a><a></a><a>14</a><a>ponct</a><a>14</a><a>ponct</a>
                </item>
            </p>
        </titre>
        <titre>
            <p type="titre">
                <item>
                    <a>1</a><a>Dix-huit</a><a>dix-huit</a><a>DET</a><a>DET</a><a>s=card|n=p</a><a>2</a><a>det</a><a>2</a><a>det</a>
                </item>
                <item>
                    <a>2</a><a>départements</a><a>département</a><a>NC</a><a>NC</a><a>n=p|g=m</a><a>0</a><a>_</a><a>0</a><a>_</a>
                </item>
                <item>
                    <a>3</a><a>placés</a><a>placer</a><a>VPP</a><a>VPP</a><a>n=p|g=m|t=K</a><a>2</a><a>mod</a><a>2</a><a>mod</a>
                </item>
                <item><a>4</a><a>en</a><a>en</a><a>P</a><a>P</a><a></a><a>3</a><a>mod</a><a>3</a><a>mod</a></item>
                <item>
                    <a>5</a><a>vigilance</a><a>vigilance</a><a>NC</a><a>NC</a><a>n=s|g=f</a><a>4</a><a>prep</a><a>4</a><a>prep</a>
                </item>
                <item>
                    <a>6</a><a>orange</a><a>orange</a><a>ADJ</a><a>ADJ</a><a>n=s</a><a>5</a><a>mod</a><a>5</a><a>mod</a>
                </item>
                <item><a>7</a><a>pour</a><a>pour</a><a>P</a><a>P</a><a></a><a>3</a><a>mod</a><a>3</a><a>mod</a></item>
                <item>
                    <a>8</a><a>neige</a><a>neige</a><a>NC</a><a>NC</a><a>n=s|g=f</a><a>7</a><a>prep</a><a>7</a><a>prep</a>
                </item>
                <item><a>9</a><a>et</a><a>et</a><a>CC</a><a>CC</a><a></a><a>2</a><a>coord</a><a>2</a><a>coord</a></item>
                <item>
                    <a>10</a><a>verglas</a><a>verglas</a><a>NC</a><a>NC</a><a>g=m</a><a>9</a><a>dep_coord</a><a>9</a><a>dep_coord</a>
                </item>
                <item><a>11</a><a>.</a><a>.</a><a>PONCT</a><a>PONCT</a><a></a><a>10</a><a>ponct</a><a>10</a><a>ponct</a>
                </item>
                <item><a>12</a><a>§</a><a>§</a><a>PONCT</a><a>PONCT</a><a></a><a>10</a><a>ponct</a><a>10</a><a>ponct</a>
                </item>
            </p>
        </titre>
        <titre>
            <p type="titre">
                <item><a>1</a><a>Des</a><a>des</a><a>DET</a><a>DET</a><a>n=p</a><a>2</a><a>det</a><a>2</a><a>det</a>
                </item>
                <item><a>2</a><a>idées</a><a>idée</a><a>NC</a><a>NC</a><a>n=p|g=f</a><a>0</a><a>_</a><a>0</a><a>_</a>
                </item>
                <item><a>3</a><a>de</a><a>de</a><a>P</a><a>P</a><a></a><a>2</a><a>dep</a><a>2</a><a>dep</a></item>
                <item>
                    <a>4</a><a>sorties</a><a>sortie</a><a>NC</a><a>NC</a><a>n=p|g=f</a><a>3</a><a>prep</a><a>3</a><a>prep</a>
                </item>
                <item><a>5</a><a>pour</a><a>pour</a><a>P</a><a>P</a><a></a><a>2</a><a>dep</a><a>2</a><a>dep</a></item>
                <item><a>6</a><a>le</a><a>le</a><a>DET</a><a>DET</a><a>n=s|g=m</a><a>8</a><a>det</a><a>8</a><a>det</a>
                </item>
                <item>
                    <a>7</a><a>dernier</a><a>dernier</a><a>ADJ</a><a>ADJ</a><a>n=s|g=m</a><a>8</a><a>mod</a><a>8</a><a>mod</a>
                </item>
                <item><a>8</a><a>week</a><a>_</a><a>NC</a><a>NC</a><a></a><a>5</a><a>prep</a><a>5</a><a>prep</a></item>
                <item><a>9</a><a>-</a><a>-</a><a>PONCT</a><a>PONCT</a><a></a><a>8</a><a>ponct</a><a>8</a><a>ponct</a>
                </item>
                <item><a>10</a><a>end</a><a>end</a><a>NC</a><a>NC</a><a>n=s|g=f</a><a>8</a><a>mod</a><a>8</a><a>mod</a>
                </item>
                <item><a>11</a><a>de</a><a>de</a><a>P</a><a>P</a><a></a><a>10</a><a>dep</a><a>10</a><a>dep</a></item>
                <item><a>12</a><a>l'</a><a>le</a><a>DET</a><a>DET</a><a>n=s</a><a>13</a><a>det</a><a>13</a><a>det</a>
                </item>
                <item>
                    <a>13</a><a>année</a><a>année</a><a>NC</a><a>NC</a><a>n=s|g=f</a><a>11</a><a>prep</a><a>11</a><a>prep</a>
                </item>
                <item><a>14</a><a>.</a><a>.</a><a>PONCT</a><a>PONCT</a><a></a><a>13</a><a>ponct</a><a>13</a><a>ponct</a>
                </item>
                <item><a>15</a><a>§</a><a>§</a><a>PONCT</a><a>PONCT</a><a></a><a>13</a><a>ponct</a><a>13</a><a>ponct</a>
                </item>
            </p>
        </titre>
    </file>
    <file type="description" name="2017/01/01/19-00-00/0,2-3208,1-0,0.xml">
        <description>
            <p type="description">
                <item><a>1</a><a>En</a><a>en</a><a>P</a><a>P</a><a></a><a>11</a><a>mod</a><a>11</a><a>mod</a></item>
                <item>
                    <a>2</a><a>Turquie</a><a>Turquie</a><a>NPP</a><a>NPP</a><a>n=s|g=f</a><a>1</a><a>prep</a><a>1</a><a>prep</a>
                </item>
                <item><a>3</a><a>,</a><a>,</a><a>PONCT</a><a>PONCT</a><a></a><a>2</a><a>ponct</a><a>2</a><a>ponct</a>
                </item>
                <item><a>4</a><a>une</a><a>une</a><a>DET</a><a>DET</a><a>n=s|g=f</a><a>6</a><a>det</a><a>6</a><a>det</a>
                </item>
                <item>
                    <a>5</a><a>célèbre</a><a>célèbre</a><a>ADJ</a><a>ADJ</a><a>n=s</a><a>6</a><a>mod</a><a>6</a><a>mod</a>
                </item>
                <item>
                    <a>6</a><a>boîte</a><a>boîte</a><a>NC</a><a>NC</a><a>n=s|g=f</a><a>11</a><a>suj</a><a>11</a><a>suj</a>
                </item>
                <item><a>7</a><a>de</a><a>de</a><a>P</a><a>P</a><a></a><a>6</a><a>dep</a><a>6</a><a>dep</a></item>
                <item>
                    <a>8</a><a>nuit</a><a>nuit</a><a>NC</a><a>NC</a><a>n=s|g=f</a><a>7</a><a>prep</a><a>7</a><a>prep</a>
                </item>
                <item>
                    <a>9</a><a>a</a><a>avoir</a><a>V</a><a>V</a><a>n=s|t=P|p=3</a><a>11</a><a>aux_tps</a><a>11</a><a>aux_tps</a>
                </item>
                <item>
                    <a>10</a><a>été</a><a>être</a><a>VPP</a><a>VPP</a><a>t=K</a><a>11</a><a>aux_pass</a><a>11</a><a>aux_pass</a>
                </item>
                <item>
                    <a>11</a><a>visée</a><a>viser</a><a>VPP</a><a>VPP</a><a>n=s|g=f|t=K</a><a>0</a><a>root</a><a>0</a><a>root</a>
                </item>
                <item><a>12</a><a>dans</a><a>dans</a><a>P</a><a>P</a><a></a><a>11</a><a>mod</a><a>11</a><a>mod</a>
                </item>
                <item>
                    <a>13</a><a>la</a><a>la</a><a>DET</a><a>DET</a><a>n=s|g=f</a><a>14</a><a>det</a><a>14</a><a>det</a>
                </item>
                <item>
                    <a>14</a><a>nuit</a><a>nuit</a><a>NC</a><a>NC</a><a>n=s|g=f</a><a>12</a><a>prep</a><a>12</a><a>prep</a>
                </item>
                <item><a>15</a><a>par</a><a>par</a><a>P</a><a>P</a><a></a><a>11</a><a>mod</a><a>11</a><a>mod</a></item>
                <item>
                    <a>16</a><a>un</a><a>un</a><a>DET</a><a>DET</a><a>n=s|g=m</a><a>17</a><a>det</a><a>17</a><a>det</a>
                </item>
                <item>
                    <a>17</a><a>attentat</a><a>attentat</a><a>NC</a><a>NC</a><a>n=s|g=m</a><a>15</a><a>prep</a><a>15</a><a>prep</a>
                </item>
                <item>
                    <a>18</a><a>qui</a><a>qui</a><a>PROREL</a><a>PROREL</a><a>n=s</a><a>20</a><a>suj</a><a>20</a><a>suj</a>
                </item>
                <item>
                    <a>19</a><a>a</a><a>avoir</a><a>V</a><a>V</a><a>n=s|t=P|p=3</a><a>20</a><a>aux_tps</a><a>20</a><a>aux_tps</a>
                </item>
                <item>
                    <a>20</a><a>fait</a><a>faire</a><a>VPP</a><a>VPP</a><a>n=s|g=m|t=K</a><a>17</a><a>mod_rel</a><a>17</a><a>mod_rel</a>
                </item>
                <item><a>21</a><a>au</a><a>à</a><a>P+D</a><a>P+D</a><a>n=s|g=m</a><a>20</a><a>mod</a><a>20</a><a>mod</a>
                </item>
                <item><a>22</a><a>moins</a><a>moins</a><a>ADV</a><a>ADV</a><a></a><a>23</a><a>mod</a><a>23</a><a>mod</a>
                </item>
                <item><a>23</a><a>39</a><a>39</a><a>ADJ</a><a>ADJ</a><a></a><a>24</a><a>mod</a><a>24</a><a>mod</a>
                </item>
                <item>
                    <a>24</a><a>morts</a><a>mort</a><a>NC</a><a>NC</a><a>n=p|g=f,m</a><a>21</a><a>prep</a><a>21</a><a>prep</a>
                </item>
                <item><a>25</a><a>.</a><a>.</a><a>PONCT</a><a>PONCT</a><a></a><a>24</a><a>ponct</a><a>24</a><a>ponct</a>
                </item>
            </p>
            <p type="description">
                <item><a>1</a><a>L'</a><a>le</a><a>DET</a><a>DET</a><a>n=s</a><a>2</a><a>det</a><a>2</a><a>det</a>
                </item>
                <item>
                    <a>2</a><a>assaillant</a><a>assaillant</a><a>NC</a><a>NC</a><a>n=s|g=m</a><a>5</a><a>suj</a><a>5</a><a>suj</a>
                </item>
                <item>
                    <a>3</a><a>est</a><a>être</a><a>V</a><a>V</a><a>n=s|t=P|p=3</a><a>5</a><a>aux_tps</a><a>5</a><a>aux_tps</a>
                </item>
                <item>
                    <a>4</a><a>toujours</a><a>toujours</a><a>ADV</a><a>ADV</a><a></a><a>5</a><a>mod</a><a>5</a><a>mod</a>
                </item>
                <item>
                    <a>5</a><a>recherché</a><a>rechercher</a><a>VPP</a><a>VPP</a><a>n=s|g=m|t=K</a><a>0</a><a>root</a><a>0</a><a>root</a>
                </item>
                <item><a>6</a><a>.</a><a>.</a><a>PONCT</a><a>PONCT</a><a></a><a>5</a><a>ponct</a><a>5</a><a>ponct</a>
                </item>
                <item><a>7</a><a>§</a><a>§</a><a>PONCT</a><a>PONCT</a><a></a><a>5</a><a>ponct</a><a>5</a><a>ponct</a>
                </item>
            </p>
        </description>
        <description>
            <p type="description">
                <item><a>1</a><a>La</a><a>la</a><a>DET</a><a>DET</a><a>n=s|g=f</a><a>3</a><a>det</a><a>3</a><a>det</a>
                </item>
                <item>
                    <a>2</a><a>nouvelle</a><a>nouveau</a><a>ADJ</a><a>ADJ</a><a>n=s|g=f</a><a>3</a><a>mod</a><a>3</a><a>mod</a>
                </item>
                <item>
                    <a>3</a><a>année</a><a>année</a><a>NC</a><a>NC</a><a>n=s|g=f</a><a>4</a><a>suj</a><a>4</a><a>suj</a>
                </item>
                <item>
                    <a>4</a><a>annonce</a><a>annoncer</a><a>V</a><a>V</a><a>n=s|t=P,S|p=1,3</a><a>0</a><a>root</a><a>0</a><a>root</a>
                </item>
                <item><a>5</a><a>l'</a><a>le</a><a>DET</a><a>DET</a><a>n=s</a><a>6</a><a>det</a><a>6</a><a>det</a>
                </item>
                <item>
                    <a>6</a><a>entrée</a><a>entrée</a><a>NC</a><a>NC</a><a>n=s|g=f</a><a>4</a><a>obj</a><a>4</a><a>obj</a>
                </item>
                <item><a>7</a><a>en</a><a>en</a><a>P</a><a>P</a><a></a><a>6</a><a>dep</a><a>6</a><a>dep</a></item>
                <item>
                    <a>8</a><a>vigueur</a><a>vigueur</a><a>NC</a><a>NC</a><a>n=s|g=f</a><a>7</a><a>prep</a><a>7</a><a>prep</a>
                </item>
                <item><a>9</a><a>de</a><a>de</a><a>P</a><a>P</a><a></a><a>4</a><a>mod</a><a>4</a><a>mod</a></item>
                <item>
                    <a>10</a><a>nouvelles</a><a>nouveau</a><a>ADJ</a><a>ADJ</a><a>n=p|g=f</a><a>11</a><a>mod</a><a>11</a><a>mod</a>
                </item>
                <item>
                    <a>11</a><a>réformes</a><a>réforme</a><a>NC</a><a>NC</a><a>n=p|g=f</a><a>9</a><a>prep</a><a>9</a><a>prep</a>
                </item>
                <item><a>12</a><a>.</a><a>.</a><a>PONCT</a><a>PONCT</a><a></a><a>11</a><a>ponct</a><a>11</a><a>ponct</a>
                </item>
            </p>
            <p type="description">
                <item>
                    <a>1</a><a>Précisions</a><a>précision</a><a>NC</a><a>NC</a><a>n=p|g=f</a><a>0</a><a>_</a><a>0</a><a>_</a>
                </item>
                <item><a>2</a><a>sur</a><a>sur</a><a>P</a><a>P</a><a></a><a>1</a><a>dep</a><a>1</a><a>dep</a></item>
                <item><a>3</a><a>les</a><a>les</a><a>DET</a><a>DET</a><a>n=p</a><a>4</a><a>det</a><a>4</a><a>det</a>
                </item>
                <item>
                    <a>4</a><a>mesures</a><a>mesure</a><a>NC</a><a>NC</a><a>n=p|g=f</a><a>2</a><a>prep</a><a>2</a><a>prep</a>
                </item>
                <item><a>5</a><a>les</a><a>les</a><a>DET</a><a>DET</a><a>n=p</a><a>7</a><a>det</a><a>7</a><a>det</a>
                </item>
                <item><a>6</a><a>plus</a><a>plus</a><a>ADV</a><a>ADV</a><a></a><a>7</a><a>mod</a><a>7</a><a>mod</a>
                </item>
                <item>
                    <a>7</a><a>importantes</a><a>important</a><a>ADJ</a><a>ADJ</a><a>n=p|g=f</a><a>1</a><a>mod</a><a>1</a><a>mod</a>
                </item>
                <item><a>8</a><a>de</a><a>de</a><a>P</a><a>P</a><a></a><a>1</a><a>dep</a><a>1</a><a>dep</a></item>
                <item><a>9</a><a>2017</a><a>2017</a><a>NC</a><a>NC</a><a></a><a>8</a><a>prep</a><a>8</a><a>prep</a>
                </item>
                <item><a>10</a><a>.</a><a>.</a><a>PONCT</a><a>PONCT</a><a></a><a>9</a><a>ponct</a><a>9</a><a>ponct</a>
                </item>
                <item><a>11</a><a>§</a><a>§</a><a>PONCT</a><a>PONCT</a><a></a><a>9</a><a>ponct</a><a>9</a><a>ponct</a>
                </item>
            </p>
        </description>
        <description>
            <p type="description">
                <item><a>1</a><a>CETA</a><a>_</a><a>NPP</a><a>NPP</a><a></a><a>9</a><a>suj</a><a>9</a><a>suj</a></item>
                <item><a>2</a><a>,</a><a>,</a><a>PONCT</a><a>PONCT</a><a></a><a>1</a><a>ponct</a><a>1</a><a>ponct</a>
                </item>
                <item><a>3</a><a>TPP</a><a>_</a><a>NPP</a><a>NPP</a><a></a><a>1</a><a>mod</a><a>1</a><a>mod</a></item>
                <item><a>4</a><a>,</a><a>,</a><a>PONCT</a><a>PONCT</a><a></a><a>3</a><a>ponct</a><a>3</a><a>ponct</a>
                </item>
                <item><a>5</a><a>Tafta</a><a>_</a><a>NPP</a><a>NPP</a><a></a><a>1</a><a>mod</a><a>1</a><a>mod</a></item>
                <item>
                    <a>6</a><a>...</a><a>...</a><a>PONCT</a><a>PONCT</a><a></a><a>5</a><a>ponct</a><a>5</a><a>ponct</a>
                </item>
                <item><a>7</a><a>2016</a><a>2016</a><a>NC</a><a>NC</a><a></a><a>1</a><a>mod</a><a>1</a><a>mod</a></item>
                <item>
                    <a>8</a><a>a</a><a>avoir</a><a>V</a><a>V</a><a>n=s|t=P|p=3</a><a>9</a><a>aux_tps</a><a>9</a><a>aux_tps</a>
                </item>
                <item>
                    <a>9</a><a>porté</a><a>porter</a><a>VPP</a><a>VPP</a><a>n=s|g=m|t=K</a><a>0</a><a>root</a><a>0</a><a>root</a>
                </item>
                <item><a>10</a><a>au</a><a>à</a><a>P+D</a><a>P+D</a><a>n=s|g=m</a><a>9</a><a>mod</a><a>9</a><a>mod</a>
                </item>
                <item>
                    <a>11</a><a>libre</a><a>libre</a><a>ADJ</a><a>ADJ</a><a>n=s</a><a>13</a><a>mod</a><a>13</a><a>mod</a>
                </item>
                <item><a>12</a><a>-</a><a>-</a><a>PONCT</a><a>PONCT</a><a></a><a>11</a><a>ponct</a><a>11</a><a>ponct</a>
                </item>
                <item>
                    <a>13</a><a>échange</a><a>échanger</a><a>V</a><a>V</a><a>n=s|t=P,S|p=1,3</a><a>9</a><a>mod</a><a>9</a><a>mod</a>
                </item>
                <item>
                    <a>14</a><a>un</a><a>un</a><a>DET</a><a>DET</a><a>n=s|g=m</a><a>15</a><a>det</a><a>15</a><a>det</a>
                </item>
                <item>
                    <a>15</a><a>coup</a><a>coup</a><a>NC</a><a>NC</a><a>n=s|g=m</a><a>13</a><a>obj</a><a>13</a><a>obj</a>
                </item>
                <item>
                    <a>16</a><a>dont</a><a>dont</a><a>PROREL</a><a>PROREL</a><a></a><a>18</a><a>obj</a><a>18</a><a>obj</a>
                </item>
                <item>
                    <a>17</a><a>il</a><a>il</a><a>CLS</a><a>CLS</a><a>n=s|g=m|p=3</a><a>18</a><a>suj</a><a>18</a><a>suj</a>
                </item>
                <item>
                    <a>18</a><a>pourrait</a><a>pouvoir</a><a>V</a><a>V</a><a>n=s|t=C|p=3</a><a>15</a><a>mod_rel</a><a>15</a><a>mod_rel</a>
                </item>
                <item>
                    <a>19</a><a>garder</a><a>garder</a><a>VINF</a><a>VINF</a><a>t=W</a><a>18</a><a>obj</a><a>18</a><a>obj</a>
                </item>
                <item><a>20</a><a>pour</a><a>pour</a><a>P</a><a>P</a><a></a><a>19</a><a>mod</a><a>19</a><a>mod</a>
                </item>
                <item>
                    <a>21</a><a>longtemps</a><a>longtemps</a><a>ADV</a><a>ADV</a><a></a><a>23</a><a>mod</a><a>23</a><a>mod</a>
                </item>
                <item><a>22</a><a>des</a><a>des</a><a>DET</a><a>DET</a><a>n=p</a><a>23</a><a>det</a><a>23</a><a>det</a>
                </item>
                <item>
                    <a>23</a><a>séquelles</a><a>séquelle</a><a>NC</a><a>NC</a><a>n=p|g=f</a><a>20</a><a>prep</a><a>20</a><a>prep</a>
                </item>
                <item><a>24</a><a>.</a><a>.</a><a>PONCT</a><a>PONCT</a><a></a><a>23</a><a>ponct</a><a>23</a><a>ponct</a>
                </item>
                <item><a>25</a><a>§</a><a>§</a><a>PONCT</a><a>PONCT</a><a></a><a>23</a><a>ponct</a><a>23</a><a>ponct</a>
                </item>
            </p>
        </description>
        <description>
            <p type="description">
                <item><a>1</a><a>L'</a><a>le</a><a>DET</a><a>DET</a><a>n=s</a><a>4</a><a>det</a><a>4</a><a>det</a>
                </item>
                <item>
                    <a>2</a><a>ancien</a><a>ancien</a><a>ADJ</a><a>ADJ</a><a>n=s|g=m</a><a>4</a><a>mod</a><a>4</a><a>mod</a>
                </item>
                <item>
                    <a>3</a><a>premier</a><a>premier</a><a>ADJ</a><a>ADJ</a><a>n=s|g=m</a><a>4</a><a>mod</a><a>4</a><a>mod</a>
                </item>
                <item>
                    <a>4</a><a>ministre</a><a>ministre</a><a>NC</a><a>NC</a><a>n=s|g=m</a><a>7</a><a>suj</a><a>7</a><a>suj</a>
                </item>
                <item>
                    <a>5</a><a>socialiste</a><a>socialiste</a><a>ADJ</a><a>ADJ</a><a>n=s</a><a>4</a><a>mod</a><a>4</a><a>mod</a>
                </item>
                <item>
                    <a>6</a><a>portugais</a><a>portugais</a><a>ADJ</a><a>ADJ</a><a>g=m</a><a>4</a><a>mod</a><a>4</a><a>mod</a>
                </item>
                <item>
                    <a>7</a><a>succède</a><a>succéder</a><a>V</a><a>V</a><a>n=s|t=P,S|p=1,3</a><a>0</a><a>root</a><a>0</a><a>root</a>
                </item>
                <item><a>8</a><a>à</a><a>à</a><a>P</a><a>P</a><a></a><a>7</a><a>mod</a><a>7</a><a>mod</a></item>
                <item><a>9</a><a>Ban</a><a>_</a><a>NPP</a><a>NPP</a><a></a><a>8</a><a>prep</a><a>8</a><a>prep</a></item>
                <item><a>10</a><a>Ki</a><a>_</a><a>NPP</a><a>NPP</a><a></a><a>9</a><a>mod</a><a>9</a><a>mod</a></item>
                <item><a>11</a><a>-</a><a>-</a><a>PONCT</a><a>PONCT</a><a></a><a>10</a><a>ponct</a><a>10</a><a>ponct</a>
                </item>
                <item><a>12</a><a>moon</a><a>_</a><a>NC</a><a>NC</a><a></a><a>9</a><a>mod</a><a>9</a><a>mod</a></item>
                <item><a>13</a><a>à</a><a>à</a><a>P</a><a>P</a><a></a><a>7</a><a>mod</a><a>7</a><a>mod</a></item>
                <item>
                    <a>14</a><a>la</a><a>la</a><a>DET</a><a>DET</a><a>n=s|g=f</a><a>15</a><a>det</a><a>15</a><a>det</a>
                </item>
                <item>
                    <a>15</a><a>tête</a><a>tête</a><a>NC</a><a>NC</a><a>n=s|g=f</a><a>13</a><a>prep</a><a>13</a><a>prep</a>
                </item>
                <item><a>16</a><a>des</a><a>de</a><a>P+D</a><a>P+D</a><a>n=p</a><a>15</a><a>dep</a><a>15</a><a>dep</a>
                </item>
                <item>
                    <a>17</a><a>Nations</a><a>nation</a><a>NC</a><a>NC</a><a>n=p|g=f</a><a>16</a><a>prep</a><a>16</a><a>prep</a>
                </item>
                <item>
                    <a>18</a><a>unies</a><a>unir</a><a>VPP</a><a>VPP</a><a>n=p|g=f|t=K</a><a>17</a><a>mod</a><a>17</a><a>mod</a>
                </item>
                <item><a>19</a><a>.</a><a>.</a><a>PONCT</a><a>PONCT</a><a></a><a>18</a><a>ponct</a><a>18</a><a>ponct</a>
                </item>
                <item><a>20</a><a>§</a><a>§</a><a>PONCT</a><a>PONCT</a><a></a><a>18</a><a>ponct</a><a>18</a><a>ponct</a>
                </item>
            </p>
        </description>
        <description>
            <p type="description">
                <item><a>1</a><a>Les</a><a>les</a><a>DET</a><a>DET</a><a>n=p</a><a>2</a><a>det</a><a>2</a><a>det</a>
                </item>
                <item>
                    <a>2</a><a>élections</a><a>élection</a><a>NC</a><a>NC</a><a>n=p|g=f</a><a>8</a><a>suj</a><a>8</a><a>suj</a>
                </item>
                <item>
                    <a>3</a><a>présidentielle</a><a>présidentiel</a><a>ADJ</a><a>ADJ</a><a>n=s|g=f</a><a>2</a><a>mod</a><a>2</a><a>mod</a>
                </item>
                <item><a>4</a><a>,</a><a>,</a><a>PONCT</a><a>PONCT</a><a></a><a>3</a><a>ponct</a><a>3</a><a>ponct</a>
                </item>
                <item>
                    <a>5</a><a>législatives</a><a>législatif</a><a>ADJ</a><a>ADJ</a><a>n=p|g=f</a><a>2</a><a>mod</a><a>2</a><a>mod</a>
                </item>
                <item><a>6</a><a>et</a><a>et</a><a>CC</a><a>CC</a><a></a><a>5</a><a>coord</a><a>5</a><a>coord</a></item>
                <item>
                    <a>7</a><a>sénatoriales</a><a>sénatorial</a><a>ADJ</a><a>ADJ</a><a>n=p|g=f</a><a>6</a><a>dep_coord</a><a>6</a><a>dep_coord</a>
                </item>
                <item>
                    <a>8</a><a>domineront</a><a>dominer</a><a>V</a><a>V</a><a>n=p|t=F|p=3</a><a>0</a><a>root</a><a>0</a><a>root</a>
                </item>
                <item><a>9</a><a>l'</a><a>le</a><a>DET</a><a>DET</a><a>n=s</a><a>10</a><a>det</a><a>10</a><a>det</a>
                </item>
                <item>
                    <a>10</a><a>actualité</a><a>actualité</a><a>NC</a><a>NC</a><a>n=s|g=f</a><a>8</a><a>obj</a><a>8</a><a>obj</a>
                </item>
                <item>
                    <a>11</a><a>française</a><a>français</a><a>ADJ</a><a>ADJ</a><a>n=s|g=f</a><a>10</a><a>mod</a><a>10</a><a>mod</a>
                </item>
                <item><a>12</a><a>.</a><a>.</a><a>PONCT</a><a>PONCT</a><a></a><a>11</a><a>ponct</a><a>11</a><a>ponct</a>
                </item>
            </p>
            <p type="description">
                <item><a>1</a><a>Dans</a><a>dans</a><a>P</a><a>P</a><a></a><a>12</a><a>mod</a><a>12</a><a>mod</a></item>
                <item><a>2</a><a>le</a><a>le</a><a>DET</a><a>DET</a><a>n=s|g=m</a><a>3</a><a>det</a><a>3</a><a>det</a>
                </item>
                <item>
                    <a>3</a><a>reste</a><a>reste</a><a>NC</a><a>NC</a><a>n=s|g=m</a><a>1</a><a>prep</a><a>1</a><a>prep</a>
                </item>
                <item><a>4</a><a>du</a><a>de</a><a>P+D</a><a>P+D</a><a>n=s|g=m</a><a>3</a><a>dep</a><a>3</a><a>dep</a>
                </item>
                <item>
                    <a>5</a><a>monde</a><a>monde</a><a>NC</a><a>NC</a><a>n=s|g=m</a><a>4</a><a>prep</a><a>4</a><a>prep</a>
                </item>
                <item><a>6</a><a>,</a><a>,</a><a>PONCT</a><a>PONCT</a><a></a><a>5</a><a>ponct</a><a>5</a><a>ponct</a>
                </item>
                <item><a>7</a><a>l'</a><a>le</a><a>DET</a><a>DET</a><a>n=s</a><a>8</a><a>det</a><a>8</a><a>det</a>
                </item>
                <item>
                    <a>8</a><a>investiture</a><a>investiture</a><a>NC</a><a>NC</a><a>n=s|g=f</a><a>12</a><a>suj</a><a>12</a><a>suj</a>
                </item>
                <item><a>9</a><a>de</a><a>de</a><a>P</a><a>P</a><a></a><a>8</a><a>dep</a><a>8</a><a>dep</a></item>
                <item>
                    <a>10</a><a>Donald</a><a>Donald</a><a>NPP</a><a>NPP</a><a>n=s|g=m</a><a>9</a><a>prep</a><a>9</a><a>prep</a>
                </item>
                <item><a>11</a><a>Trump</a><a>_</a><a>NPP</a><a>NPP</a><a></a><a>10</a><a>mod</a><a>10</a><a>mod</a>
                </item>
                <item>
                    <a>12</a><a>marquera</a><a>marquer</a><a>V</a><a>V</a><a>n=s|t=F|p=3</a><a>0</a><a>root</a><a>0</a><a>root</a>
                </item>
                <item>
                    <a>13</a><a>le</a><a>le</a><a>DET</a><a>DET</a><a>n=s|g=m</a><a>14</a><a>det</a><a>14</a><a>det</a>
                </item>
                <item>
                    <a>14</a><a>début</a><a>début</a><a>NC</a><a>NC</a><a>n=s|g=m</a><a>12</a><a>obj</a><a>12</a><a>obj</a>
                </item>
                <item><a>15</a><a>de</a><a>de</a><a>P</a><a>P</a><a></a><a>14</a><a>dep</a><a>14</a><a>dep</a></item>
                <item><a>16</a><a>2017</a><a>2017</a><a>NC</a><a>NC</a><a></a><a>15</a><a>prep</a><a>15</a><a>prep</a>
                </item>
                <item><a>17</a><a>.</a><a>.</a><a>PONCT</a><a>PONCT</a><a></a><a>16</a><a>ponct</a><a>16</a><a>ponct</a>
                </item>
                <item><a>18</a><a>§</a><a>§</a><a>PONCT</a><a>PONCT</a><a></a><a>16</a><a>ponct</a><a>16</a><a>ponct</a>
                </item>
            </p>
        </description>
        <description>
            <p type="description">
                <item>
                    <a>1</a><a>Deux</a><a>deux</a><a>DET</a><a>DET</a><a>s=card|n=p</a><a>2</a><a>det</a><a>2</a><a>det</a>
                </item>
                <item>
                    <a>2</a><a>personnes</a><a>personne</a><a>NC</a><a>NC</a><a>n=p|g=f</a><a>6</a><a>suj</a><a>6</a><a>suj</a>
                </item>
                <item><a>3</a><a>seulement</a><a>_</a><a>ADV</a><a>ADV</a><a></a><a>6</a><a>mod</a><a>6</a><a>mod</a>
                </item>
                <item>
                    <a>4</a><a>ont</a><a>avoir</a><a>V</a><a>V</a><a>n=p|t=P|p=3</a><a>6</a><a>aux_tps</a><a>6</a><a>aux_tps</a>
                </item>
                <item>
                    <a>5</a><a>été</a><a>être</a><a>VPP</a><a>VPP</a><a>t=K</a><a>6</a><a>aux_pass</a><a>6</a><a>aux_pass</a>
                </item>
                <item>
                    <a>6</a><a>autorisées</a><a>autoriser</a><a>VPP</a><a>VPP</a><a>n=p|g=f|t=K</a><a>0</a><a>root</a><a>0</a><a>root</a>
                </item>
                <item><a>7</a><a>à</a><a>à</a><a>P</a><a>P</a><a></a><a>6</a><a>mod</a><a>6</a><a>mod</a></item>
                <item>
                    <a>8</a><a>entrer</a><a>entrer</a><a>VINF</a><a>VINF</a><a>t=W</a><a>7</a><a>prep</a><a>7</a><a>prep</a>
                </item>
                <item><a>9</a><a>à</a><a>à</a><a>P</a><a>P</a><a></a><a>8</a><a>mod</a><a>8</a><a>mod</a></item>
                <item><a>10</a><a>Ceuta</a><a>_</a><a>NPP</a><a>NPP</a><a></a><a>9</a><a>prep</a><a>9</a><a>prep</a>
                </item>
                <item><a>11</a><a>pour</a><a>pour</a><a>P</a><a>P</a><a></a><a>8</a><a>mod</a><a>8</a><a>mod</a></item>
                <item><a>12</a><a>y</a><a>y</a><a>CLO</a><a>CLO</a><a></a><a>14</a><a>mod</a><a>14</a><a>mod</a></item>
                <item>
                    <a>13</a><a>être</a><a>être</a><a>VINF</a><a>VINF</a><a>t=W</a><a>14</a><a>aux_pass</a><a>14</a><a>aux_pass</a>
                </item>
                <item>
                    <a>14</a><a>hospitalisées</a><a>hospitaliser</a><a>VPP</a><a>VPP</a><a>n=p|g=f|t=K</a><a>11</a><a>prep</a><a>11</a><a>prep</a>
                </item>
                <item><a>15</a><a>,</a><a>,</a><a>PONCT</a><a>PONCT</a><a></a><a>14</a><a>ponct</a><a>14</a><a>ponct</a>
                </item>
                <item><a>16</a><a>et</a><a>et</a><a>CC</a><a>CC</a><a></a><a>6</a><a>coord</a><a>6</a><a>coord</a>
                </item>
                <item><a>17</a><a>les</a><a>les</a><a>DET</a><a>DET</a><a>n=p</a><a>18</a><a>det</a><a>18</a><a>det</a>
                </item>
                <item>
                    <a>18</a><a>autres</a><a>autres</a><a>PRO</a><a>PRO</a><a>n=p|g=f,m</a><a>16</a><a>dep_coord</a><a>16</a><a>dep_coord</a>
                </item>
                <item>
                    <a>19</a><a>ont</a><a>avoir</a><a>V</a><a>V</a><a>n=p|t=P|p=3</a><a>21</a><a>aux_tps</a><a>21</a><a>aux_tps</a>
                </item>
                <item>
                    <a>20</a><a>été</a><a>être</a><a>VPP</a><a>VPP</a><a>t=K</a><a>21</a><a>aux_pass</a><a>21</a><a>aux_pass</a>
                </item>
                <item>
                    <a>21</a><a>renvoyées</a><a>renvoyer</a><a>VPP</a><a>VPP</a><a>n=p|g=f|t=K</a><a>16</a><a>dep_coord</a><a>16</a><a>dep_coord</a>
                </item>
                <item><a>22</a><a>au</a><a>à</a><a>P+D</a><a>P+D</a><a>n=s|g=m</a><a>21</a><a>mod</a><a>21</a><a>mod</a>
                </item>
                <item>
                    <a>23</a><a>Maroc</a><a>Maroc</a><a>NPP</a><a>NPP</a><a>n=s|g=m</a><a>22</a><a>prep</a><a>22</a><a>prep</a>
                </item>
                <item><a>24</a><a>.</a><a>.</a><a>PONCT</a><a>PONCT</a><a></a><a>23</a><a>ponct</a><a>23</a><a>ponct</a>
                </item>
            </p>
            <p type="description">
                <item><a>1</a><a>Des</a><a>des</a><a>DET</a><a>DET</a><a>n=p</a><a>2</a><a>det</a><a>2</a><a>det</a>
                </item>
                <item>
                    <a>2</a><a>policiers</a><a>policier</a><a>NC</a><a>NC</a><a>n=p|g=m</a><a>6</a><a>suj</a><a>6</a><a>suj</a>
                </item>
                <item>
                    <a>3</a><a>marocains</a><a>marocain</a><a>ADJ</a><a>ADJ</a><a>n=p|g=m</a><a>2</a><a>mod</a><a>2</a><a>mod</a>
                </item>
                <item>
                    <a>4</a><a>ont</a><a>avoir</a><a>V</a><a>V</a><a>n=p|t=P|p=3</a><a>6</a><a>aux_tps</a><a>6</a><a>aux_tps</a>
                </item>
                <item>
                    <a>5</a><a>été</a><a>être</a><a>VPP</a><a>VPP</a><a>t=K</a><a>6</a><a>aux_pass</a><a>6</a><a>aux_pass</a>
                </item>
                <item>
                    <a>6</a><a>blessés</a><a>blesser</a><a>VPP</a><a>VPP</a><a>n=p|g=m|t=K</a><a>0</a><a>root</a><a>0</a><a>root</a>
                </item>
                <item><a>7</a><a>.</a><a>.</a><a>PONCT</a><a>PONCT</a><a></a><a>6</a><a>ponct</a><a>6</a><a>ponct</a>
                </item>
                <item><a>8</a><a>§</a><a>§</a><a>PONCT</a><a>PONCT</a><a></a><a>6</a><a>ponct</a><a>6</a><a>ponct</a>
                </item>
            </p>
        </description>
        <description>
            <p type="description">
                <item><a>1</a><a>La</a><a>la</a><a>DET</a><a>DET</a><a>n=s|g=f</a><a>2</a><a>det</a><a>2</a><a>det</a>
                </item>
                <item>
                    <a>2</a><a>Suède</a><a>Suède</a><a>NPP</a><a>NPP</a><a>n=s|g=f</a><a>4</a><a>suj</a><a>4</a><a>suj</a>
                </item>
                <item>
                    <a>3</a><a>a</a><a>avoir</a><a>V</a><a>V</a><a>n=s|t=P|p=3</a><a>4</a><a>aux_tps</a><a>4</a><a>aux_tps</a>
                </item>
                <item><a>4</a><a>été</a><a>être</a><a>VPP</a><a>VPP</a><a>t=K</a><a>0</a><a>root</a><a>0</a><a>root</a>
                </item>
                <item><a>5</a><a>le</a><a>le</a><a>DET</a><a>DET</a><a>n=s|g=m</a><a>7</a><a>det</a><a>7</a><a>det</a>
                </item>
                <item>
                    <a>6</a><a>premier</a><a>premier</a><a>ADJ</a><a>ADJ</a><a>n=s|g=m</a><a>7</a><a>mod</a><a>7</a><a>mod</a>
                </item>
                <item><a>7</a><a>Etat</a><a>_</a><a>NC</a><a>NC</a><a></a><a>4</a><a>obj</a><a>4</a><a>obj</a></item>
                <item><a>8</a><a>à</a><a>à</a><a>P</a><a>P</a><a></a><a>4</a><a>mod</a><a>4</a><a>mod</a></item>
                <item>
                    <a>9</a><a>légiférer</a><a>légiférer</a><a>VINF</a><a>VINF</a><a>t=W</a><a>8</a><a>prep</a><a>8</a><a>prep</a>
                </item>
                <item><a>10</a><a>contre</a><a>contre</a><a>P</a><a>P</a><a></a><a>9</a><a>mod</a><a>9</a><a>mod</a>
                </item>
                <item><a>11</a><a>les</a><a>les</a><a>DET</a><a>DET</a><a>n=p</a><a>12</a><a>det</a><a>12</a><a>det</a>
                </item>
                <item>
                    <a>12</a><a>châtiments</a><a>châtiment</a><a>NC</a><a>NC</a><a>n=p|g=m</a><a>10</a><a>prep</a><a>10</a><a>prep</a>
                </item>
                <item>
                    <a>13</a><a>corporels</a><a>corporel</a><a>ADJ</a><a>ADJ</a><a>n=p|g=m</a><a>12</a><a>mod</a><a>12</a><a>mod</a>
                </item>
                <item><a>14</a><a>sur</a><a>sur</a><a>P</a><a>P</a><a></a><a>9</a><a>mod</a><a>9</a><a>mod</a></item>
                <item><a>15</a><a>les</a><a>les</a><a>DET</a><a>DET</a><a>n=p</a><a>16</a><a>det</a><a>16</a><a>det</a>
                </item>
                <item>
                    <a>16</a><a>enfants</a><a>enfant</a><a>NC</a><a>NC</a><a>n=p</a><a>14</a><a>prep</a><a>14</a><a>prep</a>
                </item>
                <item><a>17</a><a>,</a><a>,</a><a>PONCT</a><a>PONCT</a><a></a><a>16</a><a>ponct</a><a>16</a><a>ponct</a>
                </item>
                <item>
                    <a>18</a><a>désormais</a><a>désormais</a><a>ADV</a><a>ADV</a><a></a><a>19</a><a>mod</a><a>19</a><a>mod</a>
                </item>
                <item>
                    <a>19</a><a>interdits</a><a>interdire</a><a>ADJ</a><a>ADJ</a><a>n=p|g=m|t=K</a><a>16</a><a>mod</a><a>16</a><a>mod</a>
                </item>
                <item><a>20</a><a>dans</a><a>dans</a><a>P</a><a>P</a><a></a><a>16</a><a>dep</a><a>16</a><a>dep</a>
                </item>
                <item>
                    <a>21</a><a>la</a><a>la</a><a>DET</a><a>DET</a><a>n=s|g=f</a><a>22</a><a>det</a><a>22</a><a>det</a>
                </item>
                <item>
                    <a>22</a><a>majorité</a><a>majorité</a><a>NC</a><a>NC</a><a>n=s|g=f</a><a>20</a><a>prep</a><a>20</a><a>prep</a>
                </item>
                <item><a>23</a><a>des</a><a>de</a><a>P+D</a><a>P+D</a><a>n=p</a><a>22</a><a>dep</a><a>22</a><a>dep</a>
                </item>
                <item>
                    <a>24</a><a>pays</a><a>pays</a><a>NC</a><a>NC</a><a>g=m</a><a>23</a><a>prep</a><a>23</a><a>prep</a>
                </item>
                <item><a>25</a><a>d'</a><a>de</a><a>P</a><a>P</a><a></a><a>24</a><a>dep</a><a>24</a><a>dep</a></item>
                <item>
                    <a>26</a><a>Europe</a><a>Europe</a><a>NPP</a><a>NPP</a><a>n=s|g=f</a><a>25</a><a>prep</a><a>25</a><a>prep</a>
                </item>
                <item><a>27</a><a>,</a><a>,</a><a>PONCT</a><a>PONCT</a><a></a><a>26</a><a>ponct</a><a>26</a><a>ponct</a>
                </item>
                <item><a>28</a><a>ainsi</a><a>ainsi</a><a>ADV</a><a>ADV</a><a></a><a>4</a><a>mod</a><a>4</a><a>mod</a>
                </item>
                <item><a>29</a><a>qu'</a><a>que</a><a>CS</a><a>CS</a><a></a><a>4</a><a>mod</a><a>4</a><a>mod</a></item>
                <item><a>30</a><a>en</a><a>en</a><a>P</a><a>P</a><a></a><a>0</a><a>_</a><a>0</a><a>_</a></item>
                <item>
                    <a>31</a><a>France</a><a>France</a><a>NPP</a><a>NPP</a><a>n=s|g=f,m</a><a>30</a><a>prep</a><a>30</a><a>prep</a>
                </item>
                <item><a>32</a><a>depuis</a><a>depuis</a><a>P</a><a>P</a><a></a><a>0</a><a>_</a><a>0</a><a>_</a></item>
                <item>
                    <a>33</a><a>le</a><a>le</a><a>DET</a><a>DET</a><a>n=s|g=m</a><a>35</a><a>det</a><a>35</a><a>det</a>
                </item>
                <item><a>34</a><a>22</a><a>22</a><a>ADJ</a><a>ADJ</a><a></a><a>35</a><a>mod</a><a>35</a><a>mod</a>
                </item>
                <item>
                    <a>35</a><a>décembre</a><a>décembre</a><a>NC</a><a>NC</a><a>n=s|g=m</a><a>32</a><a>prep</a><a>32</a><a>prep</a>
                </item>
                <item><a>36</a><a>.</a><a>.</a><a>PONCT</a><a>PONCT</a><a></a><a>35</a><a>ponct</a><a>35</a><a>ponct</a>
                </item>
                <item><a>37</a><a>§</a><a>§</a><a>PONCT</a><a>PONCT</a><a></a><a>35</a><a>ponct</a><a>35</a><a>ponct</a>
                </item>
            </p>
        </description>
        <description>
            <p type="description">
                <item>
                    <a>1</a><a>Deux_mille</a><a>deux_mille</a><a>NPP</a><a>NPP</a><a></a><a>13</a><a>suj</a><a>13</a><a>suj</a>
                </item>
                <item>
                    <a>2</a><a>demandeurs</a><a>demandeur</a><a>NC</a><a>NC</a><a>n=p|g=m</a><a>1</a><a>mod</a><a>1</a><a>mod</a>
                </item>
                <item><a>3</a><a>d'</a><a>de</a><a>P</a><a>P</a><a></a><a>1</a><a>dep</a><a>1</a><a>dep</a></item>
                <item>
                    <a>4</a><a>emploi</a><a>emploi</a><a>NC</a><a>NC</a><a>n=s|g=m</a><a>3</a><a>prep</a><a>3</a><a>prep</a>
                </item>
                <item>
                    <a>5</a><a>âgés</a><a>âgé</a><a>ADJ</a><a>ADJ</a><a>n=p|g=m</a><a>1</a><a>mod</a><a>1</a><a>mod</a>
                </item>
                <item><a>6</a><a>de</a><a>de</a><a>P</a><a>P</a><a></a><a>1</a><a>dep</a><a>1</a><a>dep</a></item>
                <item><a>7</a><a>25</a><a>25</a><a>VINF</a><a>VINF</a><a></a><a>6</a><a>prep</a><a>6</a><a>prep</a>
                </item>
                <item><a>8</a><a>à</a><a>à</a><a>P</a><a>P</a><a></a><a>7</a><a>mod</a><a>7</a><a>mod</a></item>
                <item><a>9</a><a>58</a><a>58</a><a>ADJ</a><a>ADJ</a><a></a><a>10</a><a>mod</a><a>10</a><a>mod</a></item>
                <item><a>10</a><a>ans</a><a>an</a><a>NC</a><a>NC</a><a>n=p|g=m</a><a>8</a><a>prep</a><a>8</a><a>prep</a>
                </item>
                <item>
                    <a>11</a><a>ont</a><a>avoir</a><a>V</a><a>V</a><a>n=p|t=P|p=3</a><a>13</a><a>aux_tps</a><a>13</a><a>aux_tps</a>
                </item>
                <item>
                    <a>12</a><a>été</a><a>être</a><a>VPP</a><a>VPP</a><a>t=K</a><a>13</a><a>aux_pass</a><a>13</a><a>aux_pass</a>
                </item>
                <item>
                    <a>13</a><a>tirés</a><a>tirer</a><a>VPP</a><a>VPP</a><a>n=p|g=m|t=K</a><a>0</a><a>root</a><a>0</a><a>root</a>
                </item>
                <item><a>14</a><a>au</a><a>à</a><a>P+D</a><a>P+D</a><a>n=s|g=m</a><a>13</a><a>mod</a><a>13</a><a>mod</a>
                </item>
                <item>
                    <a>15</a><a>sort</a><a>sort</a><a>NC</a><a>NC</a><a>n=s|g=m</a><a>14</a><a>prep</a><a>14</a><a>prep</a>
                </item>
                <item><a>16</a><a>pour</a><a>pour</a><a>P</a><a>P</a><a></a><a>13</a><a>mod</a><a>13</a><a>mod</a>
                </item>
                <item>
                    <a>17</a><a>percevoir</a><a>percevoir</a><a>VINF</a><a>VINF</a><a>t=W</a><a>16</a><a>prep</a><a>16</a><a>prep</a>
                </item>
                <item><a>18</a><a>560</a><a>560</a><a>ADJ</a><a>ADJ</a><a></a><a>19</a><a>mod</a><a>19</a><a>mod</a>
                </item>
                <item>
                    <a>19</a><a>euros</a><a>euro</a><a>NC</a><a>NC</a><a>n=p|g=m</a><a>17</a><a>obj</a><a>17</a><a>obj</a>
                </item>
                <item><a>20</a><a>par</a><a>par</a><a>P</a><a>P</a><a></a><a>17</a><a>mod</a><a>17</a><a>mod</a></item>
                <item>
                    <a>21</a><a>mois</a><a>mois</a><a>NC</a><a>NC</a><a>g=m</a><a>20</a><a>prep</a><a>20</a><a>prep</a>
                </item>
                <item><a>22</a><a>,</a><a>,</a><a>PONCT</a><a>PONCT</a><a></a><a>21</a><a>ponct</a><a>21</a><a>ponct</a>
                </item>
                <item><a>23</a><a>en</a><a>en</a><a>P</a><a>P</a><a></a><a>17</a><a>mod</a><a>17</a><a>mod</a></item>
                <item>
                    <a>24</a><a>lieu</a><a>lieu</a><a>NC</a><a>NC</a><a>n=s|g=m</a><a>23</a><a>prep</a><a>23</a><a>prep</a>
                </item>
                <item><a>25</a><a>et</a><a>et</a><a>CC</a><a>CC</a><a></a><a>13</a><a>coord</a><a>13</a><a>coord</a>
                </item>
                <item>
                    <a>26</a><a>place</a><a>place</a><a>NC</a><a>NC</a><a>n=s|g=f</a><a>25</a><a>dep_coord</a><a>25</a><a>dep_coord</a>
                </item>
                <item><a>27</a><a>de</a><a>de</a><a>P</a><a>P</a><a></a><a>13</a><a>mod</a><a>13</a><a>mod</a></item>
                <item>
                    <a>28</a><a>leur</a><a>leur</a><a>DET</a><a>DET</a><a>n=s|p=3|poss=p</a><a>29</a><a>det</a><a>29</a><a>det</a>
                </item>
                <item>
                    <a>29</a><a>allocation</a><a>allocation</a><a>NC</a><a>NC</a><a>n=s|g=f</a><a>27</a><a>prep</a><a>27</a><a>prep</a>
                </item>
                <item>
                    <a>30</a><a>chômage</a><a>chômage</a><a>NC</a><a>NC</a><a>n=s|g=m</a><a>29</a><a>mod</a><a>29</a><a>mod</a>
                </item>
                <item><a>31</a><a>,</a><a>,</a><a>PONCT</a><a>PONCT</a><a></a><a>30</a><a>ponct</a><a>30</a><a>ponct</a>
                </item>
                <item><a>32</a><a>pendant</a><a>pendant</a><a>P</a><a>P</a><a></a><a>13</a><a>mod</a><a>13</a><a>mod</a>
                </item>
                <item>
                    <a>33</a><a>deux</a><a>deux</a><a>DET</a><a>DET</a><a>s=card|n=p</a><a>34</a><a>det</a><a>34</a><a>det</a>
                </item>
                <item>
                    <a>34</a><a>ans</a><a>an</a><a>NC</a><a>NC</a><a>n=p|g=m</a><a>32</a><a>prep</a><a>32</a><a>prep</a>
                </item>
                <item><a>35</a><a>à</a><a>à</a><a>P</a><a>P</a><a></a><a>13</a><a>mod</a><a>13</a><a>mod</a></item>
                <item>
                    <a>36</a><a>partir</a><a>partir</a><a>VINF</a><a>VINF</a><a>t=W</a><a>35</a><a>prep</a><a>35</a><a>prep</a>
                </item>
                <item>
                    <a>37</a><a>du</a><a>de</a><a>P+D</a><a>P+D</a><a>n=s|g=m</a><a>36</a><a>mod</a><a>36</a><a>mod</a>
                </item>
                <item><a>38</a><a>1er</a><a>_</a><a>ADJ</a><a>ADJ</a><a></a><a>39</a><a>mod</a><a>39</a><a>mod</a>
                </item>
                <item>
                    <a>39</a><a>janvier</a><a>janvier</a><a>NC</a><a>NC</a><a>n=s|g=m</a><a>37</a><a>prep</a><a>37</a><a>prep</a>
                </item>
                <item><a>40</a><a>.</a><a>.</a><a>PONCT</a><a>PONCT</a><a></a><a>39</a><a>ponct</a><a>39</a><a>ponct</a>
                </item>
                <item><a>41</a><a>§</a><a>§</a><a>PONCT</a><a>PONCT</a><a></a><a>39</a><a>ponct</a><a>39</a><a>ponct</a>
                </item>
            </p>
        </description>
        <description>
            <p type="description">
                <item><a>1</a><a>Au</a><a>à</a><a>P+D</a><a>P+D</a><a>n=s|g=m</a><a>0</a><a>_</a><a>0</a><a>_</a></item>
                <item>
                    <a>2</a><a>programme</a><a>programme</a><a>NC</a><a>NC</a><a>n=s|g=m</a><a>1</a><a>prep</a><a>1</a><a>prep</a>
                </item>
                <item><a>3</a><a>:</a><a>:</a><a>PONCT</a><a>PONCT</a><a></a><a>2</a><a>ponct</a><a>2</a><a>ponct</a>
                </item>
                <item><a>4</a><a>Vénus</a><a>vénus</a><a>NC</a><a>NC</a><a>g=f</a><a>2</a><a>mod</a><a>2</a><a>mod</a>
                </item>
                <item><a>5</a><a>,</a><a>,</a><a>PONCT</a><a>PONCT</a><a></a><a>4</a><a>ponct</a><a>4</a><a>ponct</a>
                </item>
                <item><a>6</a><a>vraiment</a><a>_</a><a>ADV</a><a>ADV</a><a></a><a>7</a><a>mod</a><a>7</a><a>mod</a>
                </item>
                <item>
                    <a>7</a><a>éblouissante</a><a>éblouissant</a><a>ADJ</a><a>ADJ</a><a>n=s|g=f</a><a>2</a><a>mod</a><a>2</a><a>mod</a>
                </item>
                <item><a>8</a><a>dans</a><a>dans</a><a>P</a><a>P</a><a></a><a>2</a><a>dep</a><a>2</a><a>dep</a></item>
                <item><a>9</a><a>le</a><a>le</a><a>DET</a><a>DET</a><a>n=s|g=m</a><a>10</a><a>det</a><a>10</a><a>det</a>
                </item>
                <item>
                    <a>10</a><a>ciel</a><a>ciel</a><a>NC</a><a>NC</a><a>n=s|g=m</a><a>8</a><a>prep</a><a>8</a><a>prep</a>
                </item>
                <item>
                    <a>11</a><a>du</a><a>de</a><a>P+D</a><a>P+D</a><a>n=s|g=m</a><a>10</a><a>dep</a><a>10</a><a>dep</a>
                </item>
                <item>
                    <a>12</a><a>soir</a><a>soir</a><a>NC</a><a>NC</a><a>n=s|g=m</a><a>11</a><a>prep</a><a>11</a><a>prep</a>
                </item>
                <item><a>13</a><a>,</a><a>,</a><a>PONCT</a><a>PONCT</a><a></a><a>12</a><a>ponct</a><a>12</a><a>ponct</a>
                </item>
                <item>
                    <a>14</a><a>Jupiter</a><a>Jupiter</a><a>NPP</a><a>NPP</a><a>n=s|g=m</a><a>0</a><a>_</a><a>0</a><a>_</a>
                </item>
                <item><a>15</a><a>,</a><a>,</a><a>PONCT</a><a>PONCT</a><a></a><a>14</a><a>ponct</a><a>14</a><a>ponct</a>
                </item>
                <item><a>16</a><a>Saturne</a><a>_</a><a>NPP</a><a>NPP</a><a></a><a>14</a><a>mod</a><a>14</a><a>mod</a>
                </item>
                <item><a>17</a><a>et</a><a>et</a><a>CC</a><a>CC</a><a></a><a>14</a><a>coord</a><a>14</a><a>coord</a>
                </item>
                <item>
                    <a>18</a><a>Mercure</a><a>_</a><a>NPP</a><a>NPP</a><a></a><a>17</a><a>dep_coord</a><a>17</a><a>dep_coord</a>
                </item>
                <item><a>19</a><a>,</a><a>,</a><a>PONCT</a><a>PONCT</a><a></a><a>18</a><a>ponct</a><a>18</a><a>ponct</a>
                </item>
                <item>
                    <a>20</a><a>visibles</a><a>visible</a><a>ADJ</a><a>ADJ</a><a>n=p</a><a>14</a><a>mod</a><a>14</a><a>mod</a>
                </item>
                <item><a>21</a><a>à</a><a>à</a><a>P</a><a>P</a><a></a><a>20</a><a>mod</a><a>20</a><a>mod</a></item>
                <item><a>22</a><a>l'</a><a>le</a><a>DET</a><a>DET</a><a>n=s</a><a>23</a><a>det</a><a>23</a><a>det</a>
                </item>
                <item>
                    <a>23</a><a>aube</a><a>aube</a><a>NC</a><a>NC</a><a>n=s|g=f</a><a>21</a><a>prep</a><a>21</a><a>prep</a>
                </item>
                <item><a>24</a><a>,</a><a>,</a><a>PONCT</a><a>PONCT</a><a></a><a>23</a><a>ponct</a><a>23</a><a>ponct</a>
                </item>
                <item><a>25</a><a>par</a><a>par</a><a>P</a><a>P</a><a></a><a>20</a><a>mod</a><a>20</a><a>mod</a></item>
                <item>
                    <a>26</a><a>notre</a><a>notre</a><a>DET</a><a>DET</a><a>n=s|p=1|poss=p</a><a>27</a><a>det</a><a>27</a><a>det</a>
                </item>
                <item><a>27</a><a>blogueur</a><a>_</a><a>NC</a><a>NC</a><a></a><a>25</a><a>prep</a><a>25</a><a>prep</a>
                </item>
                <item>
                    <a>28</a><a>Guillaume</a><a>Guillaume</a><a>NPP</a><a>NPP</a><a>n=s|g=m</a><a>27</a><a>mod</a><a>27</a><a>mod</a>
                </item>
                <item><a>29</a><a>Cannat</a><a>_</a><a>NPP</a><a>NPP</a><a></a><a>27</a><a>mod</a><a>27</a><a>mod</a>
                </item>
                <item><a>30</a><a>.</a><a>.</a><a>PONCT</a><a>PONCT</a><a></a><a>29</a><a>ponct</a><a>29</a><a>ponct</a>
                </item>
                <item><a>31</a><a>§</a><a>§</a><a>PONCT</a><a>PONCT</a><a></a><a>29</a><a>ponct</a><a>29</a><a>ponct</a>
                </item>
            </p>
        </description>
        <description>
            <p type="description">
                <item>
                    <a>1</a><a>Agée</a><a>âgé</a><a>ADJ</a><a>ADJ</a><a>n=s|g=f</a><a>11</a><a>mod</a><a>11</a><a>mod</a>
                </item>
                <item><a>2</a><a>de</a><a>de</a><a>P</a><a>P</a><a></a><a>1</a><a>mod</a><a>1</a><a>mod</a></item>
                <item><a>3</a><a>26</a><a>26</a><a>ADJ</a><a>ADJ</a><a></a><a>2</a><a>prep</a><a>2</a><a>prep</a></item>
                <item><a>4</a><a>ans</a><a>an</a><a>NC</a><a>NC</a><a>n=p|g=m</a><a>2</a><a>prep</a><a>2</a><a>prep</a>
                </item>
                <item><a>5</a><a>,</a><a>,</a><a>PONCT</a><a>PONCT</a><a></a><a>4</a><a>ponct</a><a>4</a><a>ponct</a>
                </item>
                <item><a>6</a><a>la</a><a>la</a><a>DET</a><a>DET</a><a>n=s|g=f</a><a>8</a><a>det</a><a>8</a><a>det</a>
                </item>
                <item><a>7</a><a>jeune</a><a>jeune</a><a>ADJ</a><a>ADJ</a><a>n=s</a><a>8</a><a>mod</a><a>8</a><a>mod</a>
                </item>
                <item>
                    <a>8</a><a>femme</a><a>femme</a><a>NC</a><a>NC</a><a>n=s|g=f</a><a>11</a><a>suj</a><a>11</a><a>suj</a>
                </item>
                <item>
                    <a>9</a><a>a</a><a>avoir</a><a>V</a><a>V</a><a>n=s|t=P|p=3</a><a>11</a><a>aux_tps</a><a>11</a><a>aux_tps</a>
                </item>
                <item>
                    <a>10</a><a>été</a><a>être</a><a>VPP</a><a>VPP</a><a>t=K</a><a>11</a><a>aux_pass</a><a>11</a><a>aux_pass</a>
                </item>
                <item>
                    <a>11</a><a>promue</a><a>promouvoir</a><a>VPP</a><a>VPP</a><a>n=s|g=f|t=K</a><a>0</a><a>root</a><a>0</a><a>root</a>
                </item>
                <item>
                    <a>12</a><a>étoile</a><a>étoile</a><a>NC</a><a>NC</a><a>n=s|g=f</a><a>11</a><a>mod</a><a>11</a><a>mod</a>
                </item>
                <item>
                    <a>13</a><a>samedi</a><a>samedi</a><a>NC</a><a>NC</a><a>n=s|g=m</a><a>12</a><a>mod</a><a>12</a><a>mod</a>
                </item>
                <item><a>14</a><a>après</a><a>après</a><a>P</a><a>P</a><a></a><a>11</a><a>mod</a><a>11</a><a>mod</a>
                </item>
                <item>
                    <a>15</a><a>une</a><a>une</a><a>DET</a><a>DET</a><a>n=s|g=f</a><a>16</a><a>det</a><a>16</a><a>det</a>
                </item>
                <item>
                    <a>16</a><a>représentation</a><a>représentation</a><a>NC</a><a>NC</a><a>n=s|g=f</a><a>14</a><a>prep</a><a>14</a><a>prep</a>
                </item>
                <item>
                    <a>17</a><a>du</a><a>de</a><a>P+D</a><a>P+D</a><a>n=s|g=m</a><a>11</a><a>mod</a><a>11</a><a>mod</a>
                </item>
                <item><a>18</a><a>"</a><a>"</a><a>PONCT</a><a>PONCT</a><a></a><a>17</a><a>ponct</a><a>17</a><a>ponct</a>
                </item>
                <item>
                    <a>19</a><a>Lac</a><a>lac</a><a>NC</a><a>NC</a><a>n=s|g=m</a><a>17</a><a>prep</a><a>17</a><a>prep</a>
                </item>
                <item><a>20</a><a>des</a><a>de</a><a>P+D</a><a>P+D</a><a>n=p</a><a>19</a><a>dep</a><a>19</a><a>dep</a>
                </item>
                <item>
                    <a>21</a><a>cygnes</a><a>cygne</a><a>NC</a><a>NC</a><a>n=p|g=m</a><a>20</a><a>prep</a><a>20</a><a>prep</a>
                </item>
                <item><a>22</a><a>"</a><a>"</a><a>PONCT</a><a>PONCT</a><a></a><a>21</a><a>ponct</a><a>21</a><a>ponct</a>
                </item>
                <item><a>23</a><a>.</a><a>.</a><a>PONCT</a><a>PONCT</a><a></a><a>21</a><a>ponct</a><a>21</a><a>ponct</a>
                </item>
                <item><a>24</a><a>§</a><a>§</a><a>PONCT</a><a>PONCT</a><a></a><a>21</a><a>ponct</a><a>21</a><a>ponct</a>
                </item>
            </p>
        </description>
        <description>
            <p type="description">
                <item><a>1</a><a>Lors</a><a>lors</a><a>ADV</a><a>ADV</a><a></a><a>12</a><a>mod</a><a>12</a><a>mod</a>
                </item>
                <item><a>2</a><a>des</a><a>des</a><a>DET</a><a>DET</a><a>n=p</a><a>4</a><a>det</a><a>4</a><a>det</a>
                </item>
                <item>
                    <a>3</a><a>derniers</a><a>dernier</a><a>ADJ</a><a>ADJ</a><a>n=p|g=m</a><a>4</a><a>mod</a><a>4</a><a>mod</a>
                </item>
                <item><a>4</a><a>vœux</a><a>_</a><a>NC</a><a>NC</a><a></a><a>12</a><a>mod</a><a>12</a><a>mod</a></item>
                <item><a>5</a><a>de</a><a>de</a><a>P</a><a>P</a><a></a><a>4</a><a>dep</a><a>4</a><a>dep</a></item>
                <item>
                    <a>6</a><a>son</a><a>son</a><a>DET</a><a>DET</a><a>n=s|g=m|p=3|poss=s</a><a>7</a><a>det</a><a>7</a><a>det</a>
                </item>
                <item>
                    <a>7</a><a>quinquennat</a><a>quinquennat</a><a>NC</a><a>NC</a><a>n=s|g=m</a><a>5</a><a>prep</a><a>5</a><a>prep</a>
                </item>
                <item><a>8</a><a>,</a><a>,</a><a>PONCT</a><a>PONCT</a><a></a><a>7</a><a>ponct</a><a>7</a><a>ponct</a>
                </item>
                <item><a>9</a><a>le</a><a>le</a><a>DET</a><a>DET</a><a>n=s|g=m</a><a>10</a><a>det</a><a>10</a><a>det</a>
                </item>
                <item>
                    <a>10</a><a>président</a><a>président</a><a>NC</a><a>NC</a><a>n=s|g=m</a><a>12</a><a>suj</a><a>12</a><a>suj</a>
                </item>
                <item>
                    <a>11</a><a>a</a><a>avoir</a><a>V</a><a>V</a><a>n=s|t=P|p=3</a><a>12</a><a>aux_tps</a><a>12</a><a>aux_tps</a>
                </item>
                <item>
                    <a>12</a><a>mis</a><a>mettre</a><a>VPP</a><a>VPP</a><a>g=m|t=K</a><a>0</a><a>root</a><a>0</a><a>root</a>
                </item>
                <item><a>13</a><a>les</a><a>les</a><a>DET</a><a>DET</a><a>n=p</a><a>14</a><a>det</a><a>14</a><a>det</a>
                </item>
                <item>
                    <a>14</a><a>Français</a><a>français</a><a>NC</a><a>NC</a><a>g=m</a><a>12</a><a>obj</a><a>12</a><a>obj</a>
                </item>
                <item><a>15</a><a>en</a><a>en</a><a>P</a><a>P</a><a></a><a>12</a><a>mod</a><a>12</a><a>mod</a></item>
                <item>
                    <a>16</a><a>garde</a><a>garde</a><a>NC</a><a>NC</a><a>n=s</a><a>15</a><a>prep</a><a>15</a><a>prep</a>
                </item>
                <item><a>17</a><a>contre</a><a>contre</a><a>P</a><a>P</a><a></a><a>12</a><a>mod</a><a>12</a><a>mod</a>
                </item>
                <item>
                    <a>18</a><a>le</a><a>le</a><a>DET</a><a>DET</a><a>n=s|g=m</a><a>19</a><a>det</a><a>19</a><a>det</a>
                </item>
                <item>
                    <a>19</a><a>Front</a><a>front</a><a>NC</a><a>NC</a><a>n=s|g=m</a><a>17</a><a>prep</a><a>17</a><a>prep</a>
                </item>
                <item>
                    <a>20</a><a>national</a><a>national</a><a>ADJ</a><a>ADJ</a><a>n=s|g=m</a><a>19</a><a>mod</a><a>19</a><a>mod</a>
                </item>
                <item><a>21</a><a>et</a><a>et</a><a>CC</a><a>CC</a><a></a><a>12</a><a>coord</a><a>12</a><a>coord</a>
                </item>
                <item>
                    <a>22</a><a>la</a><a>la</a><a>DET</a><a>DET</a><a>n=s|g=f</a><a>23</a><a>det</a><a>23</a><a>det</a>
                </item>
                <item>
                    <a>23</a><a>droite</a><a>droite</a><a>NC</a><a>NC</a><a>n=s|g=f</a><a>0</a><a>_</a><a>0</a><a>_</a>
                </item>
                <item><a>24</a><a>en</a><a>en</a><a>P</a><a>P</a><a></a><a>23</a><a>dep</a><a>23</a><a>dep</a></item>
                <item>
                    <a>25</a><a>vue</a><a>vue</a><a>NC</a><a>NC</a><a>n=s|g=f</a><a>24</a><a>prep</a><a>24</a><a>prep</a>
                </item>
                <item><a>26</a><a>de</a><a>de</a><a>P</a><a>P</a><a></a><a>25</a><a>dep</a><a>25</a><a>dep</a></item>
                <item>
                    <a>27</a><a>la</a><a>la</a><a>DET</a><a>DET</a><a>n=s|g=f</a><a>28</a><a>det</a><a>28</a><a>det</a>
                </item>
                <item>
                    <a>28</a><a>présidentielle</a><a>présidentiel</a><a>ADJ</a><a>ADJ</a><a>n=s|g=f</a><a>26</a><a>prep</a><a>26</a><a>prep</a>
                </item>
                <item><a>29</a><a>.</a><a>.</a><a>PONCT</a><a>PONCT</a><a></a><a>28</a><a>ponct</a><a>28</a><a>ponct</a>
                </item>
                <item><a>30</a><a>§</a><a>§</a><a>PONCT</a><a>PONCT</a><a></a><a>28</a><a>ponct</a><a>28</a><a>ponct</a>
                </item>
            </p>
        </description>
        <description>
            <p type="description">
                <item>
                    <a>1</a><a>Guerre</a><a>guerre</a><a>NC</a><a>NC</a><a>n=s|g=f</a><a>14</a><a>mod</a><a>14</a><a>mod</a>
                </item>
                <item><a>2</a><a>en</a><a>en</a><a>P</a><a>P</a><a></a><a>1</a><a>dep</a><a>1</a><a>dep</a></item>
                <item>
                    <a>3</a><a>Syrie</a><a>Syrie</a><a>NPP</a><a>NPP</a><a>n=s|g=f</a><a>2</a><a>prep</a><a>2</a><a>prep</a>
                </item>
                <item><a>4</a><a>,</a><a>,</a><a>PONCT</a><a>PONCT</a><a></a><a>3</a><a>ponct</a><a>3</a><a>ponct</a>
                </item>
                <item>
                    <a>5</a><a>Donald</a><a>Donald</a><a>NPP</a><a>NPP</a><a>n=s|g=m</a><a>14</a><a>suj</a><a>14</a><a>suj</a>
                </item>
                <item><a>6</a><a>Trump</a><a>_</a><a>NPP</a><a>NPP</a><a></a><a>5</a><a>mod</a><a>5</a><a>mod</a></item>
                <item>
                    <a>7</a><a>élu</a><a>élire</a><a>VPP</a><a>VPP</a><a>n=s|g=m|t=K</a><a>5</a><a>mod</a><a>5</a><a>mod</a>
                </item>
                <item>
                    <a>8</a><a>président</a><a>président</a><a>NC</a><a>NC</a><a>n=s|g=m</a><a>7</a><a>mod</a><a>7</a><a>mod</a>
                </item>
                <item><a>9</a><a>,</a><a>,</a><a>PONCT</a><a>PONCT</a><a></a><a>8</a><a>ponct</a><a>8</a><a>ponct</a>
                </item>
                <item><a>10</a><a>Brexit</a><a>_</a><a>NPP</a><a>NPP</a><a></a><a>8</a><a>mod</a><a>8</a><a>mod</a>
                </item>
                <item>
                    <a>11</a><a>...</a><a>...</a><a>PONCT</a><a>PONCT</a><a></a><a>10</a><a>ponct</a><a>10</a><a>ponct</a>
                </item>
                <item><a>12</a><a>2016</a><a>2016</a><a>NC</a><a>NC</a><a></a><a>8</a><a>mod</a><a>8</a><a>mod</a>
                </item>
                <item>
                    <a>13</a><a>a</a><a>avoir</a><a>V</a><a>V</a><a>n=s|t=P|p=3</a><a>14</a><a>aux_tps</a><a>14</a><a>aux_tps</a>
                </item>
                <item><a>14</a><a>été</a><a>être</a><a>VPP</a><a>VPP</a><a>t=K</a><a>0</a><a>root</a><a>0</a><a>root</a>
                </item>
                <item>
                    <a>15</a><a>riche</a><a>riche</a><a>ADJ</a><a>ADJ</a><a>n=s</a><a>14</a><a>ats</a><a>14</a><a>ats</a>
                </item>
                <item><a>16</a><a>en</a><a>en</a><a>P</a><a>P</a><a></a><a>14</a><a>mod</a><a>14</a><a>mod</a></item>
                <item>
                    <a>17</a><a>événements</a><a>événement</a><a>NC</a><a>NC</a><a>n=p|g=m</a><a>16</a><a>prep</a><a>16</a><a>prep</a>
                </item>
                <item>
                    <a>18</a><a>marquants</a><a>marquant</a><a>ADJ</a><a>ADJ</a><a>n=p|g=m</a><a>17</a><a>mod</a><a>17</a><a>mod</a>
                </item>
                <item><a>19</a><a>.</a><a>.</a><a>PONCT</a><a>PONCT</a><a></a><a>18</a><a>ponct</a><a>18</a><a>ponct</a>
                </item>
            </p>
            <p type="description">
                <item><a>1</a><a>Retour</a><a>retour</a><a>NC</a><a>NC</a><a>n=s|g=m</a><a>0</a><a>_</a><a>0</a><a>_</a>
                </item>
                <item><a>2</a><a>sur</a><a>sur</a><a>P</a><a>P</a><a></a><a>1</a><a>dep</a><a>1</a><a>dep</a></item>
                <item><a>3</a><a>l'</a><a>le</a><a>DET</a><a>DET</a><a>n=s</a><a>4</a><a>det</a><a>4</a><a>det</a>
                </item>
                <item>
                    <a>4</a><a>année</a><a>année</a><a>NC</a><a>NC</a><a>n=s|g=f</a><a>2</a><a>prep</a><a>2</a><a>prep</a>
                </item>
                <item>
                    <a>5</a><a>écoulée</a><a>écouler</a><a>VPP</a><a>VPP</a><a>n=s|g=f|t=K</a><a>4</a><a>mod</a><a>4</a><a>mod</a>
                </item>
                <item><a>6</a><a>en</a><a>en</a><a>P</a><a>P</a><a></a><a>5</a><a>mod</a><a>5</a><a>mod</a></item>
                <item>
                    <a>7</a><a>douze</a><a>douze</a><a>DET</a><a>DET</a><a>s=card|n=p</a><a>8</a><a>det</a><a>8</a><a>det</a>
                </item>
                <item>
                    <a>8</a><a>thèmes</a><a>thème</a><a>NC</a><a>NC</a><a>n=p|g=m</a><a>6</a><a>prep</a><a>6</a><a>prep</a>
                </item>
                <item><a>9</a><a>.</a><a>.</a><a>PONCT</a><a>PONCT</a><a></a><a>8</a><a>ponct</a><a>8</a><a>ponct</a>
                </item>
                <item><a>10</a><a>§</a><a>§</a><a>PONCT</a><a>PONCT</a><a></a><a>8</a><a>ponct</a><a>8</a><a>ponct</a>
                </item>
            </p>
        </description>
        <description>
            <p type="description">
                <item><a>1</a><a>Le</a><a>le</a><a>DET</a><a>DET</a><a>n=s|g=m</a><a>2</a><a>det</a><a>2</a><a>det</a>
                </item>
                <item><a>2</a><a>droit</a><a>droit</a><a>NC</a><a>NC</a><a>n=s|g=m</a><a>0</a><a>_</a><a>0</a><a>_</a>
                </item>
                <item><a>3</a><a>à</a><a>à</a><a>P</a><a>P</a><a></a><a>2</a><a>dep</a><a>2</a><a>dep</a></item>
                <item><a>4</a><a>la</a><a>la</a><a>DET</a><a>DET</a><a>n=s|g=f</a><a>5</a><a>det</a><a>5</a><a>det</a>
                </item>
                <item>
                    <a>5</a><a>déconnexion</a><a>déconnexion</a><a>NC</a><a>NC</a><a>n=s|g=f</a><a>3</a><a>prep</a><a>3</a><a>prep</a>
                </item>
                <item>
                    <a>6</a><a>prévu</a><a>prévoir</a><a>VPP</a><a>VPP</a><a>n=s|g=m|t=K</a><a>2</a><a>mod</a><a>2</a><a>mod</a>
                </item>
                <item><a>7</a><a>par</a><a>par</a><a>P</a><a>P</a><a></a><a>6</a><a>mod</a><a>6</a><a>mod</a></item>
                <item><a>8</a><a>la</a><a>la</a><a>DET</a><a>DET</a><a>n=s|g=f</a><a>9</a><a>det</a><a>9</a><a>det</a>
                </item>
                <item><a>9</a><a>loi</a><a>loi</a><a>NC</a><a>NC</a><a>n=s|g=f</a><a>7</a><a>prep</a><a>7</a><a>prep</a>
                </item>
                <item>
                    <a>10</a><a>travail</a><a>travail</a><a>NC</a><a>NC</a><a>n=s|g=m</a><a>9</a><a>mod</a><a>9</a><a>mod</a>
                </item>
                <item><a>11</a><a>entre</a><a>entre</a><a>P</a><a>P</a><a></a><a>6</a><a>mod</a><a>6</a><a>mod</a>
                </item>
                <item><a>12</a><a>en</a><a>en</a><a>P</a><a>P</a><a></a><a>11</a><a>dep</a><a>11</a><a>dep</a></item>
                <item>
                    <a>13</a><a>vigueur</a><a>vigueur</a><a>NC</a><a>NC</a><a>n=s|g=f</a><a>12</a><a>prep</a><a>12</a><a>prep</a>
                </item>
                <item>
                    <a>14</a><a>le</a><a>le</a><a>DET</a><a>DET</a><a>n=s|g=m</a><a>16</a><a>det</a><a>16</a><a>det</a>
                </item>
                <item><a>15</a><a>1er</a><a>_</a><a>ADJ</a><a>ADJ</a><a></a><a>16</a><a>mod</a><a>16</a><a>mod</a>
                </item>
                <item>
                    <a>16</a><a>janvier</a><a>janvier</a><a>NC</a><a>NC</a><a>n=s|g=m</a><a>6</a><a>mod</a><a>6</a><a>mod</a>
                </item>
                <item><a>17</a><a>.</a><a>.</a><a>PONCT</a><a>PONCT</a><a></a><a>16</a><a>ponct</a><a>16</a><a>ponct</a>
                </item>
            </p>
            <p type="description">
                <item><a>1</a><a>Le</a><a>le</a><a>DET</a><a>DET</a><a>n=s|g=m</a><a>2</a><a>det</a><a>2</a><a>det</a>
                </item>
                <item>
                    <a>2</a><a>chemin</a><a>chemin</a><a>NC</a><a>NC</a><a>n=s|g=m</a><a>13</a><a>suj</a><a>13</a><a>suj</a>
                </item>
                <item><a>3</a><a>vers</a><a>vers</a><a>P</a><a>P</a><a></a><a>2</a><a>dep</a><a>2</a><a>dep</a></item>
                <item><a>4</a><a>le</a><a>le</a><a>DET</a><a>DET</a><a>n=s|g=m</a><a>5</a><a>det</a><a>5</a><a>det</a>
                </item>
                <item>
                    <a>5</a><a>respect</a><a>respect</a><a>NC</a><a>NC</a><a>n=s|g=m</a><a>3</a><a>prep</a><a>3</a><a>prep</a>
                </item>
                <item><a>6</a><a>du</a><a>de</a><a>P+D</a><a>P+D</a><a>n=s|g=m</a><a>2</a><a>dep</a><a>2</a><a>dep</a>
                </item>
                <item><a>7</a><a>temps</a><a>temps</a><a>NC</a><a>NC</a><a>g=m</a><a>6</a><a>prep</a><a>6</a><a>prep</a>
                </item>
                <item><a>8</a><a>de</a><a>de</a><a>P</a><a>P</a><a></a><a>2</a><a>dep</a><a>2</a><a>dep</a></item>
                <item><a>9</a><a>repos</a><a>repos</a><a>NC</a><a>NC</a><a>g=m</a><a>8</a><a>prep</a><a>8</a><a>prep</a>
                </item>
                <item>
                    <a>10</a><a>obligatoire</a><a>obligatoire</a><a>ADJ</a><a>ADJ</a><a>n=s</a><a>9</a><a>mod</a><a>9</a><a>mod</a>
                </item>
                <item><a>11</a><a>des</a><a>de</a><a>P+D</a><a>P+D</a><a>n=p</a><a>2</a><a>dep</a><a>2</a><a>dep</a>
                </item>
                <item>
                    <a>12</a><a>salariés</a><a>salarié</a><a>NC</a><a>NC</a><a>n=p|g=m</a><a>11</a><a>prep</a><a>11</a><a>prep</a>
                </item>
                <item>
                    <a>13</a><a>est</a><a>être</a><a>V</a><a>V</a><a>n=s|t=P|p=3</a><a>0</a><a>root</a><a>0</a><a>root</a>
                </item>
                <item>
                    <a>14</a><a>encore</a><a>encore</a><a>ADV</a><a>ADV</a><a></a><a>13</a><a>mod</a><a>13</a><a>mod</a>
                </item>
                <item>
                    <a>15</a><a>long</a><a>long</a><a>ADJ</a><a>ADJ</a><a>n=s|g=m</a><a>13</a><a>ats</a><a>13</a><a>ats</a>
                </item>
                <item><a>16</a><a>.</a><a>.</a><a>PONCT</a><a>PONCT</a><a></a><a>15</a><a>ponct</a><a>15</a><a>ponct</a>
                </item>
                <item><a>17</a><a>§</a><a>§</a><a>PONCT</a><a>PONCT</a><a></a><a>15</a><a>ponct</a><a>15</a><a>ponct</a>
                </item>
            </p>
        </description>
        <description>
            <p type="description">
                <item><a>1</a><a>Un</a><a>un</a><a>DET</a><a>DET</a><a>n=s|g=m</a><a>2</a><a>det</a><a>2</a><a>det</a>
                </item>
                <item><a>2</a><a>feu</a><a>feu</a><a>NC</a><a>NC</a><a>n=s|g=m</a><a>7</a><a>suj</a><a>7</a><a>suj</a>
                </item>
                <item><a>3</a><a>d'</a><a>de</a><a>P</a><a>P</a><a></a><a>2</a><a>dep</a><a>2</a><a>dep</a></item>
                <item>
                    <a>4</a><a>artifice</a><a>artifice</a><a>NC</a><a>NC</a><a>n=s|g=m</a><a>3</a><a>prep</a><a>3</a><a>prep</a>
                </item>
                <item>
                    <a>5</a><a>géant</a><a>géant</a><a>NC</a><a>NC</a><a>n=s|g=f</a><a>4</a><a>mod</a><a>4</a><a>mod</a>
                </item>
                <item>
                    <a>6</a><a>a</a><a>avoir</a><a>V</a><a>V</a><a>n=s|t=P|p=3</a><a>7</a><a>aux_tps</a><a>7</a><a>aux_tps</a>
                </item>
                <item>
                    <a>7</a><a>ouvert</a><a>ouvrir</a><a>VPP</a><a>VPP</a><a>n=s|g=m|t=K</a><a>0</a><a>root</a><a>0</a><a>root</a>
                </item>
                <item><a>8</a><a>le</a><a>le</a><a>DET</a><a>DET</a><a>n=s|g=m</a><a>9</a><a>det</a><a>9</a><a>det</a>
                </item>
                <item><a>9</a><a>bal</a><a>bal</a><a>NC</a><a>NC</a><a>n=s|g=m</a><a>7</a><a>obj</a><a>7</a><a>obj</a>
                </item>
                <item><a>10</a><a>des</a><a>de</a><a>P+D</a><a>P+D</a><a>n=p</a><a>9</a><a>dep</a><a>9</a><a>dep</a>
                </item>
                <item>
                    <a>11</a><a>festivités</a><a>festivité</a><a>NC</a><a>NC</a><a>n=p|g=f</a><a>10</a><a>prep</a><a>10</a><a>prep</a>
                </item>
                <item>
                    <a>12</a><a>du</a><a>de</a><a>P+D</a><a>P+D</a><a>n=s|g=m</a><a>11</a><a>dep</a><a>11</a><a>dep</a>
                </item>
                <item><a>13</a><a>Nouvel</a><a>_</a><a>ADJ</a><a>ADJ</a><a></a><a>14</a><a>mod</a><a>14</a><a>mod</a>
                </item>
                <item><a>14</a><a>An</a><a>An</a><a>NPP</a><a>NPP</a><a>n=s</a><a>12</a><a>prep</a><a>12</a><a>prep</a>
                </item>
                <item><a>15</a><a>à</a><a>à</a><a>P</a><a>P</a><a></a><a>7</a><a>mod</a><a>7</a><a>mod</a></item>
                <item>
                    <a>16</a><a>Sydney</a><a>Sydney</a><a>NPP</a><a>NPP</a><a>n=s</a><a>15</a><a>prep</a><a>15</a><a>prep</a>
                </item>
                <item><a>17</a><a>,</a><a>,</a><a>PONCT</a><a>PONCT</a><a></a><a>16</a><a>ponct</a><a>16</a><a>ponct</a>
                </item>
                <item><a>18</a><a>en</a><a>en</a><a>P</a><a>P</a><a></a><a>7</a><a>mod</a><a>7</a><a>mod</a></item>
                <item>
                    <a>19</a><a>Australie</a><a>Australie</a><a>NPP</a><a>NPP</a><a>n=s|g=f</a><a>18</a><a>prep</a><a>18</a><a>prep</a>
                </item>
                <item><a>20</a><a>.</a><a>.</a><a>PONCT</a><a>PONCT</a><a></a><a>19</a><a>ponct</a><a>19</a><a>ponct</a>
                </item>
            </p>
            <p type="description">
                <item><a>1</a><a>De</a><a>de</a><a>DET</a><a>DET</a><a>n=p</a><a>4</a><a>det</a><a>4</a><a>det</a>
                </item>
                <item>
                    <a>2</a><a>nombreuses</a><a>nombreux</a><a>ADJ</a><a>ADJ</a><a>n=p|g=f</a><a>4</a><a>mod</a><a>4</a><a>mod</a>
                </item>
                <item>
                    <a>3</a><a>autres</a><a>autre</a><a>ADJ</a><a>ADJ</a><a>n=p</a><a>4</a><a>mod</a><a>4</a><a>mod</a>
                </item>
                <item>
                    <a>4</a><a>célébrations</a><a>célébration</a><a>NC</a><a>NC</a><a>n=p|g=f</a><a>9</a><a>suj</a><a>9</a><a>suj</a>
                </item>
                <item><a>5</a><a>sous</a><a>sous</a><a>P</a><a>P</a><a></a><a>4</a><a>dep</a><a>4</a><a>dep</a></item>
                <item>
                    <a>6</a><a>haute</a><a>haut</a><a>ADJ</a><a>ADJ</a><a>n=s|g=f</a><a>7</a><a>mod</a><a>7</a><a>mod</a>
                </item>
                <item>
                    <a>7</a><a>surveillance</a><a>surveillance</a><a>NC</a><a>NC</a><a>n=s|g=f</a><a>5</a><a>prep</a><a>5</a><a>prep</a>
                </item>
                <item>
                    <a>8</a><a>ont</a><a>avoir</a><a>V</a><a>V</a><a>n=p|t=P|p=3</a><a>9</a><a>aux_tps</a><a>9</a><a>aux_tps</a>
                </item>
                <item>
                    <a>9</a><a>eu</a><a>avoir</a><a>VPP</a><a>VPP</a><a>n=s|g=m|t=K</a><a>0</a><a>root</a><a>0</a><a>root</a>
                </item>
                <item>
                    <a>10</a><a>lieu</a><a>lieu</a><a>NC</a><a>NC</a><a>n=s|g=m</a><a>9</a><a>obj</a><a>9</a><a>obj</a>
                </item>
                <item><a>11</a><a>à</a><a>à</a><a>P</a><a>P</a><a></a><a>9</a><a>mod</a><a>9</a><a>mod</a></item>
                <item>
                    <a>12</a><a>travers</a><a>travers</a><a>NC</a><a>NC</a><a>g=m</a><a>11</a><a>prep</a><a>11</a><a>prep</a>
                </item>
                <item>
                    <a>13</a><a>le</a><a>le</a><a>DET</a><a>DET</a><a>n=s|g=m</a><a>14</a><a>det</a><a>14</a><a>det</a>
                </item>
                <item>
                    <a>14</a><a>monde</a><a>monde</a><a>NC</a><a>NC</a><a>n=s|g=m</a><a>9</a><a>obj</a><a>9</a><a>obj</a>
                </item>
                <item><a>15</a><a>.</a><a>.</a><a>PONCT</a><a>PONCT</a><a></a><a>14</a><a>ponct</a><a>14</a><a>ponct</a>
                </item>
                <item><a>16</a><a>§</a><a>§</a><a>PONCT</a><a>PONCT</a><a></a><a>14</a><a>ponct</a><a>14</a><a>ponct</a>
                </item>
            </p>
        </description>
        <description>
            <p type="description">
                <item><a>1</a><a>Le</a><a>le</a><a>DET</a><a>DET</a><a>n=s|g=m</a><a>2</a><a>det</a><a>2</a><a>det</a>
                </item>
                <item>
                    <a>2</a><a>bateau</a><a>bateau</a><a>NC</a><a>NC</a><a>n=s|g=m</a><a>4</a><a>suj</a><a>4</a><a>suj</a>
                </item>
                <item><a>3</a><a>se</a><a>se</a><a>CLR</a><a>CLR</a><a>n=p,s|p=3</a><a>4</a><a>aff</a><a>4</a><a>aff</a>
                </item>
                <item>
                    <a>4</a><a>rendait</a><a>rendre</a><a>V</a><a>V</a><a>n=s|t=I|p=3</a><a>0</a><a>root</a><a>0</a><a>root</a>
                </item>
                <item><a>5</a><a>sur</a><a>sur</a><a>P</a><a>P</a><a></a><a>4</a><a>mod</a><a>4</a><a>mod</a></item>
                <item><a>6</a><a>l'</a><a>le</a><a>DET</a><a>DET</a><a>n=s</a><a>7</a><a>det</a><a>7</a><a>det</a>
                </item>
                <item><a>7</a><a>île</a><a>île</a><a>NC</a><a>NC</a><a>n=s|g=f</a><a>5</a><a>prep</a><a>5</a><a>prep</a>
                </item>
                <item><a>8</a><a>de</a><a>de</a><a>P</a><a>P</a><a></a><a>4</a><a>mod</a><a>4</a><a>mod</a></item>
                <item><a>9</a><a>Tidung</a><a>_</a><a>NPP</a><a>NPP</a><a></a><a>8</a><a>prep</a><a>8</a><a>prep</a>
                </item>
                <item><a>10</a><a>,</a><a>,</a><a>PONCT</a><a>PONCT</a><a></a><a>9</a><a>ponct</a><a>9</a><a>ponct</a>
                </item>
                <item>
                    <a>11</a><a>destination</a><a>destination</a><a>NC</a><a>NC</a><a>n=s|g=f</a><a>4</a><a>mod</a><a>4</a><a>mod</a>
                </item>
                <item>
                    <a>12</a><a>touristique</a><a>touristique</a><a>ADJ</a><a>ADJ</a><a>n=s</a><a>11</a><a>mod</a><a>11</a><a>mod</a>
                </item>
                <item><a>13</a><a>à</a><a>à</a><a>P</a><a>P</a><a></a><a>11</a><a>dep</a><a>11</a><a>dep</a></item>
                <item><a>14</a><a>50</a><a>50</a><a>ADJ</a><a>ADJ</a><a></a><a>15</a><a>mod</a><a>15</a><a>mod</a>
                </item>
                <item>
                    <a>15</a><a>km</a><a>kilomètre</a><a>NC</a><a>NC</a><a>g=m</a><a>13</a><a>prep</a><a>13</a><a>prep</a>
                </item>
                <item><a>16</a><a>de</a><a>de</a><a>P</a><a>P</a><a></a><a>4</a><a>mod</a><a>4</a><a>mod</a></item>
                <item><a>17</a><a>Jakarta</a><a>_</a><a>NPP</a><a>NPP</a><a></a><a>16</a><a>prep</a><a>16</a><a>prep</a>
                </item>
                <item><a>18</a><a>,</a><a>,</a><a>PONCT</a><a>PONCT</a><a></a><a>17</a><a>ponct</a><a>17</a><a>ponct</a>
                </item>
                <item><a>19</a><a>quand</a><a>quand</a><a>CS</a><a>CS</a><a></a><a>4</a><a>mod</a><a>4</a><a>mod</a>
                </item>
                <item>
                    <a>20</a><a>le</a><a>le</a><a>DET</a><a>DET</a><a>n=s|g=m</a><a>21</a><a>det</a><a>21</a><a>det</a>
                </item>
                <item>
                    <a>21</a><a>moteur</a><a>moteur</a><a>NC</a><a>NC</a><a>n=s|g=m</a><a>23</a><a>suj</a><a>23</a><a>suj</a>
                </item>
                <item>
                    <a>22</a><a>a</a><a>avoir</a><a>V</a><a>V</a><a>n=s|t=P|p=3</a><a>23</a><a>aux_tps</a><a>23</a><a>aux_tps</a>
                </item>
                <item>
                    <a>23</a><a>eu</a><a>avoir</a><a>VPP</a><a>VPP</a><a>n=s|g=m|t=K</a><a>19</a><a>sub</a><a>19</a><a>sub</a>
                </item>
                <item><a>24</a><a>des</a><a>des</a><a>DET</a><a>DET</a><a>n=p</a><a>25</a><a>det</a><a>25</a><a>det</a>
                </item>
                <item>
                    <a>25</a><a>problèmes</a><a>problème</a><a>NC</a><a>NC</a><a>n=p|g=m</a><a>23</a><a>obj</a><a>23</a><a>obj</a>
                </item>
                <item><a>26</a><a>,</a><a>,</a><a>PONCT</a><a>PONCT</a><a></a><a>25</a><a>ponct</a><a>25</a><a>ponct</a>
                </item>
                <item><a>27</a><a>puis</a><a>puis</a><a>CC</a><a>CC</a><a></a><a>23</a><a>coord</a><a>23</a><a>coord</a>
                </item>
                <item>
                    <a>28</a><a>a</a><a>avoir</a><a>V</a><a>V</a><a>n=s|t=P|p=3</a><a>29</a><a>aux_tps</a><a>29</a><a>aux_tps</a>
                </item>
                <item>
                    <a>29</a><a>explosé</a><a>exploser</a><a>VPP</a><a>VPP</a><a>n=s|g=m|t=K</a><a>27</a><a>dep_coord</a><a>27</a><a>dep_coord</a>
                </item>
                <item><a>30</a><a>.</a><a>.</a><a>PONCT</a><a>PONCT</a><a></a><a>29</a><a>ponct</a><a>29</a><a>ponct</a>
                </item>
            </p>
            <p type="description">
                <item>
                    <a>1</a><a>Il</a><a>il</a><a>CLS</a><a>CLS</a><a>n=s|g=m|p=3</a><a>2</a><a>suj</a><a>2</a><a>suj</a>
                </item>
                <item>
                    <a>2</a><a>transportait</a><a>transporter</a><a>V</a><a>V</a><a>n=s|t=I|p=3</a><a>0</a><a>root</a><a>0</a><a>root</a>
                </item>
                <item><a>3</a><a>plus</a><a>plus</a><a>ADV</a><a>ADV</a><a></a><a>2</a><a>mod</a><a>2</a><a>mod</a>
                </item>
                <item><a>4</a><a>de</a><a>de</a><a>P</a><a>P</a><a></a><a>2</a><a>mod</a><a>2</a><a>mod</a></item>
                <item><a>5</a><a>200</a><a>200</a><a>NC</a><a>NC</a><a></a><a>4</a><a>prep</a><a>4</a><a>prep</a></item>
                <item>
                    <a>6</a><a>personnes</a><a>personne</a><a>NC</a><a>NC</a><a>n=p|g=f</a><a>5</a><a>mod</a><a>5</a><a>mod</a>
                </item>
                <item><a>7</a><a>,</a><a>,</a><a>PONCT</a><a>PONCT</a><a></a><a>6</a><a>ponct</a><a>6</a><a>ponct</a>
                </item>
                <item><a>8</a><a>17</a><a>17</a><a>NC</a><a>NC</a><a></a><a>5</a><a>mod</a><a>5</a><a>mod</a></item>
                <item>
                    <a>9</a><a>sont</a><a>être</a><a>V</a><a>V</a><a>n=p|t=P|p=3</a><a>2</a><a>mod</a><a>2</a><a>mod</a>
                </item>
                <item>
                    <a>10</a><a>portées</a><a>porter</a><a>VPP</a><a>VPP</a><a>n=p|g=f|t=K</a><a>11</a><a>aux_pass</a><a>11</a><a>aux_pass</a>
                </item>
                <item>
                    <a>11</a><a>disparues</a><a>disparaître</a><a>VPP</a><a>VPP</a><a>n=p|g=f|t=K</a><a>9</a><a>ponct</a><a>9</a><a>ponct</a>
                </item>
                <item><a>12</a><a>.</a><a>.</a><a>PONCT</a><a>PONCT</a><a></a><a>11</a><a>ponct</a><a>11</a><a>ponct</a>
                </item>
                <item><a>13</a><a>§</a><a>§</a><a>PONCT</a><a>PONCT</a><a></a><a>11</a><a>ponct</a><a>11</a><a>ponct</a>
                </item>
            </p>
        </description>
        <description>
            <p type="description">
                <item><a>1</a><a>L'</a><a>le</a><a>DET</a><a>DET</a><a>n=s</a><a>2</a><a>det</a><a>2</a><a>det</a>
                </item>
                <item><a>2</a><a>Aisne</a><a>Aisne</a><a>NPP</a><a>NPP</a><a>n=s|g=m</a><a>0</a><a>_</a><a>0</a><a>_</a>
                </item>
                <item><a>3</a><a>,</a><a>,</a><a>PONCT</a><a>PONCT</a><a></a><a>2</a><a>ponct</a><a>2</a><a>ponct</a>
                </item>
                <item><a>4</a><a>les</a><a>les</a><a>DET</a><a>DET</a><a>n=p</a><a>5</a><a>det</a><a>5</a><a>det</a>
                </item>
                <item>
                    <a>5</a><a>Ardennes</a><a>Ardennes</a><a>NPP</a><a>NPP</a><a>n=p|g=f</a><a>2</a><a>coord</a><a>2</a><a>coord</a>
                </item>
                <item><a>6</a><a>,</a><a>,</a><a>PONCT</a><a>PONCT</a><a></a><a>5</a><a>ponct</a><a>5</a><a>ponct</a>
                </item>
                <item><a>7</a><a>l'</a><a>le</a><a>DET</a><a>DET</a><a>n=s</a><a>8</a><a>det</a><a>8</a><a>det</a>
                </item>
                <item>
                    <a>8</a><a>Eure</a><a>Eure</a><a>NPP</a><a>NPP</a><a>n=s|g=m</a><a>5</a><a>coord</a><a>5</a><a>coord</a>
                </item>
                <item><a>9</a><a>,</a><a>,</a><a>PONCT</a><a>PONCT</a><a></a><a>8</a><a>ponct</a><a>8</a><a>ponct</a>
                </item>
                <item><a>10</a><a>l'</a><a>le</a><a>DET</a><a>DET</a><a>n=s</a><a>11</a><a>det</a><a>11</a><a>det</a>
                </item>
                <item>
                    <a>11</a><a>Eure</a><a>Eure</a><a>NPP</a><a>NPP</a><a>n=s|g=m</a><a>8</a><a>coord</a><a>8</a><a>coord</a>
                </item>
                <item><a>12</a><a>-</a><a>-</a><a>PONCT</a><a>PONCT</a><a></a><a>11</a><a>ponct</a><a>11</a><a>ponct</a>
                </item>
                <item><a>13</a><a>et</a><a>et</a><a>CC</a><a>CC</a><a></a><a>11</a><a>coord</a><a>11</a><a>coord</a>
                </item>
                <item><a>14</a><a>-</a><a>-</a><a>PONCT</a><a>PONCT</a><a></a><a>13</a><a>ponct</a><a>13</a><a>ponct</a>
                </item>
                <item>
                    <a>15</a><a>Loir</a><a>loir</a><a>NC</a><a>NC</a><a>n=s|g=m</a><a>13</a><a>dep_coord</a><a>13</a><a>dep_coord</a>
                </item>
                <item><a>16</a><a>,</a><a>,</a><a>PONCT</a><a>PONCT</a><a></a><a>15</a><a>ponct</a><a>15</a><a>ponct</a>
                </item>
                <item>
                    <a>17</a><a>la</a><a>la</a><a>DET</a><a>DET</a><a>n=s|g=f</a><a>18</a><a>det</a><a>18</a><a>det</a>
                </item>
                <item>
                    <a>18</a><a>Marne</a><a>Marne</a><a>NPP</a><a>NPP</a><a>n=s|g=f</a><a>15</a><a>mod</a><a>15</a><a>mod</a>
                </item>
                <item><a>19</a><a>,</a><a>,</a><a>PONCT</a><a>PONCT</a><a></a><a>18</a><a>ponct</a><a>18</a><a>ponct</a>
                </item>
                <item>
                    <a>20</a><a>le</a><a>le</a><a>DET</a><a>DET</a><a>n=s|g=m</a><a>21</a><a>det</a><a>21</a><a>det</a>
                </item>
                <item>
                    <a>21</a><a>Nord</a><a>Nord</a><a>NPP</a><a>NPP</a><a>n=s|g=m</a><a>15</a><a>mod</a><a>15</a><a>mod</a>
                </item>
                <item><a>22</a><a>,</a><a>,</a><a>PONCT</a><a>PONCT</a><a></a><a>21</a><a>ponct</a><a>21</a><a>ponct</a>
                </item>
                <item><a>23</a><a>l'</a><a>le</a><a>DET</a><a>DET</a><a>n=s</a><a>24</a><a>det</a><a>24</a><a>det</a>
                </item>
                <item>
                    <a>24</a><a>Oise</a><a>Oise</a><a>NPP</a><a>NPP</a><a>n=s|g=f</a><a>15</a><a>mod</a><a>15</a><a>mod</a>
                </item>
                <item><a>25</a><a>,</a><a>,</a><a>PONCT</a><a>PONCT</a><a></a><a>24</a><a>ponct</a><a>24</a><a>ponct</a>
                </item>
                <item>
                    <a>26</a><a>le</a><a>le</a><a>DET</a><a>DET</a><a>n=s|g=m</a><a>27</a><a>det</a><a>27</a><a>det</a>
                </item>
                <item><a>27</a><a>Pas</a><a>_</a><a>NPP</a><a>NPP</a><a></a><a>15</a><a>mod</a><a>15</a><a>mod</a>
                </item>
                <item><a>28</a><a>-</a><a>-</a><a>PONCT</a><a>PONCT</a><a></a><a>27</a><a>ponct</a><a>27</a><a>ponct</a>
                </item>
                <item><a>29</a><a>de</a><a>de</a><a>P</a><a>P</a><a></a><a>15</a><a>dep</a><a>15</a><a>dep</a></item>
                <item><a>30</a><a>-</a><a>-</a><a>PONCT</a><a>PONCT</a><a></a><a>29</a><a>ponct</a><a>29</a><a>ponct</a>
                </item>
                <item><a>31</a><a>Calais</a><a>_</a><a>NC</a><a>NC</a><a></a><a>29</a><a>prep</a><a>29</a><a>prep</a>
                </item>
                <item><a>32</a><a>,</a><a>,</a><a>PONCT</a><a>PONCT</a><a></a><a>31</a><a>ponct</a><a>31</a><a>ponct</a>
                </item>
                <item>
                    <a>33</a><a>la</a><a>la</a><a>DET</a><a>DET</a><a>n=s|g=f</a><a>34</a><a>det</a><a>34</a><a>det</a>
                </item>
                <item>
                    <a>34</a><a>Seine</a><a>Seine</a><a>NPP</a><a>NPP</a><a>n=s|g=f</a><a>51</a><a>suj</a><a>51</a><a>suj</a>
                </item>
                <item><a>35</a><a>-</a><a>-</a><a>PONCT</a><a>PONCT</a><a></a><a>34</a><a>ponct</a><a>34</a><a>ponct</a>
                </item>
                <item>
                    <a>36</a><a>Maritime</a><a>maritime</a><a>ADJ</a><a>ADJ</a><a>n=s</a><a>34</a><a>mod</a><a>34</a><a>mod</a>
                </item>
                <item><a>37</a><a>,</a><a>,</a><a>PONCT</a><a>PONCT</a><a></a><a>36</a><a>ponct</a><a>36</a><a>ponct</a>
                </item>
                <item>
                    <a>38</a><a>la</a><a>la</a><a>DET</a><a>DET</a><a>n=s|g=f</a><a>39</a><a>det</a><a>39</a><a>det</a>
                </item>
                <item>
                    <a>39</a><a>Somme</a><a>Somme</a><a>NPP</a><a>NPP</a><a>n=s|g=f</a><a>34</a><a>coord</a><a>34</a><a>coord</a>
                </item>
                <item><a>40</a><a>et</a><a>et</a><a>CC</a><a>CC</a><a></a><a>39</a><a>coord</a><a>39</a><a>coord</a>
                </item>
                <item>
                    <a>41</a><a>tous</a><a>tout</a><a>ADJ</a><a>ADJ</a><a>n=p|g=m</a><a>40</a><a>dep_coord</a><a>40</a><a>dep_coord</a>
                </item>
                <item><a>42</a><a>les</a><a>les</a><a>DET</a><a>DET</a><a>n=p</a><a>43</a><a>det</a><a>43</a><a>det</a>
                </item>
                <item>
                    <a>43</a><a>départements</a><a>département</a><a>NC</a><a>NC</a><a>n=p|g=m</a><a>40</a><a>dep_coord</a><a>40</a><a>dep_coord</a>
                </item>
                <item><a>44</a><a>d'</a><a>de</a><a>P</a><a>P</a><a></a><a>43</a><a>dep</a><a>43</a><a>dep</a></item>
                <item><a>45</a><a>Ile</a><a>_</a><a>NPP</a><a>NPP</a><a></a><a>44</a><a>prep</a><a>44</a><a>prep</a>
                </item>
                <item><a>46</a><a>-</a><a>-</a><a>PONCT</a><a>PONCT</a><a></a><a>45</a><a>ponct</a><a>45</a><a>ponct</a>
                </item>
                <item><a>47</a><a>de</a><a>de</a><a>P</a><a>P</a><a></a><a>51</a><a>mod</a><a>51</a><a>mod</a></item>
                <item><a>48</a><a>-</a><a>-</a><a>PONCT</a><a>PONCT</a><a></a><a>47</a><a>ponct</a><a>47</a><a>ponct</a>
                </item>
                <item>
                    <a>49</a><a>France</a><a>France</a><a>NPP</a><a>NPP</a><a>n=s|g=f,m</a><a>47</a><a>prep</a><a>47</a><a>prep</a>
                </item>
                <item>
                    <a>50</a><a>sont</a><a>être</a><a>V</a><a>V</a><a>n=p|t=P|p=3</a><a>51</a><a>aux_pass</a><a>51</a><a>aux_pass</a>
                </item>
                <item>
                    <a>51</a><a>concernés</a><a>concerner</a><a>VPP</a><a>VPP</a><a>n=p|g=m|t=K</a><a>29</a><a>root</a><a>29</a><a>root</a>
                </item>
                <item><a>52</a><a>.</a><a>.</a><a>PONCT</a><a>PONCT</a><a></a><a>51</a><a>ponct</a><a>51</a><a>ponct</a>
                </item>
                <item><a>53</a><a>§</a><a>§</a><a>PONCT</a><a>PONCT</a><a></a><a>51</a><a>ponct</a><a>51</a><a>ponct</a>
                </item>
            </p>
        </description>
        <description>
            <p type="description">
                <item><a>1</a><a>Du</a><a>de</a><a>P+D</a><a>P+D</a><a>n=s|g=m</a><a>0</a><a>_</a><a>0</a><a>_</a>
                </item>
                <item>
                    <a>2</a><a>centre</a><a>centre</a><a>NC</a><a>NC</a><a>n=s|g=m</a><a>1</a><a>prep</a><a>1</a><a>prep</a>
                </item>
                <item><a>3</a><a>Pompidou</a><a>_</a><a>NPP</a><a>NPP</a><a></a><a>2</a><a>mod</a><a>2</a><a>mod</a>
                </item>
                <item><a>4</a><a>-</a><a>-</a><a>PONCT</a><a>PONCT</a><a></a><a>3</a><a>ponct</a><a>3</a><a>ponct</a>
                </item>
                <item>
                    <a>5</a><a>Metz</a><a>Metz</a><a>NPP</a><a>NPP</a><a>n=s|g=m</a><a>2</a><a>mod</a><a>2</a><a>mod</a>
                </item>
                <item><a>6</a><a>au</a><a>à</a><a>P+D</a><a>P+D</a><a>n=s|g=m</a><a>1</a><a>dep</a><a>1</a><a>dep</a>
                </item>
                <item>
                    <a>7</a><a>Musée</a><a>musée</a><a>NC</a><a>NC</a><a>n=s|g=m</a><a>6</a><a>prep</a><a>6</a><a>prep</a>
                </item>
                <item><a>8</a><a>du</a><a>de</a><a>P+D</a><a>P+D</a><a>n=s|g=m</a><a>7</a><a>dep</a><a>7</a><a>dep</a>
                </item>
                <item><a>9</a><a>Quai</a><a>_</a><a>NPP</a><a>NPP</a><a></a><a>8</a><a>prep</a><a>8</a><a>prep</a>
                </item>
                <item><a>10</a><a>Branly</a><a>_</a><a>NPP</a><a>NPP</a><a></a><a>9</a><a>mod</a><a>9</a><a>mod</a>
                </item>
                <item><a>11</a><a>,</a><a>,</a><a>PONCT</a><a>PONCT</a><a></a><a>10</a><a>ponct</a><a>10</a><a>ponct</a>
                </item>
                <item>
                    <a>12</a><a>sélection</a><a>sélection</a><a>NC</a><a>NC</a><a>n=s|g=f</a><a>9</a><a>mod</a><a>9</a><a>mod</a>
                </item>
                <item><a>13</a><a>d'</a><a>de</a><a>P</a><a>P</a><a></a><a>12</a><a>dep</a><a>12</a><a>dep</a></item>
                <item>
                    <a>14</a><a>expositions</a><a>exposition</a><a>NC</a><a>NC</a><a>n=p|g=f</a><a>13</a><a>prep</a><a>13</a><a>prep</a>
                </item>
                <item>
                    <a>15</a><a>qui</a><a>qui</a><a>PROREL</a><a>PROREL</a><a>n=s</a><a>17</a><a>suj</a><a>17</a><a>suj</a>
                </item>
                <item>
                    <a>16</a><a>seront</a><a>être</a><a>V</a><a>V</a><a>n=p|t=F|p=3</a><a>17</a><a>aux_pass</a><a>17</a><a>aux_pass</a>
                </item>
                <item>
                    <a>17</a><a>ouvertes</a><a>ouvrir</a><a>VPP</a><a>VPP</a><a>n=p|g=f|t=K</a><a>12</a><a>mod_rel</a><a>12</a><a>mod_rel</a>
                </item>
                <item>
                    <a>18</a><a>le</a><a>le</a><a>DET</a><a>DET</a><a>n=s|g=m</a><a>20</a><a>det</a><a>20</a><a>det</a>
                </item>
                <item><a>19</a><a>1er</a><a>_</a><a>ADJ</a><a>ADJ</a><a></a><a>20</a><a>mod</a><a>20</a><a>mod</a>
                </item>
                <item>
                    <a>20</a><a>janvier</a><a>janvier</a><a>NC</a><a>NC</a><a>n=s|g=m</a><a>17</a><a>mod</a><a>17</a><a>mod</a>
                </item>
                <item><a>21</a><a>.</a><a>.</a><a>PONCT</a><a>PONCT</a><a></a><a>20</a><a>ponct</a><a>20</a><a>ponct</a>
                </item>
                <item><a>22</a><a>§</a><a>§</a><a>PONCT</a><a>PONCT</a><a></a><a>20</a><a>ponct</a><a>20</a><a>ponct</a>
                </item>
            </p>
        </description>
    </file>
    <file type="titre" name="2017/01/02/19-00-00/0,2-3208,1-0,0.xml">
        <titre>
            <p type="titre">
                <item>
                    <a>1</a><a>Attentat</a><a>attentat</a><a>NC</a><a>NC</a><a>n=s|g=m</a><a>12</a><a>mod</a><a>12</a><a>mod</a>
                </item>
                <item><a>2</a><a>à</a><a>à</a><a>P</a><a>P</a><a></a><a>1</a><a>dep</a><a>1</a><a>dep</a></item>
                <item><a>3</a><a>Istanbul</a><a>_</a><a>NPP</a><a>NPP</a><a></a><a>2</a><a>prep</a><a>2</a><a>prep</a>
                </item>
                <item><a>4</a><a>:</a><a>:</a><a>PONCT</a><a>PONCT</a><a></a><a>3</a><a>ponct</a><a>3</a><a>ponct</a>
                </item>
                <item><a>5</a><a>"</a><a>"</a><a>PONCT</a><a>PONCT</a><a></a><a>3</a><a>ponct</a><a>3</a><a>ponct</a>
                </item>
                <item>
                    <a>6</a><a>Elle</a><a>elle</a><a>CLS</a><a>CLS</a><a>n=s|g=f|p=3</a><a>12</a><a>suj</a><a>12</a><a>suj</a>
                </item>
                <item>
                    <a>7</a><a>avait</a><a>avoir</a><a>V</a><a>V</a><a>n=s|t=I|p=3</a><a>12</a><a>mod</a><a>12</a><a>mod</a>
                </item>
                <item><a>8</a><a>19</a><a>19</a><a>ADJ</a><a>ADJ</a><a></a><a>9</a><a>mod</a><a>9</a><a>mod</a></item>
                <item><a>9</a><a>ans</a><a>an</a><a>NC</a><a>NC</a><a>n=p|g=m</a><a>7</a><a>obj</a><a>7</a><a>obj</a>
                </item>
                <item><a>10</a><a>,</a><a>,</a><a>PONCT</a><a>PONCT</a><a></a><a>9</a><a>ponct</a><a>9</a><a>ponct</a>
                </item>
                <item>
                    <a>11</a><a>elle</a><a>elle</a><a>CLS</a><a>CLS</a><a>n=s|g=f|p=3</a><a>12</a><a>suj</a><a>12</a><a>suj</a>
                </item>
                <item>
                    <a>12</a><a>voulait</a><a>vouloir</a><a>V</a><a>V</a><a>n=s|t=I|p=3</a><a>0</a><a>root</a><a>0</a><a>root</a>
                </item>
                <item>
                    <a>13</a><a>simplement</a><a>_</a><a>ADV</a><a>ADV</a><a></a><a>12</a><a>mod</a><a>12</a><a>mod</a>
                </item>
                <item>
                    <a>14</a><a>s'</a><a>se</a><a>CLR</a><a>CLR</a><a>n=p,s|p=3</a><a>15</a><a>aff</a><a>15</a><a>aff</a>
                </item>
                <item>
                    <a>15</a><a>amuser</a><a>amuser</a><a>VINF</a><a>VINF</a><a>t=W</a><a>12</a><a>obj</a><a>12</a><a>obj</a>
                </item>
                <item><a>16</a><a>"</a><a>"</a><a>PONCT</a><a>PONCT</a><a></a><a>15</a><a>ponct</a><a>15</a><a>ponct</a>
                </item>
                <item><a>17</a><a>.</a><a>.</a><a>PONCT</a><a>PONCT</a><a></a><a>15</a><a>ponct</a><a>15</a><a>ponct</a>
                </item>
            </p>
            <p type="titre">
                <item><a>1</a><a>§</a><a>§</a><a>PONCT</a><a>PONCT</a><a></a><a>0</a><a>ponct</a><a>0</a><a>ponct</a>
                </item>
            </p>
        </titre>
        <titre>
            <p type="titre">
                <item>
                    <a>1</a><a>Europe</a><a>Europe</a><a>NPP</a><a>NPP</a><a>n=s|g=f</a><a>3</a><a>suj</a><a>3</a><a>suj</a>
                </item>
                <item><a>2</a><a>1</a><a>1</a><a>ADJ</a><a>ADJ</a><a></a><a>1</a><a>mod</a><a>1</a><a>mod</a></item>
                <item>
                    <a>3</a><a>tente</a><a>tenter</a><a>V</a><a>V</a><a>n=s|t=P,S|p=1,3</a><a>0</a><a>root</a><a>0</a><a>root</a>
                </item>
                <item><a>4</a><a>une</a><a>une</a><a>DET</a><a>DET</a><a>n=s|g=f</a><a>5</a><a>det</a><a>5</a><a>det</a>
                </item>
                <item>
                    <a>5</a><a>relance</a><a>relance</a><a>NC</a><a>NC</a><a>n=s|g=f</a><a>3</a><a>obj</a><a>3</a><a>obj</a>
                </item>
                <item>
                    <a>6</a><a>risquée</a><a>risquer</a><a>VPP</a><a>VPP</a><a>n=s|g=f|t=K</a><a>5</a><a>mod</a><a>5</a><a>mod</a>
                </item>
                <item><a>7</a><a>à</a><a>à</a><a>P</a><a>P</a><a></a><a>6</a><a>mod</a><a>6</a><a>mod</a></item>
                <item><a>8</a><a>mi</a><a>mi</a><a>NC</a><a>NC</a><a>g=m</a><a>7</a><a>prep</a><a>7</a><a>prep</a>
                </item>
                <item><a>9</a><a>-</a><a>-</a><a>PONCT</a><a>PONCT</a><a></a><a>8</a><a>ponct</a><a>8</a><a>ponct</a>
                </item>
                <item>
                    <a>10</a><a>saison</a><a>saison</a><a>NC</a><a>NC</a><a>n=s|g=f</a><a>6</a><a>mod</a><a>6</a><a>mod</a>
                </item>
                <item><a>11</a><a>.</a><a>.</a><a>PONCT</a><a>PONCT</a><a></a><a>10</a><a>ponct</a><a>10</a><a>ponct</a>
                </item>
                <item><a>12</a><a>§</a><a>§</a><a>PONCT</a><a>PONCT</a><a></a><a>10</a><a>ponct</a><a>10</a><a>ponct</a>
                </item>
            </p>
        </titre>
        <titre>
            <p type="titre">
                <item><a>1</a><a>Hollande</a><a>hollande</a><a>NC</a><a>NC</a><a>n=s</a><a>0</a><a>_</a><a>0</a><a>_</a>
                </item>
                <item><a>2</a><a>à</a><a>à</a><a>P</a><a>P</a><a></a><a>1</a><a>dep</a><a>1</a><a>dep</a></item>
                <item>
                    <a>3</a><a>Bagdad</a><a>Bagdad</a><a>NPP</a><a>NPP</a><a>n=s|g=m</a><a>2</a><a>prep</a><a>2</a><a>prep</a>
                </item>
                <item><a>4</a><a>et</a><a>et</a><a>CC</a><a>CC</a><a></a><a>1</a><a>coord</a><a>1</a><a>coord</a></item>
                <item><a>5</a><a>à</a><a>à</a><a>P</a><a>P</a><a></a><a>4</a><a>dep_coord</a><a>4</a><a>dep_coord</a>
                </item>
                <item><a>6</a><a>Erbil</a><a>_</a><a>NPP</a><a>NPP</a><a></a><a>5</a><a>prep</a><a>5</a><a>prep</a>
                </item>
                <item><a>7</a><a>pour</a><a>pour</a><a>P</a><a>P</a><a></a><a>1</a><a>dep</a><a>1</a><a>dep</a></item>
                <item>
                    <a>8</a><a>affirmer</a><a>affirmer</a><a>VINF</a><a>VINF</a><a>t=W</a><a>7</a><a>prep</a><a>7</a><a>prep</a>
                </item>
                <item><a>9</a><a>le</a><a>le</a><a>DET</a><a>DET</a><a>n=s|g=m</a><a>10</a><a>det</a><a>10</a><a>det</a>
                </item>
                <item>
                    <a>10</a><a>soutien</a><a>soutien</a><a>NC</a><a>NC</a><a>n=s|g=m</a><a>8</a><a>obj</a><a>8</a><a>obj</a>
                </item>
                <item><a>11</a><a>de</a><a>de</a><a>P</a><a>P</a><a></a><a>8</a><a>mod</a><a>8</a><a>mod</a></item>
                <item>
                    <a>12</a><a>la</a><a>la</a><a>DET</a><a>DET</a><a>n=s|g=f</a><a>13</a><a>det</a><a>13</a><a>det</a>
                </item>
                <item>
                    <a>13</a><a>France</a><a>France</a><a>NPP</a><a>NPP</a><a>n=s|g=f,m</a><a>11</a><a>prep</a><a>11</a><a>prep</a>
                </item>
                <item><a>14</a><a>à</a><a>à</a><a>P</a><a>P</a><a></a><a>8</a><a>mod</a><a>8</a><a>mod</a></item>
                <item><a>15</a><a>l'</a><a>le</a><a>DET</a><a>DET</a><a>n=s</a><a>16</a><a>det</a><a>16</a><a>det</a>
                </item>
                <item>
                    <a>16</a><a>Irak</a><a>Irak</a><a>NPP</a><a>NPP</a><a>n=s|g=m</a><a>14</a><a>prep</a><a>14</a><a>prep</a>
                </item>
                <item><a>17</a><a>.</a><a>.</a><a>PONCT</a><a>PONCT</a><a></a><a>16</a><a>ponct</a><a>16</a><a>ponct</a>
                </item>
                <item><a>18</a><a>§</a><a>§</a><a>PONCT</a><a>PONCT</a><a></a><a>16</a><a>ponct</a><a>16</a><a>ponct</a>
                </item>
            </p>
        </titre>
        <titre>
            <p type="titre">
                <item><a>1</a><a>Les</a><a>les</a><a>DET</a><a>DET</a><a>n=p</a><a>2</a><a>det</a><a>2</a><a>det</a>
                </item>
                <item>
                    <a>2</a><a>risques</a><a>risque</a><a>NC</a><a>NC</a><a>n=p|g=m</a><a>0</a><a>_</a><a>0</a><a>_</a>
                </item>
                <item><a>3</a><a>de</a><a>de</a><a>P</a><a>P</a><a></a><a>2</a><a>dep</a><a>2</a><a>dep</a></item>
                <item><a>4</a><a>la</a><a>la</a><a>DET</a><a>DET</a><a>n=s|g=f</a><a>5</a><a>det</a><a>5</a><a>det</a>
                </item>
                <item>
                    <a>5</a><a>société</a><a>société</a><a>NC</a><a>NC</a><a>n=s|g=f</a><a>3</a><a>prep</a><a>3</a><a>prep</a>
                </item>
                <item><a>6</a><a>"</a><a>"</a><a>PONCT</a><a>PONCT</a><a></a><a>5</a><a>ponct</a><a>5</a><a>ponct</a>
                </item>
                <item><a>7</a><a>post</a><a>_</a><a>ET</a><a>ET</a><a></a><a>5</a><a>dep</a><a>5</a><a>dep</a></item>
                <item><a>8</a><a>-</a><a>-</a><a>PONCT</a><a>PONCT</a><a></a><a>7</a><a>ponct</a><a>7</a><a>ponct</a>
                </item>
                <item>
                    <a>9</a><a>vérité</a><a>vérité</a><a>NC</a><a>NC</a><a>n=s|g=f</a><a>5</a><a>mod</a><a>5</a><a>mod</a>
                </item>
                <item><a>10</a><a>"</a><a>"</a><a>PONCT</a><a>PONCT</a><a></a><a>9</a><a>ponct</a><a>9</a><a>ponct</a>
                </item>
                <item><a>11</a><a>.</a><a>.</a><a>PONCT</a><a>PONCT</a><a></a><a>9</a><a>ponct</a><a>9</a><a>ponct</a>
                </item>
            </p>
            <p type="titre">
                <item><a>1</a><a>§</a><a>§</a><a>PONCT</a><a>PONCT</a><a></a><a>0</a><a>ponct</a><a>0</a><a>ponct</a>
                </item>
            </p>
        </titre>
        <titre>
            <p type="titre">
                <item><a>1</a><a>L'</a><a>le</a><a>DET</a><a>DET</a><a>n=s</a><a>3</a><a>det</a><a>3</a><a>det</a>
                </item>
                <item>
                    <a>2</a><a>ancien</a><a>ancien</a><a>ADJ</a><a>ADJ</a><a>n=s|g=m</a><a>3</a><a>mod</a><a>3</a><a>mod</a>
                </item>
                <item>
                    <a>3</a><a>skieur</a><a>skieur</a><a>NC</a><a>NC</a><a>n=s|g=m</a><a>15</a><a>suj</a><a>15</a><a>suj</a>
                </item>
                <item><a>4</a><a>Jean</a><a>Jean</a><a>NPP</a><a>NPP</a><a>n=s</a><a>3</a><a>mod</a><a>3</a><a>mod</a>
                </item>
                <item><a>5</a><a>Vuarnet</a><a>_</a><a>NPP</a><a>NPP</a><a></a><a>3</a><a>mod</a><a>3</a><a>mod</a>
                </item>
                <item><a>6</a><a>,</a><a>,</a><a>PONCT</a><a>PONCT</a><a></a><a>5</a><a>ponct</a><a>5</a><a>ponct</a>
                </item>
                <item>
                    <a>7</a><a>champion</a><a>champion</a><a>NC</a><a>NC</a><a>n=s|g=m</a><a>3</a><a>mod</a><a>3</a><a>mod</a>
                </item>
                <item>
                    <a>8</a><a>olympique</a><a>olympique</a><a>ADJ</a><a>ADJ</a><a>n=s</a><a>7</a><a>mod</a><a>7</a><a>mod</a>
                </item>
                <item><a>9</a><a>de</a><a>de</a><a>P</a><a>P</a><a></a><a>7</a><a>dep</a><a>7</a><a>dep</a></item>
                <item>
                    <a>10</a><a>descente</a><a>descente</a><a>NC</a><a>NC</a><a>n=s|g=f</a><a>9</a><a>prep</a><a>9</a><a>prep</a>
                </item>
                <item><a>11</a><a>en</a><a>en</a><a>P</a><a>P</a><a></a><a>10</a><a>dep</a><a>10</a><a>dep</a></item>
                <item><a>12</a><a>1960</a><a>1960</a><a>NC</a><a>NC</a><a></a><a>11</a><a>prep</a><a>11</a><a>prep</a>
                </item>
                <item><a>13</a><a>,</a><a>,</a><a>PONCT</a><a>PONCT</a><a></a><a>12</a><a>ponct</a><a>12</a><a>ponct</a>
                </item>
                <item>
                    <a>14</a><a>est</a><a>être</a><a>V</a><a>V</a><a>n=s|t=P|p=3</a><a>15</a><a>aux_tps</a><a>15</a><a>aux_tps</a>
                </item>
                <item>
                    <a>15</a><a>mort</a><a>mourir</a><a>VPP</a><a>VPP</a><a>n=s|g=m|t=K</a><a>0</a><a>root</a><a>0</a><a>root</a>
                </item>
                <item><a>16</a><a>.</a><a>.</a><a>PONCT</a><a>PONCT</a><a></a><a>15</a><a>ponct</a><a>15</a><a>ponct</a>
                </item>
                <item><a>17</a><a>§</a><a>§</a><a>PONCT</a><a>PONCT</a><a></a><a>15</a><a>ponct</a><a>15</a><a>ponct</a>
                </item>
            </p>
        </titre>
        <titre>
            <p type="titre">
                <item><a>1</a><a>Le</a><a>le</a><a>DET</a><a>DET</a><a>n=s|g=m</a><a>2</a><a>det</a><a>2</a><a>det</a>
                </item>
                <item><a>2</a><a>djihadiste</a><a>_</a><a>NC</a><a>NC</a><a></a><a>0</a><a>_</a><a>0</a><a>_</a></item>
                <item>
                    <a>3</a><a>français</a><a>français</a><a>ADJ</a><a>ADJ</a><a>g=m</a><a>2</a><a>mod</a><a>2</a><a>mod</a>
                </item>
                <item>
                    <a>4</a><a>Nicolas</a><a>Nicolas</a><a>NPP</a><a>NPP</a><a>n=s|g=m</a><a>2</a><a>mod</a><a>2</a><a>mod</a>
                </item>
                <item><a>5</a><a>Moreau</a><a>_</a><a>NPP</a><a>NPP</a><a></a><a>2</a><a>mod</a><a>2</a><a>mod</a>
                </item>
                <item>
                    <a>6</a><a>condamné</a><a>condamner</a><a>VPP</a><a>VPP</a><a>n=s|g=m|t=K</a><a>2</a><a>mod</a><a>2</a><a>mod</a>
                </item>
                <item><a>7</a><a>à</a><a>à</a><a>P</a><a>P</a><a></a><a>6</a><a>mod</a><a>6</a><a>mod</a></item>
                <item>
                    <a>8</a><a>dix</a><a>dix</a><a>DET</a><a>DET</a><a>s=card|n=p</a><a>9</a><a>det</a><a>9</a><a>det</a>
                </item>
                <item><a>9</a><a>ans</a><a>an</a><a>NC</a><a>NC</a><a>n=p|g=m</a><a>7</a><a>prep</a><a>7</a><a>prep</a>
                </item>
                <item><a>10</a><a>de</a><a>de</a><a>P</a><a>P</a><a></a><a>9</a><a>dep</a><a>9</a><a>dep</a></item>
                <item>
                    <a>11</a><a>prison</a><a>prison</a><a>NC</a><a>NC</a><a>n=s|g=f</a><a>10</a><a>prep</a><a>10</a><a>prep</a>
                </item>
                <item><a>12</a><a>.</a><a>.</a><a>PONCT</a><a>PONCT</a><a></a><a>11</a><a>ponct</a><a>11</a><a>ponct</a>
                </item>
                <item><a>13</a><a>§</a><a>§</a><a>PONCT</a><a>PONCT</a><a></a><a>11</a><a>ponct</a><a>11</a><a>ponct</a>
                </item>
            </p>
        </titre>
        <titre>
            <p type="titre">
                <item>
                    <a>1</a><a>Printemps</a><a>printemps</a><a>NC</a><a>NC</a><a>g=m</a><a>0</a><a>_</a><a>0</a><a>_</a>
                </item>
                <item><a>2</a><a>:</a><a>:</a><a>PONCT</a><a>PONCT</a><a></a><a>1</a><a>ponct</a><a>1</a><a>ponct</a>
                </item>
                <item><a>3</a><a>un</a><a>un</a><a>DET</a><a>DET</a><a>n=s|g=m</a><a>4</a><a>det</a><a>4</a><a>det</a>
                </item>
                <item><a>4</a><a>accord</a><a>accord</a><a>NC</a><a>NC</a><a>n=s|g=m</a><a>0</a><a>_</a><a>0</a><a>_</a>
                </item>
                <item><a>5</a><a>sur</a><a>sur</a><a>P</a><a>P</a><a></a><a>4</a><a>dep</a><a>4</a><a>dep</a></item>
                <item><a>6</a><a>le</a><a>le</a><a>DET</a><a>DET</a><a>n=s|g=m</a><a>7</a><a>det</a><a>7</a><a>det</a>
                </item>
                <item>
                    <a>7</a><a>travail</a><a>travail</a><a>NC</a><a>NC</a><a>n=s|g=m</a><a>5</a><a>prep</a><a>5</a><a>prep</a>
                </item>
                <item>
                    <a>8</a><a>dominical</a><a>dominical</a><a>ADJ</a><a>ADJ</a><a>n=s|g=m</a><a>7</a><a>mod</a><a>7</a><a>mod</a>
                </item>
                <item><a>9</a><a>finalement</a><a>_</a><a>ADV</a><a>ADV</a><a></a><a>10</a><a>mod</a><a>10</a><a>mod</a>
                </item>
                <item>
                    <a>10</a><a>conclu</a><a>conclure</a><a>VPP</a><a>VPP</a><a>n=s|g=m|t=K</a><a>7</a><a>mod</a><a>7</a><a>mod</a>
                </item>
                <item><a>11</a><a>.</a><a>.</a><a>PONCT</a><a>PONCT</a><a></a><a>10</a><a>ponct</a><a>10</a><a>ponct</a>
                </item>
                <item><a>12</a><a>§</a><a>§</a><a>PONCT</a><a>PONCT</a><a></a><a>10</a><a>ponct</a><a>10</a><a>ponct</a>
                </item>
            </p>
        </titre>
        <titre>
            <p type="titre">
                <item>
                    <a>1</a><a>Grippe</a><a>grippe</a><a>NC</a><a>NC</a><a>n=s|g=f</a><a>14</a><a>mod</a><a>14</a><a>mod</a>
                </item>
                <item>
                    <a>2</a><a>aviaire</a><a>aviaire</a><a>ADJ</a><a>ADJ</a><a>n=s</a><a>1</a><a>mod</a><a>1</a><a>mod</a>
                </item>
                <item><a>3</a><a>:</a><a>:</a><a>PONCT</a><a>PONCT</a><a></a><a>2</a><a>ponct</a><a>2</a><a>ponct</a>
                </item>
                <item><a>4</a><a>85</a><a>85</a><a>ADJ</a><a>ADJ</a><a></a><a>5</a><a>mod</a><a>5</a><a>mod</a></item>
                <item><a>5</a><a>cas</a><a>cas</a><a>NC</a><a>NC</a><a>g=m</a><a>1</a><a>mod</a><a>1</a><a>mod</a>
                </item>
                <item>
                    <a>6</a><a>recensés</a><a>recenser</a><a>VPP</a><a>VPP</a><a>n=p|g=m|t=K</a><a>5</a><a>mod</a><a>5</a><a>mod</a>
                </item>
                <item><a>7</a><a>dans</a><a>dans</a><a>P</a><a>P</a><a></a><a>6</a><a>mod</a><a>6</a><a>mod</a></item>
                <item><a>8</a><a>les</a><a>les</a><a>DET</a><a>DET</a><a>n=p</a><a>9</a><a>det</a><a>9</a><a>det</a>
                </item>
                <item>
                    <a>9</a><a>élevages</a><a>élevage</a><a>NC</a><a>NC</a><a>n=p|g=m</a><a>7</a><a>prep</a><a>7</a><a>prep</a>
                </item>
                <item><a>10</a><a>,</a><a>,</a><a>PONCT</a><a>PONCT</a><a></a><a>9</a><a>ponct</a><a>9</a><a>ponct</a>
                </item>
                <item>
                    <a>11</a><a>le</a><a>le</a><a>DET</a><a>DET</a><a>n=s|g=m</a><a>12</a><a>det</a><a>12</a><a>det</a>
                </item>
                <item>
                    <a>12</a><a>Gers</a><a>Gers</a><a>NPP</a><a>NPP</a><a>n=s|g=m</a><a>14</a><a>suj</a><a>14</a><a>suj</a>
                </item>
                <item><a>13</a><a>très</a><a>très</a><a>ADV</a><a>ADV</a><a></a><a>14</a><a>mod</a><a>14</a><a>mod</a>
                </item>
                <item>
                    <a>14</a><a>touché</a><a>toucher</a><a>VPP</a><a>VPP</a><a>n=s|g=m|t=K</a><a>0</a><a>root</a><a>0</a><a>root</a>
                </item>
                <item><a>15</a><a>.</a><a>.</a><a>PONCT</a><a>PONCT</a><a></a><a>14</a><a>ponct</a><a>14</a><a>ponct</a>
                </item>
                <item><a>16</a><a>§</a><a>§</a><a>PONCT</a><a>PONCT</a><a></a><a>14</a><a>ponct</a><a>14</a><a>ponct</a>
                </item>
            </p>
        </titre>
        <titre>
            <p type="titre">
                <item><a>1</a><a>En</a><a>en</a><a>P</a><a>P</a><a></a><a>5</a><a>mod</a><a>5</a><a>mod</a></item>
                <item>
                    <a>2</a><a>Israël</a><a>Israël</a><a>NPP</a><a>NPP</a><a>n=s|g=m</a><a>1</a><a>prep</a><a>1</a><a>prep</a>
                </item>
                <item><a>3</a><a>,</a><a>,</a><a>PONCT</a><a>PONCT</a><a></a><a>2</a><a>ponct</a><a>2</a><a>ponct</a>
                </item>
                <item><a>4</a><a>Nétanyahou</a><a>_</a><a>NPP</a><a>NPP</a><a></a><a>2</a><a>mod</a><a>2</a><a>mod</a>
                </item>
                <item>
                    <a>5</a><a>fait</a><a>faire</a><a>V</a><a>V</a><a>n=s|t=P|p=3</a><a>0</a><a>root</a><a>0</a><a>root</a>
                </item>
                <item><a>6</a><a>l'</a><a>le</a><a>DET</a><a>DET</a><a>n=s</a><a>7</a><a>det</a><a>7</a><a>det</a>
                </item>
                <item>
                    <a>7</a><a>objet</a><a>objet</a><a>NC</a><a>NC</a><a>n=s|g=m</a><a>5</a><a>obj</a><a>5</a><a>obj</a>
                </item>
                <item><a>8</a><a>d'</a><a>de</a><a>P</a><a>P</a><a></a><a>5</a><a>mod</a><a>5</a><a>mod</a></item>
                <item>
                    <a>9</a><a>une</a><a>une</a><a>DET</a><a>DET</a><a>n=s|g=f</a><a>10</a><a>det</a><a>10</a><a>det</a>
                </item>
                <item>
                    <a>10</a><a>enquête</a><a>enquête</a><a>NC</a><a>NC</a><a>n=s|g=f</a><a>8</a><a>prep</a><a>8</a><a>prep</a>
                </item>
                <item><a>11</a><a>pour</a><a>pour</a><a>P</a><a>P</a><a></a><a>5</a><a>mod</a><a>5</a><a>mod</a></item>
                <item>
                    <a>12</a><a>corruption</a><a>corruption</a><a>NC</a><a>NC</a><a>n=s|g=f</a><a>11</a><a>prep</a><a>11</a><a>prep</a>
                </item>
                <item><a>13</a><a>.</a><a>.</a><a>PONCT</a><a>PONCT</a><a></a><a>12</a><a>ponct</a><a>12</a><a>ponct</a>
                </item>
                <item><a>14</a><a>§</a><a>§</a><a>PONCT</a><a>PONCT</a><a></a><a>12</a><a>ponct</a><a>12</a><a>ponct</a>
                </item>
            </p>
        </titre>
        <titre>
            <p type="titre">
                <item><a>1</a><a>Derrière</a><a>derrière</a><a>P</a><a>P</a><a></a><a>0</a><a>_</a><a>0</a><a>_</a>
                </item>
                <item><a>2</a><a>les</a><a>les</a><a>DET</a><a>DET</a><a>n=p</a><a>4</a><a>det</a><a>4</a><a>det</a>
                </item>
                <item><a>3</a><a>2</a><a>2</a><a>ADJ</a><a>ADJ</a><a></a><a>4</a><a>mod</a><a>4</a><a>mod</a></item>
                <item>
                    <a>4</a><a>millions</a><a>million</a><a>NC</a><a>NC</a><a>n=p</a><a>1</a><a>prep</a><a>1</a><a>prep</a>
                </item>
                <item><a>5</a><a>de</a><a>de</a><a>P</a><a>P</a><a></a><a>4</a><a>dep</a><a>4</a><a>dep</a></item>
                <item>
                    <a>6</a><a>voitures</a><a>voiture</a><a>NC</a><a>NC</a><a>n=p|g=f</a><a>5</a><a>prep</a><a>5</a><a>prep</a>
                </item>
                <item>
                    <a>7</a><a>neuves</a><a>neuf</a><a>ADJ</a><a>ADJ</a><a>n=p|g=f</a><a>6</a><a>mod</a><a>6</a><a>mod</a>
                </item>
                <item><a>8</a><a>,</a><a>,</a><a>PONCT</a><a>PONCT</a><a></a><a>7</a><a>ponct</a><a>7</a><a>ponct</a>
                </item>
                <item><a>9</a><a>un</a><a>un</a><a>DET</a><a>DET</a><a>n=s|g=m</a><a>10</a><a>det</a><a>10</a><a>det</a>
                </item>
                <item><a>10</a><a>parc</a><a>parc</a><a>NC</a><a>NC</a><a>n=s|g=m</a><a>0</a><a>_</a><a>0</a><a>_</a>
                </item>
                <item>
                    <a>11</a><a>automobile</a><a>automobile</a><a>ADJ</a><a>ADJ</a><a>n=s</a><a>10</a><a>mod</a><a>10</a><a>mod</a>
                </item>
                <item>
                    <a>12</a><a>français</a><a>français</a><a>ADJ</a><a>ADJ</a><a>g=m</a><a>10</a><a>mod</a><a>10</a><a>mod</a>
                </item>
                <item>
                    <a>13</a><a>vieillissant</a><a>vieillissant</a><a>ADJ</a><a>ADJ</a><a>n=s|g=m</a><a>10</a><a>mod</a><a>10</a><a>mod</a>
                </item>
                <item><a>14</a><a>.</a><a>.</a><a>PONCT</a><a>PONCT</a><a></a><a>13</a><a>ponct</a><a>13</a><a>ponct</a>
                </item>
                <item><a>15</a><a>§</a><a>§</a><a>PONCT</a><a>PONCT</a><a></a><a>13</a><a>ponct</a><a>13</a><a>ponct</a>
                </item>
            </p>
        </titre>
        <titre>
            <p type="titre">
                <item><a>1</a><a>Le</a><a>le</a><a>DET</a><a>DET</a><a>n=s|g=m</a><a>2</a><a>det</a><a>2</a><a>det</a>
                </item>
                <item>
                    <a>2</a><a>projet</a><a>projet</a><a>NC</a><a>NC</a><a>n=s|g=m</a><a>9</a><a>suj</a><a>9</a><a>suj</a>
                </item>
                <item><a>3</a><a>de</a><a>de</a><a>P</a><a>P</a><a></a><a>2</a><a>dep</a><a>2</a><a>dep</a></item>
                <item>
                    <a>4</a><a>contrôler</a><a>contrôler</a><a>VINF</a><a>VINF</a><a>t=W</a><a>3</a><a>prep</a><a>3</a><a>prep</a>
                </item>
                <item><a>5</a><a>l'</a><a>le</a><a>DET</a><a>DET</a><a>n=s</a><a>6</a><a>det</a><a>6</a><a>det</a>
                </item>
                <item>
                    <a>6</a><a>identité</a><a>identité</a><a>NC</a><a>NC</a><a>n=s|g=f</a><a>4</a><a>obj</a><a>4</a><a>obj</a>
                </item>
                <item><a>7</a><a>des</a><a>de</a><a>P+D</a><a>P+D</a><a>n=p</a><a>6</a><a>dep</a><a>6</a><a>dep</a>
                </item>
                <item>
                    <a>8</a><a>électeurs</a><a>électeur</a><a>NC</a><a>NC</a><a>n=p|g=m</a><a>7</a><a>prep</a><a>7</a><a>prep</a>
                </item>
                <item>
                    <a>9</a><a>fait</a><a>faire</a><a>V</a><a>V</a><a>n=s|t=P|p=3</a><a>0</a><a>root</a><a>0</a><a>root</a>
                </item>
                <item>
                    <a>10</a><a>débat</a><a>débat</a><a>NC</a><a>NC</a><a>n=s|g=m</a><a>9</a><a>obj</a><a>9</a><a>obj</a>
                </item>
                <item><a>11</a><a>au</a><a>à</a><a>P+D</a><a>P+D</a><a>n=s|g=m</a><a>9</a><a>mod</a><a>9</a><a>mod</a>
                </item>
                <item><a>12</a><a>Royaume</a><a>_</a><a>NPP</a><a>NPP</a><a></a><a>11</a><a>prep</a><a>11</a><a>prep</a>
                </item>
                <item><a>13</a><a>-</a><a>-</a><a>PONCT</a><a>PONCT</a><a></a><a>12</a><a>ponct</a><a>12</a><a>ponct</a>
                </item>
                <item>
                    <a>14</a><a>Uni</a><a>unir</a><a>VPP</a><a>VPP</a><a>n=s|g=m|t=K</a><a>9</a><a>mod</a><a>9</a><a>mod</a>
                </item>
                <item><a>15</a><a>.</a><a>.</a><a>PONCT</a><a>PONCT</a><a></a><a>14</a><a>ponct</a><a>14</a><a>ponct</a>
                </item>
                <item><a>16</a><a>§</a><a>§</a><a>PONCT</a><a>PONCT</a><a></a><a>14</a><a>ponct</a><a>14</a><a>ponct</a>
                </item>
            </p>
        </titre>
        <titre>
            <p type="titre">
                <item><a>1</a><a>"</a><a>"</a><a>PONCT</a><a>PONCT</a><a></a><a>0</a><a>ponct</a><a>0</a><a>ponct</a>
                </item>
                <item><a>2</a><a>C'</a><a>ce</a><a>CLS</a><a>CLS</a><a></a><a>3</a><a>suj</a><a>3</a><a>suj</a></item>
                <item>
                    <a>3</a><a>est</a><a>être</a><a>V</a><a>V</a><a>n=s|t=P|p=3</a><a>0</a><a>root</a><a>0</a><a>root</a>
                </item>
                <item><a>4</a><a>quoi</a><a>quoi</a><a>PROWH</a><a>PROWH</a><a></a><a>3</a><a>ats</a><a>3</a><a>ats</a>
                </item>
                <item><a>5</a><a>,</a><a>,</a><a>PONCT</a><a>PONCT</a><a></a><a>4</a><a>ponct</a><a>4</a><a>ponct</a>
                </item>
                <item><a>6</a><a>être</a><a>être</a><a>VINF</a><a>VINF</a><a>t=W</a><a>3</a><a>obj</a><a>3</a><a>obj</a>
                </item>
                <item><a>7</a><a>un</a><a>un</a><a>DET</a><a>DET</a><a>n=s|g=m</a><a>9</a><a>det</a><a>9</a><a>det</a>
                </item>
                <item><a>8</a><a>jeune</a><a>jeune</a><a>ADJ</a><a>ADJ</a><a>n=s</a><a>9</a><a>mod</a><a>9</a><a>mod</a>
                </item>
                <item>
                    <a>9</a><a>artiste</a><a>artiste</a><a>NC</a><a>NC</a><a>n=s</a><a>6</a><a>obj</a><a>6</a><a>obj</a>
                </item>
                <item><a>10</a><a>en</a><a>en</a><a>P</a><a>P</a><a></a><a>6</a><a>mod</a><a>6</a><a>mod</a></item>
                <item><a>11</a><a>2017</a><a>2017</a><a>NC</a><a>NC</a><a></a><a>10</a><a>prep</a><a>10</a><a>prep</a>
                </item>
                <item><a>12</a><a>?</a><a>?</a><a>PONCT</a><a>PONCT</a><a></a><a>11</a><a>ponct</a><a>11</a><a>ponct</a>
                </item>
            </p>
            <p type="titre">
                <item><a>1</a><a>"</a><a>"</a><a>PONCT</a><a>PONCT</a><a></a><a>0</a><a>ponct</a><a>0</a><a>ponct</a>
                </item>
                <item><a>2</a><a>.</a><a>.</a><a>PONCT</a><a>PONCT</a><a></a><a>0</a><a>ponct</a><a>0</a><a>ponct</a>
                </item>
            </p>
            <p type="titre">
                <item><a>1</a><a>§</a><a>§</a><a>PONCT</a><a>PONCT</a><a></a><a>0</a><a>ponct</a><a>0</a><a>ponct</a>
                </item>
            </p>
        </titre>
        <titre>
            <p type="titre">
                <item>
                    <a>1</a><a>Pourquoi</a><a>pourquoi</a><a>ADVWH</a><a>ADVWH</a><a></a><a>4</a><a>mod</a><a>4</a><a>mod</a>
                </item>
                <item><a>2</a><a>les</a><a>les</a><a>DET</a><a>DET</a><a>n=p</a><a>3</a><a>det</a><a>3</a><a>det</a>
                </item>
                <item><a>3</a><a>élèves</a><a>élève</a><a>NC</a><a>NC</a><a>n=p</a><a>4</a><a>suj</a><a>4</a><a>suj</a>
                </item>
                <item>
                    <a>4</a><a>reprennent</a><a>reprendre</a><a>V</a><a>V</a><a>n=p|t=P,S|p=3</a><a>0</a><a>root</a><a>0</a><a>root</a>
                </item>
                <item>
                    <a>5</a><a>-ils</a><a>ils</a><a>CLS</a><a>CLS</a><a>n=p|g=m|p=3</a><a>4</a><a>suj</a><a>4</a><a>suj</a>
                </item>
                <item><a>6</a><a>les</a><a>les</a><a>DET</a><a>DET</a><a>n=p</a><a>7</a><a>det</a><a>7</a><a>det</a>
                </item>
                <item>
                    <a>7</a><a>cours</a><a>cour</a><a>NC</a><a>NC</a><a>n=p|g=f</a><a>4</a><a>obj</a><a>4</a><a>obj</a>
                </item>
                <item>
                    <a>8</a><a>mardi</a><a>mardi</a><a>NC</a><a>NC</a><a>n=s|g=m</a><a>4</a><a>mod</a><a>4</a><a>mod</a>
                </item>
                <item><a>9</a><a>3</a><a>3</a><a>ADJ</a><a>ADJ</a><a></a><a>8</a><a>mod</a><a>8</a><a>mod</a></item>
                <item>
                    <a>10</a><a>janvier</a><a>janvier</a><a>NC</a><a>NC</a><a>n=s|g=m</a><a>8</a><a>mod</a><a>8</a><a>mod</a>
                </item>
                <item><a>11</a><a>?</a><a>?</a><a>PONCT</a><a>PONCT</a><a></a><a>10</a><a>ponct</a><a>10</a><a>ponct</a>
                </item>
                <item><a>12</a><a>§</a><a>§</a><a>PONCT</a><a>PONCT</a><a></a><a>10</a><a>ponct</a><a>10</a><a>ponct</a>
                </item>
            </p>
        </titre>
        <titre>
            <p type="titre">
                <item><a>1</a><a>Mort</a><a>mort</a><a>NC</a><a>NC</a><a>n=s|g=f,m</a><a>0</a><a>_</a><a>0</a><a>_</a>
                </item>
                <item><a>2</a><a>de</a><a>de</a><a>P</a><a>P</a><a></a><a>1</a><a>dep</a><a>1</a><a>dep</a></item>
                <item>
                    <a>3</a><a>François</a><a>François</a><a>NPP</a><a>NPP</a><a>n=s|g=m</a><a>2</a><a>prep</a><a>2</a><a>prep</a>
                </item>
                <item><a>4</a><a>Chérèque</a><a>_</a><a>NPP</a><a>NPP</a><a></a><a>3</a><a>mod</a><a>3</a><a>mod</a>
                </item>
                <item><a>5</a><a>,</a><a>,</a><a>PONCT</a><a>PONCT</a><a></a><a>4</a><a>ponct</a><a>4</a><a>ponct</a>
                </item>
                <item>
                    <a>6</a><a>ancien</a><a>ancien</a><a>ADJ</a><a>ADJ</a><a>n=s|g=m</a><a>7</a><a>mod</a><a>7</a><a>mod</a>
                </item>
                <item>
                    <a>7</a><a>secrétaire</a><a>secrétaire</a><a>NC</a><a>NC</a><a>n=s</a><a>3</a><a>mod</a><a>3</a><a>mod</a>
                </item>
                <item>
                    <a>8</a><a>général</a><a>général</a><a>ADJ</a><a>ADJ</a><a>n=s|g=m</a><a>7</a><a>mod</a><a>7</a><a>mod</a>
                </item>
                <item><a>9</a><a>de</a><a>de</a><a>P</a><a>P</a><a></a><a>7</a><a>dep</a><a>7</a><a>dep</a></item>
                <item>
                    <a>10</a><a>la</a><a>la</a><a>DET</a><a>DET</a><a>n=s|g=f</a><a>11</a><a>det</a><a>11</a><a>det</a>
                </item>
                <item>
                    <a>11</a><a>CFDT</a><a>CFDT</a><a>NPP</a><a>NPP</a><a>n=s|g=f</a><a>9</a><a>prep</a><a>9</a><a>prep</a>
                </item>
                <item><a>12</a><a>.</a><a>.</a><a>PONCT</a><a>PONCT</a><a></a><a>11</a><a>ponct</a><a>11</a><a>ponct</a>
                </item>
                <item><a>13</a><a>§</a><a>§</a><a>PONCT</a><a>PONCT</a><a></a><a>11</a><a>ponct</a><a>11</a><a>ponct</a>
                </item>
            </p>
        </titre>
        <titre>
            <p type="titre">
                <item><a>1</a><a>Noël</a><a>noël</a><a>NC</a><a>NC</a><a>n=s|g=m</a><a>0</a><a>_</a><a>0</a><a>_</a>
                </item>
                <item><a>2</a><a>à</a><a>à</a><a>P</a><a>P</a><a></a><a>1</a><a>dep</a><a>1</a><a>dep</a></item>
                <item><a>3</a><a>la</a><a>la</a><a>DET</a><a>DET</a><a>n=s|g=f</a><a>4</a><a>det</a><a>4</a><a>det</a>
                </item>
                <item><a>4</a><a>Trump</a><a>_</a><a>NPP</a><a>NPP</a><a></a><a>2</a><a>prep</a><a>2</a><a>prep</a>
                </item>
                <item><a>5</a><a>Tower</a><a>_</a><a>NPP</a><a>NPP</a><a></a><a>4</a><a>mod</a><a>4</a><a>mod</a></item>
                <item><a>6</a><a>,</a><a>,</a><a>PONCT</a><a>PONCT</a><a></a><a>5</a><a>ponct</a><a>5</a><a>ponct</a>
                </item>
                <item><a>7</a><a>dans</a><a>dans</a><a>P</a><a>P</a><a></a><a>1</a><a>dep</a><a>1</a><a>dep</a></item>
                <item><a>8</a><a>l'</a><a>le</a><a>DET</a><a>DET</a><a>n=s</a><a>9</a><a>det</a><a>9</a><a>det</a>
                </item>
                <item>
                    <a>9</a><a>antre</a><a>antre</a><a>NC</a><a>NC</a><a>n=s|g=m</a><a>7</a><a>prep</a><a>7</a><a>prep</a>
                </item>
                <item><a>10</a><a>de</a><a>de</a><a>P</a><a>P</a><a></a><a>1</a><a>dep</a><a>1</a><a>dep</a></item>
                <item><a>11</a><a>l'</a><a>le</a><a>DET</a><a>DET</a><a>n=s</a><a>12</a><a>det</a><a>12</a><a>det</a>
                </item>
                <item>
                    <a>12</a><a>homme</a><a>homme</a><a>NC</a><a>NC</a><a>n=s|g=m</a><a>10</a><a>prep</a><a>10</a><a>prep</a>
                </item>
                <item>
                    <a>13</a><a>le</a><a>le</a><a>DET</a><a>DET</a><a>n=s|g=m</a><a>15</a><a>det</a><a>15</a><a>det</a>
                </item>
                <item><a>14</a><a>plus</a><a>plus</a><a>ADV</a><a>ADV</a><a></a><a>15</a><a>mod</a><a>15</a><a>mod</a>
                </item>
                <item>
                    <a>15</a><a>puissant</a><a>puissant</a><a>ADJ</a><a>ADJ</a><a>n=s|g=m</a><a>1</a><a>mod</a><a>1</a><a>mod</a>
                </item>
                <item><a>16</a><a>du</a><a>de</a><a>P+D</a><a>P+D</a><a>n=s|g=m</a><a>1</a><a>dep</a><a>1</a><a>dep</a>
                </item>
                <item>
                    <a>17</a><a>monde</a><a>monde</a><a>NC</a><a>NC</a><a>n=s|g=m</a><a>16</a><a>prep</a><a>16</a><a>prep</a>
                </item>
                <item><a>18</a><a>.</a><a>.</a><a>PONCT</a><a>PONCT</a><a></a><a>17</a><a>ponct</a><a>17</a><a>ponct</a>
                </item>
                <item><a>19</a><a>§</a><a>§</a><a>PONCT</a><a>PONCT</a><a></a><a>17</a><a>ponct</a><a>17</a><a>ponct</a>
                </item>
            </p>
        </titre>
        <titre>
            <p type="titre">
                <item><a>1</a><a>Nouvel</a><a>_</a><a>ADJ</a><a>ADJ</a><a></a><a>2</a><a>mod</a><a>2</a><a>mod</a>
                </item>
                <item><a>2</a><a>An</a><a>An</a><a>NPP</a><a>NPP</a><a>n=s</a><a>6</a><a>mod</a><a>6</a><a>mod</a>
                </item>
                <item><a>3</a><a>:</a><a>:</a><a>PONCT</a><a>PONCT</a><a></a><a>2</a><a>ponct</a><a>2</a><a>ponct</a>
                </item>
                <item><a>4</a><a>Le</a><a>le</a><a>DET</a><a>DET</a><a>n=s|g=m</a><a>5</a><a>det</a><a>5</a><a>det</a>
                </item>
                <item><a>5</a><a>Roux</a><a>_</a><a>NPP</a><a>NPP</a><a></a><a>6</a><a>suj</a><a>6</a><a>suj</a></item>
                <item>
                    <a>6</a><a>minimise</a><a>minimiser</a><a>V</a><a>V</a><a>n=s|t=P,S|p=1,3</a><a>0</a><a>root</a><a>0</a><a>root</a>
                </item>
                <item><a>7</a><a>la</a><a>la</a><a>DET</a><a>DET</a><a>n=s|g=f</a><a>8</a><a>det</a><a>8</a><a>det</a>
                </item>
                <item>
                    <a>8</a><a>hausse</a><a>hausse</a><a>NC</a><a>NC</a><a>n=s|g=f</a><a>6</a><a>obj</a><a>6</a><a>obj</a>
                </item>
                <item><a>9</a><a>des</a><a>de</a><a>P+D</a><a>P+D</a><a>n=p</a><a>8</a><a>dep</a><a>8</a><a>dep</a>
                </item>
                <item>
                    <a>10</a><a>voitures</a><a>voiture</a><a>NC</a><a>NC</a><a>n=p|g=f</a><a>9</a><a>prep</a><a>9</a><a>prep</a>
                </item>
                <item>
                    <a>11</a><a>brûlées</a><a>brûler</a><a>VPP</a><a>VPP</a><a>n=p|g=f|t=K</a><a>10</a><a>mod</a><a>10</a><a>mod</a>
                </item>
                <item><a>12</a><a>.</a><a>.</a><a>PONCT</a><a>PONCT</a><a></a><a>11</a><a>ponct</a><a>11</a><a>ponct</a>
                </item>
                <item><a>13</a><a>§</a><a>§</a><a>PONCT</a><a>PONCT</a><a></a><a>11</a><a>ponct</a><a>11</a><a>ponct</a>
                </item>
            </p>
        </titre>
        <titre>
            <p type="titre">
                <item><a>1</a><a>Les</a><a>les</a><a>DET</a><a>DET</a><a>n=p</a><a>2</a><a>det</a><a>2</a><a>det</a>
                </item>
                <item><a>2</a><a>défis</a><a>défi</a><a>NC</a><a>NC</a><a>n=p|g=m</a><a>0</a><a>_</a><a>0</a><a>_</a>
                </item>
                <item>
                    <a>3</a><a>économiques</a><a>économique</a><a>ADJ</a><a>ADJ</a><a>n=p</a><a>2</a><a>mod</a><a>2</a><a>mod</a>
                </item>
                <item>
                    <a>4</a><a>qui</a><a>qui</a><a>PROREL</a><a>PROREL</a><a>n=s</a><a>5</a><a>suj</a><a>5</a><a>suj</a>
                </item>
                <item>
                    <a>5</a><a>attendent</a><a>attendre</a><a>V</a><a>V</a><a>n=p|t=P,S|p=3</a><a>2</a><a>mod_rel</a><a>2</a><a>mod_rel</a>
                </item>
                <item><a>6</a><a>la</a><a>la</a><a>DET</a><a>DET</a><a>n=s|g=f</a><a>7</a><a>det</a><a>7</a><a>det</a>
                </item>
                <item><a>7</a><a>zone</a><a>zone</a><a>NC</a><a>NC</a><a>n=s|g=f</a><a>5</a><a>obj</a><a>5</a><a>obj</a>
                </item>
                <item><a>8</a><a>euro</a><a>euro</a><a>NC</a><a>NC</a><a>n=s|g=m</a><a>7</a><a>mod</a><a>7</a><a>mod</a>
                </item>
                <item><a>9</a><a>en</a><a>en</a><a>P</a><a>P</a><a></a><a>5</a><a>mod</a><a>5</a><a>mod</a></item>
                <item><a>10</a><a>2017</a><a>2017</a><a>NC</a><a>NC</a><a></a><a>9</a><a>prep</a><a>9</a><a>prep</a>
                </item>
                <item><a>11</a><a>.</a><a>.</a><a>PONCT</a><a>PONCT</a><a></a><a>10</a><a>ponct</a><a>10</a><a>ponct</a>
                </item>
                <item><a>12</a><a>§</a><a>§</a><a>PONCT</a><a>PONCT</a><a></a><a>10</a><a>ponct</a><a>10</a><a>ponct</a>
                </item>
            </p>
        </titre>
        <titre>
            <p type="titre">
                <item><a>1</a><a>Brésil</a><a>brésil</a><a>NC</a><a>NC</a><a>n=s|g=m</a><a>0</a><a>_</a><a>0</a><a>_</a>
                </item>
                <item><a>2</a><a>:</a><a>:</a><a>PONCT</a><a>PONCT</a><a></a><a>1</a><a>ponct</a><a>1</a><a>ponct</a>
                </item>
                <item><a>3</a><a>au</a><a>à</a><a>P+D</a><a>P+D</a><a>n=s|g=m</a><a>1</a><a>dep</a><a>1</a><a>dep</a>
                </item>
                <item><a>4</a><a>moins</a><a>moins</a><a>ADV</a><a>ADV</a><a></a><a>5</a><a>mod</a><a>5</a><a>mod</a>
                </item>
                <item><a>5</a><a>50</a><a>50</a><a>ADJ</a><a>ADJ</a><a></a><a>6</a><a>mod</a><a>6</a><a>mod</a></item>
                <item>
                    <a>6</a><a>morts</a><a>mort</a><a>NC</a><a>NC</a><a>n=p|g=f,m</a><a>3</a><a>prep</a><a>3</a><a>prep</a>
                </item>
                <item><a>7</a><a>lors</a><a>lors</a><a>ADV</a><a>ADV</a><a></a><a>8</a><a>mod</a><a>8</a><a>mod</a>
                </item>
                <item><a>8</a><a>d'</a><a>de</a><a>P</a><a>P</a><a></a><a>1</a><a>dep</a><a>1</a><a>dep</a></item>
                <item>
                    <a>9</a><a>une</a><a>une</a><a>DET</a><a>DET</a><a>n=s|g=f</a><a>10</a><a>det</a><a>10</a><a>det</a>
                </item>
                <item>
                    <a>10</a><a>mutinerie</a><a>mutinerie</a><a>NC</a><a>NC</a><a>n=s|g=f</a><a>8</a><a>prep</a><a>8</a><a>prep</a>
                </item>
                <item><a>11</a><a>dans</a><a>dans</a><a>P</a><a>P</a><a></a><a>1</a><a>dep</a><a>1</a><a>dep</a></item>
                <item>
                    <a>12</a><a>une</a><a>une</a><a>DET</a><a>DET</a><a>n=s|g=f</a><a>13</a><a>det</a><a>13</a><a>det</a>
                </item>
                <item>
                    <a>13</a><a>prison</a><a>prison</a><a>NC</a><a>NC</a><a>n=s|g=f</a><a>11</a><a>prep</a><a>11</a><a>prep</a>
                </item>
                <item><a>14</a><a>de</a><a>de</a><a>P</a><a>P</a><a></a><a>1</a><a>dep</a><a>1</a><a>dep</a></item>
                <item><a>15</a><a>Manaus</a><a>_</a><a>NPP</a><a>NPP</a><a></a><a>14</a><a>prep</a><a>14</a><a>prep</a>
                </item>
                <item><a>16</a><a>.</a><a>.</a><a>PONCT</a><a>PONCT</a><a></a><a>15</a><a>ponct</a><a>15</a><a>ponct</a>
                </item>
                <item><a>17</a><a>§</a><a>§</a><a>PONCT</a><a>PONCT</a><a></a><a>15</a><a>ponct</a><a>15</a><a>ponct</a>
                </item>
            </p>
        </titre>
    </file>
    <file type="description" name="2017/01/02/19-00-00/0,2-3208,1-0,0.xml">
        <description>
            <p type="description">
                <item><a>1</a><a>L'</a><a>le</a><a>DET</a><a>DET</a><a>n=s</a><a>2</a><a>det</a><a>2</a><a>det</a>
                </item>
                <item>
                    <a>2</a><a>attaque</a><a>attaque</a><a>NC</a><a>NC</a><a>n=s|g=f</a><a>21</a><a>suj</a><a>21</a><a>suj</a>
                </item>
                <item><a>3</a><a>du</a><a>de</a><a>P+D</a><a>P+D</a><a>n=s|g=m</a><a>2</a><a>dep</a><a>2</a><a>dep</a>
                </item>
                <item>
                    <a>4</a><a>club</a><a>club</a><a>NC</a><a>NC</a><a>n=s|g=m</a><a>3</a><a>prep</a><a>3</a><a>prep</a>
                </item>
                <item>
                    <a>5</a><a>privé</a><a>priver</a><a>ADJ</a><a>ADJ</a><a>n=s|g=m|t=K</a><a>4</a><a>mod</a><a>4</a><a>mod</a>
                </item>
                <item>
                    <a>6</a><a>Reina</a><a>Reina</a><a>NPP</a><a>NPP</a><a>n=s|g=f</a><a>4</a><a>mod</a><a>4</a><a>mod</a>
                </item>
                <item><a>7</a><a>,</a><a>,</a><a>PONCT</a><a>PONCT</a><a></a><a>6</a><a>ponct</a><a>6</a><a>ponct</a>
                </item>
                <item>
                    <a>8</a><a>qui</a><a>qui</a><a>PROREL</a><a>PROREL</a><a>n=s</a><a>10</a><a>suj</a><a>10</a><a>suj</a>
                </item>
                <item>
                    <a>9</a><a>a</a><a>avoir</a><a>V</a><a>V</a><a>n=s|t=P|p=3</a><a>10</a><a>aux_tps</a><a>10</a><a>aux_tps</a>
                </item>
                <item>
                    <a>10</a><a>fait</a><a>faire</a><a>VPP</a><a>VPP</a><a>n=s|g=m|t=K</a><a>2</a><a>mod_rel</a><a>2</a><a>mod_rel</a>
                </item>
                <item><a>11</a><a>39</a><a>39</a><a>ADJ</a><a>ADJ</a><a></a><a>12</a><a>mod</a><a>12</a><a>mod</a>
                </item>
                <item>
                    <a>12</a><a>morts</a><a>mort</a><a>NC</a><a>NC</a><a>n=p|g=f,m</a><a>10</a><a>obj</a><a>10</a><a>obj</a>
                </item>
                <item><a>13</a><a>et</a><a>et</a><a>CC</a><a>CC</a><a></a><a>10</a><a>coord</a><a>10</a><a>coord</a>
                </item>
                <item><a>14</a><a>65</a><a>65</a><a>ADJ</a><a>ADJ</a><a></a><a>15</a><a>mod</a><a>15</a><a>mod</a>
                </item>
                <item>
                    <a>15</a><a>blessés</a><a>blesser</a><a>VPP</a><a>VPP</a><a>n=p|g=m|t=K</a><a>13</a><a>dep_coord</a><a>13</a><a>dep_coord</a>
                </item>
                <item>
                    <a>16</a><a>la</a><a>la</a><a>DET</a><a>DET</a><a>n=s|g=f</a><a>17</a><a>det</a><a>17</a><a>det</a>
                </item>
                <item>
                    <a>17</a><a>nuit</a><a>nuit</a><a>NC</a><a>NC</a><a>n=s|g=f</a><a>15</a><a>mod</a><a>15</a><a>mod</a>
                </item>
                <item>
                    <a>18</a><a>du</a><a>de</a><a>P+D</a><a>P+D</a><a>n=s|g=m</a><a>17</a><a>dep</a><a>17</a><a>dep</a>
                </item>
                <item>
                    <a>19</a><a>réveillon</a><a>réveillon</a><a>NC</a><a>NC</a><a>n=s|g=m</a><a>18</a><a>prep</a><a>18</a><a>prep</a>
                </item>
                <item><a>20</a><a>,</a><a>,</a><a>PONCT</a><a>PONCT</a><a></a><a>19</a><a>ponct</a><a>19</a><a>ponct</a>
                </item>
                <item>
                    <a>21</a><a>est</a><a>être</a><a>V</a><a>V</a><a>n=s|t=P|p=3</a><a>0</a><a>root</a><a>0</a><a>root</a>
                </item>
                <item>
                    <a>22</a><a>la</a><a>la</a><a>DET</a><a>DET</a><a>n=s|g=f</a><a>23</a><a>det</a><a>23</a><a>det</a>
                </item>
                <item>
                    <a>23</a><a>dernière</a><a>dernier</a><a>ADJ</a><a>ADJ</a><a>n=s|g=f</a><a>21</a><a>ats</a><a>21</a><a>ats</a>
                </item>
                <item><a>24</a><a>d'</a><a>de</a><a>P</a><a>P</a><a></a><a>21</a><a>mod</a><a>21</a><a>mod</a></item>
                <item>
                    <a>25</a><a>une</a><a>une</a><a>DET</a><a>DET</a><a>n=s|g=f</a><a>28</a><a>det</a><a>28</a><a>det</a>
                </item>
                <item>
                    <a>26</a><a>demi</a><a>demi</a><a>ADJ</a><a>ADJ</a><a>n=s</a><a>28</a><a>mod</a><a>28</a><a>mod</a>
                </item>
                <item><a>27</a><a>-</a><a>-</a><a>PONCT</a><a>PONCT</a><a></a><a>26</a><a>ponct</a><a>26</a><a>ponct</a>
                </item>
                <item>
                    <a>28</a><a>douzaine</a><a>douzaine</a><a>NC</a><a>NC</a><a>n=s|g=f</a><a>24</a><a>prep</a><a>24</a><a>prep</a>
                </item>
                <item><a>29</a><a>d'</a><a>de</a><a>P</a><a>P</a><a></a><a>28</a><a>dep</a><a>28</a><a>dep</a></item>
                <item>
                    <a>30</a><a>attentats</a><a>attentat</a><a>NC</a><a>NC</a><a>n=p|g=m</a><a>29</a><a>prep</a><a>29</a><a>prep</a>
                </item>
                <item>
                    <a>31</a><a>attribués</a><a>attribuer</a><a>VPP</a><a>VPP</a><a>n=p|g=m|t=K</a><a>30</a><a>mod</a><a>30</a><a>mod</a>
                </item>
                <item><a>32</a><a>depuis</a><a>depuis</a><a>P</a><a>P</a><a></a><a>31</a><a>mod</a><a>31</a><a>mod</a>
                </item>
                <item>
                    <a>33</a><a>dix-huit</a><a>dix-huit</a><a>DET</a><a>DET</a><a>s=card|n=p</a><a>34</a><a>det</a><a>34</a><a>det</a>
                </item>
                <item>
                    <a>34</a><a>mois</a><a>mois</a><a>NC</a><a>NC</a><a>g=m</a><a>32</a><a>prep</a><a>32</a><a>prep</a>
                </item>
                <item><a>35</a><a>à</a><a>à</a><a>P</a><a>P</a><a></a><a>28</a><a>dep</a><a>28</a><a>dep</a></item>
                <item><a>36</a><a>l'</a><a>le</a><a>DET</a><a>DET</a><a>n=s</a><a>37</a><a>det</a><a>37</a><a>det</a>
                </item>
                <item><a>37</a><a>EI</a><a>_</a><a>NPP</a><a>NPP</a><a></a><a>35</a><a>prep</a><a>35</a><a>prep</a>
                </item>
                <item><a>38</a><a>en</a><a>en</a><a>P</a><a>P</a><a></a><a>21</a><a>mod</a><a>21</a><a>mod</a></item>
                <item>
                    <a>39</a><a>Turquie</a><a>Turquie</a><a>NPP</a><a>NPP</a><a>n=s|g=f</a><a>38</a><a>prep</a><a>38</a><a>prep</a>
                </item>
                <item><a>40</a><a>.</a><a>.</a><a>PONCT</a><a>PONCT</a><a></a><a>39</a><a>ponct</a><a>39</a><a>ponct</a>
                </item>
                <item><a>41</a><a>§</a><a>§</a><a>PONCT</a><a>PONCT</a><a></a><a>39</a><a>ponct</a><a>39</a><a>ponct</a>
                </item>
            </p>
        </description>
        <description>
            <p type="description">
                <item>
                    <a>1</a><a>Confrontée</a><a>confronter</a><a>VPP</a><a>VPP</a><a>n=s|g=f|t=K</a><a>16</a><a>mod</a><a>16</a><a>mod</a>
                </item>
                <item><a>2</a><a>à</a><a>à</a><a>P</a><a>P</a><a></a><a>1</a><a>mod</a><a>1</a><a>mod</a></item>
                <item><a>3</a><a>de</a><a>de</a><a>DET</a><a>DET</a><a>n=p</a><a>5</a><a>det</a><a>5</a><a>det</a>
                </item>
                <item>
                    <a>4</a><a>mauvais</a><a>mauvais</a><a>ADJ</a><a>ADJ</a><a>g=m</a><a>5</a><a>mod</a><a>5</a><a>mod</a>
                </item>
                <item>
                    <a>5</a><a>résultats</a><a>résultat</a><a>NC</a><a>NC</a><a>n=p|g=m</a><a>2</a><a>prep</a><a>2</a><a>prep</a>
                </item>
                <item><a>6</a><a>d'</a><a>de</a><a>P</a><a>P</a><a></a><a>1</a><a>mod</a><a>1</a><a>mod</a></item>
                <item>
                    <a>7</a><a>audience</a><a>audience</a><a>NC</a><a>NC</a><a>n=s|g=f</a><a>6</a><a>prep</a><a>6</a><a>prep</a>
                </item>
                <item><a>8</a><a>,</a><a>,</a><a>PONCT</a><a>PONCT</a><a></a><a>7</a><a>ponct</a><a>7</a><a>ponct</a>
                </item>
                <item><a>9</a><a>la</a><a>la</a><a>DET</a><a>DET</a><a>n=s|g=f</a><a>10</a><a>det</a><a>10</a><a>det</a>
                </item>
                <item>
                    <a>10</a><a>radio</a><a>radio</a><a>NC</a><a>NC</a><a>n=s</a><a>16</a><a>suj</a><a>16</a><a>suj</a>
                </item>
                <item>
                    <a>11</a><a>du</a><a>de</a><a>P+D</a><a>P+D</a><a>n=s|g=m</a><a>10</a><a>dep</a><a>10</a><a>dep</a>
                </item>
                <item>
                    <a>12</a><a>groupe</a><a>groupe</a><a>NC</a><a>NC</a><a>n=s|g=m</a><a>11</a><a>prep</a><a>11</a><a>prep</a>
                </item>
                <item><a>13</a><a>Lagardère</a><a>_</a><a>NPP</a><a>NPP</a><a></a><a>12</a><a>mod</a><a>12</a><a>mod</a>
                </item>
                <item>
                    <a>14</a><a>a</a><a>avoir</a><a>V</a><a>V</a><a>n=s|t=P|p=3</a><a>16</a><a>aux_tps</a><a>16</a><a>aux_tps</a>
                </item>
                <item>
                    <a>15</a><a>été</a><a>être</a><a>VPP</a><a>VPP</a><a>t=K</a><a>16</a><a>aux_pass</a><a>16</a><a>aux_pass</a>
                </item>
                <item>
                    <a>16</a><a>contrainte</a><a>contraindre</a><a>VPP</a><a>VPP</a><a>n=s|g=f|t=K</a><a>0</a><a>root</a><a>0</a><a>root</a>
                </item>
                <item><a>17</a><a>de</a><a>de</a><a>P</a><a>P</a><a></a><a>16</a><a>mod</a><a>16</a><a>mod</a></item>
                <item>
                    <a>18</a><a>procéder</a><a>procéder</a><a>VINF</a><a>VINF</a><a>t=W</a><a>17</a><a>prep</a><a>17</a><a>prep</a>
                </item>
                <item><a>19</a><a>à</a><a>à</a><a>P</a><a>P</a><a></a><a>18</a><a>mod</a><a>18</a><a>mod</a></item>
                <item><a>20</a><a>des</a><a>des</a><a>DET</a><a>DET</a><a>n=p</a><a>21</a><a>det</a><a>21</a><a>det</a>
                </item>
                <item>
                    <a>21</a><a>changements</a><a>changement</a><a>NC</a><a>NC</a><a>n=p|g=m</a><a>19</a><a>prep</a><a>19</a><a>prep</a>
                </item>
                <item><a>22</a><a>.</a><a>.</a><a>PONCT</a><a>PONCT</a><a></a><a>21</a><a>ponct</a><a>21</a><a>ponct</a>
                </item>
                <item><a>23</a><a>§</a><a>§</a><a>PONCT</a><a>PONCT</a><a></a><a>21</a><a>ponct</a><a>21</a><a>ponct</a>
                </item>
            </p>
        </description>
        <description>
            <p type="description">
                <item><a>1</a><a>Le</a><a>le</a><a>DET</a><a>DET</a><a>n=s|g=m</a><a>2</a><a>det</a><a>2</a><a>det</a>
                </item>
                <item>
                    <a>2</a><a>président</a><a>président</a><a>NC</a><a>NC</a><a>n=s|g=m</a><a>5</a><a>suj</a><a>5</a><a>suj</a>
                </item>
                <item><a>3</a><a>s'</a><a>se</a><a>CLR</a><a>CLR</a><a>n=p,s|p=3</a><a>5</a><a>aff</a><a>5</a><a>aff</a>
                </item>
                <item>
                    <a>4</a><a>est</a><a>être</a><a>V</a><a>V</a><a>n=s|t=P|p=3</a><a>5</a><a>aux_tps</a><a>5</a><a>aux_tps</a>
                </item>
                <item>
                    <a>5</a><a>rendu</a><a>rendre</a><a>VPP</a><a>VPP</a><a>n=s|g=m|t=K</a><a>0</a><a>root</a><a>0</a><a>root</a>
                </item>
                <item><a>6</a><a>près</a><a>près</a><a>ADV</a><a>ADV</a><a></a><a>5</a><a>mod</a><a>5</a><a>mod</a>
                </item>
                <item><a>7</a><a>de</a><a>de</a><a>P</a><a>P</a><a></a><a>5</a><a>mod</a><a>5</a><a>mod</a></item>
                <item><a>8</a><a>Mossoul</a><a>_</a><a>NPP</a><a>NPP</a><a></a><a>7</a><a>prep</a><a>7</a><a>prep</a>
                </item>
                <item><a>9</a><a>,</a><a>,</a><a>PONCT</a><a>PONCT</a><a></a><a>8</a><a>ponct</a><a>8</a><a>ponct</a>
                </item>
                <item><a>10</a><a>en</a><a>en</a><a>P</a><a>P</a><a></a><a>5</a><a>mod</a><a>5</a><a>mod</a></item>
                <item>
                    <a>11</a><a>Irak</a><a>Irak</a><a>NPP</a><a>NPP</a><a>n=s|g=m</a><a>10</a><a>prep</a><a>10</a><a>prep</a>
                </item>
                <item><a>12</a><a>.</a><a>.</a><a>PONCT</a><a>PONCT</a><a></a><a>11</a><a>ponct</a><a>11</a><a>ponct</a>
                </item>
            </p>
            <p type="description">
                <item>
                    <a>1</a><a>Il</a><a>il</a><a>CLS</a><a>CLS</a><a>n=s|g=m|p=3</a><a>3</a><a>suj</a><a>3</a><a>suj</a>
                </item>
                <item>
                    <a>2</a><a>a</a><a>avoir</a><a>V</a><a>V</a><a>n=s|t=P|p=3</a><a>3</a><a>aux_tps</a><a>3</a><a>aux_tps</a>
                </item>
                <item>
                    <a>3</a><a>annoncé</a><a>annoncer</a><a>VPP</a><a>VPP</a><a>n=s|g=m|t=K</a><a>0</a><a>root</a><a>0</a><a>root</a>
                </item>
                <item><a>4</a><a>que</a><a>que</a><a>CS</a><a>CS</a><a></a><a>3</a><a>obj</a><a>3</a><a>obj</a></item>
                <item><a>5</a><a>la</a><a>la</a><a>DET</a><a>DET</a><a>n=s|g=f</a><a>6</a><a>det</a><a>6</a><a>det</a>
                </item>
                <item>
                    <a>6</a><a>reconquête</a><a>reconquête</a><a>NC</a><a>NC</a><a>n=s|g=f</a><a>16</a><a>suj</a><a>16</a><a>suj</a>
                </item>
                <item><a>7</a><a>de</a><a>de</a><a>P</a><a>P</a><a></a><a>6</a><a>dep</a><a>6</a><a>dep</a></item>
                <item><a>8</a><a>la</a><a>la</a><a>DET</a><a>DET</a><a>n=s|g=f</a><a>10</a><a>det</a><a>10</a><a>det</a>
                </item>
                <item><a>9</a><a>"</a><a>"</a><a>PONCT</a><a>PONCT</a><a></a><a>8</a><a>ponct</a><a>8</a><a>ponct</a>
                </item>
                <item>
                    <a>10</a><a>capitale</a><a>capitale</a><a>NC</a><a>NC</a><a>n=s|g=f</a><a>7</a><a>prep</a><a>7</a><a>prep</a>
                </item>
                <item><a>11</a><a>"</a><a>"</a><a>PONCT</a><a>PONCT</a><a></a><a>10</a><a>ponct</a><a>10</a><a>ponct</a>
                </item>
                <item>
                    <a>12</a><a>autoproclamée</a><a>autoproclamer</a><a>VPP</a><a>VPP</a><a>n=s|g=f|t=K</a><a>10</a><a>mod</a><a>10</a><a>mod</a>
                </item>
                <item><a>13</a><a>de</a><a>de</a><a>P</a><a>P</a><a></a><a>12</a><a>mod</a><a>12</a><a>mod</a></item>
                <item><a>14</a><a>l'</a><a>le</a><a>DET</a><a>DET</a><a>n=s</a><a>15</a><a>det</a><a>15</a><a>det</a>
                </item>
                <item><a>15</a><a>EI</a><a>_</a><a>NPP</a><a>NPP</a><a></a><a>13</a><a>prep</a><a>13</a><a>prep</a>
                </item>
                <item>
                    <a>16</a><a>était</a><a>être</a><a>V</a><a>V</a><a>n=s|t=I|p=3</a><a>4</a><a>sub</a><a>4</a><a>sub</a>
                </item>
                <item><a>17</a><a>"</a><a>"</a><a>PONCT</a><a>PONCT</a><a></a><a>16</a><a>ponct</a><a>16</a><a>ponct</a>
                </item>
                <item>
                    <a>18</a><a>une</a><a>une</a><a>DET</a><a>DET</a><a>n=s|g=f</a><a>19</a><a>det</a><a>19</a><a>det</a>
                </item>
                <item>
                    <a>19</a><a>question</a><a>question</a><a>NC</a><a>NC</a><a>n=s|g=f</a><a>16</a><a>obj</a><a>16</a><a>obj</a>
                </item>
                <item><a>20</a><a>de</a><a>de</a><a>P</a><a>P</a><a></a><a>19</a><a>dep</a><a>19</a><a>dep</a></item>
                <item>
                    <a>21</a><a>semaines</a><a>semaine</a><a>NC</a><a>NC</a><a>n=p|g=f</a><a>20</a><a>prep</a><a>20</a><a>prep</a>
                </item>
                <item><a>22</a><a>"</a><a>"</a><a>PONCT</a><a>PONCT</a><a></a><a>21</a><a>ponct</a><a>21</a><a>ponct</a>
                </item>
                <item><a>23</a><a>.</a><a>.</a><a>PONCT</a><a>PONCT</a><a></a><a>21</a><a>ponct</a><a>21</a><a>ponct</a>
                </item>
                <item><a>24</a><a>§</a><a>§</a><a>PONCT</a><a>PONCT</a><a></a><a>21</a><a>ponct</a><a>21</a><a>ponct</a>
                </item>
            </p>
        </description>
        <description>
            <p type="description">
                <item>
                    <a>1</a><a>Editorial</a><a>éditorial</a><a>NC</a><a>NC</a><a>n=p,s|g=m</a><a>0</a><a>_</a><a>0</a><a>_</a>
                </item>
                <item><a>2</a><a>.</a><a>.</a><a>PONCT</a><a>PONCT</a><a></a><a>1</a><a>ponct</a><a>1</a><a>ponct</a>
                </item>
            </p>
            <p type="description">
                <item><a>1</a><a>En</a><a>en</a><a>P</a><a>P</a><a></a><a>7</a><a>mod</a><a>7</a><a>mod</a></item>
                <item><a>2</a><a>2016</a><a>2016</a><a>NC</a><a>NC</a><a></a><a>1</a><a>prep</a><a>1</a><a>prep</a>
                </item>
                <item><a>3</a><a>,</a><a>,</a><a>PONCT</a><a>PONCT</a><a></a><a>2</a><a>ponct</a><a>2</a><a>ponct</a>
                </item>
                <item>
                    <a>4</a><a>plusieurs</a><a>plusieurs</a><a>DET</a><a>DET</a><a>n=p</a><a>5</a><a>det</a><a>5</a><a>det</a>
                </item>
                <item>
                    <a>5</a><a>personnalités</a><a>personnalité</a><a>NC</a><a>NC</a><a>n=p|g=f</a><a>7</a><a>suj</a><a>7</a><a>suj</a>
                </item>
                <item>
                    <a>6</a><a>ont</a><a>avoir</a><a>V</a><a>V</a><a>n=p|t=P|p=3</a><a>7</a><a>aux_tps</a><a>7</a><a>aux_tps</a>
                </item>
                <item>
                    <a>7</a><a>annoncé</a><a>annoncer</a><a>VPP</a><a>VPP</a><a>n=s|g=m|t=K</a><a>0</a><a>root</a><a>0</a><a>root</a>
                </item>
                <item><a>8</a><a>sciemment</a><a>_</a><a>ADV</a><a>ADV</a><a></a><a>7</a><a>mod</a><a>7</a><a>mod</a>
                </item>
                <item><a>9</a><a>des</a><a>des</a><a>DET</a><a>DET</a><a>n=p</a><a>0</a><a>_</a><a>0</a><a>_</a></item>
                <item>
                    <a>10</a><a>fausses</a><a>faux</a><a>ADJ</a><a>ADJ</a><a>n=p|g=f</a><a>11</a><a>mod</a><a>11</a><a>mod</a>
                </item>
                <item>
                    <a>11</a><a>nouvelles</a><a>nouveau</a><a>ADJ</a><a>ADJ</a><a>n=p|g=f</a><a>0</a><a>_</a><a>0</a><a>_</a>
                </item>
                <item><a>12</a><a>.</a><a>.</a><a>PONCT</a><a>PONCT</a><a></a><a>11</a><a>ponct</a><a>11</a><a>ponct</a>
                </item>
            </p>
            <p type="description">
                <item><a>1</a><a>Un</a><a>un</a><a>DET</a><a>DET</a><a>n=s|g=m</a><a>2</a><a>det</a><a>2</a><a>det</a>
                </item>
                <item><a>2</a><a>défi</a><a>défi</a><a>NC</a><a>NC</a><a>n=s|g=m</a><a>0</a><a>_</a><a>0</a><a>_</a>
                </item>
                <item><a>3</a><a>pour</a><a>pour</a><a>P</a><a>P</a><a></a><a>2</a><a>dep</a><a>2</a><a>dep</a></item>
                <item><a>4</a><a>les</a><a>les</a><a>DET</a><a>DET</a><a>n=p</a><a>5</a><a>det</a><a>5</a><a>det</a>
                </item>
                <item>
                    <a>5</a><a>médias</a><a>média</a><a>NC</a><a>NC</a><a>n=p|g=m</a><a>3</a><a>prep</a><a>3</a><a>prep</a>
                </item>
                <item><a>6</a><a>,</a><a>,</a><a>PONCT</a><a>PONCT</a><a></a><a>5</a><a>ponct</a><a>5</a><a>ponct</a>
                </item>
                <item><a>7</a><a>les</a><a>les</a><a>DET</a><a>DET</a><a>n=p</a><a>8</a><a>det</a><a>8</a><a>det</a>
                </item>
                <item>
                    <a>8</a><a>personnalités</a><a>personnalité</a><a>NC</a><a>NC</a><a>n=p|g=f</a><a>0</a><a>_</a><a>0</a><a>_</a>
                </item>
                <item>
                    <a>9</a><a>politiques</a><a>politique</a><a>ADJ</a><a>ADJ</a><a>n=p</a><a>8</a><a>mod</a><a>8</a><a>mod</a>
                </item>
                <item><a>10</a><a>et</a><a>et</a><a>CC</a><a>CC</a><a></a><a>8</a><a>coord</a><a>8</a><a>coord</a>
                </item>
                <item><a>11</a><a>les</a><a>les</a><a>DET</a><a>DET</a><a>n=p</a><a>12</a><a>det</a><a>12</a><a>det</a>
                </item>
                <item>
                    <a>12</a><a>entreprises</a><a>entreprise</a><a>NC</a><a>NC</a><a>n=p|g=f</a><a>10</a><a>dep_coord</a><a>10</a><a>dep_coord</a>
                </item>
                <item>
                    <a>13</a><a>technologiques</a><a>technologique</a><a>ADJ</a><a>ADJ</a><a>n=p</a><a>12</a><a>mod</a><a>12</a><a>mod</a>
                </item>
                <item><a>14</a><a>.</a><a>.</a><a>PONCT</a><a>PONCT</a><a></a><a>13</a><a>ponct</a><a>13</a><a>ponct</a>
                </item>
                <item><a>15</a><a>§</a><a>§</a><a>PONCT</a><a>PONCT</a><a></a><a>13</a><a>ponct</a><a>13</a><a>ponct</a>
                </item>
            </p>
        </description>
        <description>
            <p type="description">
                <item><a>1</a><a>Le</a><a>le</a><a>DET</a><a>DET</a><a>n=s|g=m</a><a>2</a><a>det</a><a>2</a><a>det</a>
                </item>
                <item>
                    <a>2</a><a>skieur</a><a>skieur</a><a>NC</a><a>NC</a><a>n=s|g=m</a><a>15</a><a>suj</a><a>15</a><a>suj</a>
                </item>
                <item>
                    <a>3</a><a>français</a><a>français</a><a>ADJ</a><a>ADJ</a><a>g=m</a><a>2</a><a>mod</a><a>2</a><a>mod</a>
                </item>
                <item><a>4</a><a>,</a><a>,</a><a>PONCT</a><a>PONCT</a><a></a><a>3</a><a>ponct</a><a>3</a><a>ponct</a>
                </item>
                <item>
                    <a>5</a><a>mort</a><a>mort</a><a>ADJ</a><a>ADJ</a><a>n=s|g=m|t=K</a><a>2</a><a>mod</a><a>2</a><a>mod</a>
                </item>
                <item><a>6</a><a>à</a><a>à</a><a>P</a><a>P</a><a></a><a>2</a><a>dep</a><a>2</a><a>dep</a></item>
                <item><a>7</a><a>l'</a><a>le</a><a>DET</a><a>DET</a><a>n=s</a><a>8</a><a>det</a><a>8</a><a>det</a>
                </item>
                <item><a>8</a><a>âge</a><a>âge</a><a>NC</a><a>NC</a><a>n=s|g=m</a><a>6</a><a>prep</a><a>6</a><a>prep</a>
                </item>
                <item><a>9</a><a>de</a><a>de</a><a>P</a><a>P</a><a></a><a>8</a><a>dep</a><a>8</a><a>dep</a></item>
                <item><a>10</a><a>83</a><a>83</a><a>NC</a><a>NC</a><a></a><a>9</a><a>prep</a><a>9</a><a>prep</a></item>
                <item><a>11</a><a>ans</a><a>an</a><a>NC</a><a>NC</a><a>n=p|g=m</a><a>10</a><a>mod</a><a>10</a><a>mod</a>
                </item>
                <item><a>12</a><a>,</a><a>,</a><a>PONCT</a><a>PONCT</a><a></a><a>11</a><a>ponct</a><a>11</a><a>ponct</a>
                </item>
                <item>
                    <a>13</a><a>avait</a><a>avoir</a><a>V</a><a>V</a><a>n=s|t=I|p=3</a><a>15</a><a>aux_tps</a><a>15</a><a>aux_tps</a>
                </item>
                <item><a>14</a><a>également</a><a>_</a><a>ADV</a><a>ADV</a><a></a><a>15</a><a>mod</a><a>15</a><a>mod</a>
                </item>
                <item>
                    <a>15</a><a>donné</a><a>donner</a><a>VPP</a><a>VPP</a><a>n=s|g=m|t=K</a><a>0</a><a>root</a><a>0</a><a>root</a>
                </item>
                <item>
                    <a>16</a><a>son</a><a>son</a><a>DET</a><a>DET</a><a>n=s|g=m|p=3|poss=s</a><a>17</a><a>det</a><a>17</a><a>det</a>
                </item>
                <item>
                    <a>17</a><a>nom</a><a>nom</a><a>NC</a><a>NC</a><a>n=s|g=m</a><a>15</a><a>obj</a><a>15</a><a>obj</a>
                </item>
                <item><a>18</a><a>à</a><a>à</a><a>P</a><a>P</a><a></a><a>15</a><a>mod</a><a>15</a><a>mod</a></item>
                <item>
                    <a>19</a><a>une</a><a>une</a><a>DET</a><a>DET</a><a>n=s|g=f</a><a>20</a><a>det</a><a>20</a><a>det</a>
                </item>
                <item>
                    <a>20</a><a>marque</a><a>marque</a><a>NC</a><a>NC</a><a>n=s|g=f</a><a>18</a><a>prep</a><a>18</a><a>prep</a>
                </item>
                <item><a>21</a><a>de</a><a>de</a><a>P</a><a>P</a><a></a><a>15</a><a>mod</a><a>15</a><a>mod</a></item>
                <item>
                    <a>22</a><a>lunettes</a><a>lunette</a><a>NC</a><a>NC</a><a>n=p|g=f</a><a>21</a><a>prep</a><a>21</a><a>prep</a>
                </item>
                <item><a>23</a><a>de</a><a>de</a><a>P</a><a>P</a><a></a><a>15</a><a>mod</a><a>15</a><a>mod</a></item>
                <item>
                    <a>24</a><a>soleil</a><a>soleil</a><a>NC</a><a>NC</a><a>n=s|g=m</a><a>23</a><a>prep</a><a>23</a><a>prep</a>
                </item>
                <item><a>25</a><a>et</a><a>et</a><a>CC</a><a>CC</a><a></a><a>15</a><a>coord</a><a>15</a><a>coord</a>
                </item>
                <item>
                    <a>26</a><a>créé</a><a>créer</a><a>VPP</a><a>VPP</a><a>n=s|g=m|t=K</a><a>25</a><a>dep_coord</a><a>25</a><a>dep_coord</a>
                </item>
                <item>
                    <a>27</a><a>la</a><a>la</a><a>DET</a><a>DET</a><a>n=s|g=f</a><a>28</a><a>det</a><a>28</a><a>det</a>
                </item>
                <item>
                    <a>28</a><a>station</a><a>station</a><a>NC</a><a>NC</a><a>n=s|g=f</a><a>26</a><a>mod</a><a>26</a><a>mod</a>
                </item>
                <item><a>29</a><a>d'</a><a>de</a><a>P</a><a>P</a><a></a><a>28</a><a>dep</a><a>28</a><a>dep</a></item>
                <item>
                    <a>30</a><a>Avoriaz</a><a>Avoriaz</a><a>NPP</a><a>NPP</a><a>n=s|g=m</a><a>29</a><a>prep</a><a>29</a><a>prep</a>
                </item>
                <item><a>31</a><a>.</a><a>.</a><a>PONCT</a><a>PONCT</a><a></a><a>30</a><a>ponct</a><a>30</a><a>ponct</a>
                </item>
            </p>
            <p type="description">
                <item><a>1</a><a>§</a><a>§</a><a>PONCT</a><a>PONCT</a><a></a><a>0</a><a>ponct</a><a>0</a><a>ponct</a>
                </item>
            </p>
        </description>
        <description>
            <p type="description">
                <item><a>1</a><a>Ce</a><a>ce</a><a>DET</a><a>DET</a><a>n=s|g=m</a><a>3</a><a>det</a><a>3</a><a>det</a>
                </item>
                <item>
                    <a>2</a><a>délinquant</a><a>délinquant</a><a>ADJ</a><a>ADJ</a><a>n=s|g=m</a><a>3</a><a>mod</a><a>3</a><a>mod</a>
                </item>
                <item>
                    <a>3</a><a>multirécidiviste</a><a>multirécidiviste</a><a>NC</a><a>NC</a><a>n=s</a><a>5</a><a>suj</a><a>5</a><a>suj</a>
                </item>
                <item>
                    <a>4</a><a>avait</a><a>avoir</a><a>V</a><a>V</a><a>n=s|t=I|p=3</a><a>5</a><a>aux_tps</a><a>5</a><a>aux_tps</a>
                </item>
                <item>
                    <a>5</a><a>passé</a><a>passer</a><a>VPP</a><a>VPP</a><a>n=s|g=m|t=K</a><a>0</a><a>root</a><a>0</a><a>root</a>
                </item>
                <item><a>6</a><a>près</a><a>près</a><a>ADV</a><a>ADV</a><a></a><a>5</a><a>mod</a><a>5</a><a>mod</a>
                </item>
                <item><a>7</a><a>d'</a><a>de</a><a>P</a><a>P</a><a></a><a>5</a><a>mod</a><a>5</a><a>mod</a></item>
                <item><a>8</a><a>un</a><a>un</a><a>DET</a><a>DET</a><a>n=s|g=m</a><a>9</a><a>det</a><a>9</a><a>det</a>
                </item>
                <item><a>9</a><a>an</a><a>an</a><a>NC</a><a>NC</a><a>n=s|g=m</a><a>7</a><a>prep</a><a>7</a><a>prep</a>
                </item>
                <item><a>10</a><a>et</a><a>et</a><a>CC</a><a>CC</a><a></a><a>5</a><a>coord</a><a>5</a><a>coord</a>
                </item>
                <item>
                    <a>11</a><a>demi</a><a>demi</a><a>NC</a><a>NC</a><a>n=s|g=m</a><a>10</a><a>dep_coord</a><a>10</a><a>dep_coord</a>
                </item>
                <item><a>12</a><a>dans</a><a>dans</a><a>P</a><a>P</a><a></a><a>5</a><a>mod</a><a>5</a><a>mod</a></item>
                <item><a>13</a><a>les</a><a>les</a><a>DET</a><a>DET</a><a>n=p</a><a>14</a><a>det</a><a>14</a><a>det</a>
                </item>
                <item>
                    <a>14</a><a>rangs</a><a>rang</a><a>NC</a><a>NC</a><a>n=p|g=m</a><a>12</a><a>prep</a><a>12</a><a>prep</a>
                </item>
                <item><a>15</a><a>de</a><a>de</a><a>P</a><a>P</a><a></a><a>5</a><a>mod</a><a>5</a><a>mod</a></item>
                <item><a>16</a><a>l'</a><a>le</a><a>DET</a><a>DET</a><a>n=s</a><a>17</a><a>det</a><a>17</a><a>det</a>
                </item>
                <item>
                    <a>17</a><a>organisation</a><a>organisation</a><a>NC</a><a>NC</a><a>n=s|g=f</a><a>15</a><a>prep</a><a>15</a><a>prep</a>
                </item>
                <item><a>18</a><a>Etat</a><a>_</a><a>NPP</a><a>NPP</a><a></a><a>17</a><a>mod</a><a>17</a><a>mod</a>
                </item>
                <item>
                    <a>19</a><a>islamique</a><a>islamique</a><a>ADJ</a><a>ADJ</a><a>n=s</a><a>18</a><a>mod</a><a>18</a><a>mod</a>
                </item>
                <item><a>20</a><a>,</a><a>,</a><a>PONCT</a><a>PONCT</a><a></a><a>19</a><a>ponct</a><a>19</a><a>ponct</a>
                </item>
                <item><a>21</a><a>en</a><a>en</a><a>P</a><a>P</a><a></a><a>5</a><a>mod</a><a>5</a><a>mod</a></item>
                <item>
                    <a>22</a><a>Irak</a><a>Irak</a><a>NPP</a><a>NPP</a><a>n=s|g=m</a><a>21</a><a>prep</a><a>21</a><a>prep</a>
                </item>
                <item><a>23</a><a>et</a><a>et</a><a>CC</a><a>CC</a><a></a><a>21</a><a>coord</a><a>21</a><a>coord</a>
                </item>
                <item>
                    <a>24</a><a>en</a><a>en</a><a>P</a><a>P</a><a></a><a>23</a><a>dep_coord</a><a>23</a><a>dep_coord</a>
                </item>
                <item>
                    <a>25</a><a>Syrie</a><a>Syrie</a><a>NPP</a><a>NPP</a><a>n=s|g=f</a><a>24</a><a>prep</a><a>24</a><a>prep</a>
                </item>
                <item><a>26</a><a>.</a><a>.</a><a>PONCT</a><a>PONCT</a><a></a><a>25</a><a>ponct</a><a>25</a><a>ponct</a>
                </item>
                <item><a>27</a><a>§</a><a>§</a><a>PONCT</a><a>PONCT</a><a></a><a>25</a><a>ponct</a><a>25</a><a>ponct</a>
                </item>
            </p>
        </description>
        <description>
            <p type="description">
                <item><a>1</a><a>L'</a><a>le</a><a>DET</a><a>DET</a><a>n=s</a><a>2</a><a>det</a><a>2</a><a>det</a>
                </item>
                <item>
                    <a>2</a><a>enseigne</a><a>enseigne</a><a>NC</a><a>NC</a><a>n=s</a><a>3</a><a>suj</a><a>3</a><a>suj</a>
                </item>
                <item>
                    <a>3</a><a>rejoint</a><a>rejoindre</a><a>V</a><a>V</a><a>n=s|t=P|p=3</a><a>0</a><a>root</a><a>0</a><a>root</a>
                </item>
                <item><a>4</a><a>ainsi</a><a>ainsi</a><a>ADV</a><a>ADV</a><a></a><a>3</a><a>mod</a><a>3</a><a>mod</a>
                </item>
                <item><a>5</a><a>,</a><a>,</a><a>PONCT</a><a>PONCT</a><a></a><a>4</a><a>ponct</a><a>4</a><a>ponct</a>
                </item>
                <item><a>6</a><a>dans</a><a>dans</a><a>P</a><a>P</a><a></a><a>3</a><a>mod</a><a>3</a><a>mod</a></item>
                <item><a>7</a><a>la</a><a>la</a><a>DET</a><a>DET</a><a>n=s|g=f</a><a>8</a><a>det</a><a>8</a><a>det</a>
                </item>
                <item>
                    <a>8</a><a>capitale</a><a>capitale</a><a>NC</a><a>NC</a><a>n=s|g=f</a><a>6</a><a>prep</a><a>6</a><a>prep</a>
                </item>
                <item><a>9</a><a>,</a><a>,</a><a>PONCT</a><a>PONCT</a><a></a><a>8</a><a>ponct</a><a>8</a><a>ponct</a>
                </item>
                <item><a>10</a><a>Galeries</a><a>_</a><a>NPP</a><a>NPP</a><a></a><a>3</a><a>mod</a><a>3</a><a>mod</a>
                </item>
                <item><a>11</a><a>Lafayette</a><a>_</a><a>NPP</a><a>NPP</a><a></a><a>10</a><a>mod</a><a>10</a><a>mod</a>
                </item>
                <item><a>12</a><a>et</a><a>et</a><a>CC</a><a>CC</a><a></a><a>10</a><a>coord</a><a>10</a><a>coord</a>
                </item>
                <item>
                    <a>13</a><a>Le</a><a>_</a><a>NPP</a><a>NPP</a><a></a><a>12</a><a>dep_coord</a><a>12</a><a>dep_coord</a>
                </item>
                <item><a>14</a><a>Bon</a><a>_</a><a>NPP</a><a>NPP</a><a></a><a>13</a><a>mod</a><a>13</a><a>mod</a>
                </item>
                <item><a>15</a><a>Marché</a><a>_</a><a>NPP</a><a>NPP</a><a></a><a>13</a><a>mod</a><a>13</a><a>mod</a>
                </item>
                <item><a>16</a><a>,</a><a>,</a><a>PONCT</a><a>PONCT</a><a></a><a>15</a><a>ponct</a><a>15</a><a>ponct</a>
                </item>
                <item>
                    <a>17</a><a>ouverts</a><a>ouvrir</a><a>VPP</a><a>VPP</a><a>n=p|g=m|t=K</a><a>10</a><a>mod</a><a>10</a><a>mod</a>
                </item>
                <item><a>18</a><a>les</a><a>les</a><a>DET</a><a>DET</a><a>n=p</a><a>19</a><a>det</a><a>19</a><a>det</a>
                </item>
                <item>
                    <a>19</a><a>dimanches</a><a>dimanche</a><a>NC</a><a>NC</a><a>n=p|g=m</a><a>17</a><a>mod</a><a>17</a><a>mod</a>
                </item>
                <item><a>20</a><a>à</a><a>à</a><a>P</a><a>P</a><a></a><a>17</a><a>mod</a><a>17</a><a>mod</a></item>
                <item>
                    <a>21</a><a>partir</a><a>partir</a><a>VINF</a><a>VINF</a><a>t=W</a><a>20</a><a>prep</a><a>20</a><a>prep</a>
                </item>
                <item><a>22</a><a>de</a><a>de</a><a>P</a><a>P</a><a></a><a>21</a><a>mod</a><a>21</a><a>mod</a></item>
                <item>
                    <a>23</a><a>cette</a><a>cette</a><a>DET</a><a>DET</a><a>n=s|g=f</a><a>24</a><a>det</a><a>24</a><a>det</a>
                </item>
                <item>
                    <a>24</a><a>année</a><a>année</a><a>NC</a><a>NC</a><a>n=s|g=f</a><a>22</a><a>prep</a><a>22</a><a>prep</a>
                </item>
                <item><a>25</a><a>.</a><a>.</a><a>PONCT</a><a>PONCT</a><a></a><a>24</a><a>ponct</a><a>24</a><a>ponct</a>
                </item>
                <item><a>26</a><a>§</a><a>§</a><a>PONCT</a><a>PONCT</a><a></a><a>24</a><a>ponct</a><a>24</a><a>ponct</a>
                </item>
            </p>
        </description>
        <description>
            <p type="description">
                <item><a>1</a><a>Le</a><a>le</a><a>DET</a><a>DET</a><a>n=s|g=m</a><a>2</a><a>det</a><a>2</a><a>det</a>
                </item>
                <item>
                    <a>2</a><a>ministère</a><a>ministère</a><a>NC</a><a>NC</a><a>n=s|g=m</a><a>7</a><a>suj</a><a>7</a><a>suj</a>
                </item>
                <item><a>3</a><a>de</a><a>de</a><a>P</a><a>P</a><a></a><a>2</a><a>dep</a><a>2</a><a>dep</a></item>
                <item><a>4</a><a>l'</a><a>le</a><a>DET</a><a>DET</a><a>n=s</a><a>5</a><a>det</a><a>5</a><a>det</a>
                </item>
                <item>
                    <a>5</a><a>agriculture</a><a>agriculture</a><a>NC</a><a>NC</a><a>n=s|g=f</a><a>3</a><a>prep</a><a>3</a><a>prep</a>
                </item>
                <item>
                    <a>6</a><a>a</a><a>avoir</a><a>V</a><a>V</a><a>n=s|t=P|p=3</a><a>7</a><a>aux_tps</a><a>7</a><a>aux_tps</a>
                </item>
                <item>
                    <a>7</a><a>recensé</a><a>recenser</a><a>VPP</a><a>VPP</a><a>n=s|g=m|t=K</a><a>0</a><a>root</a><a>0</a><a>root</a>
                </item>
                <item><a>8</a><a>depuis</a><a>depuis</a><a>P</a><a>P</a><a></a><a>7</a><a>mod</a><a>7</a><a>mod</a>
                </item>
                <item>
                    <a>9</a><a>vendredi</a><a>vendredi</a><a>NC</a><a>NC</a><a>n=s|g=m</a><a>8</a><a>prep</a><a>8</a><a>prep</a>
                </item>
                <item>
                    <a>10</a><a>huit</a><a>huit</a><a>ADJ</a><a>ADJ</a><a>s=card|n=p</a><a>9</a><a>mod</a><a>9</a><a>mod</a>
                </item>
                <item>
                    <a>11</a><a>nouveaux</a><a>nouveau</a><a>ADJ</a><a>ADJ</a><a>n=p|g=m</a><a>12</a><a>mod</a><a>12</a><a>mod</a>
                </item>
                <item>
                    <a>12</a><a>foyers</a><a>foyer</a><a>NC</a><a>NC</a><a>n=p|g=m</a><a>7</a><a>mod</a><a>7</a><a>mod</a>
                </item>
                <item><a>13</a><a>,</a><a>,</a><a>PONCT</a><a>PONCT</a><a></a><a>12</a><a>ponct</a><a>12</a><a>ponct</a>
                </item>
                <item>
                    <a>14</a><a>localisés</a><a>localiser</a><a>VPP</a><a>VPP</a><a>n=p|g=m|t=K</a><a>12</a><a>mod</a><a>12</a><a>mod</a>
                </item>
                <item><a>15</a><a>dans</a><a>dans</a><a>P</a><a>P</a><a></a><a>14</a><a>mod</a><a>14</a><a>mod</a>
                </item>
                <item>
                    <a>16</a><a>sept</a><a>sept</a><a>DET</a><a>DET</a><a>s=card|n=p</a><a>17</a><a>det</a><a>17</a><a>det</a>
                </item>
                <item>
                    <a>17</a><a>départements</a><a>département</a><a>NC</a><a>NC</a><a>n=p|g=m</a><a>15</a><a>prep</a><a>15</a><a>prep</a>
                </item>
                <item>
                    <a>18</a><a>du</a><a>de</a><a>P+D</a><a>P+D</a><a>n=s|g=m</a><a>17</a><a>dep</a><a>17</a><a>dep</a>
                </item>
                <item>
                    <a>19</a><a>Sud</a><a>sud</a><a>NC</a><a>NC</a><a>n=s|g=m</a><a>18</a><a>prep</a><a>18</a><a>prep</a>
                </item>
                <item><a>20</a><a>-</a><a>-</a><a>PONCT</a><a>PONCT</a><a></a><a>19</a><a>ponct</a><a>19</a><a>ponct</a>
                </item>
                <item>
                    <a>21</a><a>Ouest</a><a>ouest</a><a>NC</a><a>NC</a><a>n=s|g=m</a><a>14</a><a>mod</a><a>14</a><a>mod</a>
                </item>
                <item><a>22</a><a>.</a><a>.</a><a>PONCT</a><a>PONCT</a><a></a><a>21</a><a>ponct</a><a>21</a><a>ponct</a>
                </item>
                <item><a>23</a><a>§</a><a>§</a><a>PONCT</a><a>PONCT</a><a></a><a>21</a><a>ponct</a><a>21</a><a>ponct</a>
                </item>
            </p>
        </description>
        <description>
            <p type="description">
                <item><a>1</a><a>Le</a><a>le</a><a>DET</a><a>DET</a><a>n=s|g=m</a><a>2</a><a>det</a><a>2</a><a>det</a>
                </item>
                <item>
                    <a>2</a><a>dirigeant</a><a>dirigeant</a><a>NC</a><a>NC</a><a>n=s|g=m</a><a>5</a><a>suj</a><a>5</a><a>suj</a>
                </item>
                <item>
                    <a>3</a><a>israélien</a><a>israélien</a><a>ADJ</a><a>ADJ</a><a>n=s|g=m</a><a>2</a><a>mod</a><a>2</a><a>mod</a>
                </item>
                <item>
                    <a>4</a><a>est</a><a>être</a><a>V</a><a>V</a><a>n=s|t=P|p=3</a><a>5</a><a>aux_tps</a><a>5</a><a>aux_tps</a>
                </item>
                <item>
                    <a>5</a><a>suspecté</a><a>suspecter</a><a>VPP</a><a>VPP</a><a>n=s|g=m|t=K</a><a>0</a><a>root</a><a>0</a><a>root</a>
                </item>
                <item><a>6</a><a>par</a><a>par</a><a>P</a><a>P</a><a></a><a>5</a><a>mod</a><a>5</a><a>mod</a></item>
                <item><a>7</a><a>la</a><a>la</a><a>DET</a><a>DET</a><a>n=s|g=f</a><a>8</a><a>det</a><a>8</a><a>det</a>
                </item>
                <item>
                    <a>8</a><a>justice</a><a>justice</a><a>NC</a><a>NC</a><a>n=s|g=f</a><a>6</a><a>prep</a><a>6</a><a>prep</a>
                </item>
                <item><a>9</a><a>d'</a><a>de</a><a>P</a><a>P</a><a></a><a>5</a><a>mod</a><a>5</a><a>mod</a></item>
                <item>
                    <a>10</a><a>avoir</a><a>avoir</a><a>VINF</a><a>VINF</a><a>t=W</a><a>11</a><a>aux_tps</a><a>11</a><a>aux_tps</a>
                </item>
                <item>
                    <a>11</a><a>reçu</a><a>recevoir</a><a>VPP</a><a>VPP</a><a>n=s|g=m|t=K</a><a>9</a><a>prep</a><a>9</a><a>prep</a>
                </item>
                <item><a>12</a><a>de</a><a>de</a><a>DET</a><a>DET</a><a>n=p</a><a>14</a><a>det</a><a>14</a><a>det</a>
                </item>
                <item>
                    <a>13</a><a>coûteux</a><a>coûteux</a><a>ADJ</a><a>ADJ</a><a>g=m</a><a>14</a><a>mod</a><a>14</a><a>mod</a>
                </item>
                <item>
                    <a>14</a><a>cadeaux</a><a>cadeau</a><a>NC</a><a>NC</a><a>n=p|g=m</a><a>11</a><a>obj</a><a>11</a><a>obj</a>
                </item>
                <item><a>15</a><a>.</a><a>.</a><a>PONCT</a><a>PONCT</a><a></a><a>14</a><a>ponct</a><a>14</a><a>ponct</a>
                </item>
            </p>
            <p type="description">
                <item>
                    <a>1</a><a>Il</a><a>il</a><a>CLS</a><a>CLS</a><a>n=s|g=m|p=3</a><a>2</a><a>suj</a><a>2</a><a>suj</a>
                </item>
                <item>
                    <a>2</a><a>nie</a><a>nier</a><a>V</a><a>V</a><a>n=s|t=P,S|p=1,3</a><a>0</a><a>root</a><a>0</a><a>root</a>
                </item>
                <item><a>3</a><a>ces</a><a>ces</a><a>DET</a><a>DET</a><a>n=p</a><a>4</a><a>det</a><a>4</a><a>det</a>
                </item>
                <item>
                    <a>4</a><a>accusations</a><a>accusation</a><a>NC</a><a>NC</a><a>n=p|g=f</a><a>2</a><a>obj</a><a>2</a><a>obj</a>
                </item>
                <item><a>5</a><a>,</a><a>,</a><a>PONCT</a><a>PONCT</a><a></a><a>4</a><a>ponct</a><a>4</a><a>ponct</a>
                </item>
                <item>
                    <a>6</a><a>affirmant</a><a>affirmer</a><a>VPR</a><a>VPR</a><a>t=G</a><a>2</a><a>mod</a><a>2</a><a>mod</a>
                </item>
                <item><a>7</a><a>qu'</a><a>que</a><a>CS</a><a>CS</a><a></a><a>6</a><a>obj</a><a>6</a><a>obj</a></item>
                <item>
                    <a>8</a><a>il</a><a>il</a><a>CLS</a><a>CLS</a><a>n=s|g=m|p=3</a><a>12</a><a>suj</a><a>12</a><a>suj</a>
                </item>
                <item><a>9</a><a>"</a><a>"</a><a>PONCT</a><a>PONCT</a><a></a><a>8</a><a>ponct</a><a>8</a><a>ponct</a>
                </item>
                <item><a>10</a><a>n'</a><a>ne</a><a>ADV</a><a>ADV</a><a></a><a>12</a><a>mod</a><a>12</a><a>mod</a>
                </item>
                <item><a>11</a><a>y</a><a>y</a><a>CLO</a><a>CLO</a><a></a><a>12</a><a>aff</a><a>12</a><a>aff</a></item>
                <item>
                    <a>12</a><a>a</a><a>avoir</a><a>V</a><a>V</a><a>n=s|t=P|p=3</a><a>7</a><a>sub</a><a>7</a><a>sub</a>
                </item>
                <item>
                    <a>13</a><a>rien</a><a>rien</a><a>PRO</a><a>PRO</a><a>n=s|g=m</a><a>12</a><a>obj</a><a>12</a><a>obj</a>
                </item>
                <item><a>14</a><a>"</a><a>"</a><a>PONCT</a><a>PONCT</a><a></a><a>13</a><a>ponct</a><a>13</a><a>ponct</a>
                </item>
                <item><a>15</a><a>dans</a><a>dans</a><a>P</a><a>P</a><a></a><a>12</a><a>mod</a><a>12</a><a>mod</a>
                </item>
                <item><a>16</a><a>ces</a><a>ces</a><a>DET</a><a>DET</a><a>n=p</a><a>17</a><a>det</a><a>17</a><a>det</a>
                </item>
                <item>
                    <a>17</a><a>affaires</a><a>affaire</a><a>NC</a><a>NC</a><a>n=p|g=f</a><a>15</a><a>prep</a><a>15</a><a>prep</a>
                </item>
                <item><a>18</a><a>.</a><a>.</a><a>PONCT</a><a>PONCT</a><a></a><a>17</a><a>ponct</a><a>17</a><a>ponct</a>
                </item>
                <item><a>19</a><a>§</a><a>§</a><a>PONCT</a><a>PONCT</a><a></a><a>17</a><a>ponct</a><a>17</a><a>ponct</a>
                </item>
            </p>
        </description>
        <description>
            <p type="description">
                <item><a>1</a><a>L'</a><a>le</a><a>DET</a><a>DET</a><a>n=s</a><a>2</a><a>det</a><a>2</a><a>det</a>
                </item>
                <item>
                    <a>2</a><a>année</a><a>année</a><a>NC</a><a>NC</a><a>n=s|g=f</a><a>5</a><a>suj</a><a>5</a><a>suj</a>
                </item>
                <item><a>3</a><a>2016</a><a>2016</a><a>NC</a><a>NC</a><a></a><a>2</a><a>mod</a><a>2</a><a>mod</a></item>
                <item>
                    <a>4</a><a>a</a><a>avoir</a><a>V</a><a>V</a><a>n=s|t=P|p=3</a><a>5</a><a>aux_tps</a><a>5</a><a>aux_tps</a>
                </item>
                <item><a>5</a><a>été</a><a>être</a><a>VPP</a><a>VPP</a><a>t=K</a><a>0</a><a>root</a><a>0</a><a>root</a>
                </item>
                <item><a>6</a><a>faste</a><a>faste</a><a>ADJ</a><a>ADJ</a><a>n=s</a><a>5</a><a>ats</a><a>5</a><a>ats</a>
                </item>
                <item><a>7</a><a>pour</a><a>pour</a><a>P</a><a>P</a><a></a><a>5</a><a>mod</a><a>5</a><a>mod</a></item>
                <item><a>8</a><a>le</a><a>le</a><a>DET</a><a>DET</a><a>n=s|g=m</a><a>9</a><a>det</a><a>9</a><a>det</a>
                </item>
                <item>
                    <a>9</a><a>marché</a><a>marché</a><a>NC</a><a>NC</a><a>n=s|g=m</a><a>7</a><a>prep</a><a>7</a><a>prep</a>
                </item>
                <item>
                    <a>10</a><a>automobile</a><a>automobile</a><a>ADJ</a><a>ADJ</a><a>n=s</a><a>9</a><a>mod</a><a>9</a><a>mod</a>
                </item>
                <item>
                    <a>11</a><a>français</a><a>français</a><a>ADJ</a><a>ADJ</a><a>g=m</a><a>9</a><a>mod</a><a>9</a><a>mod</a>
                </item>
                <item><a>12</a><a>.</a><a>.</a><a>PONCT</a><a>PONCT</a><a></a><a>11</a><a>ponct</a><a>11</a><a>ponct</a>
                </item>
            </p>
            <p type="description">
                <item>
                    <a>1</a><a>Pourtant</a><a>pourtant</a><a>ADV</a><a>ADV</a><a></a><a>8</a><a>mod</a><a>8</a><a>mod</a>
                </item>
                <item><a>2</a><a>,</a><a>,</a><a>PONCT</a><a>PONCT</a><a></a><a>1</a><a>ponct</a><a>1</a><a>ponct</a>
                </item>
                <item><a>3</a><a>les</a><a>les</a><a>DET</a><a>DET</a><a>n=p</a><a>4</a><a>det</a><a>4</a><a>det</a>
                </item>
                <item>
                    <a>4</a><a>voitures</a><a>voiture</a><a>NC</a><a>NC</a><a>n=p|g=f</a><a>8</a><a>suj</a><a>8</a><a>suj</a>
                </item>
                <item><a>5</a><a>des</a><a>de</a><a>P+D</a><a>P+D</a><a>n=p</a><a>4</a><a>dep</a><a>4</a><a>dep</a>
                </item>
                <item>
                    <a>6</a><a>Français</a><a>français</a><a>NC</a><a>NC</a><a>g=m</a><a>5</a><a>prep</a><a>5</a><a>prep</a>
                </item>
                <item><a>7</a><a>ne</a><a>ne</a><a>ADV</a><a>ADV</a><a></a><a>8</a><a>mod</a><a>8</a><a>mod</a></item>
                <item>
                    <a>8</a><a>sont</a><a>être</a><a>V</a><a>V</a><a>n=p|t=P|p=3</a><a>0</a><a>root</a><a>0</a><a>root</a>
                </item>
                <item><a>9</a><a>pas</a><a>pas</a><a>ADV</a><a>ADV</a><a></a><a>8</a><a>mod</a><a>8</a><a>mod</a></item>
                <item><a>10</a><a>si</a><a>_</a><a>ADV</a><a>ADV</a><a></a><a>11</a><a>mod</a><a>11</a><a>mod</a></item>
                <item>
                    <a>11</a><a>modernes</a><a>moderne</a><a>ADJ</a><a>ADJ</a><a>n=p</a><a>8</a><a>ats</a><a>8</a><a>ats</a>
                </item>
                <item><a>12</a><a>et</a><a>et</a><a>CC</a><a>CC</a><a></a><a>11</a><a>coord</a><a>11</a><a>coord</a>
                </item>
                <item>
                    <a>13</a><a>écologiques</a><a>écologique</a><a>ADJ</a><a>ADJ</a><a>n=p</a><a>12</a><a>dep_coord</a><a>12</a><a>dep_coord</a>
                </item>
                <item><a>14</a><a>.</a><a>.</a><a>PONCT</a><a>PONCT</a><a></a><a>13</a><a>ponct</a><a>13</a><a>ponct</a>
                </item>
                <item><a>15</a><a>§</a><a>§</a><a>PONCT</a><a>PONCT</a><a></a><a>13</a><a>ponct</a><a>13</a><a>ponct</a>
                </item>
            </p>
        </description>
        <description>
            <p type="description">
                <item><a>1</a><a>L'</a><a>le</a><a>DET</a><a>DET</a><a>n=s</a><a>2</a><a>det</a><a>2</a><a>det</a>
                </item>
                <item>
                    <a>2</a><a>introduction</a><a>introduction</a><a>NC</a><a>NC</a><a>n=s|g=f</a><a>6</a><a>suj</a><a>6</a><a>suj</a>
                </item>
                <item><a>3</a><a>de</a><a>de</a><a>P</a><a>P</a><a></a><a>2</a><a>dep</a><a>2</a><a>dep</a></item>
                <item>
                    <a>4</a><a>cette</a><a>cette</a><a>DET</a><a>DET</a><a>n=s|g=f</a><a>5</a><a>det</a><a>5</a><a>det</a>
                </item>
                <item>
                    <a>5</a><a>mesure</a><a>mesure</a><a>NC</a><a>NC</a><a>n=s|g=f</a><a>3</a><a>prep</a><a>3</a><a>prep</a>
                </item>
                <item>
                    <a>6</a><a>fait</a><a>faire</a><a>V</a><a>V</a><a>n=s|t=P|p=3</a><a>0</a><a>root</a><a>0</a><a>root</a>
                </item>
                <item>
                    <a>7</a><a>suite</a><a>suite</a><a>NC</a><a>NC</a><a>n=s|g=f</a><a>6</a><a>obj</a><a>6</a><a>obj</a>
                </item>
                <item><a>8</a><a>à</a><a>à</a><a>P</a><a>P</a><a></a><a>6</a><a>mod</a><a>6</a><a>mod</a></item>
                <item><a>9</a><a>un</a><a>un</a><a>DET</a><a>DET</a><a>n=s|g=m</a><a>10</a><a>det</a><a>10</a><a>det</a>
                </item>
                <item>
                    <a>10</a><a>scandale</a><a>scandale</a><a>NC</a><a>NC</a><a>n=s|g=m</a><a>8</a><a>prep</a><a>8</a><a>prep</a>
                </item>
                <item><a>11</a><a>lors</a><a>lors</a><a>ADV</a><a>ADV</a><a></a><a>6</a><a>mod</a><a>6</a><a>mod</a>
                </item>
                <item><a>12</a><a>de</a><a>de</a><a>P</a><a>P</a><a></a><a>6</a><a>mod</a><a>6</a><a>mod</a></item>
                <item><a>13</a><a>l'</a><a>le</a><a>DET</a><a>DET</a><a>n=s</a><a>14</a><a>det</a><a>14</a><a>det</a>
                </item>
                <item>
                    <a>14</a><a>élection</a><a>élection</a><a>NC</a><a>NC</a><a>n=s|g=f</a><a>12</a><a>prep</a><a>12</a><a>prep</a>
                </item>
                <item><a>15</a><a>du</a><a>de</a><a>P+D</a><a>P+D</a><a>n=s|g=m</a><a>6</a><a>mod</a><a>6</a><a>mod</a>
                </item>
                <item>
                    <a>16</a><a>premier</a><a>premier</a><a>ADJ</a><a>ADJ</a><a>n=s|g=m</a><a>17</a><a>mod</a><a>17</a><a>mod</a>
                </item>
                <item>
                    <a>17</a><a>maire</a><a>maire</a><a>NC</a><a>NC</a><a>n=s|g=m</a><a>15</a><a>prep</a><a>15</a><a>prep</a>
                </item>
                <item>
                    <a>18</a><a>musulman</a><a>musulman</a><a>ADJ</a><a>ADJ</a><a>n=s|g=m</a><a>17</a><a>mod</a><a>17</a><a>mod</a>
                </item>
                <item><a>19</a><a>d'</a><a>de</a><a>P</a><a>P</a><a></a><a>6</a><a>mod</a><a>6</a><a>mod</a></item>
                <item>
                    <a>20</a><a>un</a><a>un</a><a>DET</a><a>DET</a><a>n=s|g=m</a><a>21</a><a>det</a><a>21</a><a>det</a>
                </item>
                <item>
                    <a>21</a><a>district</a><a>district</a><a>NC</a><a>NC</a><a>n=s|g=m</a><a>19</a><a>prep</a><a>19</a><a>prep</a>
                </item>
                <item><a>22</a><a>du</a><a>de</a><a>P+D</a><a>P+D</a><a>n=s|g=m</a><a>6</a><a>mod</a><a>6</a><a>mod</a>
                </item>
                <item>
                    <a>23</a><a>Grand</a><a>Grand</a><a>NPP</a><a>NPP</a><a>n=s|g=m</a><a>22</a><a>prep</a><a>22</a><a>prep</a>
                </item>
                <item>
                    <a>24</a><a>Londres</a><a>Londres</a><a>NPP</a><a>NPP</a><a>n=s|g=m</a><a>23</a><a>mod</a><a>23</a><a>mod</a>
                </item>
                <item><a>25</a><a>.</a><a>.</a><a>PONCT</a><a>PONCT</a><a></a><a>24</a><a>ponct</a><a>24</a><a>ponct</a>
                </item>
                <item><a>26</a><a>§</a><a>§</a><a>PONCT</a><a>PONCT</a><a></a><a>24</a><a>ponct</a><a>24</a><a>ponct</a>
                </item>
            </p>
        </description>
        <description>
            <p type="description">
                <item><a>1</a><a>"</a><a>"</a><a>PONCT</a><a>PONCT</a><a></a><a>0</a><a>ponct</a><a>0</a><a>ponct</a>
                </item>
                <item><a>2</a><a>Pour</a><a>pour</a><a>P</a><a>P</a><a></a><a>8</a><a>mod</a><a>8</a><a>mod</a></item>
                <item>
                    <a>3</a><a>être</a><a>être</a><a>VINF</a><a>VINF</a><a>t=W</a><a>2</a><a>prep</a><a>2</a><a>prep</a>
                </item>
                <item>
                    <a>4</a><a>artiste</a><a>artiste</a><a>ADJ</a><a>ADJ</a><a>n=s</a><a>8</a><a>mod</a><a>8</a><a>mod</a>
                </item>
                <item>
                    <a>5</a><a>aujourd'hui</a><a>aujourd'hui</a><a>ADV</a><a>ADV</a><a></a><a>8</a><a>mod</a><a>8</a><a>mod</a>
                </item>
                <item><a>6</a><a>,</a><a>,</a><a>PONCT</a><a>PONCT</a><a></a><a>5</a><a>ponct</a><a>5</a><a>ponct</a>
                </item>
                <item>
                    <a>7</a><a>il</a><a>il</a><a>CLS</a><a>CLS</a><a>n=s|g=m|p=3</a><a>8</a><a>suj</a><a>8</a><a>suj</a>
                </item>
                <item>
                    <a>8</a><a>faut</a><a>falloir</a><a>V</a><a>V</a><a>n=s|t=P|p=3</a><a>0</a><a>root</a><a>0</a><a>root</a>
                </item>
                <item>
                    <a>9</a><a>avoir</a><a>avoir</a><a>VINF</a><a>VINF</a><a>t=W</a><a>8</a><a>obj</a><a>8</a><a>obj</a>
                </item>
                <item>
                    <a>10</a><a>confiance</a><a>confiance</a><a>NC</a><a>NC</a><a>n=s|g=f</a><a>9</a><a>obj</a><a>9</a><a>obj</a>
                </item>
                <item><a>11</a><a>en</a><a>en</a><a>P</a><a>P</a><a></a><a>9</a><a>mod</a><a>9</a><a>mod</a></item>
                <item>
                    <a>12</a><a>la</a><a>la</a><a>DET</a><a>DET</a><a>n=s|g=f</a><a>13</a><a>det</a><a>13</a><a>det</a>
                </item>
                <item>
                    <a>13</a><a>vie</a><a>vie</a><a>NC</a><a>NC</a><a>n=s|g=f</a><a>11</a><a>prep</a><a>11</a><a>prep</a>
                </item>
                <item><a>14</a><a>"</a><a>"</a><a>PONCT</a><a>PONCT</a><a></a><a>13</a><a>ponct</a><a>13</a><a>ponct</a>
                </item>
                <item><a>15</a><a>,</a><a>,</a><a>PONCT</a><a>PONCT</a><a></a><a>13</a><a>ponct</a><a>13</a><a>ponct</a>
                </item>
                <item><a>16</a><a>comme</a><a>comme</a><a>P</a><a>P</a><a></a><a>9</a><a>mod</a><a>9</a><a>mod</a>
                </item>
                <item>
                    <a>17</a><a>Camille</a><a>Camille</a><a>NPP</a><a>NPP</a><a>n=s</a><a>16</a><a>prep</a><a>16</a><a>prep</a>
                </item>
                <item>
                    <a>18</a><a>Martin</a><a>Martin</a><a>NPP</a><a>NPP</a><a>n=s|g=m</a><a>17</a><a>mod</a><a>17</a><a>mod</a>
                </item>
                <item><a>19</a><a>,</a><a>,</a><a>PONCT</a><a>PONCT</a><a></a><a>18</a><a>ponct</a><a>18</a><a>ponct</a>
                </item>
                <item>
                    <a>20</a><a>contrebassiste</a><a>contrebassiste</a><a>NC</a><a>NC</a><a>n=s</a><a>17</a><a>mod</a><a>17</a><a>mod</a>
                </item>
                <item><a>21</a><a>de</a><a>de</a><a>P</a><a>P</a><a></a><a>20</a><a>dep</a><a>20</a><a>dep</a></item>
                <item><a>22</a><a>22</a><a>22</a><a>ADJ</a><a>ADJ</a><a></a><a>23</a><a>mod</a><a>23</a><a>mod</a>
                </item>
                <item>
                    <a>23</a><a>ans</a><a>an</a><a>NC</a><a>NC</a><a>n=p|g=m</a><a>21</a><a>prep</a><a>21</a><a>prep</a>
                </item>
                <item><a>24</a><a>,</a><a>,</a><a>PONCT</a><a>PONCT</a><a></a><a>23</a><a>ponct</a><a>23</a><a>ponct</a>
                </item>
                <item>
                    <a>25</a><a>cinq</a><a>cinq</a><a>DET</a><a>DET</a><a>s=card|n=p</a><a>26</a><a>det</a><a>26</a><a>det</a>
                </item>
                <item>
                    <a>26</a><a>artistes</a><a>artiste</a><a>NC</a><a>NC</a><a>n=p</a><a>8</a><a>mod</a><a>8</a><a>mod</a>
                </item>
                <item><a>27</a><a>en</a><a>en</a><a>P</a><a>P</a><a></a><a>26</a><a>dep</a><a>26</a><a>dep</a></item>
                <item>
                    <a>28</a><a>formation</a><a>formation</a><a>NC</a><a>NC</a><a>n=s|g=f</a><a>27</a><a>prep</a><a>27</a><a>prep</a>
                </item>
                <item><a>29</a><a>-</a><a>-</a><a>PONCT</a><a>PONCT</a><a></a><a>28</a><a>ponct</a><a>28</a><a>ponct</a>
                </item>
                <item>
                    <a>30</a><a>danseurs</a><a>danseur</a><a>NC</a><a>NC</a><a>n=p|g=m</a><a>26</a><a>mod</a><a>26</a><a>mod</a>
                </item>
                <item><a>31</a><a>,</a><a>,</a><a>PONCT</a><a>PONCT</a><a></a><a>30</a><a>ponct</a><a>30</a><a>ponct</a>
                </item>
                <item>
                    <a>32</a><a>musiciens</a><a>musicien</a><a>NC</a><a>NC</a><a>n=p|g=m</a><a>26</a><a>mod</a><a>26</a><a>mod</a>
                </item>
                <item><a>33</a><a>,</a><a>,</a><a>PONCT</a><a>PONCT</a><a></a><a>32</a><a>ponct</a><a>32</a><a>ponct</a>
                </item>
                <item>
                    <a>34</a><a>chanteurs</a><a>chanteur</a><a>NC</a><a>NC</a><a>n=p|g=m</a><a>32</a><a>coord</a><a>32</a><a>coord</a>
                </item>
                <item><a>35</a><a>ou</a><a>ou</a><a>CC</a><a>CC</a><a></a><a>34</a><a>coord</a><a>34</a><a>coord</a>
                </item>
                <item>
                    <a>36</a><a>comédiens</a><a>comédien</a><a>NC</a><a>NC</a><a>n=p|g=m</a><a>35</a><a>dep_coord</a><a>35</a><a>dep_coord</a>
                </item>
                <item><a>37</a><a>-</a><a>-</a><a>PONCT</a><a>PONCT</a><a></a><a>36</a><a>ponct</a><a>36</a><a>ponct</a>
                </item>
                <item>
                    <a>38</a><a>racontent</a><a>raconter</a><a>V</a><a>V</a><a>n=p|t=P,S|p=3</a><a>8</a><a>mod</a><a>8</a><a>mod</a>
                </item>
                <item><a>39</a><a>ce</a><a>ce</a><a>PRO</a><a>PRO</a><a>n=s</a><a>38</a><a>obj</a><a>38</a><a>obj</a>
                </item>
                <item>
                    <a>40</a><a>qui</a><a>qui</a><a>PROREL</a><a>PROREL</a><a>n=s</a><a>42</a><a>suj</a><a>42</a><a>suj</a>
                </item>
                <item>
                    <a>41</a><a>les</a><a>les</a><a>CLO</a><a>CLO</a><a>n=p|p=3</a><a>42</a><a>obj</a><a>42</a><a>obj</a>
                </item>
                <item>
                    <a>42</a><a>motive</a><a>motiver</a><a>V</a><a>V</a><a>n=s|t=P,S|p=1,3</a><a>39</a><a>mod_rel</a><a>39</a><a>mod_rel</a>
                </item>
                <item><a>43</a><a>à</a><a>à</a><a>P</a><a>P</a><a></a><a>42</a><a>mod</a><a>42</a><a>mod</a></item>
                <item>
                    <a>44</a><a>prendre</a><a>prendre</a><a>VINF</a><a>VINF</a><a>t=W</a><a>43</a><a>prep</a><a>43</a><a>prep</a>
                </item>
                <item><a>45</a><a>le</a><a>le</a><a>DET</a><a>DET</a><a>n=s|g=m</a><a>0</a><a>_</a><a>0</a><a>_</a>
                </item>
                <item><a>46</a><a>devant</a><a>devoir</a><a>VPR</a><a>VPR</a><a>t=G</a><a>0</a><a>_</a><a>0</a><a>_</a>
                </item>
                <item><a>47</a><a>de</a><a>de</a><a>P</a><a>P</a><a></a><a>46</a><a>mod</a><a>46</a><a>mod</a></item>
                <item>
                    <a>48</a><a>la</a><a>la</a><a>DET</a><a>DET</a><a>n=s|g=f</a><a>49</a><a>det</a><a>49</a><a>det</a>
                </item>
                <item>
                    <a>49</a><a>scène</a><a>scène</a><a>NC</a><a>NC</a><a>n=s|g=f</a><a>47</a><a>prep</a><a>47</a><a>prep</a>
                </item>
                <item><a>50</a><a>,</a><a>,</a><a>PONCT</a><a>PONCT</a><a></a><a>49</a><a>ponct</a><a>49</a><a>ponct</a>
                </item>
                <item><a>51</a><a>à</a><a>à</a><a>P</a><a>P</a><a></a><a>46</a><a>mod</a><a>46</a><a>mod</a></item>
                <item><a>52</a><a>l'</a><a>le</a><a>DET</a><a>DET</a><a>n=s</a><a>53</a><a>det</a><a>53</a><a>det</a>
                </item>
                <item>
                    <a>53</a><a>aube</a><a>aube</a><a>NC</a><a>NC</a><a>n=s|g=f</a><a>51</a><a>prep</a><a>51</a><a>prep</a>
                </item>
                <item><a>54</a><a>de</a><a>de</a><a>P</a><a>P</a><a></a><a>46</a><a>mod</a><a>46</a><a>mod</a></item>
                <item>
                    <a>55</a><a>cette</a><a>cette</a><a>DET</a><a>DET</a><a>n=s|g=f</a><a>57</a><a>det</a><a>57</a><a>det</a>
                </item>
                <item>
                    <a>56</a><a>nouvelle</a><a>nouveau</a><a>ADJ</a><a>ADJ</a><a>n=s|g=f</a><a>57</a><a>mod</a><a>57</a><a>mod</a>
                </item>
                <item>
                    <a>57</a><a>année</a><a>année</a><a>NC</a><a>NC</a><a>n=s|g=f</a><a>54</a><a>prep</a><a>54</a><a>prep</a>
                </item>
                <item><a>58</a><a>.</a><a>.</a><a>PONCT</a><a>PONCT</a><a></a><a>57</a><a>ponct</a><a>57</a><a>ponct</a>
                </item>
                <item><a>59</a><a>§</a><a>§</a><a>PONCT</a><a>PONCT</a><a></a><a>57</a><a>ponct</a><a>57</a><a>ponct</a>
                </item>
            </p>
        </description>
        <description>
            <p type="description">
                <item><a>1</a><a>Alors</a><a>alors</a><a>ADV</a><a>ADV</a><a></a><a>2</a><a>mod</a><a>2</a><a>mod</a>
                </item>
                <item><a>2</a><a>que</a><a>que</a><a>CS</a><a>CS</a><a></a><a>0</a><a>root</a><a>0</a><a>root</a></item>
                <item><a>3</a><a>les</a><a>les</a><a>DET</a><a>DET</a><a>n=p</a><a>4</a><a>det</a><a>4</a><a>det</a>
                </item>
                <item>
                    <a>4</a><a>vacances</a><a>vacance</a><a>NC</a><a>NC</a><a>n=p|g=f</a><a>6</a><a>suj</a><a>6</a><a>suj</a>
                </item>
                <item><a>5</a><a>s'</a><a>se</a><a>CLR</a><a>CLR</a><a>n=p,s|p=3</a><a>6</a><a>aff</a><a>6</a><a>aff</a>
                </item>
                <item>
                    <a>6</a><a>achèvent</a><a>achever</a><a>V</a><a>V</a><a>n=p|t=P,S|p=3</a><a>2</a><a>sub</a><a>2</a><a>sub</a>
                </item>
                <item>
                    <a>7</a><a>habituellement</a><a>_</a><a>ADV</a><a>ADV</a><a></a><a>6</a><a>mod</a><a>6</a><a>mod</a>
                </item>
                <item><a>8</a><a>le</a><a>le</a><a>DET</a><a>DET</a><a>n=s|g=m</a><a>9</a><a>det</a><a>9</a><a>det</a>
                </item>
                <item>
                    <a>9</a><a>lundi</a><a>lundi</a><a>NC</a><a>NC</a><a>n=s|g=m</a><a>6</a><a>obj</a><a>6</a><a>obj</a>
                </item>
                <item><a>10</a><a>à</a><a>à</a><a>P</a><a>P</a><a></a><a>6</a><a>mod</a><a>6</a><a>mod</a></item>
                <item><a>11</a><a>8</a><a>8</a><a>ADJ</a><a>ADJ</a><a></a><a>12</a><a>mod</a><a>12</a><a>mod</a></item>
                <item>
                    <a>12</a><a>heures</a><a>heure</a><a>NC</a><a>NC</a><a>n=p|g=f</a><a>10</a><a>prep</a><a>10</a><a>prep</a>
                </item>
                <item><a>13</a><a>,</a><a>,</a><a>PONCT</a><a>PONCT</a><a></a><a>12</a><a>ponct</a><a>12</a><a>ponct</a>
                </item>
                <item><a>14</a><a>les</a><a>les</a><a>DET</a><a>DET</a><a>n=p</a><a>15</a><a>det</a><a>15</a><a>det</a>
                </item>
                <item>
                    <a>15</a><a>élèves</a><a>élève</a><a>NC</a><a>NC</a><a>n=p</a><a>17</a><a>suj</a><a>17</a><a>suj</a>
                </item>
                <item>
                    <a>16</a><a>ont</a><a>avoir</a><a>V</a><a>V</a><a>n=p|t=P|p=3</a><a>17</a><a>aux_tps</a><a>17</a><a>aux_tps</a>
                </item>
                <item>
                    <a>17</a><a>bénéficié</a><a>bénéficier</a><a>VPP</a><a>VPP</a><a>n=s|g=m|t=K</a><a>2</a><a>root</a><a>2</a><a>root</a>
                </item>
                <item><a>18</a><a>d'</a><a>de</a><a>P</a><a>P</a><a></a><a>17</a><a>mod</a><a>17</a><a>mod</a></item>
                <item>
                    <a>19</a><a>une</a><a>une</a><a>DET</a><a>DET</a><a>n=s|g=f</a><a>20</a><a>det</a><a>20</a><a>det</a>
                </item>
                <item>
                    <a>20</a><a>journée</a><a>journée</a><a>NC</a><a>NC</a><a>n=s|g=f</a><a>18</a><a>prep</a><a>18</a><a>prep</a>
                </item>
                <item>
                    <a>21</a><a>supplémentaire</a><a>supplémentaire</a><a>ADJ</a><a>ADJ</a><a>n=s</a><a>20</a><a>mod</a><a>20</a><a>mod</a>
                </item>
                <item><a>22</a><a>,</a><a>,</a><a>PONCT</a><a>PONCT</a><a></a><a>21</a><a>ponct</a><a>21</a><a>ponct</a>
                </item>
                <item><a>23</a><a>pour</a><a>pour</a><a>P</a><a>P</a><a></a><a>17</a><a>mod</a><a>17</a><a>mod</a>
                </item>
                <item><a>24</a><a>des</a><a>des</a><a>DET</a><a>DET</a><a>n=p</a><a>25</a><a>det</a><a>25</a><a>det</a>
                </item>
                <item>
                    <a>25</a><a>raisons</a><a>raison</a><a>NC</a><a>NC</a><a>n=p|g=f</a><a>23</a><a>prep</a><a>23</a><a>prep</a>
                </item>
                <item><a>26</a><a>de</a><a>de</a><a>P</a><a>P</a><a></a><a>17</a><a>mod</a><a>17</a><a>mod</a></item>
                <item><a>27</a><a>…</a><a>…</a><a>PONCT</a><a>PONCT</a><a></a><a>26</a><a>ponct</a><a>26</a><a>ponct</a>
                </item>
                <item>
                    <a>28</a><a>sécurité</a><a>sécurité</a><a>NC</a><a>NC</a><a>n=s|g=f</a><a>26</a><a>prep</a><a>26</a><a>prep</a>
                </item>
                <item>
                    <a>29</a><a>routière</a><a>routier</a><a>ADJ</a><a>ADJ</a><a>n=s|g=f</a><a>28</a><a>mod</a><a>28</a><a>mod</a>
                </item>
                <item><a>30</a><a>.</a><a>.</a><a>PONCT</a><a>PONCT</a><a></a><a>29</a><a>ponct</a><a>29</a><a>ponct</a>
                </item>
                <item><a>31</a><a>§</a><a>§</a><a>PONCT</a><a>PONCT</a><a></a><a>29</a><a>ponct</a><a>29</a><a>ponct</a>
                </item>
            </p>
        </description>
        <description>
            <p type="description">
                <item><a>1</a><a>L'</a><a>le</a><a>DET</a><a>DET</a><a>n=s</a><a>3</a><a>det</a><a>3</a><a>det</a>
                </item>
                <item>
                    <a>2</a><a>ancien</a><a>ancien</a><a>ADJ</a><a>ADJ</a><a>n=s|g=m</a><a>3</a><a>mod</a><a>3</a><a>mod</a>
                </item>
                <item>
                    <a>3</a><a>syndicaliste</a><a>syndicaliste</a><a>NC</a><a>NC</a><a>n=s</a><a>10</a><a>suj</a><a>10</a><a>suj</a>
                </item>
                <item><a>4</a><a>,</a><a>,</a><a>PONCT</a><a>PONCT</a><a></a><a>3</a><a>ponct</a><a>3</a><a>ponct</a>
                </item>
                <item><a>5</a><a>âgé</a><a>âgé</a><a>ADJ</a><a>ADJ</a><a>n=s|g=m</a><a>3</a><a>mod</a><a>3</a><a>mod</a>
                </item>
                <item><a>6</a><a>de</a><a>de</a><a>P</a><a>P</a><a></a><a>3</a><a>dep</a><a>3</a><a>dep</a></item>
                <item><a>7</a><a>60</a><a>60</a><a>ADJ</a><a>ADJ</a><a></a><a>8</a><a>mod</a><a>8</a><a>mod</a></item>
                <item><a>8</a><a>ans</a><a>an</a><a>NC</a><a>NC</a><a>n=p|g=m</a><a>6</a><a>prep</a><a>6</a><a>prep</a>
                </item>
                <item><a>9</a><a>,</a><a>,</a><a>PONCT</a><a>PONCT</a><a></a><a>8</a><a>ponct</a><a>8</a><a>ponct</a>
                </item>
                <item>
                    <a>10</a><a>souffrait</a><a>souffrir</a><a>V</a><a>V</a><a>n=s|t=I|p=3</a><a>0</a><a>root</a><a>0</a><a>root</a>
                </item>
                <item><a>11</a><a>d'</a><a>de</a><a>P</a><a>P</a><a></a><a>10</a><a>mod</a><a>10</a><a>mod</a></item>
                <item>
                    <a>12</a><a>une</a><a>une</a><a>DET</a><a>DET</a><a>n=s|g=f</a><a>13</a><a>det</a><a>13</a><a>det</a>
                </item>
                <item>
                    <a>13</a><a>leucémie</a><a>leucémie</a><a>NC</a><a>NC</a><a>n=s|g=f</a><a>11</a><a>prep</a><a>11</a><a>prep</a>
                </item>
                <item><a>14</a><a>,</a><a>,</a><a>PONCT</a><a>PONCT</a><a></a><a>13</a><a>ponct</a><a>13</a><a>ponct</a>
                </item>
                <item>
                    <a>15</a><a>diagnostiquée</a><a>diagnostiquer</a><a>VPP</a><a>VPP</a><a>n=s|g=f|t=K</a><a>13</a><a>mod</a><a>13</a><a>mod</a>
                </item>
                <item><a>16</a><a>en</a><a>en</a><a>P</a><a>P</a><a></a><a>15</a><a>mod</a><a>15</a><a>mod</a></item>
                <item>
                    <a>17</a><a>septembre</a><a>septembre</a><a>NC</a><a>NC</a><a>n=s|g=m</a><a>16</a><a>prep</a><a>16</a><a>prep</a>
                </item>
                <item><a>18</a><a>2015</a><a>2015</a><a>NC</a><a>NC</a><a></a><a>17</a><a>mod</a><a>17</a><a>mod</a>
                </item>
                <item><a>19</a><a>.</a><a>.</a><a>PONCT</a><a>PONCT</a><a></a><a>18</a><a>ponct</a><a>18</a><a>ponct</a>
                </item>
                <item><a>20</a><a>§</a><a>§</a><a>PONCT</a><a>PONCT</a><a></a><a>18</a><a>ponct</a><a>18</a><a>ponct</a>
                </item>
            </p>
        </description>
        <description>
            <p type="description">
                <item><a>1</a><a>Séance</a><a>séance</a><a>NC</a><a>NC</a><a>n=s|g=f</a><a>0</a><a>_</a><a>0</a><a>_</a>
                </item>
                <item><a>2</a><a>de</a><a>de</a><a>P</a><a>P</a><a></a><a>1</a><a>dep</a><a>1</a><a>dep</a></item>
                <item>
                    <a>3</a><a>lèche</a><a>lèche</a><a>NC</a><a>NC</a><a>n=s|g=f</a><a>2</a><a>prep</a><a>2</a><a>prep</a>
                </item>
                <item><a>4</a><a>-</a><a>-</a><a>PONCT</a><a>PONCT</a><a></a><a>3</a><a>ponct</a><a>3</a><a>ponct</a>
                </item>
                <item>
                    <a>5</a><a>vitrines</a><a>vitrine</a><a>NC</a><a>NC</a><a>n=p|g=f</a><a>0</a><a>_</a><a>0</a><a>_</a>
                </item>
                <item><a>6</a><a>le</a><a>le</a><a>DET</a><a>DET</a><a>n=s|g=m</a><a>7</a><a>det</a><a>7</a><a>det</a>
                </item>
                <item><a>7</a><a>soir</a><a>soir</a><a>NC</a><a>NC</a><a>n=s|g=m</a><a>0</a><a>_</a><a>0</a><a>_</a>
                </item>
                <item><a>8</a><a>de</a><a>de</a><a>P</a><a>P</a><a></a><a>7</a><a>dep</a><a>7</a><a>dep</a></item>
                <item><a>9</a><a>Noël</a><a>_</a><a>NPP</a><a>NPP</a><a></a><a>8</a><a>prep</a><a>8</a><a>prep</a>
                </item>
                <item><a>10</a><a>à</a><a>à</a><a>P</a><a>P</a><a></a><a>7</a><a>dep</a><a>7</a><a>dep</a></item>
                <item>
                    <a>11</a><a>la</a><a>la</a><a>DET</a><a>DET</a><a>n=s|g=f</a><a>12</a><a>det</a><a>12</a><a>det</a>
                </item>
                <item><a>12</a><a>Trump</a><a>_</a><a>NPP</a><a>NPP</a><a></a><a>10</a><a>prep</a><a>10</a><a>prep</a>
                </item>
                <item><a>13</a><a>Tower</a><a>_</a><a>NPP</a><a>NPP</a><a></a><a>12</a><a>mod</a><a>12</a><a>mod</a>
                </item>
                <item><a>14</a><a>,</a><a>,</a><a>PONCT</a><a>PONCT</a><a></a><a>13</a><a>ponct</a><a>13</a><a>ponct</a>
                </item>
                <item>
                    <a>15</a><a>repaire</a><a>repaire</a><a>NC</a><a>NC</a><a>n=s|g=m</a><a>12</a><a>mod</a><a>12</a><a>mod</a>
                </item>
                <item>
                    <a>16</a><a>clinquant</a><a>clinquer</a><a>VPR</a><a>VPR</a><a>t=G</a><a>15</a><a>mod</a><a>15</a><a>mod</a>
                </item>
                <item><a>17</a><a>à</a><a>à</a><a>P</a><a>P</a><a></a><a>16</a><a>mod</a><a>16</a><a>mod</a></item>
                <item>
                    <a>18</a><a>la</a><a>la</a><a>DET</a><a>DET</a><a>n=s|g=f</a><a>19</a><a>det</a><a>19</a><a>det</a>
                </item>
                <item>
                    <a>19</a><a>gloire</a><a>gloire</a><a>NC</a><a>NC</a><a>n=s|g=f</a><a>17</a><a>prep</a><a>17</a><a>prep</a>
                </item>
                <item>
                    <a>20</a><a>du</a><a>de</a><a>P+D</a><a>P+D</a><a>n=s|g=m</a><a>19</a><a>dep</a><a>19</a><a>dep</a>
                </item>
                <item>
                    <a>21</a><a>nouveau</a><a>nouveau</a><a>ADJ</a><a>ADJ</a><a>n=s|g=m</a><a>22</a><a>mod</a><a>22</a><a>mod</a>
                </item>
                <item>
                    <a>22</a><a>président</a><a>président</a><a>NC</a><a>NC</a><a>n=s|g=m</a><a>20</a><a>prep</a><a>20</a><a>prep</a>
                </item>
                <item><a>23</a><a>des</a><a>de</a><a>P+D</a><a>P+D</a><a>n=p</a><a>22</a><a>dep</a><a>22</a><a>dep</a>
                </item>
                <item>
                    <a>24</a><a>États</a><a>État</a><a>NC</a><a>NC</a><a>n=p|g=m</a><a>23</a><a>prep</a><a>23</a><a>prep</a>
                </item>
                <item><a>25</a><a>-</a><a>-</a><a>PONCT</a><a>PONCT</a><a></a><a>24</a><a>ponct</a><a>24</a><a>ponct</a>
                </item>
                <item>
                    <a>26</a><a>Unis</a><a>uni</a><a>ADJ</a><a>ADJ</a><a>n=p|g=m|t=K</a><a>24</a><a>mod</a><a>24</a><a>mod</a>
                </item>
                <item><a>27</a><a>.</a><a>.</a><a>PONCT</a><a>PONCT</a><a></a><a>26</a><a>ponct</a><a>26</a><a>ponct</a>
                </item>
                <item><a>28</a><a>§</a><a>§</a><a>PONCT</a><a>PONCT</a><a></a><a>26</a><a>ponct</a><a>26</a><a>ponct</a>
                </item>
            </p>
        </description>
        <description>
            <p type="description">
                <item><a>1</a><a>Dans</a><a>dans</a><a>P</a><a>P</a><a></a><a>12</a><a>mod</a><a>12</a><a>mod</a></item>
                <item>
                    <a>2</a><a>son</a><a>son</a><a>DET</a><a>DET</a><a>n=s|g=m|p=3|poss=s</a><a>3</a><a>det</a><a>3</a><a>det</a>
                </item>
                <item>
                    <a>3</a><a>bilan</a><a>bilan</a><a>NC</a><a>NC</a><a>n=s|g=m</a><a>1</a><a>prep</a><a>1</a><a>prep</a>
                </item>
                <item><a>4</a><a>,</a><a>,</a><a>PONCT</a><a>PONCT</a><a></a><a>3</a><a>ponct</a><a>3</a><a>ponct</a>
                </item>
                <item><a>5</a><a>le</a><a>le</a><a>DET</a><a>DET</a><a>n=s|g=m</a><a>7</a><a>det</a><a>7</a><a>det</a>
                </item>
                <item>
                    <a>6</a><a>nouveau</a><a>nouveau</a><a>ADJ</a><a>ADJ</a><a>n=s|g=m</a><a>7</a><a>mod</a><a>7</a><a>mod</a>
                </item>
                <item>
                    <a>7</a><a>ministre</a><a>ministre</a><a>NC</a><a>NC</a><a>n=s|g=m</a><a>12</a><a>suj</a><a>12</a><a>suj</a>
                </item>
                <item><a>8</a><a>de</a><a>de</a><a>P</a><a>P</a><a></a><a>7</a><a>dep</a><a>7</a><a>dep</a></item>
                <item><a>9</a><a>l'</a><a>le</a><a>DET</a><a>DET</a><a>n=s</a><a>10</a><a>det</a><a>10</a><a>det</a>
                </item>
                <item>
                    <a>10</a><a>intérieur</a><a>intérieur</a><a>NC</a><a>NC</a><a>n=s|g=m</a><a>8</a><a>prep</a><a>8</a><a>prep</a>
                </item>
                <item>
                    <a>11</a><a>a</a><a>avoir</a><a>V</a><a>V</a><a>n=s|t=P|p=3</a><a>12</a><a>aux_tps</a><a>12</a><a>aux_tps</a>
                </item>
                <item>
                    <a>12</a><a>donné</a><a>donner</a><a>VPP</a><a>VPP</a><a>n=s|g=m|t=K</a><a>0</a><a>root</a><a>0</a><a>root</a>
                </item>
                <item>
                    <a>13</a><a>le</a><a>le</a><a>DET</a><a>DET</a><a>n=s|g=m</a><a>14</a><a>det</a><a>14</a><a>det</a>
                </item>
                <item>
                    <a>14</a><a>chiffre</a><a>chiffre</a><a>NC</a><a>NC</a><a>n=s|g=m</a><a>12</a><a>obj</a><a>12</a><a>obj</a>
                </item>
                <item><a>15</a><a>des</a><a>de</a><a>P+D</a><a>P+D</a><a>n=p</a><a>12</a><a>mod</a><a>12</a><a>mod</a>
                </item>
                <item><a>16</a><a>"</a><a>"</a><a>PONCT</a><a>PONCT</a><a></a><a>15</a><a>ponct</a><a>15</a><a>ponct</a>
                </item>
                <item>
                    <a>17</a><a>mises</a><a>mettre</a><a>VPP</a><a>VPP</a><a>n=p|g=f|t=K</a><a>12</a><a>mod</a><a>12</a><a>mod</a>
                </item>
                <item><a>18</a><a>à</a><a>à</a><a>P</a><a>P</a><a></a><a>17</a><a>mod</a><a>17</a><a>mod</a></item>
                <item>
                    <a>19</a><a>feu</a><a>feu</a><a>NC</a><a>NC</a><a>n=s|g=m</a><a>18</a><a>prep</a><a>18</a><a>prep</a>
                </item>
                <item><a>20</a><a>"</a><a>"</a><a>PONCT</a><a>PONCT</a><a></a><a>19</a><a>ponct</a><a>19</a><a>ponct</a>
                </item>
                <item>
                    <a>21</a><a>plutôt</a><a>plutôt</a><a>ADV</a><a>ADV</a><a></a><a>12</a><a>mod</a><a>12</a><a>mod</a>
                </item>
                <item><a>22</a><a>que</a><a>que</a><a>CS</a><a>CS</a><a></a><a>12</a><a>mod</a><a>12</a><a>mod</a>
                </item>
                <item>
                    <a>23</a><a>le</a><a>le</a><a>DET</a><a>DET</a><a>n=s|g=m</a><a>24</a><a>det</a><a>24</a><a>det</a>
                </item>
                <item>
                    <a>24</a><a>nombre</a><a>nombre</a><a>NC</a><a>NC</a><a>n=s|g=m</a><a>0</a><a>_</a><a>0</a><a>_</a>
                </item>
                <item><a>25</a><a>de</a><a>de</a><a>P</a><a>P</a><a></a><a>24</a><a>dep</a><a>24</a><a>dep</a></item>
                <item>
                    <a>26</a><a>véhicules</a><a>véhicule</a><a>NC</a><a>NC</a><a>n=p|g=m</a><a>25</a><a>prep</a><a>25</a><a>prep</a>
                </item>
                <item>
                    <a>27</a><a>incendiés</a><a>incendier</a><a>VPP</a><a>VPP</a><a>n=p|g=m|t=K</a><a>26</a><a>mod</a><a>26</a><a>mod</a>
                </item>
                <item><a>28</a><a>,</a><a>,</a><a>PONCT</a><a>PONCT</a><a></a><a>27</a><a>ponct</a><a>27</a><a>ponct</a>
                </item>
                <item><a>29</a><a>moins</a><a>moins</a><a>ADV</a><a>ADV</a><a></a><a>30</a><a>mod</a><a>30</a><a>mod</a>
                </item>
                <item>
                    <a>30</a><a>favorable</a><a>favorable</a><a>ADJ</a><a>ADJ</a><a>n=s</a><a>24</a><a>mod</a><a>24</a><a>mod</a>
                </item>
                <item><a>31</a><a>.</a><a>.</a><a>PONCT</a><a>PONCT</a><a></a><a>30</a><a>ponct</a><a>30</a><a>ponct</a>
                </item>
                <item><a>32</a><a>§</a><a>§</a><a>PONCT</a><a>PONCT</a><a></a><a>30</a><a>ponct</a><a>30</a><a>ponct</a>
                </item>
            </p>
        </description>
        <description>
            <p type="description">
                <item>
                    <a>1</a><a>Rythmée</a><a>rythmer</a><a>VPP</a><a>VPP</a><a>n=s|g=f|t=K</a><a>8</a><a>mod</a><a>8</a><a>mod</a>
                </item>
                <item><a>2</a><a>par</a><a>par</a><a>P</a><a>P</a><a></a><a>1</a><a>mod</a><a>1</a><a>mod</a></item>
                <item><a>3</a><a>des</a><a>des</a><a>DET</a><a>DET</a><a>n=p</a><a>4</a><a>det</a><a>4</a><a>det</a>
                </item>
                <item>
                    <a>4</a><a>élections</a><a>élection</a><a>NC</a><a>NC</a><a>n=p|g=f</a><a>2</a><a>prep</a><a>2</a><a>prep</a>
                </item>
                <item><a>5</a><a>,</a><a>,</a><a>PONCT</a><a>PONCT</a><a></a><a>4</a><a>ponct</a><a>4</a><a>ponct</a>
                </item>
                <item><a>6</a><a>l'</a><a>le</a><a>DET</a><a>DET</a><a>n=s</a><a>7</a><a>det</a><a>7</a><a>det</a>
                </item>
                <item>
                    <a>7</a><a>année</a><a>année</a><a>NC</a><a>NC</a><a>n=s|g=f</a><a>8</a><a>suj</a><a>8</a><a>suj</a>
                </item>
                <item>
                    <a>8</a><a>sera</a><a>être</a><a>V</a><a>V</a><a>n=s|t=F|p=3</a><a>0</a><a>root</a><a>0</a><a>root</a>
                </item>
                <item>
                    <a>9</a><a>surtout</a><a>surtout</a><a>ADV</a><a>ADV</a><a></a><a>8</a><a>mod</a><a>8</a><a>mod</a>
                </item>
                <item>
                    <a>10</a><a>politique</a><a>politique</a><a>ADJ</a><a>ADJ</a><a>n=s</a><a>8</a><a>ats</a><a>8</a><a>ats</a>
                </item>
                <item><a>11</a><a>.</a><a>.</a><a>PONCT</a><a>PONCT</a><a></a><a>10</a><a>ponct</a><a>10</a><a>ponct</a>
                </item>
            </p>
            <p type="description">
                <item><a>1</a><a>Mais</a><a>mais</a><a>CC</a><a>CC</a><a></a><a>0</a><a>root</a><a>0</a><a>root</a>
                </item>
                <item><a>2</a><a>la</a><a>la</a><a>DET</a><a>DET</a><a>n=s|g=f</a><a>3</a><a>det</a><a>3</a><a>det</a>
                </item>
                <item>
                    <a>3</a><a>hausse</a><a>hausse</a><a>NC</a><a>NC</a><a>n=s|g=f</a><a>12</a><a>suj</a><a>12</a><a>suj</a>
                </item>
                <item><a>4</a><a>des</a><a>de</a><a>P+D</a><a>P+D</a><a>n=p</a><a>3</a><a>dep</a><a>3</a><a>dep</a>
                </item>
                <item><a>5</a><a>taux</a><a>taux</a><a>NC</a><a>NC</a><a>g=m</a><a>4</a><a>prep</a><a>4</a><a>prep</a>
                </item>
                <item><a>6</a><a>et</a><a>et</a><a>CC</a><a>CC</a><a></a><a>3</a><a>coord</a><a>3</a><a>coord</a></item>
                <item><a>7</a><a>le</a><a>le</a><a>DET</a><a>DET</a><a>n=s|g=m</a><a>8</a><a>det</a><a>8</a><a>det</a>
                </item>
                <item>
                    <a>8</a><a>retour</a><a>retour</a><a>NC</a><a>NC</a><a>n=s|g=m</a><a>6</a><a>dep_coord</a><a>6</a><a>dep_coord</a>
                </item>
                <item><a>9</a><a>de</a><a>de</a><a>P</a><a>P</a><a></a><a>8</a><a>dep</a><a>8</a><a>dep</a></item>
                <item><a>10</a><a>l'</a><a>le</a><a>DET</a><a>DET</a><a>n=s</a><a>11</a><a>det</a><a>11</a><a>det</a>
                </item>
                <item>
                    <a>11</a><a>inflation</a><a>inflation</a><a>NC</a><a>NC</a><a>n=s|g=f</a><a>9</a><a>prep</a><a>9</a><a>prep</a>
                </item>
                <item>
                    <a>12</a><a>pourraient</a><a>pouvoir</a><a>V</a><a>V</a><a>n=p|t=C|p=3</a><a>1</a><a>dep_coord</a><a>1</a><a>dep_coord</a>
                </item>
                <item>
                    <a>13</a><a>fragiliser</a><a>fragiliser</a><a>VINF</a><a>VINF</a><a>t=W</a><a>12</a><a>obj</a><a>12</a><a>obj</a>
                </item>
                <item>
                    <a>14</a><a>la</a><a>la</a><a>DET</a><a>DET</a><a>n=s|g=f</a><a>15</a><a>det</a><a>15</a><a>det</a>
                </item>
                <item>
                    <a>15</a><a>croissance</a><a>croissance</a><a>NC</a><a>NC</a><a>n=s|g=f</a><a>13</a><a>obj</a><a>13</a><a>obj</a>
                </item>
                <item><a>16</a><a>.</a><a>.</a><a>PONCT</a><a>PONCT</a><a></a><a>15</a><a>ponct</a><a>15</a><a>ponct</a>
                </item>
                <item><a>17</a><a>§</a><a>§</a><a>PONCT</a><a>PONCT</a><a></a><a>15</a><a>ponct</a><a>15</a><a>ponct</a>
                </item>
            </p>
        </description>
        <description>
            <p type="description">
                <item>
                    <a>1</a><a>Douze</a><a>douze</a><a>DET</a><a>DET</a><a>s=card|n=p</a><a>2</a><a>det</a><a>2</a><a>det</a>
                </item>
                <item>
                    <a>2</a><a>gardiens</a><a>gardien</a><a>NC</a><a>NC</a><a>n=p|g=m</a><a>11</a><a>suj</a><a>11</a><a>suj</a>
                </item>
                <item><a>3</a><a>de</a><a>de</a><a>P</a><a>P</a><a></a><a>2</a><a>dep</a><a>2</a><a>dep</a></item>
                <item><a>4</a><a>l'</a><a>le</a><a>DET</a><a>DET</a><a>n=s</a><a>5</a><a>det</a><a>5</a><a>det</a>
                </item>
                <item>
                    <a>5</a><a>établissement</a><a>établissement</a><a>NC</a><a>NC</a><a>n=s|g=m</a><a>3</a><a>prep</a><a>3</a><a>prep</a>
                </item>
                <item><a>6</a><a>et</a><a>et</a><a>CC</a><a>CC</a><a></a><a>2</a><a>coord</a><a>2</a><a>coord</a></item>
                <item>
                    <a>7</a><a>soixante-quatorze</a><a>soixante-quatorze</a><a>ADJ</a><a>ADJ</a><a></a><a>8</a><a>mod</a><a>8</a><a>mod</a>
                </item>
                <item>
                    <a>8</a><a>détenus</a><a>détenir</a><a>VPP</a><a>VPP</a><a>n=p|g=m|t=K</a><a>2</a><a>mod</a><a>2</a><a>mod</a>
                </item>
                <item>
                    <a>9</a><a>ont</a><a>avoir</a><a>V</a><a>V</a><a>n=p|t=P|p=3</a><a>11</a><a>aux_tps</a><a>11</a><a>aux_tps</a>
                </item>
                <item>
                    <a>10</a><a>été</a><a>être</a><a>VPP</a><a>VPP</a><a>t=K</a><a>11</a><a>aux_pass</a><a>11</a><a>aux_pass</a>
                </item>
                <item>
                    <a>11</a><a>pris</a><a>prendre</a><a>VPP</a><a>VPP</a><a>g=m|t=K</a><a>0</a><a>root</a><a>0</a><a>root</a>
                </item>
                <item><a>12</a><a>en</a><a>en</a><a>P</a><a>P</a><a></a><a>11</a><a>mod</a><a>11</a><a>mod</a></item>
                <item>
                    <a>13</a><a>otage</a><a>otage</a><a>NC</a><a>NC</a><a>n=s|g=m</a><a>12</a><a>prep</a><a>12</a><a>prep</a>
                </item>
                <item><a>14</a><a>.</a><a>.</a><a>PONCT</a><a>PONCT</a><a></a><a>13</a><a>ponct</a><a>13</a><a>ponct</a>
                </item>
                <item><a>15</a><a>§</a><a>§</a><a>PONCT</a><a>PONCT</a><a></a><a>13</a><a>ponct</a><a>13</a><a>ponct</a>
                </item>
            </p>
        </description>
    </file>
    <file type="titre" name="2017/01/03/19-00-00/0,2-3208,1-0,0.xml">
        <titre>
            <p type="titre">
                <item>
                    <a>1</a><a>Peillon</a><a>Peillon</a><a>NPP</a><a>NPP</a><a>n=s|g=m</a><a>4</a><a>suj</a><a>4</a><a>suj</a>
                </item>
                <item><a>2</a><a>et</a><a>et</a><a>CC</a><a>CC</a><a></a><a>1</a><a>coord</a><a>1</a><a>coord</a></item>
                <item>
                    <a>3</a><a>Valls</a><a>_</a><a>NPP</a><a>NPP</a><a></a><a>2</a><a>dep_coord</a><a>2</a><a>dep_coord</a>
                </item>
                <item>
                    <a>4</a><a>présentent</a><a>présenter</a><a>V</a><a>V</a><a>n=p|t=P,S|p=3</a><a>0</a><a>root</a><a>0</a><a>root</a>
                </item>
                <item>
                    <a>5</a><a>leurs</a><a>leurs</a><a>DET</a><a>DET</a><a>n=p|p=3|poss=p</a><a>6</a><a>det</a><a>6</a><a>det</a>
                </item>
                <item>
                    <a>6</a><a>programmes</a><a>programme</a><a>NC</a><a>NC</a><a>n=p|g=m</a><a>4</a><a>obj</a><a>4</a><a>obj</a>
                </item>
                <item><a>7</a><a>.</a><a>.</a><a>PONCT</a><a>PONCT</a><a></a><a>6</a><a>ponct</a><a>6</a><a>ponct</a>
                </item>
                <item><a>8</a><a>§</a><a>§</a><a>PONCT</a><a>PONCT</a><a></a><a>6</a><a>ponct</a><a>6</a><a>ponct</a>
                </item>
            </p>
        </titre>
        <titre>
            <p type="titre">
                <item>
                    <a>1</a><a>Attentat</a><a>attentat</a><a>NC</a><a>NC</a><a>n=s|g=m</a><a>16</a><a>mod</a><a>16</a><a>mod</a>
                </item>
                <item><a>2</a><a>d'</a><a>de</a><a>P</a><a>P</a><a></a><a>1</a><a>dep</a><a>1</a><a>dep</a></item>
                <item><a>3</a><a>Istanbul</a><a>_</a><a>NPP</a><a>NPP</a><a></a><a>2</a><a>prep</a><a>2</a><a>prep</a>
                </item>
                <item><a>4</a><a>:</a><a>:</a><a>PONCT</a><a>PONCT</a><a></a><a>3</a><a>ponct</a><a>3</a><a>ponct</a>
                </item>
                <item><a>5</a><a>le</a><a>le</a><a>DET</a><a>DET</a><a>n=s|g=m</a><a>6</a><a>det</a><a>6</a><a>det</a>
                </item>
                <item>
                    <a>6</a><a>profil</a><a>profil</a><a>NC</a><a>NC</a><a>n=s|g=m</a><a>16</a><a>suj</a><a>16</a><a>suj</a>
                </item>
                <item><a>7</a><a>de</a><a>de</a><a>P</a><a>P</a><a></a><a>6</a><a>dep</a><a>6</a><a>dep</a></item>
                <item><a>8</a><a>l'</a><a>le</a><a>DET</a><a>DET</a><a>n=s</a><a>9</a><a>det</a><a>9</a><a>det</a>
                </item>
                <item>
                    <a>9</a><a>assaillant</a><a>assaillant</a><a>NC</a><a>NC</a><a>n=s|g=m</a><a>7</a><a>prep</a><a>7</a><a>prep</a>
                </item>
                <item><a>10</a><a>,</a><a>,</a><a>PONCT</a><a>PONCT</a><a></a><a>9</a><a>ponct</a><a>9</a><a>ponct</a>
                </item>
                <item>
                    <a>11</a><a>toujours</a><a>toujours</a><a>ADV</a><a>ADV</a><a></a><a>12</a><a>mod</a><a>12</a><a>mod</a>
                </item>
                <item><a>12</a><a>en</a><a>en</a><a>P</a><a>P</a><a></a><a>6</a><a>dep</a><a>6</a><a>dep</a></item>
                <item>
                    <a>13</a><a>fuite</a><a>fuite</a><a>NC</a><a>NC</a><a>n=s|g=f</a><a>12</a><a>prep</a><a>12</a><a>prep</a>
                </item>
                <item><a>14</a><a>,</a><a>,</a><a>PONCT</a><a>PONCT</a><a></a><a>13</a><a>ponct</a><a>13</a><a>ponct</a>
                </item>
                <item>
                    <a>15</a><a>se</a><a>se</a><a>CLR</a><a>CLR</a><a>n=p,s|p=3</a><a>16</a><a>aff</a><a>16</a><a>aff</a>
                </item>
                <item>
                    <a>16</a><a>précise</a><a>préciser</a><a>V</a><a>V</a><a>n=s|t=P,S|p=1,3</a><a>0</a><a>root</a><a>0</a><a>root</a>
                </item>
                <item><a>17</a><a>.</a><a>.</a><a>PONCT</a><a>PONCT</a><a></a><a>16</a><a>ponct</a><a>16</a><a>ponct</a>
                </item>
                <item><a>18</a><a>§</a><a>§</a><a>PONCT</a><a>PONCT</a><a></a><a>16</a><a>ponct</a><a>16</a><a>ponct</a>
                </item>
            </p>
        </titre>
        <titre>
            <p type="titre">
                <item><a>1</a><a>L'</a><a>le</a><a>DET</a><a>DET</a><a>n=s</a><a>2</a><a>det</a><a>2</a><a>det</a>
                </item>
                <item>
                    <a>2</a><a>ambassadeur</a><a>ambassadeur</a><a>NC</a><a>NC</a><a>n=s|g=m</a><a>8</a><a>suj</a><a>8</a><a>suj</a>
                </item>
                <item>
                    <a>3</a><a>britannique</a><a>britannique</a><a>ADJ</a><a>ADJ</a><a>n=s</a><a>2</a><a>mod</a><a>2</a><a>mod</a>
                </item>
                <item><a>4</a><a>auprès</a><a>auprès</a><a>ADV</a><a>ADV</a><a></a><a>5</a><a>mod</a><a>5</a><a>mod</a>
                </item>
                <item><a>5</a><a>de</a><a>de</a><a>P</a><a>P</a><a></a><a>2</a><a>dep</a><a>2</a><a>dep</a></item>
                <item><a>6</a><a>l'</a><a>le</a><a>DET</a><a>DET</a><a>n=s</a><a>7</a><a>det</a><a>7</a><a>det</a>
                </item>
                <item>
                    <a>7</a><a>UE</a><a>Union_Européenne</a><a>NPP</a><a>NPP</a><a>n=s|g=f</a><a>5</a><a>prep</a><a>5</a><a>prep</a>
                </item>
                <item>
                    <a>8</a><a>démissionne</a><a>démissionner</a><a>V</a><a>V</a><a>n=s|t=P,S|p=1,3</a><a>0</a><a>root</a><a>0</a><a>root</a>
                </item>
                <item><a>9</a><a>à</a><a>à</a><a>P</a><a>P</a><a></a><a>8</a><a>mod</a><a>8</a><a>mod</a></item>
                <item>
                    <a>10</a><a>trois</a><a>trois</a><a>DET</a><a>DET</a><a>s=card|n=p</a><a>11</a><a>det</a><a>11</a><a>det</a>
                </item>
                <item><a>11</a><a>mois</a><a>mois</a><a>NC</a><a>NC</a><a>g=m</a><a>9</a><a>prep</a><a>9</a><a>prep</a>
                </item>
                <item><a>12</a><a>du</a><a>de</a><a>P+D</a><a>P+D</a><a>n=s|g=m</a><a>8</a><a>mod</a><a>8</a><a>mod</a>
                </item>
                <item><a>13</a><a>Brexit</a><a>_</a><a>NPP</a><a>NPP</a><a></a><a>12</a><a>prep</a><a>12</a><a>prep</a>
                </item>
                <item><a>14</a><a>.</a><a>.</a><a>PONCT</a><a>PONCT</a><a></a><a>13</a><a>ponct</a><a>13</a><a>ponct</a>
                </item>
                <item><a>15</a><a>§</a><a>§</a><a>PONCT</a><a>PONCT</a><a></a><a>13</a><a>ponct</a><a>13</a><a>ponct</a>
                </item>
            </p>
        </titre>
        <titre>
            <p type="titre">
                <item>
                    <a>1</a><a>Quatre</a><a>quatre</a><a>DET</a><a>DET</a><a>s=card|n=p</a><a>2</a><a>det</a><a>2</a><a>det</a>
                </item>
                <item>
                    <a>2</a><a>supporteurs</a><a>supporter</a><a>NC</a><a>NC</a><a>n=p</a><a>0</a><a>_</a><a>0</a><a>_</a>
                </item>
                <item><a>3</a><a>de</a><a>de</a><a>P</a><a>P</a><a></a><a>2</a><a>dep</a><a>2</a><a>dep</a></item>
                <item>
                    <a>4</a><a>Chelsea</a><a>Chelsea</a><a>NPP</a><a>NPP</a><a>n=s|g=f</a><a>3</a><a>prep</a><a>3</a><a>prep</a>
                </item>
                <item>
                    <a>5</a><a>condamnés</a><a>condamner</a><a>VPP</a><a>VPP</a><a>n=p|g=m|t=K</a><a>2</a><a>mod</a><a>2</a><a>mod</a>
                </item>
                <item><a>6</a><a>pour</a><a>pour</a><a>P</a><a>P</a><a></a><a>5</a><a>mod</a><a>5</a><a>mod</a></item>
                <item>
                    <a>7</a><a>violence</a><a>violence</a><a>NC</a><a>NC</a><a>n=s|g=f</a><a>6</a><a>prep</a><a>6</a><a>prep</a>
                </item>
                <item>
                    <a>8</a><a>raciste</a><a>raciste</a><a>ADJ</a><a>ADJ</a><a>n=s</a><a>7</a><a>mod</a><a>7</a><a>mod</a>
                </item>
                <item><a>9</a><a>.</a><a>.</a><a>PONCT</a><a>PONCT</a><a></a><a>8</a><a>ponct</a><a>8</a><a>ponct</a>
                </item>
                <item><a>10</a><a>§</a><a>§</a><a>PONCT</a><a>PONCT</a><a></a><a>8</a><a>ponct</a><a>8</a><a>ponct</a>
                </item>
            </p>
        </titre>
        <titre>
            <p type="titre">
                <item>
                    <a>1</a><a>Cédric</a><a>Cédric</a><a>NPP</a><a>NPP</a><a>n=s|g=m</a><a>11</a><a>suj</a><a>11</a><a>suj</a>
                </item>
                <item><a>2</a><a>Villani</a><a>_</a><a>NPP</a><a>NPP</a><a></a><a>1</a><a>mod</a><a>1</a><a>mod</a>
                </item>
                <item><a>3</a><a>:</a><a>:</a><a>PONCT</a><a>PONCT</a><a></a><a>2</a><a>ponct</a><a>2</a><a>ponct</a>
                </item>
                <item><a>4</a><a>"</a><a>"</a><a>PONCT</a><a>PONCT</a><a></a><a>2</a><a>ponct</a><a>2</a><a>ponct</a>
                </item>
                <item><a>5</a><a>Plus</a><a>plus</a><a>ADV</a><a>ADV</a><a></a><a>6</a><a>mod</a><a>6</a><a>mod</a>
                </item>
                <item><a>6</a><a>que</a><a>que</a><a>CS</a><a>CS</a><a></a><a>11</a><a>mod</a><a>11</a><a>mod</a></item>
                <item>
                    <a>7</a><a>jamais</a><a>jamais</a><a>ADV</a><a>ADV</a><a></a><a>11</a><a>mod</a><a>11</a><a>mod</a>
                </item>
                <item><a>8</a><a>,</a><a>,</a><a>PONCT</a><a>PONCT</a><a></a><a>7</a><a>ponct</a><a>7</a><a>ponct</a>
                </item>
                <item><a>9</a><a>l'</a><a>le</a><a>DET</a><a>DET</a><a>n=s</a><a>10</a><a>det</a><a>10</a><a>det</a>
                </item>
                <item>
                    <a>10</a><a>école</a><a>école</a><a>NC</a><a>NC</a><a>n=s|g=f</a><a>11</a><a>suj</a><a>11</a><a>suj</a>
                </item>
                <item>
                    <a>11</a><a>doit</a><a>devoir</a><a>V</a><a>V</a><a>n=s|t=P|p=3</a><a>0</a><a>root</a><a>0</a><a>root</a>
                </item>
                <item>
                    <a>12</a><a>s'</a><a>se</a><a>CLR</a><a>CLR</a><a>n=p,s|p=3</a><a>13</a><a>aff</a><a>13</a><a>aff</a>
                </item>
                <item>
                    <a>13</a><a>ouvrir</a><a>ouvrir</a><a>VINF</a><a>VINF</a><a>t=W</a><a>11</a><a>obj</a><a>11</a><a>obj</a>
                </item>
                <item><a>14</a><a>au</a><a>à</a><a>P+D</a><a>P+D</a><a>n=s|g=m</a><a>13</a><a>mod</a><a>13</a><a>mod</a>
                </item>
                <item>
                    <a>15</a><a>monde</a><a>monde</a><a>NC</a><a>NC</a><a>n=s|g=m</a><a>14</a><a>prep</a><a>14</a><a>prep</a>
                </item>
                <item><a>16</a><a>"</a><a>"</a><a>PONCT</a><a>PONCT</a><a></a><a>15</a><a>ponct</a><a>15</a><a>ponct</a>
                </item>
                <item><a>17</a><a>.</a><a>.</a><a>PONCT</a><a>PONCT</a><a></a><a>15</a><a>ponct</a><a>15</a><a>ponct</a>
                </item>
            </p>
            <p type="titre">
                <item><a>1</a><a>§</a><a>§</a><a>PONCT</a><a>PONCT</a><a></a><a>0</a><a>ponct</a><a>0</a><a>ponct</a>
                </item>
            </p>
        </titre>
        <titre>
            <p type="titre">
                <item><a>1</a><a>La</a><a>la</a><a>DET</a><a>DET</a><a>n=s|g=f</a><a>2</a><a>det</a><a>2</a><a>det</a>
                </item>
                <item>
                    <a>2</a><a>population</a><a>population</a><a>NC</a><a>NC</a><a>n=s|g=f</a><a>0</a><a>_</a><a>0</a><a>_</a>
                </item>
                <item>
                    <a>3</a><a>française</a><a>français</a><a>ADJ</a><a>ADJ</a><a>n=s|g=f</a><a>2</a><a>mod</a><a>2</a><a>mod</a>
                </item>
                <item><a>4</a><a>en</a><a>en</a><a>P</a><a>P</a><a></a><a>2</a><a>dep</a><a>2</a><a>dep</a></item>
                <item>
                    <a>5</a><a>croissance</a><a>croissance</a><a>NC</a><a>NC</a><a>n=s|g=f</a><a>4</a><a>prep</a><a>4</a><a>prep</a>
                </item>
                <item>
                    <a>6</a><a>surtout</a><a>surtout</a><a>ADV</a><a>ADV</a><a></a><a>2</a><a>mod</a><a>2</a><a>mod</a>
                </item>
                <item><a>7</a><a>dans</a><a>dans</a><a>P</a><a>P</a><a></a><a>2</a><a>dep</a><a>2</a><a>dep</a></item>
                <item><a>8</a><a>les</a><a>les</a><a>DET</a><a>DET</a><a>n=p</a><a>9</a><a>det</a><a>9</a><a>det</a>
                </item>
                <item>
                    <a>9</a><a>villes</a><a>ville</a><a>NC</a><a>NC</a><a>n=p|g=f</a><a>7</a><a>prep</a><a>7</a><a>prep</a>
                </item>
                <item>
                    <a>10</a><a>moyennes</a><a>moyen</a><a>ADJ</a><a>ADJ</a><a>n=p|g=f</a><a>9</a><a>mod</a><a>9</a><a>mod</a>
                </item>
                <item><a>11</a><a>.</a><a>.</a><a>PONCT</a><a>PONCT</a><a></a><a>10</a><a>ponct</a><a>10</a><a>ponct</a>
                </item>
                <item><a>12</a><a>§</a><a>§</a><a>PONCT</a><a>PONCT</a><a></a><a>10</a><a>ponct</a><a>10</a><a>ponct</a>
                </item>
            </p>
        </titre>
        <titre>
            <p type="titre">
                <item><a>1</a><a>Ford</a><a>_</a><a>NPP</a><a>NPP</a><a></a><a>2</a><a>suj</a><a>2</a><a>suj</a></item>
                <item>
                    <a>2</a><a>renonce</a><a>renoncer</a><a>V</a><a>V</a><a>n=s|t=P,S|p=1,3</a><a>0</a><a>root</a><a>0</a><a>root</a>
                </item>
                <item><a>3</a><a>à</a><a>à</a><a>P</a><a>P</a><a></a><a>2</a><a>mod</a><a>2</a><a>mod</a></item>
                <item>
                    <a>4</a><a>construire</a><a>construire</a><a>VINF</a><a>VINF</a><a>t=W</a><a>3</a><a>prep</a><a>3</a><a>prep</a>
                </item>
                <item><a>5</a><a>une</a><a>une</a><a>DET</a><a>DET</a><a>n=s|g=f</a><a>6</a><a>det</a><a>6</a><a>det</a>
                </item>
                <item>
                    <a>6</a><a>usine</a><a>usine</a><a>NC</a><a>NC</a><a>n=s|g=f</a><a>4</a><a>obj</a><a>4</a><a>obj</a>
                </item>
                <item><a>7</a><a>au</a><a>à</a><a>P+D</a><a>P+D</a><a>n=s|g=m</a><a>4</a><a>mod</a><a>4</a><a>mod</a>
                </item>
                <item>
                    <a>8</a><a>Mexique</a><a>Mexique</a><a>NPP</a><a>NPP</a><a>n=s|g=m</a><a>7</a><a>prep</a><a>7</a><a>prep</a>
                </item>
                <item><a>9</a><a>et</a><a>et</a><a>CC</a><a>CC</a><a></a><a>2</a><a>coord</a><a>2</a><a>coord</a></item>
                <item>
                    <a>10</a><a>investit</a><a>investir</a><a>V</a><a>V</a><a>n=s|t=J,P|p=3</a><a>9</a><a>dep_coord</a><a>9</a><a>dep_coord</a>
                </item>
                <item><a>11</a><a>au</a><a>à</a><a>P+D</a><a>P+D</a><a>n=s|g=m</a><a>10</a><a>mod</a><a>10</a><a>mod</a>
                </item>
                <item>
                    <a>12</a><a>Michigan</a><a>Michigan</a><a>NPP</a><a>NPP</a><a>n=s|g=m</a><a>11</a><a>prep</a><a>11</a><a>prep</a>
                </item>
                <item><a>13</a><a>.</a><a>.</a><a>PONCT</a><a>PONCT</a><a></a><a>12</a><a>ponct</a><a>12</a><a>ponct</a>
                </item>
                <item><a>14</a><a>§</a><a>§</a><a>PONCT</a><a>PONCT</a><a></a><a>12</a><a>ponct</a><a>12</a><a>ponct</a>
                </item>
            </p>
        </titre>
        <titre>
            <p type="titre">
                <item>
                    <a>1</a><a>Pollution</a><a>pollution</a><a>NC</a><a>NC</a><a>n=s|g=f</a><a>0</a><a>_</a><a>0</a><a>_</a>
                </item>
                <item><a>2</a><a>:</a><a>:</a><a>PONCT</a><a>PONCT</a><a></a><a>1</a><a>ponct</a><a>1</a><a>ponct</a>
                </item>
                <item>
                    <a>3</a><a>trois</a><a>trois</a><a>DET</a><a>DET</a><a>s=card|n=p</a><a>4</a><a>det</a><a>4</a><a>det</a>
                </item>
                <item>
                    <a>4</a><a>questions</a><a>question</a><a>NC</a><a>NC</a><a>n=p|g=f</a><a>0</a><a>_</a><a>0</a><a>_</a>
                </item>
                <item><a>5</a><a>sur</a><a>sur</a><a>P</a><a>P</a><a></a><a>4</a><a>dep</a><a>4</a><a>dep</a></item>
                <item><a>6</a><a>la</a><a>la</a><a>DET</a><a>DET</a><a>n=s|g=f</a><a>7</a><a>det</a><a>7</a><a>det</a>
                </item>
                <item>
                    <a>7</a><a>vignette</a><a>vignette</a><a>NC</a><a>NC</a><a>n=s|g=f</a><a>5</a><a>prep</a><a>5</a><a>prep</a>
                </item>
                <item><a>8</a><a>Crit</a><a>_</a><a>NPP</a><a>NPP</a><a></a><a>7</a><a>mod</a><a>7</a><a>mod</a></item>
                <item><a>9</a><a>'</a><a>'</a><a>PONCT</a><a>PONCT</a><a></a><a>8</a><a>ponct</a><a>8</a><a>ponct</a>
                </item>
                <item><a>10</a><a>Air</a><a>air</a><a>NC</a><a>NC</a><a>n=s|g=m</a><a>7</a><a>mod</a><a>7</a><a>mod</a>
                </item>
                <item><a>11</a><a>,</a><a>,</a><a>PONCT</a><a>PONCT</a><a></a><a>10</a><a>ponct</a><a>10</a><a>ponct</a>
                </item>
                <item>
                    <a>12</a><a>obligatoire</a><a>obligatoire</a><a>ADJ</a><a>ADJ</a><a>n=s</a><a>10</a><a>mod</a><a>10</a><a>mod</a>
                </item>
                <item><a>13</a><a>en</a><a>en</a><a>P</a><a>P</a><a></a><a>10</a><a>dep</a><a>10</a><a>dep</a></item>
                <item>
                    <a>14</a><a>janvier</a><a>janvier</a><a>NC</a><a>NC</a><a>n=s|g=m</a><a>13</a><a>prep</a><a>13</a><a>prep</a>
                </item>
                <item><a>15</a><a>.</a><a>.</a><a>PONCT</a><a>PONCT</a><a></a><a>14</a><a>ponct</a><a>14</a><a>ponct</a>
                </item>
                <item><a>16</a><a>§</a><a>§</a><a>PONCT</a><a>PONCT</a><a></a><a>14</a><a>ponct</a><a>14</a><a>ponct</a>
                </item>
            </p>
        </titre>
        <titre>
            <p type="titre">
                <item>
                    <a>1</a><a>Programme</a><a>programme</a><a>NC</a><a>NC</a><a>n=s|g=m</a><a>0</a><a>_</a><a>0</a><a>_</a>
                </item>
                <item>
                    <a>2</a><a>Erasmus</a><a>Erasmus</a><a>NPP</a><a>NPP</a><a>n=s|g=m</a><a>1</a><a>mod</a><a>1</a><a>mod</a>
                </item>
                <item><a>3</a><a>,</a><a>,</a><a>PONCT</a><a>PONCT</a><a></a><a>2</a><a>ponct</a><a>2</a><a>ponct</a>
                </item>
                <item>
                    <a>4</a><a>quel</a><a>quel</a><a>DETWH</a><a>DETWH</a><a>n=s|g=m</a><a>5</a><a>det</a><a>5</a><a>det</a>
                </item>
                <item>
                    <a>5</a><a>bilan</a><a>bilan</a><a>NC</a><a>NC</a><a>n=s|g=m</a><a>1</a><a>mod</a><a>1</a><a>mod</a>
                </item>
                <item><a>6</a><a>après</a><a>après</a><a>P</a><a>P</a><a></a><a>5</a><a>dep</a><a>5</a><a>dep</a></item>
                <item>
                    <a>7</a><a>trente</a><a>trente</a><a>DET</a><a>DET</a><a>s=card|n=p</a><a>8</a><a>det</a><a>8</a><a>det</a>
                </item>
                <item><a>8</a><a>ans</a><a>an</a><a>NC</a><a>NC</a><a>n=p|g=m</a><a>6</a><a>prep</a><a>6</a><a>prep</a>
                </item>
                <item><a>9</a><a>d'</a><a>de</a><a>P</a><a>P</a><a></a><a>5</a><a>dep</a><a>5</a><a>dep</a></item>
                <item>
                    <a>10</a><a>existence</a><a>existence</a><a>NC</a><a>NC</a><a>n=s|g=f</a><a>9</a><a>prep</a><a>9</a><a>prep</a>
                </item>
                <item><a>11</a><a>?</a><a>?</a><a>PONCT</a><a>PONCT</a><a></a><a>10</a><a>ponct</a><a>10</a><a>ponct</a>
                </item>
                <item><a>12</a><a>§</a><a>§</a><a>PONCT</a><a>PONCT</a><a></a><a>10</a><a>ponct</a><a>10</a><a>ponct</a>
                </item>
            </p>
        </titre>
        <titre>
            <p type="titre">
                <item><a>1</a><a>Le</a><a>le</a><a>DET</a><a>DET</a><a>n=s|g=m</a><a>2</a><a>det</a><a>2</a><a>det</a>
                </item>
                <item>
                    <a>2</a><a>gouvernement</a><a>gouvernement</a><a>NC</a><a>NC</a><a>n=s|g=m</a><a>4</a><a>suj</a><a>4</a><a>suj</a>
                </item>
                <item>
                    <a>3</a><a>allemand</a><a>allemand</a><a>ADJ</a><a>ADJ</a><a>n=s|g=m</a><a>2</a><a>mod</a><a>2</a><a>mod</a>
                </item>
                <item>
                    <a>4</a><a>envisage</a><a>envisager</a><a>V</a><a>V</a><a>n=s|t=P,S|p=1,3</a><a>0</a><a>root</a><a>0</a><a>root</a>
                </item>
                <item><a>5</a><a>une</a><a>une</a><a>DET</a><a>DET</a><a>n=s|g=f</a><a>6</a><a>det</a><a>6</a><a>det</a>
                </item>
                <item>
                    <a>6</a><a>réforme</a><a>réforme</a><a>NC</a><a>NC</a><a>n=s|g=f</a><a>4</a><a>obj</a><a>4</a><a>obj</a>
                </item>
                <item><a>7</a><a>des</a><a>de</a><a>P+D</a><a>P+D</a><a>n=p</a><a>6</a><a>dep</a><a>6</a><a>dep</a>
                </item>
                <item>
                    <a>8</a><a>services</a><a>service</a><a>NC</a><a>NC</a><a>n=p|g=m</a><a>7</a><a>prep</a><a>7</a><a>prep</a>
                </item>
                <item><a>9</a><a>de</a><a>de</a><a>P</a><a>P</a><a></a><a>8</a><a>dep</a><a>8</a><a>dep</a></item>
                <item>
                    <a>10</a><a>renseignement</a><a>renseignement</a><a>NC</a><a>NC</a><a>n=s|g=m</a><a>9</a><a>prep</a><a>9</a><a>prep</a>
                </item>
                <item><a>11</a><a>.</a><a>.</a><a>PONCT</a><a>PONCT</a><a></a><a>10</a><a>ponct</a><a>10</a><a>ponct</a>
                </item>
                <item><a>12</a><a>§</a><a>§</a><a>PONCT</a><a>PONCT</a><a></a><a>10</a><a>ponct</a><a>10</a><a>ponct</a>
                </item>
            </p>
        </titre>
        <titre>
            <p type="titre">
                <item><a>1</a><a>"</a><a>"</a><a>PONCT</a><a>PONCT</a><a></a><a>0</a><a>ponct</a><a>0</a><a>ponct</a>
                </item>
            </p>
            <p type="titre">
                <item><a>1</a><a>Les</a><a>les</a><a>DET</a><a>DET</a><a>n=p</a><a>2</a><a>det</a><a>2</a><a>det</a>
                </item>
                <item>
                    <a>2</a><a>règles</a><a>règle</a><a>NC</a><a>NC</a><a>n=p|g=f</a><a>8</a><a>suj</a><a>8</a><a>suj</a>
                </item>
                <item><a>3</a><a>de</a><a>de</a><a>P</a><a>P</a><a></a><a>2</a><a>dep</a><a>2</a><a>dep</a></item>
                <item><a>4</a><a>la</a><a>la</a><a>DET</a><a>DET</a><a>n=s|g=f</a><a>5</a><a>det</a><a>5</a><a>det</a>
                </item>
                <item>
                    <a>5</a><a>location</a><a>location</a><a>NC</a><a>NC</a><a>n=s|g=f</a><a>3</a><a>prep</a><a>3</a><a>prep</a>
                </item>
                <item>
                    <a>6</a><a>meublée</a><a>meubler</a><a>VPP</a><a>VPP</a><a>n=s|g=f|t=K</a><a>5</a><a>mod</a><a>5</a><a>mod</a>
                </item>
                <item>
                    <a>7</a><a>occasionnelle</a><a>occasionnel</a><a>ADJ</a><a>ADJ</a><a>n=s|g=f</a><a>6</a><a>mod</a><a>6</a><a>mod</a>
                </item>
                <item>
                    <a>8</a><a>changent</a><a>changer</a><a>V</a><a>V</a><a>n=p|t=P,S|p=3</a><a>0</a><a>root</a><a>0</a><a>root</a>
                </item>
                <item><a>9</a><a>en</a><a>en</a><a>P</a><a>P</a><a></a><a>8</a><a>mod</a><a>8</a><a>mod</a></item>
                <item><a>10</a><a>2017</a><a>2017</a><a>NC</a><a>NC</a><a></a><a>9</a><a>prep</a><a>9</a><a>prep</a>
                </item>
                <item><a>11</a><a>"</a><a>"</a><a>PONCT</a><a>PONCT</a><a></a><a>10</a><a>ponct</a><a>10</a><a>ponct</a>
                </item>
                <item><a>12</a><a>.</a><a>.</a><a>PONCT</a><a>PONCT</a><a></a><a>10</a><a>ponct</a><a>10</a><a>ponct</a>
                </item>
            </p>
            <p type="titre">
                <item><a>1</a><a>§</a><a>§</a><a>PONCT</a><a>PONCT</a><a></a><a>0</a><a>ponct</a><a>0</a><a>ponct</a>
                </item>
            </p>
        </titre>
        <titre>
            <p type="titre">
                <item>
                    <a>1</a><a>Académie</a><a>académie</a><a>NC</a><a>NC</a><a>n=s|g=f</a><a>0</a><a>_</a><a>0</a><a>_</a>
                </item>
                <item><a>2</a><a>de</a><a>de</a><a>P</a><a>P</a><a></a><a>1</a><a>dep</a><a>1</a><a>dep</a></item>
                <item>
                    <a>3</a><a>Poitiers</a><a>Poitiers</a><a>NPP</a><a>NPP</a><a>n=s|g=m</a><a>2</a><a>prep</a><a>2</a><a>prep</a>
                </item>
                <item><a>4</a><a>:</a><a>:</a><a>PONCT</a><a>PONCT</a><a></a><a>3</a><a>ponct</a><a>3</a><a>ponct</a>
                </item>
                <item>
                    <a>5</a><a>rejet</a><a>rejet</a><a>NC</a><a>NC</a><a>n=s|g=m</a><a>1</a><a>mod</a><a>1</a><a>mod</a>
                </item>
                <item><a>6</a><a>d'</a><a>de</a><a>P</a><a>P</a><a></a><a>5</a><a>dep</a><a>5</a><a>dep</a></item>
                <item><a>7</a><a>une</a><a>une</a><a>DET</a><a>DET</a><a>n=s|g=f</a><a>8</a><a>det</a><a>8</a><a>det</a>
                </item>
                <item>
                    <a>8</a><a>requête</a><a>requête</a><a>NC</a><a>NC</a><a>n=s|g=f</a><a>6</a><a>prep</a><a>6</a><a>prep</a>
                </item>
                <item><a>9</a><a>contre</a><a>contre</a><a>P</a><a>P</a><a></a><a>5</a><a>dep</a><a>5</a><a>dep</a>
                </item>
                <item>
                    <a>10</a><a>un</a><a>un</a><a>DET</a><a>DET</a><a>n=s|g=m</a><a>11</a><a>det</a><a>11</a><a>det</a>
                </item>
                <item>
                    <a>11</a><a>document</a><a>document</a><a>NC</a><a>NC</a><a>n=s|g=m</a><a>9</a><a>prep</a><a>9</a><a>prep</a>
                </item>
                <item><a>12</a><a>sur</a><a>sur</a><a>P</a><a>P</a><a></a><a>5</a><a>dep</a><a>5</a><a>dep</a></item>
                <item>
                    <a>13</a><a>la</a><a>la</a><a>DET</a><a>DET</a><a>n=s|g=f</a><a>14</a><a>det</a><a>14</a><a>det</a>
                </item>
                <item>
                    <a>14</a><a>radicalisation</a><a>radicalisation</a><a>NC</a><a>NC</a><a>n=s|g=f</a><a>12</a><a>prep</a><a>12</a><a>prep</a>
                </item>
                <item><a>15</a><a>.</a><a>.</a><a>PONCT</a><a>PONCT</a><a></a><a>14</a><a>ponct</a><a>14</a><a>ponct</a>
                </item>
                <item><a>16</a><a>§</a><a>§</a><a>PONCT</a><a>PONCT</a><a></a><a>14</a><a>ponct</a><a>14</a><a>ponct</a>
                </item>
            </p>
        </titre>
        <titre>
            <p type="titre">
                <item><a>1</a><a>En</a><a>en</a><a>P</a><a>P</a><a></a><a>6</a><a>mod</a><a>6</a><a>mod</a></item>
                <item>
                    <a>2</a><a>Espagne</a><a>Espagne</a><a>NPP</a><a>NPP</a><a>n=s|g=f</a><a>1</a><a>prep</a><a>1</a><a>prep</a>
                </item>
                <item><a>3</a><a>,</a><a>,</a><a>PONCT</a><a>PONCT</a><a></a><a>2</a><a>ponct</a><a>2</a><a>ponct</a>
                </item>
                <item><a>4</a><a>les</a><a>les</a><a>DET</a><a>DET</a><a>n=p</a><a>5</a><a>det</a><a>5</a><a>det</a>
                </item>
                <item><a>5</a><a>ONG</a><a>_</a><a>NC</a><a>NC</a><a></a><a>6</a><a>suj</a><a>6</a><a>suj</a></item>
                <item>
                    <a>6</a><a>dénoncent</a><a>dénoncer</a><a>V</a><a>V</a><a>n=p|t=P,S|p=3</a><a>0</a><a>root</a><a>0</a><a>root</a>
                </item>
                <item><a>7</a><a>les</a><a>les</a><a>DET</a><a>DET</a><a>n=p</a><a>8</a><a>det</a><a>8</a><a>det</a>
                </item>
                <item>
                    <a>8</a><a>expulsions</a><a>expulsion</a><a>NC</a><a>NC</a><a>n=p|g=f</a><a>6</a><a>obj</a><a>6</a><a>obj</a>
                </item>
                <item>
                    <a>9</a><a>automatiques</a><a>automatique</a><a>ADJ</a><a>ADJ</a><a>n=p</a><a>8</a><a>mod</a><a>8</a><a>mod</a>
                </item>
                <item><a>10</a><a>à</a><a>à</a><a>P</a><a>P</a><a></a><a>6</a><a>mod</a><a>6</a><a>mod</a></item>
                <item>
                    <a>11</a><a>la</a><a>la</a><a>DET</a><a>DET</a><a>n=s|g=f</a><a>12</a><a>det</a><a>12</a><a>det</a>
                </item>
                <item>
                    <a>12</a><a>frontière</a><a>frontière</a><a>NC</a><a>NC</a><a>n=s|g=f</a><a>10</a><a>prep</a><a>10</a><a>prep</a>
                </item>
                <item>
                    <a>13</a><a>marocaine</a><a>marocain</a><a>ADJ</a><a>ADJ</a><a>n=s|g=f</a><a>12</a><a>mod</a><a>12</a><a>mod</a>
                </item>
                <item><a>14</a><a>.</a><a>.</a><a>PONCT</a><a>PONCT</a><a></a><a>13</a><a>ponct</a><a>13</a><a>ponct</a>
                </item>
                <item><a>15</a><a>§</a><a>§</a><a>PONCT</a><a>PONCT</a><a></a><a>13</a><a>ponct</a><a>13</a><a>ponct</a>
                </item>
            </p>
        </titre>
        <titre>
            <p type="titre">
                <item><a>1</a><a>Top</a><a>top</a><a>NC</a><a>NC</a><a>n=s|g=m</a><a>7</a><a>mod</a><a>7</a><a>mod</a>
                </item>
                <item><a>2</a><a>14</a><a>14</a><a>ADJ</a><a>ADJ</a><a></a><a>1</a><a>mod</a><a>1</a><a>mod</a></item>
                <item><a>3</a><a>:</a><a>:</a><a>PONCT</a><a>PONCT</a><a></a><a>2</a><a>ponct</a><a>2</a><a>ponct</a>
                </item>
                <item><a>4</a><a>le</a><a>le</a><a>DET</a><a>DET</a><a>n=s|g=m</a><a>5</a><a>det</a><a>5</a><a>det</a>
                </item>
                <item><a>5</a><a>Racing</a><a>_</a><a>NC</a><a>NC</a><a></a><a>7</a><a>suj</a><a>7</a><a>suj</a></item>
                <item><a>6</a><a>92</a><a>92</a><a>NC</a><a>NC</a><a></a><a>5</a><a>mod</a><a>5</a><a>mod</a></item>
                <item>
                    <a>7</a><a>entend</a><a>entendre</a><a>V</a><a>V</a><a>n=s|t=P|p=3</a><a>0</a><a>root</a><a>0</a><a>root</a>
                </item>
                <item>
                    <a>8</a><a>poursuivre</a><a>poursuivre</a><a>VINF</a><a>VINF</a><a>t=W</a><a>7</a><a>obj</a><a>7</a><a>obj</a>
                </item>
                <item>
                    <a>9</a><a>Johan</a><a>Johan</a><a>NPP</a><a>NPP</a><a>n=s|g=m</a><a>8</a><a>obj</a><a>8</a><a>obj</a>
                </item>
                <item><a>10</a><a>Goosen</a><a>_</a><a>NPP</a><a>NPP</a><a></a><a>9</a><a>mod</a><a>9</a><a>mod</a>
                </item>
                <item><a>11</a><a>devant</a><a>devant</a><a>P</a><a>P</a><a></a><a>8</a><a>mod</a><a>8</a><a>mod</a>
                </item>
                <item>
                    <a>12</a><a>la</a><a>la</a><a>DET</a><a>DET</a><a>n=s|g=f</a><a>13</a><a>det</a><a>13</a><a>det</a>
                </item>
                <item>
                    <a>13</a><a>justice</a><a>justice</a><a>NC</a><a>NC</a><a>n=s|g=f</a><a>11</a><a>prep</a><a>11</a><a>prep</a>
                </item>
                <item><a>14</a><a>.</a><a>.</a><a>PONCT</a><a>PONCT</a><a></a><a>13</a><a>ponct</a><a>13</a><a>ponct</a>
                </item>
                <item><a>15</a><a>§</a><a>§</a><a>PONCT</a><a>PONCT</a><a></a><a>13</a><a>ponct</a><a>13</a><a>ponct</a>
                </item>
            </p>
        </titre>
        <titre>
            <p type="titre">
                <item><a>1</a><a>Yémen</a><a>Yémen</a><a>NPP</a><a>NPP</a><a>n=s|g=m</a><a>0</a><a>_</a><a>0</a><a>_</a>
                </item>
                <item><a>2</a><a>:</a><a>:</a><a>PONCT</a><a>PONCT</a><a></a><a>1</a><a>ponct</a><a>1</a><a>ponct</a>
                </item>
                <item><a>3</a><a>16</a><a>16</a><a>ADJ</a><a>ADJ</a><a></a><a>4</a><a>mod</a><a>4</a><a>mod</a></item>
                <item>
                    <a>4</a><a>soldats</a><a>soldat</a><a>NC</a><a>NC</a><a>n=p|g=m</a><a>1</a><a>mod</a><a>1</a><a>mod</a>
                </item>
                <item>
                    <a>5</a><a>tués</a><a>tuer</a><a>VPP</a><a>VPP</a><a>n=p|g=m|t=K</a><a>4</a><a>mod</a><a>4</a><a>mod</a>
                </item>
                <item><a>6</a><a>dans</a><a>dans</a><a>P</a><a>P</a><a></a><a>5</a><a>mod</a><a>5</a><a>mod</a></item>
                <item><a>7</a><a>des</a><a>des</a><a>DET</a><a>DET</a><a>n=p</a><a>8</a><a>det</a><a>8</a><a>det</a>
                </item>
                <item>
                    <a>8</a><a>combats</a><a>combat</a><a>NC</a><a>NC</a><a>n=p|g=m</a><a>6</a><a>prep</a><a>6</a><a>prep</a>
                </item>
                <item><a>9</a><a>contre</a><a>contre</a><a>P</a><a>P</a><a></a><a>5</a><a>mod</a><a>5</a><a>mod</a>
                </item>
                <item>
                    <a>10</a><a>Al</a><a>Al</a><a>NPP</a><a>NPP</a><a>n=s|g=m</a><a>9</a><a>prep</a><a>9</a><a>prep</a>
                </item>
                <item><a>11</a><a>-</a><a>-</a><a>PONCT</a><a>PONCT</a><a></a><a>10</a><a>ponct</a><a>10</a><a>ponct</a>
                </item>
                <item><a>12</a><a>Qaida</a><a>_</a><a>NPP</a><a>NPP</a><a></a><a>10</a><a>mod</a><a>10</a><a>mod</a>
                </item>
                <item><a>13</a><a>et</a><a>et</a><a>CC</a><a>CC</a><a></a><a>4</a><a>coord</a><a>4</a><a>coord</a>
                </item>
                <item><a>14</a><a>les</a><a>les</a><a>DET</a><a>DET</a><a>n=p</a><a>15</a><a>det</a><a>15</a><a>det</a>
                </item>
                <item>
                    <a>15</a><a>rebelles</a><a>rebelle</a><a>NC</a><a>NC</a><a>n=p</a><a>13</a><a>dep_coord</a><a>13</a><a>dep_coord</a>
                </item>
                <item><a>16</a><a>.</a><a>.</a><a>PONCT</a><a>PONCT</a><a></a><a>15</a><a>ponct</a><a>15</a><a>ponct</a>
                </item>
                <item><a>17</a><a>§</a><a>§</a><a>PONCT</a><a>PONCT</a><a></a><a>15</a><a>ponct</a><a>15</a><a>ponct</a>
                </item>
            </p>
        </titre>
        <titre>
            <p type="titre">
                <item><a>1</a><a>Un</a><a>un</a><a>DET</a><a>DET</a><a>n=s|g=m</a><a>2</a><a>det</a><a>2</a><a>det</a>
                </item>
                <item><a>2</a><a>time</a><a>_</a><a>NC</a><a>NC</a><a></a><a>5</a><a>suj</a><a>5</a><a>suj</a></item>
                <item><a>3</a><a>-</a><a>-</a><a>PONCT</a><a>PONCT</a><a></a><a>2</a><a>ponct</a><a>2</a><a>ponct</a>
                </item>
                <item><a>4</a><a>lapse</a><a>_</a><a>NC</a><a>NC</a><a></a><a>2</a><a>mod</a><a>2</a><a>mod</a></item>
                <item>
                    <a>5</a><a>montre</a><a>montrer</a><a>V</a><a>V</a><a>n=s|t=P,S|p=1,3</a><a>0</a><a>root</a><a>0</a><a>root</a>
                </item>
                <item>
                    <a>6</a><a>Pékin</a><a>Pékin</a><a>NPP</a><a>NPP</a><a>n=s|g=m</a><a>5</a><a>obj</a><a>5</a><a>obj</a>
                </item>
                <item>
                    <a>7</a><a>disparaître</a><a>disparaître</a><a>VINF</a><a>VINF</a><a>t=W</a><a>5</a><a>mod</a><a>5</a><a>mod</a>
                </item>
                <item><a>8</a><a>dans</a><a>dans</a><a>P</a><a>P</a><a></a><a>7</a><a>mod</a><a>7</a><a>mod</a></item>
                <item><a>9</a><a>un</a><a>un</a><a>DET</a><a>DET</a><a>n=s|g=m</a><a>10</a><a>det</a><a>10</a><a>det</a>
                </item>
                <item>
                    <a>10</a><a>nuage</a><a>nuage</a><a>NC</a><a>NC</a><a>n=s|g=m</a><a>8</a><a>prep</a><a>8</a><a>prep</a>
                </item>
                <item><a>11</a><a>de</a><a>de</a><a>P</a><a>P</a><a></a><a>7</a><a>mod</a><a>7</a><a>mod</a></item>
                <item>
                    <a>12</a><a>pollution</a><a>pollution</a><a>NC</a><a>NC</a><a>n=s|g=f</a><a>11</a><a>prep</a><a>11</a><a>prep</a>
                </item>
                <item><a>13</a><a>.</a><a>.</a><a>PONCT</a><a>PONCT</a><a></a><a>12</a><a>ponct</a><a>12</a><a>ponct</a>
                </item>
                <item><a>14</a><a>§</a><a>§</a><a>PONCT</a><a>PONCT</a><a></a><a>12</a><a>ponct</a><a>12</a><a>ponct</a>
                </item>
            </p>
        </titre>
        <titre>
            <p type="titre">
                <item><a>1</a><a>Mort</a><a>mort</a><a>NC</a><a>NC</a><a>n=s|g=f,m</a><a>0</a><a>_</a><a>0</a><a>_</a>
                </item>
                <item><a>2</a><a>de</a><a>de</a><a>P</a><a>P</a><a></a><a>1</a><a>dep</a><a>1</a><a>dep</a></item>
                <item>
                    <a>3</a><a>John</a><a>John</a><a>NPP</a><a>NPP</a><a>n=s|g=m</a><a>2</a><a>prep</a><a>2</a><a>prep</a>
                </item>
                <item><a>4</a><a>Berger</a><a>_</a><a>NPP</a><a>NPP</a><a></a><a>3</a><a>mod</a><a>3</a><a>mod</a>
                </item>
                <item><a>5</a><a>,</a><a>,</a><a>PONCT</a><a>PONCT</a><a></a><a>4</a><a>ponct</a><a>4</a><a>ponct</a>
                </item>
                <item>
                    <a>6</a><a>écrivain</a><a>écrivain</a><a>NC</a><a>NC</a><a>n=s|g=m</a><a>3</a><a>mod</a><a>3</a><a>mod</a>
                </item>
                <item>
                    <a>7</a><a>britannique</a><a>britannique</a><a>ADJ</a><a>ADJ</a><a>n=s</a><a>6</a><a>mod</a><a>6</a><a>mod</a>
                </item>
                <item><a>8</a><a>et</a><a>et</a><a>CC</a><a>CC</a><a></a><a>7</a><a>coord</a><a>7</a><a>coord</a></item>
                <item>
                    <a>9</a><a>intellectuel</a><a>intellectuel</a><a>ADJ</a><a>ADJ</a><a>n=s|g=m</a><a>8</a><a>dep_coord</a><a>8</a><a>dep_coord</a>
                </item>
                <item>
                    <a>10</a><a>marxiste</a><a>marxiste</a><a>ADJ</a><a>ADJ</a><a>n=s</a><a>6</a><a>mod</a><a>6</a><a>mod</a>
                </item>
                <item><a>11</a><a>.</a><a>.</a><a>PONCT</a><a>PONCT</a><a></a><a>10</a><a>ponct</a><a>10</a><a>ponct</a>
                </item>
                <item><a>12</a><a>§</a><a>§</a><a>PONCT</a><a>PONCT</a><a></a><a>10</a><a>ponct</a><a>10</a><a>ponct</a>
                </item>
            </p>
        </titre>
        <titre>
            <p type="titre">
                <item>
                    <a>1</a><a>Dopage</a><a>dopage</a><a>NC</a><a>NC</a><a>n=s|g=m</a><a>4</a><a>mod</a><a>4</a><a>mod</a>
                </item>
                <item><a>2</a><a>:</a><a>:</a><a>PONCT</a><a>PONCT</a><a></a><a>1</a><a>ponct</a><a>1</a><a>ponct</a>
                </item>
                <item><a>3</a><a>Fourcade</a><a>_</a><a>NPP</a><a>NPP</a><a></a><a>4</a><a>suj</a><a>4</a><a>suj</a>
                </item>
                <item>
                    <a>4</a><a>dénonce</a><a>dénoncer</a><a>V</a><a>V</a><a>n=s|t=P,S|p=1,3</a><a>0</a><a>root</a><a>0</a><a>root</a>
                </item>
                <item><a>5</a><a>la</a><a>la</a><a>DET</a><a>DET</a><a>n=s|g=f</a><a>7</a><a>det</a><a>7</a><a>det</a>
                </item>
                <item><a>6</a><a>"</a><a>"</a><a>PONCT</a><a>PONCT</a><a></a><a>5</a><a>ponct</a><a>5</a><a>ponct</a>
                </item>
                <item>
                    <a>7</a><a>mascarade</a><a>mascarade</a><a>NC</a><a>NC</a><a>n=s|g=f</a><a>4</a><a>obj</a><a>4</a><a>obj</a>
                </item>
                <item><a>8</a><a>"</a><a>"</a><a>PONCT</a><a>PONCT</a><a></a><a>7</a><a>ponct</a><a>7</a><a>ponct</a>
                </item>
                <item><a>9</a><a>des</a><a>de</a><a>P+D</a><a>P+D</a><a>n=p</a><a>4</a><a>mod</a><a>4</a><a>mod</a>
                </item>
                <item><a>10</a><a>"</a><a>"</a><a>PONCT</a><a>PONCT</a><a></a><a>9</a><a>ponct</a><a>9</a><a>ponct</a>
                </item>
                <item>
                    <a>11</a><a>pseudosanctions</a><a>_</a><a>NC</a><a>NC</a><a></a><a>9</a><a>prep</a><a>9</a><a>prep</a>
                </item>
                <item><a>12</a><a>"</a><a>"</a><a>PONCT</a><a>PONCT</a><a></a><a>11</a><a>ponct</a><a>11</a><a>ponct</a>
                </item>
                <item><a>13</a><a>contre</a><a>contre</a><a>P</a><a>P</a><a></a><a>4</a><a>mod</a><a>4</a><a>mod</a>
                </item>
                <item>
                    <a>14</a><a>le</a><a>le</a><a>DET</a><a>DET</a><a>n=s|g=m</a><a>15</a><a>det</a><a>15</a><a>det</a>
                </item>
                <item>
                    <a>15</a><a>biathlon</a><a>biathlon</a><a>NC</a><a>NC</a><a>n=s|g=m</a><a>13</a><a>prep</a><a>13</a><a>prep</a>
                </item>
                <item>
                    <a>16</a><a>russe</a><a>russe</a><a>ADJ</a><a>ADJ</a><a>n=s</a><a>15</a><a>mod</a><a>15</a><a>mod</a>
                </item>
                <item><a>17</a><a>.</a><a>.</a><a>PONCT</a><a>PONCT</a><a></a><a>16</a><a>ponct</a><a>16</a><a>ponct</a>
                </item>
                <item><a>18</a><a>§</a><a>§</a><a>PONCT</a><a>PONCT</a><a></a><a>16</a><a>ponct</a><a>16</a><a>ponct</a>
                </item>
            </p>
        </titre>
    </file>
    <file type="description" name="2017/01/03/19-00-00/0,2-3208,1-0,0.xml">
        <description>
            <p type="description">
                <item><a>1</a><a>Les</a><a>les</a><a>DET</a><a>DET</a><a>n=p</a><a>3</a><a>det</a><a>3</a><a>det</a>
                </item>
                <item>
                    <a>2</a><a>deux</a><a>deux</a><a>ADJ</a><a>ADJ</a><a>s=card|n=p</a><a>3</a><a>mod</a><a>3</a><a>mod</a>
                </item>
                <item>
                    <a>3</a><a>candidats</a><a>candidat</a><a>NC</a><a>NC</a><a>n=p|g=m</a><a>10</a><a>suj</a><a>10</a><a>suj</a>
                </item>
                <item><a>4</a><a>à</a><a>à</a><a>P</a><a>P</a><a></a><a>3</a><a>dep</a><a>3</a><a>dep</a></item>
                <item><a>5</a><a>la</a><a>la</a><a>DET</a><a>DET</a><a>n=s|g=f</a><a>6</a><a>det</a><a>6</a><a>det</a>
                </item>
                <item>
                    <a>6</a><a>primaire</a><a>primaire</a><a>NC</a><a>NC</a><a>n=s</a><a>4</a><a>prep</a><a>4</a><a>prep</a>
                </item>
                <item><a>7</a><a>à</a><a>à</a><a>P</a><a>P</a><a></a><a>6</a><a>dep</a><a>6</a><a>dep</a></item>
                <item>
                    <a>8</a><a>gauche</a><a>gauche</a><a>NC</a><a>NC</a><a>n=s</a><a>7</a><a>prep</a><a>7</a><a>prep</a>
                </item>
                <item>
                    <a>9</a><a>ont</a><a>avoir</a><a>V</a><a>V</a><a>n=p|t=P|p=3</a><a>10</a><a>aux_tps</a><a>10</a><a>aux_tps</a>
                </item>
                <item>
                    <a>10</a><a>exposé</a><a>exposer</a><a>VPP</a><a>VPP</a><a>n=s|g=m|t=K</a><a>0</a><a>root</a><a>0</a><a>root</a>
                </item>
                <item><a>11</a><a>les</a><a>les</a><a>DET</a><a>DET</a><a>n=p</a><a>13</a><a>det</a><a>13</a><a>det</a>
                </item>
                <item>
                    <a>12</a><a>grandes</a><a>grand</a><a>ADJ</a><a>ADJ</a><a>n=p|g=f</a><a>13</a><a>mod</a><a>13</a><a>mod</a>
                </item>
                <item>
                    <a>13</a><a>lignes</a><a>ligne</a><a>NC</a><a>NC</a><a>n=p|g=f</a><a>10</a><a>obj</a><a>10</a><a>obj</a>
                </item>
                <item><a>14</a><a>de</a><a>de</a><a>P</a><a>P</a><a></a><a>13</a><a>dep</a><a>13</a><a>dep</a></item>
                <item>
                    <a>15</a><a>leurs</a><a>leurs</a><a>DET</a><a>DET</a><a>n=p|p=3|poss=p</a><a>16</a><a>det</a><a>16</a><a>det</a>
                </item>
                <item>
                    <a>16</a><a>projets</a><a>projet</a><a>NC</a><a>NC</a><a>n=p|g=m</a><a>14</a><a>prep</a><a>14</a><a>prep</a>
                </item>
                <item><a>17</a><a>,</a><a>,</a><a>PONCT</a><a>PONCT</a><a></a><a>16</a><a>ponct</a><a>16</a><a>ponct</a>
                </item>
                <item>
                    <a>18</a><a>mardi</a><a>mardi</a><a>NC</a><a>NC</a><a>n=s|g=m</a><a>10</a><a>mod</a><a>10</a><a>mod</a>
                </item>
                <item><a>19</a><a>3</a><a>3</a><a>ADJ</a><a>ADJ</a><a></a><a>18</a><a>mod</a><a>18</a><a>mod</a></item>
                <item>
                    <a>20</a><a>janvier</a><a>janvier</a><a>NC</a><a>NC</a><a>n=s|g=m</a><a>18</a><a>mod</a><a>18</a><a>mod</a>
                </item>
                <item><a>21</a><a>.</a><a>.</a><a>PONCT</a><a>PONCT</a><a></a><a>20</a><a>ponct</a><a>20</a><a>ponct</a>
                </item>
                <item><a>22</a><a>§</a><a>§</a><a>PONCT</a><a>PONCT</a><a></a><a>20</a><a>ponct</a><a>20</a><a>ponct</a>
                </item>
            </p>
        </description>
        <description>
            <p type="description">
                <item><a>1</a><a>Des</a><a>des</a><a>DET</a><a>DET</a><a>n=p</a><a>2</a><a>det</a><a>2</a><a>det</a>
                </item>
                <item>
                    <a>2</a><a>photos</a><a>photo</a><a>NC</a><a>NC</a><a>n=p|g=f</a><a>27</a><a>suj</a><a>27</a><a>suj</a>
                </item>
                <item><a>3</a><a>et</a><a>et</a><a>CC</a><a>CC</a><a></a><a>2</a><a>coord</a><a>2</a><a>coord</a></item>
                <item><a>4</a><a>une</a><a>une</a><a>DET</a><a>DET</a><a>n=s|g=f</a><a>5</a><a>det</a><a>5</a><a>det</a>
                </item>
                <item>
                    <a>5</a><a>vidéo</a><a>vidéo</a><a>NC</a><a>NC</a><a>n=s</a><a>3</a><a>dep_coord</a><a>3</a><a>dep_coord</a>
                </item>
                <item><a>6</a><a>de</a><a>de</a><a>P</a><a>P</a><a></a><a>5</a><a>dep</a><a>5</a><a>dep</a></item>
                <item><a>7</a><a>l'</a><a>le</a><a>DET</a><a>DET</a><a>n=s</a><a>8</a><a>det</a><a>8</a><a>det</a>
                </item>
                <item>
                    <a>8</a><a>auteur</a><a>auteur</a><a>NC</a><a>NC</a><a>n=s|g=m</a><a>6</a><a>prep</a><a>6</a><a>prep</a>
                </item>
                <item>
                    <a>9</a><a>présumé</a><a>présumer</a><a>VPP</a><a>VPP</a><a>n=s|g=m|t=K</a><a>8</a><a>mod</a><a>8</a><a>mod</a>
                </item>
                <item><a>10</a><a>de</a><a>de</a><a>P</a><a>P</a><a></a><a>9</a><a>mod</a><a>9</a><a>mod</a></item>
                <item><a>11</a><a>l'</a><a>le</a><a>DET</a><a>DET</a><a>n=s</a><a>12</a><a>det</a><a>12</a><a>det</a>
                </item>
                <item>
                    <a>12</a><a>attaque</a><a>attaque</a><a>NC</a><a>NC</a><a>n=s|g=f</a><a>10</a><a>prep</a><a>10</a><a>prep</a>
                </item>
                <item>
                    <a>13</a><a>qui</a><a>qui</a><a>PROREL</a><a>PROREL</a><a>n=s</a><a>15</a><a>suj</a><a>15</a><a>suj</a>
                </item>
                <item>
                    <a>14</a><a>a</a><a>avoir</a><a>V</a><a>V</a><a>n=s|t=P|p=3</a><a>15</a><a>aux_tps</a><a>15</a><a>aux_tps</a>
                </item>
                <item>
                    <a>15</a><a>fait</a><a>faire</a><a>VPP</a><a>VPP</a><a>n=s|g=m|t=K</a><a>8</a><a>mod_rel</a><a>8</a><a>mod_rel</a>
                </item>
                <item><a>16</a><a>39</a><a>39</a><a>ADJ</a><a>ADJ</a><a></a><a>17</a><a>mod</a><a>17</a><a>mod</a>
                </item>
                <item>
                    <a>17</a><a>morts</a><a>mort</a><a>NC</a><a>NC</a><a>n=p|g=f,m</a><a>15</a><a>obj</a><a>15</a><a>obj</a>
                </item>
                <item>
                    <a>18</a><a>la</a><a>la</a><a>DET</a><a>DET</a><a>n=s|g=f</a><a>19</a><a>det</a><a>19</a><a>det</a>
                </item>
                <item>
                    <a>19</a><a>nuit</a><a>nuit</a><a>NC</a><a>NC</a><a>n=s|g=f</a><a>15</a><a>mod</a><a>15</a><a>mod</a>
                </item>
                <item>
                    <a>20</a><a>du</a><a>de</a><a>P+D</a><a>P+D</a><a>n=s|g=m</a><a>19</a><a>dep</a><a>19</a><a>dep</a>
                </item>
                <item><a>21</a><a>Nouvel</a><a>_</a><a>ADJ</a><a>ADJ</a><a></a><a>22</a><a>mod</a><a>22</a><a>mod</a>
                </item>
                <item><a>22</a><a>An</a><a>An</a><a>NPP</a><a>NPP</a><a>n=s</a><a>20</a><a>prep</a><a>20</a><a>prep</a>
                </item>
                <item><a>23</a><a>en</a><a>en</a><a>P</a><a>P</a><a></a><a>15</a><a>mod</a><a>15</a><a>mod</a></item>
                <item>
                    <a>24</a><a>Turquie</a><a>Turquie</a><a>NPP</a><a>NPP</a><a>n=s|g=f</a><a>23</a><a>prep</a><a>23</a><a>prep</a>
                </item>
                <item>
                    <a>25</a><a>ont</a><a>avoir</a><a>V</a><a>V</a><a>n=p|t=P|p=3</a><a>27</a><a>aux_tps</a><a>27</a><a>aux_tps</a>
                </item>
                <item>
                    <a>26</a><a>été</a><a>être</a><a>VPP</a><a>VPP</a><a>t=K</a><a>27</a><a>aux_pass</a><a>27</a><a>aux_pass</a>
                </item>
                <item>
                    <a>27</a><a>diffusées</a><a>diffuser</a><a>VPP</a><a>VPP</a><a>n=p|g=f|t=K</a><a>0</a><a>root</a><a>0</a><a>root</a>
                </item>
                <item><a>28</a><a>.</a><a>.</a><a>PONCT</a><a>PONCT</a><a></a><a>27</a><a>ponct</a><a>27</a><a>ponct</a>
                </item>
                <item><a>29</a><a>§</a><a>§</a><a>PONCT</a><a>PONCT</a><a></a><a>27</a><a>ponct</a><a>27</a><a>ponct</a>
                </item>
            </p>
        </description>
        <description>
            <p type="description">
                <item><a>1</a><a>Selon</a><a>selon</a><a>P</a><a>P</a><a></a><a>8</a><a>mod</a><a>8</a><a>mod</a></item>
                <item><a>2</a><a>la</a><a>la</a><a>DET</a><a>DET</a><a>n=s|g=f</a><a>3</a><a>det</a><a>3</a><a>det</a>
                </item>
                <item><a>3</a><a>BBC</a><a>_</a><a>NPP</a><a>NPP</a><a></a><a>1</a><a>prep</a><a>1</a><a>prep</a></item>
                <item><a>4</a><a>,</a><a>,</a><a>PONCT</a><a>PONCT</a><a></a><a>3</a><a>ponct</a><a>3</a><a>ponct</a>
                </item>
                <item>
                    <a>5</a><a>Ivan</a><a>Ivan</a><a>NPP</a><a>NPP</a><a>n=s|g=m</a><a>8</a><a>suj</a><a>8</a><a>suj</a>
                </item>
                <item><a>6</a><a>Rogers</a><a>_</a><a>NPP</a><a>NPP</a><a></a><a>5</a><a>mod</a><a>5</a><a>mod</a>
                </item>
                <item>
                    <a>7</a><a>avait</a><a>avoir</a><a>V</a><a>V</a><a>n=s|t=I|p=3</a><a>8</a><a>aux_tps</a><a>8</a><a>aux_tps</a>
                </item>
                <item>
                    <a>8</a><a>déclaré</a><a>déclarer</a><a>VPP</a><a>VPP</a><a>n=s|g=m|t=K</a><a>0</a><a>root</a><a>0</a><a>root</a>
                </item>
                <item><a>9</a><a>que</a><a>que</a><a>CS</a><a>CS</a><a></a><a>8</a><a>obj</a><a>8</a><a>obj</a></item>
                <item><a>10</a><a>les</a><a>les</a><a>DET</a><a>DET</a><a>n=p</a><a>11</a><a>det</a><a>11</a><a>det</a>
                </item>
                <item>
                    <a>11</a><a>négociations</a><a>négociation</a><a>NC</a><a>NC</a><a>n=p|g=f</a><a>17</a><a>suj</a><a>17</a><a>suj</a>
                </item>
                <item><a>12</a><a>pour</a><a>pour</a><a>P</a><a>P</a><a></a><a>11</a><a>dep</a><a>11</a><a>dep</a>
                </item>
                <item>
                    <a>13</a><a>sortir</a><a>sortir</a><a>VINF</a><a>VINF</a><a>t=W</a><a>12</a><a>prep</a><a>12</a><a>prep</a>
                </item>
                <item><a>14</a><a>de</a><a>de</a><a>P</a><a>P</a><a></a><a>13</a><a>mod</a><a>13</a><a>mod</a></item>
                <item><a>15</a><a>l'</a><a>le</a><a>DET</a><a>DET</a><a>n=s</a><a>16</a><a>det</a><a>16</a><a>det</a>
                </item>
                <item>
                    <a>16</a><a>UE</a><a>Union_Européenne</a><a>NPP</a><a>NPP</a><a>n=s|g=f</a><a>14</a><a>prep</a><a>14</a><a>prep</a>
                </item>
                <item>
                    <a>17</a><a>pourraient</a><a>pouvoir</a><a>V</a><a>V</a><a>n=p|t=C|p=3</a><a>9</a><a>sub</a><a>9</a><a>sub</a>
                </item>
                <item>
                    <a>18</a><a>prendre</a><a>prendre</a><a>VINF</a><a>VINF</a><a>t=W</a><a>17</a><a>obj</a><a>17</a><a>obj</a>
                </item>
                <item>
                    <a>19</a><a>une</a><a>une</a><a>DET</a><a>DET</a><a>n=s|g=f</a><a>20</a><a>det</a><a>20</a><a>det</a>
                </item>
                <item>
                    <a>20</a><a>décennie</a><a>décennie</a><a>NC</a><a>NC</a><a>n=s|g=f</a><a>18</a><a>obj</a><a>18</a><a>obj</a>
                </item>
                <item><a>21</a><a>.</a><a>.</a><a>PONCT</a><a>PONCT</a><a></a><a>20</a><a>ponct</a><a>20</a><a>ponct</a>
                </item>
            </p>
            <p type="description">
                <item>
                    <a>1</a><a>Celles</a><a>celle</a><a>PRO</a><a>PRO</a><a>n=p|g=f</a><a>4</a><a>suj</a><a>4</a><a>suj</a>
                </item>
                <item><a>2</a><a>-</a><a>-</a><a>PONCT</a><a>PONCT</a><a></a><a>1</a><a>ponct</a><a>1</a><a>ponct</a>
                </item>
                <item><a>3</a><a>ci</a><a>_</a><a>NPP</a><a>NPP</a><a></a><a>1</a><a>mod</a><a>1</a><a>mod</a></item>
                <item>
                    <a>4</a><a>doivent</a><a>devoir</a><a>V</a><a>V</a><a>n=p|t=P,S|p=3</a><a>0</a><a>root</a><a>0</a><a>root</a>
                </item>
                <item><a>5</a><a>s'</a><a>se</a><a>CLR</a><a>CLR</a><a>n=p,s|p=3</a><a>6</a><a>aff</a><a>6</a><a>aff</a>
                </item>
                <item>
                    <a>6</a><a>ouvrir</a><a>ouvrir</a><a>VINF</a><a>VINF</a><a>t=W</a><a>4</a><a>obj</a><a>4</a><a>obj</a>
                </item>
                <item><a>7</a><a>avec</a><a>avec</a><a>P</a><a>P</a><a></a><a>6</a><a>mod</a><a>6</a><a>mod</a></item>
                <item><a>8</a><a>l'</a><a>le</a><a>DET</a><a>DET</a><a>n=s</a><a>9</a><a>det</a><a>9</a><a>det</a>
                </item>
                <item>
                    <a>9</a><a>invocation</a><a>invocation</a><a>NC</a><a>NC</a><a>n=s|g=f</a><a>7</a><a>prep</a><a>7</a><a>prep</a>
                </item>
                <item><a>10</a><a>de</a><a>de</a><a>P</a><a>P</a><a></a><a>6</a><a>mod</a><a>6</a><a>mod</a></item>
                <item><a>11</a><a>l'</a><a>le</a><a>DET</a><a>DET</a><a>n=s</a><a>12</a><a>det</a><a>12</a><a>det</a>
                </item>
                <item>
                    <a>12</a><a>article</a><a>article</a><a>NC</a><a>NC</a><a>n=s|g=m</a><a>10</a><a>prep</a><a>10</a><a>prep</a>
                </item>
                <item><a>13</a><a>50</a><a>50</a><a>ADJ</a><a>ADJ</a><a></a><a>12</a><a>mod</a><a>12</a><a>mod</a>
                </item>
                <item><a>14</a><a>,</a><a>,</a><a>PONCT</a><a>PONCT</a><a></a><a>13</a><a>ponct</a><a>13</a><a>ponct</a>
                </item>
                <item>
                    <a>15</a><a>prévue</a><a>prévoir</a><a>VPP</a><a>VPP</a><a>n=s|g=f|t=K</a><a>6</a><a>mod</a><a>6</a><a>mod</a>
                </item>
                <item><a>16</a><a>pour</a><a>pour</a><a>P</a><a>P</a><a></a><a>15</a><a>mod</a><a>15</a><a>mod</a>
                </item>
                <item>
                    <a>17</a><a>mars</a><a>mars</a><a>NC</a><a>NC</a><a>g=m</a><a>16</a><a>prep</a><a>16</a><a>prep</a>
                </item>
                <item><a>18</a><a>.</a><a>.</a><a>PONCT</a><a>PONCT</a><a></a><a>17</a><a>ponct</a><a>17</a><a>ponct</a>
                </item>
                <item><a>19</a><a>§</a><a>§</a><a>PONCT</a><a>PONCT</a><a></a><a>17</a><a>ponct</a><a>17</a><a>ponct</a>
                </item>
            </p>
        </description>
        <description>
            <p type="description">
                <item><a>1</a><a>Les</a><a>les</a><a>DET</a><a>DET</a><a>n=p</a><a>2</a><a>det</a><a>2</a><a>det</a>
                </item>
                <item>
                    <a>2</a><a>supporteurs</a><a>supporter</a><a>NC</a><a>NC</a><a>n=p</a><a>10</a><a>suj</a><a>10</a><a>suj</a>
                </item>
                <item><a>3</a><a>du</a><a>de</a><a>P+D</a><a>P+D</a><a>n=s|g=m</a><a>2</a><a>dep</a><a>2</a><a>dep</a>
                </item>
                <item>
                    <a>4</a><a>club</a><a>club</a><a>NC</a><a>NC</a><a>n=s|g=m</a><a>3</a><a>prep</a><a>3</a><a>prep</a>
                </item>
                <item><a>5</a><a>de</a><a>de</a><a>P</a><a>P</a><a></a><a>2</a><a>dep</a><a>2</a><a>dep</a></item>
                <item>
                    <a>6</a><a>football</a><a>football</a><a>NC</a><a>NC</a><a>n=s|g=m</a><a>5</a><a>prep</a><a>5</a><a>prep</a>
                </item>
                <item>
                    <a>7</a><a>anglais</a><a>anglais</a><a>ADJ</a><a>ADJ</a><a>g=m</a><a>6</a><a>mod</a><a>6</a><a>mod</a>
                </item>
                <item>
                    <a>8</a><a>ont</a><a>avoir</a><a>V</a><a>V</a><a>n=p|t=P|p=3</a><a>10</a><a>aux_tps</a><a>10</a><a>aux_tps</a>
                </item>
                <item>
                    <a>9</a><a>été</a><a>être</a><a>VPP</a><a>VPP</a><a>t=K</a><a>10</a><a>aux_pass</a><a>10</a><a>aux_pass</a>
                </item>
                <item>
                    <a>10</a><a>condamnés</a><a>condamner</a><a>VPP</a><a>VPP</a><a>n=p|g=m|t=K</a><a>0</a><a>root</a><a>0</a><a>root</a>
                </item>
                <item><a>11</a><a>pour</a><a>pour</a><a>P</a><a>P</a><a></a><a>10</a><a>mod</a><a>10</a><a>mod</a>
                </item>
                <item>
                    <a>12</a><a>avoir</a><a>avoir</a><a>VINF</a><a>VINF</a><a>t=W</a><a>13</a><a>aux_tps</a><a>13</a><a>aux_tps</a>
                </item>
                <item>
                    <a>13</a><a>empêché</a><a>empêcher</a><a>VPP</a><a>VPP</a><a>n=s|g=m|t=K</a><a>11</a><a>prep</a><a>11</a><a>prep</a>
                </item>
                <item>
                    <a>14</a><a>Souleymane</a><a>_</a><a>NPP</a><a>NPP</a><a></a><a>13</a><a>obj</a><a>13</a><a>obj</a>
                </item>
                <item><a>15</a><a>Sylla</a><a>_</a><a>NPP</a><a>NPP</a><a></a><a>14</a><a>mod</a><a>14</a><a>mod</a>
                </item>
                <item><a>16</a><a>de</a><a>de</a><a>P</a><a>P</a><a></a><a>10</a><a>mod</a><a>10</a><a>mod</a></item>
                <item>
                    <a>17</a><a>monter</a><a>monter</a><a>VINF</a><a>VINF</a><a>t=W</a><a>16</a><a>prep</a><a>16</a><a>prep</a>
                </item>
                <item><a>18</a><a>dans</a><a>dans</a><a>P</a><a>P</a><a></a><a>17</a><a>mod</a><a>17</a><a>mod</a>
                </item>
                <item>
                    <a>19</a><a>le</a><a>le</a><a>DET</a><a>DET</a><a>n=s|g=m</a><a>20</a><a>det</a><a>20</a><a>det</a>
                </item>
                <item>
                    <a>20</a><a>métro</a><a>métro</a><a>NC</a><a>NC</a><a>n=s|g=m</a><a>18</a><a>prep</a><a>18</a><a>prep</a>
                </item>
                <item>
                    <a>21</a><a>parisien</a><a>parisien</a><a>ADJ</a><a>ADJ</a><a>n=s|g=m</a><a>20</a><a>mod</a><a>20</a><a>mod</a>
                </item>
                <item><a>22</a><a>.</a><a>.</a><a>PONCT</a><a>PONCT</a><a></a><a>21</a><a>ponct</a><a>21</a><a>ponct</a>
                </item>
                <item><a>23</a><a>§</a><a>§</a><a>PONCT</a><a>PONCT</a><a></a><a>21</a><a>ponct</a><a>21</a><a>ponct</a>
                </item>
            </p>
        </description>
        <description>
            <p type="description">
                <item><a>1</a><a>Le</a><a>le</a><a>DET</a><a>DET</a><a>n=s|g=m</a><a>2</a><a>det</a><a>2</a><a>det</a>
                </item>
                <item>
                    <a>2</a><a>mathématicien</a><a>mathématicien</a><a>NC</a><a>NC</a><a>n=s|g=m</a><a>10</a><a>suj</a><a>10</a><a>suj</a>
                </item>
                <item>
                    <a>3</a><a>Cédric</a><a>Cédric</a><a>NPP</a><a>NPP</a><a>n=s|g=m</a><a>2</a><a>mod</a><a>2</a><a>mod</a>
                </item>
                <item><a>4</a><a>Villani</a><a>_</a><a>NPP</a><a>NPP</a><a></a><a>2</a><a>mod</a><a>2</a><a>mod</a>
                </item>
                <item><a>5</a><a>,</a><a>,</a><a>PONCT</a><a>PONCT</a><a></a><a>4</a><a>ponct</a><a>4</a><a>ponct</a>
                </item>
                <item>
                    <a>6</a><a>médaille</a><a>médaille</a><a>NC</a><a>NC</a><a>n=s|g=f</a><a>2</a><a>mod</a><a>2</a><a>mod</a>
                </item>
                <item><a>7</a><a>Fields</a><a>_</a><a>NPP</a><a>NPP</a><a></a><a>6</a><a>mod</a><a>6</a><a>mod</a>
                </item>
                <item><a>8</a><a>2010</a><a>2010</a><a>NC</a><a>NC</a><a></a><a>6</a><a>mod</a><a>6</a><a>mod</a></item>
                <item><a>9</a><a>,</a><a>,</a><a>PONCT</a><a>PONCT</a><a></a><a>8</a><a>ponct</a><a>8</a><a>ponct</a>
                </item>
                <item>
                    <a>10</a><a>partage</a><a>partager</a><a>V</a><a>V</a><a>n=s|t=P,S|p=1,3</a><a>0</a><a>root</a><a>0</a><a>root</a>
                </item>
                <item>
                    <a>11</a><a>sa</a><a>sa</a><a>DET</a><a>DET</a><a>n=s|g=f|p=3|poss=s</a><a>12</a><a>det</a><a>12</a><a>det</a>
                </item>
                <item>
                    <a>12</a><a>vision</a><a>vision</a><a>NC</a><a>NC</a><a>n=s|g=f</a><a>10</a><a>obj</a><a>10</a><a>obj</a>
                </item>
                <item><a>13</a><a>de</a><a>de</a><a>P</a><a>P</a><a></a><a>12</a><a>dep</a><a>12</a><a>dep</a></item>
                <item><a>14</a><a>l'</a><a>le</a><a>DET</a><a>DET</a><a>n=s</a><a>15</a><a>det</a><a>15</a><a>det</a>
                </item>
                <item>
                    <a>15</a><a>avenir</a><a>avenir</a><a>NC</a><a>NC</a><a>n=s|g=m</a><a>13</a><a>prep</a><a>13</a><a>prep</a>
                </item>
                <item><a>16</a><a>de</a><a>de</a><a>P</a><a>P</a><a></a><a>15</a><a>dep</a><a>15</a><a>dep</a></item>
                <item><a>17</a><a>l'</a><a>le</a><a>DET</a><a>DET</a><a>n=s</a><a>18</a><a>det</a><a>18</a><a>det</a>
                </item>
                <item>
                    <a>18</a><a>éducation</a><a>éducation</a><a>NC</a><a>NC</a><a>n=s|g=f</a><a>16</a><a>prep</a><a>16</a><a>prep</a>
                </item>
                <item><a>19</a><a>et</a><a>et</a><a>CC</a><a>CC</a><a></a><a>16</a><a>coord</a><a>16</a><a>coord</a>
                </item>
                <item>
                    <a>20</a><a>des</a><a>de</a><a>P+D</a><a>P+D</a><a>n=p</a><a>19</a><a>dep_coord</a><a>19</a><a>dep_coord</a>
                </item>
                <item>
                    <a>21</a><a>métiers</a><a>métier</a><a>NC</a><a>NC</a><a>n=p|g=m</a><a>20</a><a>prep</a><a>20</a><a>prep</a>
                </item>
                <item><a>22</a><a>.</a><a>.</a><a>PONCT</a><a>PONCT</a><a></a><a>21</a><a>ponct</a><a>21</a><a>ponct</a>
                </item>
                <item><a>23</a><a>§</a><a>§</a><a>PONCT</a><a>PONCT</a><a></a><a>21</a><a>ponct</a><a>21</a><a>ponct</a>
                </item>
            </p>
        </description>
        <description>
            <p type="description">
                <item><a>1</a><a>On</a><a>on</a><a>CLS</a><a>CLS</a><a>n=s|p=3</a><a>2</a><a>suj</a><a>2</a><a>suj</a>
                </item>
                <item>
                    <a>2</a><a>comptait</a><a>compter</a><a>V</a><a>V</a><a>n=s|t=I|p=3</a><a>0</a><a>root</a><a>0</a><a>root</a>
                </item>
                <item><a>3</a><a>près</a><a>près</a><a>ADV</a><a>ADV</a><a></a><a>2</a><a>mod</a><a>2</a><a>mod</a>
                </item>
                <item><a>4</a><a>de</a><a>de</a><a>P</a><a>P</a><a></a><a>2</a><a>mod</a><a>2</a><a>mod</a></item>
                <item><a>5</a><a>66</a><a>66</a><a>NC</a><a>NC</a><a></a><a>4</a><a>prep</a><a>4</a><a>prep</a></item>
                <item>
                    <a>6</a><a>millions</a><a>million</a><a>NC</a><a>NC</a><a>n=p</a><a>5</a><a>mod</a><a>5</a><a>mod</a>
                </item>
                <item><a>7</a><a>d'</a><a>de</a><a>P</a><a>P</a><a></a><a>2</a><a>mod</a><a>2</a><a>mod</a></item>
                <item>
                    <a>8</a><a>habitants</a><a>habitant</a><a>NC</a><a>NC</a><a>n=p|g=m</a><a>7</a><a>prep</a><a>7</a><a>prep</a>
                </item>
                <item><a>9</a><a>en</a><a>en</a><a>P</a><a>P</a><a></a><a>2</a><a>mod</a><a>2</a><a>mod</a></item>
                <item>
                    <a>10</a><a>France</a><a>France</a><a>NPP</a><a>NPP</a><a>n=s|g=f,m</a><a>9</a><a>prep</a><a>9</a><a>prep</a>
                </item>
                <item><a>11</a><a>en</a><a>en</a><a>P</a><a>P</a><a></a><a>2</a><a>mod</a><a>2</a><a>mod</a></item>
                <item><a>12</a><a>2014</a><a>2014</a><a>NC</a><a>NC</a><a></a><a>11</a><a>prep</a><a>11</a><a>prep</a>
                </item>
                <item><a>13</a><a>,</a><a>,</a><a>PONCT</a><a>PONCT</a><a></a><a>12</a><a>ponct</a><a>12</a><a>ponct</a>
                </item>
                <item><a>14</a><a>d'</a><a>de</a><a>P</a><a>P</a><a></a><a>2</a><a>mod</a><a>2</a><a>mod</a></item>
                <item><a>15</a><a>après</a><a>après</a><a>P</a><a>P</a><a></a><a>14</a><a>dep</a><a>14</a><a>dep</a>
                </item>
                <item><a>16</a><a>les</a><a>les</a><a>DET</a><a>DET</a><a>n=p</a><a>17</a><a>det</a><a>17</a><a>det</a>
                </item>
                <item>
                    <a>17</a><a>chiffres</a><a>chiffre</a><a>NC</a><a>NC</a><a>n=p|g=m</a><a>15</a><a>prep</a><a>15</a><a>prep</a>
                </item>
                <item>
                    <a>18</a><a>diffusés</a><a>diffuser</a><a>VPP</a><a>VPP</a><a>n=p|g=m|t=K</a><a>17</a><a>mod</a><a>17</a><a>mod</a>
                </item>
                <item><a>19</a><a>par</a><a>par</a><a>P</a><a>P</a><a></a><a>18</a><a>mod</a><a>18</a><a>mod</a></item>
                <item><a>20</a><a>l'</a><a>le</a><a>DET</a><a>DET</a><a>n=s</a><a>21</a><a>det</a><a>21</a><a>det</a>
                </item>
                <item><a>21</a><a>Insee</a><a>_</a><a>NPP</a><a>NPP</a><a></a><a>19</a><a>prep</a><a>19</a><a>prep</a>
                </item>
                <item>
                    <a>22</a><a>lundi</a><a>lundi</a><a>NC</a><a>NC</a><a>n=s|g=m</a><a>21</a><a>mod</a><a>21</a><a>mod</a>
                </item>
                <item><a>23</a><a>et</a><a>et</a><a>CC</a><a>CC</a><a></a><a>2</a><a>coord</a><a>2</a><a>coord</a>
                </item>
                <item>
                    <a>24</a><a>qui</a><a>qui</a><a>PROREL</a><a>PROREL</a><a>n=s</a><a>25</a><a>suj</a><a>25</a><a>suj</a>
                </item>
                <item>
                    <a>25</a><a>mettent</a><a>mettre</a><a>V</a><a>V</a><a>n=p|t=P,S|p=3</a><a>23</a><a>dep_coord</a><a>23</a><a>dep_coord</a>
                </item>
                <item><a>26</a><a>en</a><a>en</a><a>P</a><a>P</a><a></a><a>25</a><a>mod</a><a>25</a><a>mod</a></item>
                <item>
                    <a>27</a><a>lumière</a><a>lumière</a><a>NC</a><a>NC</a><a>n=s|g=f</a><a>26</a><a>prep</a><a>26</a><a>prep</a>
                </item>
                <item><a>28</a><a>des</a><a>de</a><a>P+D</a><a>P+D</a><a>n=p</a><a>25</a><a>mod</a><a>25</a><a>mod</a>
                </item>
                <item>
                    <a>29</a><a>dynamiques</a><a>dynamique</a><a>NC</a><a>NC</a><a>n=p|g=f</a><a>28</a><a>prep</a><a>28</a><a>prep</a>
                </item>
                <item>
                    <a>30</a><a>disparates</a><a>disparate</a><a>ADJ</a><a>ADJ</a><a>n=p</a><a>29</a><a>mod</a><a>29</a><a>mod</a>
                </item>
                <item><a>31</a><a>sur</a><a>sur</a><a>P</a><a>P</a><a></a><a>25</a><a>mod</a><a>25</a><a>mod</a></item>
                <item>
                    <a>32</a><a>le</a><a>le</a><a>DET</a><a>DET</a><a>n=s|g=m</a><a>33</a><a>det</a><a>33</a><a>det</a>
                </item>
                <item>
                    <a>33</a><a>territoire</a><a>territoire</a><a>NC</a><a>NC</a><a>n=s|g=m</a><a>31</a><a>prep</a><a>31</a><a>prep</a>
                </item>
                <item><a>34</a><a>.</a><a>.</a><a>PONCT</a><a>PONCT</a><a></a><a>33</a><a>ponct</a><a>33</a><a>ponct</a>
                </item>
                <item><a>35</a><a>§</a><a>§</a><a>PONCT</a><a>PONCT</a><a></a><a>33</a><a>ponct</a><a>33</a><a>ponct</a>
                </item>
            </p>
        </description>
        <description>
            <p type="description">
                <item><a>1</a><a>Le</a><a>le</a><a>DET</a><a>DET</a><a>n=s|g=m</a><a>3</a><a>det</a><a>3</a><a>det</a>
                </item>
                <item>
                    <a>2</a><a>deuxième</a><a>deuxième</a><a>ADJ</a><a>ADJ</a><a>n=s</a><a>3</a><a>mod</a><a>3</a><a>mod</a>
                </item>
                <item>
                    <a>3</a><a>groupe</a><a>groupe</a><a>NC</a><a>NC</a><a>n=s|g=m</a><a>6</a><a>suj</a><a>6</a><a>suj</a>
                </item>
                <item>
                    <a>4</a><a>automobile</a><a>automobile</a><a>ADJ</a><a>ADJ</a><a>n=s</a><a>3</a><a>mod</a><a>3</a><a>mod</a>
                </item>
                <item>
                    <a>5</a><a>américain</a><a>américain</a><a>ADJ</a><a>ADJ</a><a>n=s|g=m</a><a>3</a><a>mod</a><a>3</a><a>mod</a>
                </item>
                <item>
                    <a>6</a><a>devait</a><a>devoir</a><a>V</a><a>V</a><a>n=s|t=I|p=3</a><a>0</a><a>root</a><a>0</a><a>root</a>
                </item>
                <item>
                    <a>7</a><a>consacrer</a><a>consacrer</a><a>VINF</a><a>VINF</a><a>t=W</a><a>6</a><a>obj</a><a>6</a><a>obj</a>
                </item>
                <item><a>8</a><a>1,6</a><a>1,6</a><a>VPP</a><a>VPP</a><a></a><a>7</a><a>dep</a><a>7</a><a>dep</a></item>
                <item>
                    <a>9</a><a>milliard</a><a>milliard</a><a>NC</a><a>NC</a><a>n=s|g=m</a><a>8</a><a>mod</a><a>8</a><a>mod</a>
                </item>
                <item><a>10</a><a>de</a><a>de</a><a>P</a><a>P</a><a></a><a>7</a><a>mod</a><a>7</a><a>mod</a></item>
                <item>
                    <a>11</a><a>dollars</a><a>dollar</a><a>NC</a><a>NC</a><a>n=p|g=m</a><a>10</a><a>prep</a><a>10</a><a>prep</a>
                </item>
                <item><a>12</a><a>à</a><a>à</a><a>P</a><a>P</a><a></a><a>7</a><a>mod</a><a>7</a><a>mod</a></item>
                <item>
                    <a>13</a><a>ce</a><a>ce</a><a>DET</a><a>DET</a><a>n=s|g=m</a><a>14</a><a>det</a><a>14</a><a>det</a>
                </item>
                <item>
                    <a>14</a><a>projet</a><a>projet</a><a>NC</a><a>NC</a><a>n=s|g=m</a><a>12</a><a>prep</a><a>12</a><a>prep</a>
                </item>
                <item><a>15</a><a>au</a><a>à</a><a>P+D</a><a>P+D</a><a>n=s|g=m</a><a>7</a><a>mod</a><a>7</a><a>mod</a>
                </item>
                <item>
                    <a>16</a><a>Mexique</a><a>Mexique</a><a>NPP</a><a>NPP</a><a>n=s|g=m</a><a>15</a><a>prep</a><a>15</a><a>prep</a>
                </item>
                <item><a>17</a><a>.</a><a>.</a><a>PONCT</a><a>PONCT</a><a></a><a>16</a><a>ponct</a><a>16</a><a>ponct</a>
                </item>
            </p>
            <p type="description">
                <item>
                    <a>1</a><a>Il</a><a>il</a><a>CLS</a><a>CLS</a><a>n=s|g=m|p=3</a><a>2</a><a>suj</a><a>2</a><a>suj</a>
                </item>
                <item>
                    <a>2</a><a>consacrera</a><a>consacrer</a><a>V</a><a>V</a><a>n=s|t=F|p=3</a><a>0</a><a>root</a><a>0</a><a>root</a>
                </item>
                <item><a>3</a><a>la</a><a>la</a><a>DET</a><a>DET</a><a>n=s|g=f</a><a>4</a><a>det</a><a>4</a><a>det</a>
                </item>
                <item>
                    <a>4</a><a>moitié</a><a>moitié</a><a>NC</a><a>NC</a><a>n=s|g=f</a><a>2</a><a>obj</a><a>2</a><a>obj</a>
                </item>
                <item><a>5</a><a>de</a><a>de</a><a>P</a><a>P</a><a></a><a>2</a><a>mod</a><a>2</a><a>mod</a></item>
                <item><a>6</a><a>la</a><a>la</a><a>DET</a><a>DET</a><a>n=s|g=f</a><a>7</a><a>det</a><a>7</a><a>det</a>
                </item>
                <item><a>7</a><a>somme</a><a>somme</a><a>NC</a><a>NC</a><a>n=s</a><a>5</a><a>prep</a><a>5</a><a>prep</a>
                </item>
                <item><a>8</a><a>à</a><a>à</a><a>P</a><a>P</a><a></a><a>2</a><a>mod</a><a>2</a><a>mod</a></item>
                <item><a>9</a><a>des</a><a>des</a><a>DET</a><a>DET</a><a>n=p</a><a>10</a><a>det</a><a>10</a><a>det</a>
                </item>
                <item>
                    <a>10</a><a>investissements</a><a>investissement</a><a>NC</a><a>NC</a><a>n=p|g=m</a><a>8</a><a>prep</a><a>8</a><a>prep</a>
                </item>
                <item><a>11</a><a>aux</a><a>à</a><a>P+D</a><a>P+D</a><a>n=p</a><a>2</a><a>mod</a><a>2</a><a>mod</a>
                </item>
                <item><a>12</a><a>Etats</a><a>_</a><a>NC</a><a>NC</a><a></a><a>11</a><a>prep</a><a>11</a><a>prep</a>
                </item>
                <item><a>13</a><a>-</a><a>-</a><a>PONCT</a><a>PONCT</a><a></a><a>12</a><a>ponct</a><a>12</a><a>ponct</a>
                </item>
                <item>
                    <a>14</a><a>Unis</a><a>uni</a><a>ADJ</a><a>ADJ</a><a>n=p|g=m|t=K</a><a>12</a><a>mod</a><a>12</a><a>mod</a>
                </item>
                <item><a>15</a><a>.</a><a>.</a><a>PONCT</a><a>PONCT</a><a></a><a>14</a><a>ponct</a><a>14</a><a>ponct</a>
                </item>
                <item><a>16</a><a>§</a><a>§</a><a>PONCT</a><a>PONCT</a><a></a><a>14</a><a>ponct</a><a>14</a><a>ponct</a>
                </item>
            </p>
        </description>
        <description>
            <p type="description">
                <item><a>1</a><a>Ce</a><a>ce</a><a>DET</a><a>DET</a><a>n=s|g=m</a><a>3</a><a>det</a><a>3</a><a>det</a>
                </item>
                <item><a>2</a><a>"</a><a>"</a><a>PONCT</a><a>PONCT</a><a></a><a>1</a><a>ponct</a><a>1</a><a>ponct</a>
                </item>
                <item>
                    <a>3</a><a>certificat</a><a>certificat</a><a>NC</a><a>NC</a><a>n=s|g=m</a><a>22</a><a>suj</a><a>22</a><a>suj</a>
                </item>
                <item><a>4</a><a>sur</a><a>sur</a><a>P</a><a>P</a><a></a><a>3</a><a>dep</a><a>3</a><a>dep</a></item>
                <item><a>5</a><a>la</a><a>la</a><a>DET</a><a>DET</a><a>n=s|g=f</a><a>6</a><a>det</a><a>6</a><a>det</a>
                </item>
                <item>
                    <a>6</a><a>qualité</a><a>qualité</a><a>NC</a><a>NC</a><a>n=s|g=f</a><a>4</a><a>prep</a><a>4</a><a>prep</a>
                </item>
                <item><a>7</a><a>de</a><a>de</a><a>P</a><a>P</a><a></a><a>3</a><a>dep</a><a>3</a><a>dep</a></item>
                <item><a>8</a><a>l'</a><a>le</a><a>DET</a><a>DET</a><a>n=s</a><a>9</a><a>det</a><a>9</a><a>det</a>
                </item>
                <item><a>9</a><a>air</a><a>air</a><a>NC</a><a>NC</a><a>n=s|g=m</a><a>7</a><a>prep</a><a>7</a><a>prep</a>
                </item>
                <item><a>10</a><a>"</a><a>"</a><a>PONCT</a><a>PONCT</a><a></a><a>9</a><a>ponct</a><a>9</a><a>ponct</a>
                </item>
                <item><a>11</a><a>,</a><a>,</a><a>PONCT</a><a>PONCT</a><a></a><a>9</a><a>ponct</a><a>9</a><a>ponct</a>
                </item>
                <item>
                    <a>12</a><a>qui</a><a>qui</a><a>PROREL</a><a>PROREL</a><a>n=s</a><a>13</a><a>suj</a><a>13</a><a>suj</a>
                </item>
                <item>
                    <a>13</a><a>indiquera</a><a>indiquer</a><a>V</a><a>V</a><a>n=s|t=F|p=3</a><a>3</a><a>mod_rel</a><a>3</a><a>mod_rel</a>
                </item>
                <item>
                    <a>14</a><a>le</a><a>le</a><a>DET</a><a>DET</a><a>n=s|g=m</a><a>15</a><a>det</a><a>15</a><a>det</a>
                </item>
                <item>
                    <a>15</a><a>niveau</a><a>niveau</a><a>NC</a><a>NC</a><a>n=s|g=m</a><a>13</a><a>obj</a><a>13</a><a>obj</a>
                </item>
                <item><a>16</a><a>de</a><a>de</a><a>P</a><a>P</a><a></a><a>15</a><a>dep</a><a>15</a><a>dep</a></item>
                <item>
                    <a>17</a><a>pollution</a><a>pollution</a><a>NC</a><a>NC</a><a>n=s|g=f</a><a>16</a><a>prep</a><a>16</a><a>prep</a>
                </item>
                <item><a>18</a><a>d'</a><a>de</a><a>P</a><a>P</a><a></a><a>13</a><a>mod</a><a>13</a><a>mod</a></item>
                <item>
                    <a>19</a><a>un</a><a>un</a><a>DET</a><a>DET</a><a>n=s|g=m</a><a>20</a><a>det</a><a>20</a><a>det</a>
                </item>
                <item>
                    <a>20</a><a>véhicule</a><a>véhicule</a><a>NC</a><a>NC</a><a>n=s|g=m</a><a>18</a><a>prep</a><a>18</a><a>prep</a>
                </item>
                <item><a>21</a><a>,</a><a>,</a><a>PONCT</a><a>PONCT</a><a></a><a>20</a><a>ponct</a><a>20</a><a>ponct</a>
                </item>
                <item>
                    <a>22</a><a>sera</a><a>être</a><a>V</a><a>V</a><a>n=s|t=F|p=3</a><a>0</a><a>root</a><a>0</a><a>root</a>
                </item>
                <item>
                    <a>23</a><a>obligatoire</a><a>obligatoire</a><a>ADJ</a><a>ADJ</a><a>n=s</a><a>22</a><a>ats</a><a>22</a><a>ats</a>
                </item>
                <item><a>24</a><a>dès</a><a>dès</a><a>P</a><a>P</a><a></a><a>22</a><a>mod</a><a>22</a><a>mod</a></item>
                <item>
                    <a>25</a><a>le</a><a>le</a><a>DET</a><a>DET</a><a>n=s|g=m</a><a>27</a><a>det</a><a>27</a><a>det</a>
                </item>
                <item><a>26</a><a>16</a><a>16</a><a>ADJ</a><a>ADJ</a><a></a><a>27</a><a>mod</a><a>27</a><a>mod</a>
                </item>
                <item>
                    <a>27</a><a>janvier</a><a>janvier</a><a>NC</a><a>NC</a><a>n=s|g=m</a><a>24</a><a>prep</a><a>24</a><a>prep</a>
                </item>
                <item><a>28</a><a>à</a><a>à</a><a>P</a><a>P</a><a></a><a>22</a><a>mod</a><a>22</a><a>mod</a></item>
                <item>
                    <a>29</a><a>Paris</a><a>Paris</a><a>NPP</a><a>NPP</a><a>n=s|g=m</a><a>28</a><a>prep</a><a>28</a><a>prep</a>
                </item>
                <item><a>30</a><a>.</a><a>.</a><a>PONCT</a><a>PONCT</a><a></a><a>29</a><a>ponct</a><a>29</a><a>ponct</a>
                </item>
                <item><a>31</a><a>§</a><a>§</a><a>PONCT</a><a>PONCT</a><a></a><a>29</a><a>ponct</a><a>29</a><a>ponct</a>
                </item>
            </p>
        </description>
        <description>
            <p type="description">
                <item><a>1</a><a>Malgré</a><a>malgré</a><a>P</a><a>P</a><a></a><a>14</a><a>mod</a><a>14</a><a>mod</a>
                </item>
                <item><a>2</a><a>l'</a><a>le</a><a>DET</a><a>DET</a><a>n=s</a><a>3</a><a>det</a><a>3</a><a>det</a>
                </item>
                <item>
                    <a>3</a><a>insuffisance</a><a>insuffisance</a><a>NC</a><a>NC</a><a>n=s|g=f</a><a>1</a><a>prep</a><a>1</a><a>prep</a>
                </item>
                <item><a>4</a><a>de</a><a>de</a><a>P</a><a>P</a><a></a><a>3</a><a>dep</a><a>3</a><a>dep</a></item>
                <item>
                    <a>5</a><a>moyens</a><a>moyen</a><a>NC</a><a>NC</a><a>n=p|g=m</a><a>4</a><a>prep</a><a>4</a><a>prep</a>
                </item>
                <item><a>6</a><a>et</a><a>et</a><a>CC</a><a>CC</a><a></a><a>3</a><a>coord</a><a>3</a><a>coord</a></item>
                <item><a>7</a><a>la</a><a>la</a><a>DET</a><a>DET</a><a>n=s|g=f</a><a>8</a><a>det</a><a>8</a><a>det</a>
                </item>
                <item>
                    <a>8</a><a>complexité</a><a>complexité</a><a>NC</a><a>NC</a><a>n=s|g=f</a><a>6</a><a>dep_coord</a><a>6</a><a>dep_coord</a>
                </item>
                <item><a>9</a><a>du</a><a>de</a><a>P+D</a><a>P+D</a><a>n=s|g=m</a><a>3</a><a>dep</a><a>3</a><a>dep</a>
                </item>
                <item>
                    <a>10</a><a>dispositif</a><a>dispositif</a><a>NC</a><a>NC</a><a>n=s|g=m</a><a>9</a><a>prep</a><a>9</a><a>prep</a>
                </item>
                <item><a>11</a><a>,</a><a>,</a><a>PONCT</a><a>PONCT</a><a></a><a>10</a><a>ponct</a><a>10</a><a>ponct</a>
                </item>
                <item>
                    <a>12</a><a>ce</a><a>ce</a><a>DET</a><a>DET</a><a>n=s|g=m</a><a>13</a><a>det</a><a>13</a><a>det</a>
                </item>
                <item>
                    <a>13</a><a>programme</a><a>programme</a><a>NC</a><a>NC</a><a>n=s|g=m</a><a>14</a><a>suj</a><a>14</a><a>suj</a>
                </item>
                <item>
                    <a>14</a><a>garde</a><a>garder</a><a>V</a><a>V</a><a>n=s|t=P,S|p=1,3</a><a>0</a><a>root</a><a>0</a><a>root</a>
                </item>
                <item>
                    <a>15</a><a>une</a><a>une</a><a>DET</a><a>DET</a><a>n=s|g=f</a><a>16</a><a>det</a><a>16</a><a>det</a>
                </item>
                <item>
                    <a>16</a><a>réputation</a><a>réputation</a><a>NC</a><a>NC</a><a>n=s|g=f</a><a>14</a><a>obj</a><a>14</a><a>obj</a>
                </item>
                <item>
                    <a>17</a><a>enviable</a><a>enviable</a><a>ADJ</a><a>ADJ</a><a>n=s</a><a>16</a><a>mod</a><a>16</a><a>mod</a>
                </item>
                <item><a>18</a><a>tant</a><a>tant</a><a>ADV</a><a>ADV</a><a></a><a>19</a><a>mod</a><a>19</a><a>mod</a>
                </item>
                <item>
                    <a>19</a><a>auprès</a><a>auprès</a><a>ADV</a><a>ADV</a><a></a><a>21</a><a>mod</a><a>21</a><a>mod</a>
                </item>
                <item><a>20</a><a>des</a><a>des</a><a>DET</a><a>DET</a><a>n=p</a><a>21</a><a>det</a><a>21</a><a>det</a>
                </item>
                <item>
                    <a>21</a><a>étudiants</a><a>étudiant</a><a>NC</a><a>NC</a><a>n=p|g=m</a><a>16</a><a>mod</a><a>16</a><a>mod</a>
                </item>
                <item><a>22</a><a>que</a><a>que</a><a>CS</a><a>CS</a><a></a><a>14</a><a>mod</a><a>14</a><a>mod</a>
                </item>
                <item><a>23</a><a>du</a><a>de</a><a>P+D</a><a>P+D</a><a>n=s|g=m</a><a>0</a><a>_</a><a>0</a><a>_</a>
                </item>
                <item>
                    <a>24</a><a>grand</a><a>grand</a><a>ADJ</a><a>ADJ</a><a>n=s|g=m</a><a>25</a><a>mod</a><a>25</a><a>mod</a>
                </item>
                <item>
                    <a>25</a><a>public</a><a>public</a><a>NC</a><a>NC</a><a>n=s|g=m</a><a>23</a><a>prep</a><a>23</a><a>prep</a>
                </item>
                <item><a>26</a><a>.</a><a>.</a><a>PONCT</a><a>PONCT</a><a></a><a>25</a><a>ponct</a><a>25</a><a>ponct</a>
                </item>
                <item><a>27</a><a>§</a><a>§</a><a>PONCT</a><a>PONCT</a><a></a><a>25</a><a>ponct</a><a>25</a><a>ponct</a>
                </item>
            </p>
        </description>
        <description>
            <p type="description">
                <item><a>1</a><a>Le</a><a>le</a><a>DET</a><a>DET</a><a>n=s|g=m</a><a>2</a><a>det</a><a>2</a><a>det</a>
                </item>
                <item>
                    <a>2</a><a>ministre</a><a>ministre</a><a>NC</a><a>NC</a><a>n=s|g=m</a><a>6</a><a>suj</a><a>6</a><a>suj</a>
                </item>
                <item><a>3</a><a>de</a><a>de</a><a>P</a><a>P</a><a></a><a>2</a><a>dep</a><a>2</a><a>dep</a></item>
                <item><a>4</a><a>l'</a><a>le</a><a>DET</a><a>DET</a><a>n=s</a><a>5</a><a>det</a><a>5</a><a>det</a>
                </item>
                <item>
                    <a>5</a><a>intérieur</a><a>intérieur</a><a>NC</a><a>NC</a><a>n=s|g=m</a><a>3</a><a>prep</a><a>3</a><a>prep</a>
                </item>
                <item>
                    <a>6</a><a>propose</a><a>proposer</a><a>V</a><a>V</a><a>n=s|t=P,S|p=1,3</a><a>0</a><a>root</a><a>0</a><a>root</a>
                </item>
                <item><a>7</a><a>de</a><a>de</a><a>P</a><a>P</a><a></a><a>6</a><a>obj</a><a>6</a><a>obj</a></item>
                <item>
                    <a>8</a><a>renforcer</a><a>renforcer</a><a>VINF</a><a>VINF</a><a>t=W</a><a>7</a><a>prep</a><a>7</a><a>prep</a>
                </item>
                <item><a>9</a><a>les</a><a>les</a><a>DET</a><a>DET</a><a>n=p</a><a>10</a><a>det</a><a>10</a><a>det</a>
                </item>
                <item>
                    <a>10</a><a>compétences</a><a>compétence</a><a>NC</a><a>NC</a><a>n=p|g=f</a><a>8</a><a>obj</a><a>8</a><a>obj</a>
                </item>
                <item><a>11</a><a>de</a><a>de</a><a>P</a><a>P</a><a></a><a>10</a><a>dep</a><a>10</a><a>dep</a></item>
                <item>
                    <a>12</a><a>la</a><a>la</a><a>DET</a><a>DET</a><a>n=s|g=f</a><a>13</a><a>det</a><a>13</a><a>det</a>
                </item>
                <item>
                    <a>13</a><a>police</a><a>police</a><a>NC</a><a>NC</a><a>n=s|g=f</a><a>11</a><a>prep</a><a>11</a><a>prep</a>
                </item>
                <item>
                    <a>14</a><a>fédérale</a><a>fédéral</a><a>ADJ</a><a>ADJ</a><a>n=s|g=f</a><a>13</a><a>mod</a><a>13</a><a>mod</a>
                </item>
                <item><a>15</a><a>après</a><a>après</a><a>P</a><a>P</a><a></a><a>8</a><a>mod</a><a>8</a><a>mod</a>
                </item>
                <item><a>16</a><a>l'</a><a>le</a><a>DET</a><a>DET</a><a>n=s</a><a>17</a><a>det</a><a>17</a><a>det</a>
                </item>
                <item>
                    <a>17</a><a>attentat</a><a>attentat</a><a>NC</a><a>NC</a><a>n=s|g=m</a><a>15</a><a>prep</a><a>15</a><a>prep</a>
                </item>
                <item>
                    <a>18</a><a>survenu</a><a>survenir</a><a>VPP</a><a>VPP</a><a>n=s|g=m|t=K</a><a>17</a><a>mod</a><a>17</a><a>mod</a>
                </item>
                <item>
                    <a>19</a><a>le</a><a>le</a><a>DET</a><a>DET</a><a>n=s|g=m</a><a>21</a><a>det</a><a>21</a><a>det</a>
                </item>
                <item><a>20</a><a>19</a><a>19</a><a>ADJ</a><a>ADJ</a><a></a><a>21</a><a>mod</a><a>21</a><a>mod</a>
                </item>
                <item>
                    <a>21</a><a>décembre</a><a>décembre</a><a>NC</a><a>NC</a><a>n=s|g=m</a><a>18</a><a>mod</a><a>18</a><a>mod</a>
                </item>
                <item><a>22</a><a>à</a><a>à</a><a>P</a><a>P</a><a></a><a>18</a><a>mod</a><a>18</a><a>mod</a></item>
                <item>
                    <a>23</a><a>Berlin</a><a>Berlin</a><a>NPP</a><a>NPP</a><a>n=s|g=f,m</a><a>22</a><a>prep</a><a>22</a><a>prep</a>
                </item>
                <item><a>24</a><a>.</a><a>.</a><a>PONCT</a><a>PONCT</a><a></a><a>23</a><a>ponct</a><a>23</a><a>ponct</a>
                </item>
                <item><a>25</a><a>§</a><a>§</a><a>PONCT</a><a>PONCT</a><a></a><a>23</a><a>ponct</a><a>23</a><a>ponct</a>
                </item>
            </p>
        </description>
        <description>
            <p type="description">
                <item><a>1</a><a>Les</a><a>les</a><a>DET</a><a>DET</a><a>n=p</a><a>2</a><a>det</a><a>2</a><a>det</a>
                </item>
                <item>
                    <a>2</a><a>revenus</a><a>revenu</a><a>NC</a><a>NC</a><a>n=p|g=m</a><a>10</a><a>suj</a><a>10</a><a>suj</a>
                </item>
                <item>
                    <a>3</a><a>tirés</a><a>tirer</a><a>VPP</a><a>VPP</a><a>n=p|g=m|t=K</a><a>2</a><a>mod</a><a>2</a><a>mod</a>
                </item>
                <item><a>4</a><a>d'</a><a>de</a><a>P</a><a>P</a><a></a><a>3</a><a>mod</a><a>3</a><a>mod</a></item>
                <item><a>5</a><a>une</a><a>une</a><a>DET</a><a>DET</a><a>n=s|g=f</a><a>6</a><a>det</a><a>6</a><a>det</a>
                </item>
                <item>
                    <a>6</a><a>location</a><a>location</a><a>NC</a><a>NC</a><a>n=s|g=f</a><a>4</a><a>prep</a><a>4</a><a>prep</a>
                </item>
                <item>
                    <a>7</a><a>meublée</a><a>meubler</a><a>ADJ</a><a>ADJ</a><a>n=s|g=f|t=K</a><a>6</a><a>mod</a><a>6</a><a>mod</a>
                </item>
                <item>
                    <a>8</a><a>sont</a><a>être</a><a>V</a><a>V</a><a>n=p|t=P|p=3</a><a>10</a><a>aux_pass</a><a>10</a><a>aux_pass</a>
                </item>
                <item>
                    <a>9</a><a>désormais</a><a>désormais</a><a>ADV</a><a>ADV</a><a></a><a>10</a><a>mod</a><a>10</a><a>mod</a>
                </item>
                <item>
                    <a>10</a><a>considérés</a><a>considérer</a><a>VPP</a><a>VPP</a><a>n=p|g=m|t=K</a><a>0</a><a>root</a><a>0</a><a>root</a>
                </item>
                <item>
                    <a>11</a><a>systématiquement</a><a>_</a><a>ADV</a><a>ADV</a><a></a><a>10</a><a>mod</a><a>10</a><a>mod</a>
                </item>
                <item><a>12</a><a>comme</a><a>comme</a><a>P</a><a>P</a><a></a><a>10</a><a>mod</a><a>10</a><a>mod</a>
                </item>
                <item><a>13</a><a>des</a><a>des</a><a>DET</a><a>DET</a><a>n=p</a><a>14</a><a>det</a><a>14</a><a>det</a>
                </item>
                <item>
                    <a>14</a><a>bénéfices</a><a>bénéfice</a><a>NC</a><a>NC</a><a>n=p|g=m</a><a>12</a><a>prep</a><a>12</a><a>prep</a>
                </item>
                <item>
                    <a>15</a><a>industriels</a><a>industriel</a><a>ADJ</a><a>ADJ</a><a>n=p|g=m</a><a>14</a><a>mod</a><a>14</a><a>mod</a>
                </item>
                <item><a>16</a><a>et</a><a>et</a><a>CC</a><a>CC</a><a></a><a>15</a><a>coord</a><a>15</a><a>coord</a>
                </item>
                <item>
                    <a>17</a><a>commerciaux</a><a>commercial</a><a>ADJ</a><a>ADJ</a><a>n=p|g=m</a><a>16</a><a>dep_coord</a><a>16</a><a>dep_coord</a>
                </item>
                <item><a>18</a><a>,</a><a>,</a><a>PONCT</a><a>PONCT</a><a></a><a>17</a><a>ponct</a><a>17</a><a>ponct</a>
                </item>
                <item>
                    <a>19</a><a>explique</a><a>expliquer</a><a>V</a><a>V</a><a>n=s|t=P,S|p=1,3</a><a>10</a><a>mod</a><a>10</a><a>mod</a>
                </item>
                <item>
                    <a>20</a><a>Frédéric</a><a>Frédéric</a><a>NPP</a><a>NPP</a><a>n=s|g=m</a><a>19</a><a>suj</a><a>19</a><a>suj</a>
                </item>
                <item><a>21</a><a>Douet</a><a>_</a><a>NPP</a><a>NPP</a><a></a><a>20</a><a>mod</a><a>20</a><a>mod</a>
                </item>
                <item><a>22</a><a>,</a><a>,</a><a>PONCT</a><a>PONCT</a><a></a><a>21</a><a>ponct</a><a>21</a><a>ponct</a>
                </item>
                <item>
                    <a>23</a><a>professeur</a><a>professeur</a><a>NC</a><a>NC</a><a>n=s|g=m</a><a>20</a><a>mod</a><a>20</a><a>mod</a>
                </item>
                <item><a>24</a><a>de</a><a>de</a><a>P</a><a>P</a><a></a><a>23</a><a>dep</a><a>23</a><a>dep</a></item>
                <item>
                    <a>25</a><a>droit</a><a>droit</a><a>NC</a><a>NC</a><a>n=s|g=m</a><a>24</a><a>prep</a><a>24</a><a>prep</a>
                </item>
                <item>
                    <a>26</a><a>fiscal</a><a>fiscal</a><a>ADJ</a><a>ADJ</a><a>n=s|g=m</a><a>25</a><a>mod</a><a>25</a><a>mod</a>
                </item>
                <item><a>27</a><a>à</a><a>à</a><a>P</a><a>P</a><a></a><a>23</a><a>dep</a><a>23</a><a>dep</a></item>
                <item><a>28</a><a>l'</a><a>le</a><a>DET</a><a>DET</a><a>n=s</a><a>29</a><a>det</a><a>29</a><a>det</a>
                </item>
                <item>
                    <a>29</a><a>Université</a><a>université</a><a>NC</a><a>NC</a><a>n=s|g=f</a><a>27</a><a>prep</a><a>27</a><a>prep</a>
                </item>
                <item><a>30</a><a>de</a><a>de</a><a>P</a><a>P</a><a></a><a>29</a><a>dep</a><a>29</a><a>dep</a></item>
                <item>
                    <a>31</a><a>Rouen</a><a>Rouen</a><a>NPP</a><a>NPP</a><a>n=s|g=m</a><a>30</a><a>prep</a><a>30</a><a>prep</a>
                </item>
                <item><a>32</a><a>.</a><a>.</a><a>PONCT</a><a>PONCT</a><a></a><a>31</a><a>ponct</a><a>31</a><a>ponct</a>
                </item>
                <item><a>33</a><a>§</a><a>§</a><a>PONCT</a><a>PONCT</a><a></a><a>31</a><a>ponct</a><a>31</a><a>ponct</a>
                </item>
            </p>
        </description>
        <description>
            <p type="description">
                <item><a>1</a><a>Ce</a><a>ce</a><a>DET</a><a>DET</a><a>n=s|g=m</a><a>2</a><a>det</a><a>2</a><a>det</a>
                </item>
                <item>
                    <a>2</a><a>Powerpoint</a><a>Powerpoint</a><a>NPP</a><a>NPP</a><a></a><a>5</a><a>suj</a><a>5</a><a>suj</a>
                </item>
                <item><a>3</a><a>très</a><a>très</a><a>ADV</a><a>ADV</a><a></a><a>4</a><a>mod</a><a>4</a><a>mod</a>
                </item>
                <item>
                    <a>4</a><a>maladroit</a><a>maladroit</a><a>ADJ</a><a>ADJ</a><a>n=s|g=m</a><a>2</a><a>mod</a><a>2</a><a>mod</a>
                </item>
                <item>
                    <a>5</a><a>donnait</a><a>donner</a><a>V</a><a>V</a><a>n=s|t=I|p=3</a><a>0</a><a>root</a><a>0</a><a>root</a>
                </item>
                <item><a>6</a><a>,</a><a>,</a><a>PONCT</a><a>PONCT</a><a></a><a>5</a><a>ponct</a><a>5</a><a>ponct</a>
                </item>
                <item><a>7</a><a>parmi</a><a>parmi</a><a>P</a><a>P</a><a></a><a>5</a><a>mod</a><a>5</a><a>mod</a></item>
                <item><a>8</a><a>les</a><a>les</a><a>DET</a><a>DET</a><a>n=p</a><a>9</a><a>det</a><a>9</a><a>det</a>
                </item>
                <item>
                    <a>9</a><a>signes</a><a>signe</a><a>NC</a><a>NC</a><a>n=p|g=m</a><a>7</a><a>prep</a><a>7</a><a>prep</a>
                </item>
                <item><a>10</a><a>d'</a><a>de</a><a>P</a><a>P</a><a></a><a>5</a><a>mod</a><a>5</a><a>mod</a></item>
                <item>
                    <a>11</a><a>extrémisme</a><a>extrémisme</a><a>NC</a><a>NC</a><a>n=s|g=m</a><a>10</a><a>prep</a><a>10</a><a>prep</a>
                </item>
                <item>
                    <a>12</a><a>religieux</a><a>religieux</a><a>ADJ</a><a>ADJ</a><a>g=m</a><a>11</a><a>mod</a><a>11</a><a>mod</a>
                </item>
                <item><a>13</a><a>,</a><a>,</a><a>PONCT</a><a>PONCT</a><a></a><a>12</a><a>ponct</a><a>12</a><a>ponct</a>
                </item>
                <item>
                    <a>14</a><a>le</a><a>le</a><a>DET</a><a>DET</a><a>n=s|g=m</a><a>15</a><a>det</a><a>15</a><a>det</a>
                </item>
                <item>
                    <a>15</a><a>port</a><a>port</a><a>NC</a><a>NC</a><a>n=s|g=m</a><a>5</a><a>obj</a><a>5</a><a>obj</a>
                </item>
                <item><a>16</a><a>d'</a><a>de</a><a>P</a><a>P</a><a></a><a>15</a><a>dep</a><a>15</a><a>dep</a></item>
                <item>
                    <a>17</a><a>une</a><a>une</a><a>DET</a><a>DET</a><a>n=s|g=f</a><a>19</a><a>det</a><a>19</a><a>det</a>
                </item>
                <item><a>18</a><a>"</a><a>"</a><a>PONCT</a><a>PONCT</a><a></a><a>17</a><a>ponct</a><a>17</a><a>ponct</a>
                </item>
                <item>
                    <a>19</a><a>barbe</a><a>barbe</a><a>NC</a><a>NC</a><a>n=s</a><a>16</a><a>prep</a><a>16</a><a>prep</a>
                </item>
                <item>
                    <a>20</a><a>longue</a><a>long</a><a>ADJ</a><a>ADJ</a><a>n=s|g=f</a><a>19</a><a>mod</a><a>19</a><a>mod</a>
                </item>
                <item><a>21</a><a>non</a><a>non</a><a>ADV</a><a>ADV</a><a></a><a>22</a><a>mod</a><a>22</a><a>mod</a>
                </item>
                <item>
                    <a>22</a><a>taillée</a><a>tailler</a><a>ADJ</a><a>ADJ</a><a>n=s|g=f|t=K</a><a>19</a><a>mod</a><a>19</a><a>mod</a>
                </item>
                <item><a>23</a><a>"</a><a>"</a><a>PONCT</a><a>PONCT</a><a></a><a>22</a><a>ponct</a><a>22</a><a>ponct</a>
                </item>
                <item><a>24</a><a>ou</a><a>ou</a><a>CC</a><a>CC</a><a></a><a>15</a><a>coord</a><a>15</a><a>coord</a>
                </item>
                <item>
                    <a>25</a><a>la</a><a>la</a><a>DET</a><a>DET</a><a>n=s|g=f</a><a>27</a><a>det</a><a>27</a><a>det</a>
                </item>
                <item><a>26</a><a>"</a><a>"</a><a>PONCT</a><a>PONCT</a><a></a><a>25</a><a>ponct</a><a>25</a><a>ponct</a>
                </item>
                <item>
                    <a>27</a><a>perte</a><a>perte</a><a>NC</a><a>NC</a><a>n=s|g=f</a><a>24</a><a>dep_coord</a><a>24</a><a>dep_coord</a>
                </item>
                <item><a>28</a><a>de</a><a>de</a><a>P</a><a>P</a><a></a><a>27</a><a>dep</a><a>27</a><a>dep</a></item>
                <item>
                    <a>29</a><a>poids</a><a>poids</a><a>NC</a><a>NC</a><a>g=m</a><a>28</a><a>prep</a><a>28</a><a>prep</a>
                </item>
                <item>
                    <a>30</a><a>liée</a><a>lier</a><a>VPP</a><a>VPP</a><a>n=s|g=f|t=K</a><a>27</a><a>mod</a><a>27</a><a>mod</a>
                </item>
                <item><a>31</a><a>à</a><a>à</a><a>P</a><a>P</a><a></a><a>30</a><a>mod</a><a>30</a><a>mod</a></item>
                <item><a>32</a><a>des</a><a>des</a><a>DET</a><a>DET</a><a>n=p</a><a>33</a><a>det</a><a>33</a><a>det</a>
                </item>
                <item>
                    <a>33</a><a>jeûnes</a><a>jeûne</a><a>NC</a><a>NC</a><a>n=p|g=m</a><a>31</a><a>prep</a><a>31</a><a>prep</a>
                </item>
                <item>
                    <a>34</a><a>fréquents</a><a>fréquent</a><a>ADJ</a><a>ADJ</a><a>n=p|g=m</a><a>33</a><a>mod</a><a>33</a><a>mod</a>
                </item>
                <item><a>35</a><a>"</a><a>"</a><a>PONCT</a><a>PONCT</a><a></a><a>34</a><a>ponct</a><a>34</a><a>ponct</a>
                </item>
                <item><a>36</a><a>.</a><a>.</a><a>PONCT</a><a>PONCT</a><a></a><a>34</a><a>ponct</a><a>34</a><a>ponct</a>
                </item>
            </p>
            <p type="description">
                <item><a>1</a><a>§</a><a>§</a><a>PONCT</a><a>PONCT</a><a></a><a>0</a><a>ponct</a><a>0</a><a>ponct</a>
                </item>
            </p>
        </description>
        <description>
            <p type="description">
                <item><a>1</a><a>Des</a><a>des</a><a>DET</a><a>DET</a><a>n=p</a><a>2</a><a>det</a><a>2</a><a>det</a>
                </item>
                <item>
                    <a>2</a><a>milliers</a><a>millier</a><a>NC</a><a>NC</a><a>n=p|g=m</a><a>5</a><a>suj</a><a>5</a><a>suj</a>
                </item>
                <item><a>3</a><a>de</a><a>de</a><a>P</a><a>P</a><a></a><a>2</a><a>dep</a><a>2</a><a>dep</a></item>
                <item>
                    <a>4</a><a>migrants</a><a>migrant</a><a>NC</a><a>NC</a><a>n=p|g=m</a><a>3</a><a>prep</a><a>3</a><a>prep</a>
                </item>
                <item>
                    <a>5</a><a>tentent</a><a>tenter</a><a>V</a><a>V</a><a>n=p|t=P,S|p=3</a><a>0</a><a>root</a><a>0</a><a>root</a>
                </item>
                <item>
                    <a>6</a><a>chaque</a><a>chaque</a><a>DET</a><a>DET</a><a>n=s</a><a>7</a><a>det</a><a>7</a><a>det</a>
                </item>
                <item>
                    <a>7</a><a>année</a><a>année</a><a>NC</a><a>NC</a><a>n=s|g=f</a><a>5</a><a>obj</a><a>5</a><a>obj</a>
                </item>
                <item><a>8</a><a>de</a><a>de</a><a>P</a><a>P</a><a></a><a>5</a><a>mod</a><a>5</a><a>mod</a></item>
                <item>
                    <a>9</a><a>franchir</a><a>franchir</a><a>VINF</a><a>VINF</a><a>t=W</a><a>8</a><a>prep</a><a>8</a><a>prep</a>
                </item>
                <item><a>10</a><a>les</a><a>les</a><a>DET</a><a>DET</a><a>n=p</a><a>11</a><a>det</a><a>11</a><a>det</a>
                </item>
                <item>
                    <a>11</a><a>grillages</a><a>grillage</a><a>NC</a><a>NC</a><a>n=p|g=m</a><a>9</a><a>obj</a><a>9</a><a>obj</a>
                </item>
                <item>
                    <a>12</a><a>qui</a><a>qui</a><a>PROREL</a><a>PROREL</a><a>n=s</a><a>13</a><a>suj</a><a>13</a><a>suj</a>
                </item>
                <item>
                    <a>13</a><a>séparent</a><a>séparer</a><a>V</a><a>V</a><a>n=p|t=P,S|p=3</a><a>11</a><a>mod_rel</a><a>11</a><a>mod_rel</a>
                </item>
                <item>
                    <a>14</a><a>le</a><a>le</a><a>DET</a><a>DET</a><a>n=s|g=m</a><a>15</a><a>det</a><a>15</a><a>det</a>
                </item>
                <item>
                    <a>15</a><a>Maroc</a><a>Maroc</a><a>NPP</a><a>NPP</a><a>n=s|g=m</a><a>13</a><a>obj</a><a>13</a><a>obj</a>
                </item>
                <item><a>16</a><a>de</a><a>de</a><a>P</a><a>P</a><a></a><a>13</a><a>mod</a><a>13</a><a>mod</a></item>
                <item><a>17</a><a>l'</a><a>le</a><a>DET</a><a>DET</a><a>n=s</a><a>18</a><a>det</a><a>18</a><a>det</a>
                </item>
                <item>
                    <a>18</a><a>Espagne</a><a>Espagne</a><a>NPP</a><a>NPP</a><a>n=s|g=f</a><a>16</a><a>prep</a><a>16</a><a>prep</a>
                </item>
                <item><a>19</a><a>.</a><a>.</a><a>PONCT</a><a>PONCT</a><a></a><a>18</a><a>ponct</a><a>18</a><a>ponct</a>
                </item>
            </p>
            <p type="description">
                <item><a>1</a><a>Les</a><a>les</a><a>DET</a><a>DET</a><a>n=p</a><a>2</a><a>det</a><a>2</a><a>det</a>
                </item>
                <item>
                    <a>2</a><a>autorités</a><a>autorité</a><a>NC</a><a>NC</a><a>n=p|g=f</a><a>5</a><a>suj</a><a>5</a><a>suj</a>
                </item>
                <item>
                    <a>3</a><a>espagnoles</a><a>espagnol</a><a>ADJ</a><a>ADJ</a><a>n=p|g=f</a><a>2</a><a>mod</a><a>2</a><a>mod</a>
                </item>
                <item><a>4</a><a>les</a><a>les</a><a>CLO</a><a>CLO</a><a>n=p|p=3</a><a>5</a><a>obj</a><a>5</a><a>obj</a>
                </item>
                <item>
                    <a>5</a><a>rendraient</a><a>rendre</a><a>V</a><a>V</a><a>n=p|t=C|p=3</a><a>0</a><a>root</a><a>0</a><a>root</a>
                </item>
                <item><a>6</a><a>à</a><a>à</a><a>P</a><a>P</a><a></a><a>5</a><a>mod</a><a>5</a><a>mod</a></item>
                <item>
                    <a>7</a><a>leurs</a><a>leurs</a><a>DET</a><a>DET</a><a>n=p|p=3|poss=p</a><a>8</a><a>det</a><a>8</a><a>det</a>
                </item>
                <item>
                    <a>8</a><a>homologues</a><a>homologue</a><a>NC</a><a>NC</a><a>n=p</a><a>6</a><a>prep</a><a>6</a><a>prep</a>
                </item>
                <item>
                    <a>9</a><a>marocains</a><a>marocain</a><a>ADJ</a><a>ADJ</a><a>n=p|g=m</a><a>8</a><a>mod</a><a>8</a><a>mod</a>
                </item>
                <item><a>10</a><a>sans</a><a>sans</a><a>P</a><a>P</a><a></a><a>5</a><a>mod</a><a>5</a><a>mod</a></item>
                <item>
                    <a>11</a><a>étudier</a><a>étudier</a><a>VINF</a><a>VINF</a><a>t=W</a><a>10</a><a>prep</a><a>10</a><a>prep</a>
                </item>
                <item>
                    <a>12</a><a>leur</a><a>leur</a><a>DET</a><a>DET</a><a>n=s|p=3|poss=p</a><a>13</a><a>det</a><a>13</a><a>det</a>
                </item>
                <item><a>13</a><a>cas</a><a>cas</a><a>NC</a><a>NC</a><a>g=m</a><a>11</a><a>obj</a><a>11</a><a>obj</a>
                </item>
                <item><a>14</a><a>.</a><a>.</a><a>PONCT</a><a>PONCT</a><a></a><a>13</a><a>ponct</a><a>13</a><a>ponct</a>
                </item>
                <item><a>15</a><a>§</a><a>§</a><a>PONCT</a><a>PONCT</a><a></a><a>13</a><a>ponct</a><a>13</a><a>ponct</a>
                </item>
            </p>
        </description>
        <description>
            <p type="description">
                <item><a>1</a><a>Le</a><a>le</a><a>DET</a><a>DET</a><a>n=s|g=m</a><a>2</a><a>det</a><a>2</a><a>det</a>
                </item>
                <item><a>2</a><a>club</a><a>club</a><a>NC</a><a>NC</a><a>n=s|g=m</a><a>9</a><a>suj</a><a>9</a><a>suj</a>
                </item>
                <item>
                    <a>3</a><a>champion</a><a>champion</a><a>NC</a><a>NC</a><a>n=s|g=m</a><a>2</a><a>mod</a><a>2</a><a>mod</a>
                </item>
                <item><a>4</a><a>de</a><a>de</a><a>P</a><a>P</a><a></a><a>2</a><a>dep</a><a>2</a><a>dep</a></item>
                <item>
                    <a>5</a><a>France</a><a>France</a><a>NPP</a><a>NPP</a><a>n=s|g=f,m</a><a>4</a><a>prep</a><a>4</a><a>prep</a>
                </item>
                <item><a>6</a><a>en</a><a>en</a><a>P</a><a>P</a><a></a><a>2</a><a>dep</a><a>2</a><a>dep</a></item>
                <item>
                    <a>7</a><a>titre</a><a>titre</a><a>NC</a><a>NC</a><a>n=s|g=m</a><a>6</a><a>prep</a><a>6</a><a>prep</a>
                </item>
                <item>
                    <a>8</a><a>a</a><a>avoir</a><a>V</a><a>V</a><a>n=s|t=P|p=3</a><a>9</a><a>aux_tps</a><a>9</a><a>aux_tps</a>
                </item>
                <item>
                    <a>9</a><a>annoncé</a><a>annoncer</a><a>VPP</a><a>VPP</a><a>n=s|g=m|t=K</a><a>0</a><a>root</a><a>0</a><a>root</a>
                </item>
                <item>
                    <a>10</a><a>son</a><a>son</a><a>DET</a><a>DET</a><a>n=s|g=m|p=3|poss=s</a><a>11</a><a>det</a><a>11</a><a>det</a>
                </item>
                <item>
                    <a>11</a><a>intention</a><a>intention</a><a>NC</a><a>NC</a><a>n=s|g=f</a><a>9</a><a>obj</a><a>9</a><a>obj</a>
                </item>
                <item><a>12</a><a>de</a><a>de</a><a>P</a><a>P</a><a></a><a>9</a><a>mod</a><a>9</a><a>mod</a></item>
                <item>
                    <a>13</a><a>porter</a><a>porter</a><a>VINF</a><a>VINF</a><a>t=W</a><a>12</a><a>prep</a><a>12</a><a>prep</a>
                </item>
                <item>
                    <a>14</a><a>plainte</a><a>plainte</a><a>NC</a><a>NC</a><a>n=s|g=f</a><a>13</a><a>obj</a><a>13</a><a>obj</a>
                </item>
                <item><a>15</a><a>contre</a><a>contre</a><a>P</a><a>P</a><a></a><a>13</a><a>mod</a><a>13</a><a>mod</a>
                </item>
                <item>
                    <a>16</a><a>son</a><a>son</a><a>DET</a><a>DET</a><a>n=s|g=m|p=3|poss=s</a><a>17</a><a>det</a><a>17</a><a>det</a>
                </item>
                <item>
                    <a>17</a><a>joueur</a><a>joueur</a><a>NC</a><a>NC</a><a>n=s|g=m</a><a>15</a><a>prep</a><a>15</a><a>prep</a>
                </item>
                <item><a>18</a><a>,</a><a>,</a><a>PONCT</a><a>PONCT</a><a></a><a>17</a><a>ponct</a><a>17</a><a>ponct</a>
                </item>
                <item>
                    <a>19</a><a>qui</a><a>qui</a><a>PROREL</a><a>PROREL</a><a>n=s</a><a>24</a><a>suj</a><a>24</a><a>suj</a>
                </item>
                <item><a>20</a><a>ne</a><a>ne</a><a>ADV</a><a>ADV</a><a></a><a>24</a><a>mod</a><a>24</a><a>mod</a>
                </item>
                <item>
                    <a>21</a><a>s'</a><a>se</a><a>CLR</a><a>CLR</a><a>n=p,s|p=3</a><a>24</a><a>aff</a><a>24</a><a>aff</a>
                </item>
                <item>
                    <a>22</a><a>est</a><a>être</a><a>V</a><a>V</a><a>n=s|t=P|p=3</a><a>24</a><a>aux_tps</a><a>24</a><a>aux_tps</a>
                </item>
                <item><a>23</a><a>pas</a><a>pas</a><a>ADV</a><a>ADV</a><a></a><a>24</a><a>mod</a><a>24</a><a>mod</a>
                </item>
                <item>
                    <a>24</a><a>présenté</a><a>présenter</a><a>VPP</a><a>VPP</a><a>n=s|g=m|t=K</a><a>9</a><a>mod</a><a>9</a><a>mod</a>
                </item>
                <item><a>25</a><a>à</a><a>à</a><a>P</a><a>P</a><a></a><a>24</a><a>mod</a><a>24</a><a>mod</a></item>
                <item>
                    <a>26</a><a>la</a><a>la</a><a>DET</a><a>DET</a><a>n=s|g=f</a><a>27</a><a>det</a><a>27</a><a>det</a>
                </item>
                <item>
                    <a>27</a><a>reprise</a><a>reprise</a><a>NC</a><a>NC</a><a>n=s|g=f</a><a>25</a><a>prep</a><a>25</a><a>prep</a>
                </item>
                <item><a>28</a><a>de</a><a>de</a><a>P</a><a>P</a><a></a><a>24</a><a>mod</a><a>24</a><a>mod</a></item>
                <item><a>29</a><a>l'</a><a>le</a><a>DET</a><a>DET</a><a>n=s</a><a>30</a><a>det</a><a>30</a><a>det</a>
                </item>
                <item>
                    <a>30</a><a>entraînement</a><a>entraînement</a><a>NC</a><a>NC</a><a>n=s|g=m</a><a>28</a><a>prep</a><a>28</a><a>prep</a>
                </item>
                <item><a>31</a><a>.</a><a>.</a><a>PONCT</a><a>PONCT</a><a></a><a>30</a><a>ponct</a><a>30</a><a>ponct</a>
                </item>
                <item><a>32</a><a>§</a><a>§</a><a>PONCT</a><a>PONCT</a><a></a><a>30</a><a>ponct</a><a>30</a><a>ponct</a>
                </item>
            </p>
        </description>
        <description>
            <p type="description">
                <item>
                    <a>1</a><a>Profitant</a><a>profiter</a><a>VPR</a><a>VPR</a><a>t=G</a><a>14</a><a>mod</a><a>14</a><a>mod</a>
                </item>
                <item><a>2</a><a>du</a><a>de</a><a>P+D</a><a>P+D</a><a>n=s|g=m</a><a>1</a><a>mod</a><a>1</a><a>mod</a>
                </item>
                <item><a>3</a><a>chaos</a><a>chaos</a><a>NC</a><a>NC</a><a>g=m</a><a>2</a><a>prep</a><a>2</a><a>prep</a>
                </item>
                <item><a>4</a><a>,</a><a>,</a><a>PONCT</a><a>PONCT</a><a></a><a>3</a><a>ponct</a><a>3</a><a>ponct</a>
                </item>
                <item><a>5</a><a>Al</a><a>Al</a><a>NPP</a><a>NPP</a><a>n=s|g=m</a><a>14</a><a>suj</a><a>14</a><a>suj</a>
                </item>
                <item><a>6</a><a>-</a><a>-</a><a>PONCT</a><a>PONCT</a><a></a><a>5</a><a>ponct</a><a>5</a><a>ponct</a>
                </item>
                <item><a>7</a><a>Qaida</a><a>_</a><a>NPP</a><a>NPP</a><a></a><a>5</a><a>mod</a><a>5</a><a>mod</a></item>
                <item><a>8</a><a>et</a><a>et</a><a>CC</a><a>CC</a><a></a><a>5</a><a>coord</a><a>5</a><a>coord</a></item>
                <item><a>9</a><a>l'</a><a>le</a><a>DET</a><a>DET</a><a>n=s</a><a>10</a><a>det</a><a>10</a><a>det</a>
                </item>
                <item>
                    <a>10</a><a>organisation</a><a>organisation</a><a>NC</a><a>NC</a><a>n=s|g=f</a><a>8</a><a>dep_coord</a><a>8</a><a>dep_coord</a>
                </item>
                <item><a>11</a><a>Etat</a><a>_</a><a>NPP</a><a>NPP</a><a></a><a>10</a><a>mod</a><a>10</a><a>mod</a>
                </item>
                <item>
                    <a>12</a><a>islamique</a><a>islamique</a><a>ADJ</a><a>ADJ</a><a>n=s</a><a>10</a><a>mod</a><a>10</a><a>mod</a>
                </item>
                <item>
                    <a>13</a><a>ont</a><a>avoir</a><a>V</a><a>V</a><a>n=p|t=P|p=3</a><a>14</a><a>aux_tps</a><a>14</a><a>aux_tps</a>
                </item>
                <item>
                    <a>14</a><a>renforcé</a><a>renforcer</a><a>VPP</a><a>VPP</a><a>n=s|g=m|t=K</a><a>0</a><a>root</a><a>0</a><a>root</a>
                </item>
                <item>
                    <a>15</a><a>leur</a><a>leur</a><a>DET</a><a>DET</a><a>n=s|p=3|poss=p</a><a>16</a><a>det</a><a>16</a><a>det</a>
                </item>
                <item>
                    <a>16</a><a>présence</a><a>présence</a><a>NC</a><a>NC</a><a>n=s|g=f</a><a>14</a><a>obj</a><a>14</a><a>obj</a>
                </item>
                <item><a>17</a><a>dans</a><a>dans</a><a>P</a><a>P</a><a></a><a>14</a><a>mod</a><a>14</a><a>mod</a>
                </item>
                <item>
                    <a>18</a><a>le</a><a>le</a><a>DET</a><a>DET</a><a>n=s|g=m</a><a>19</a><a>det</a><a>19</a><a>det</a>
                </item>
                <item>
                    <a>19</a><a>sud</a><a>sud</a><a>NC</a><a>NC</a><a>n=s|g=m</a><a>17</a><a>prep</a><a>17</a><a>prep</a>
                </item>
                <item>
                    <a>20</a><a>du</a><a>de</a><a>P+D</a><a>P+D</a><a>n=s|g=m</a><a>14</a><a>mod</a><a>14</a><a>mod</a>
                </item>
                <item>
                    <a>21</a><a>pays</a><a>pays</a><a>NC</a><a>NC</a><a>g=m</a><a>20</a><a>prep</a><a>20</a><a>prep</a>
                </item>
                <item><a>22</a><a>.</a><a>.</a><a>PONCT</a><a>PONCT</a><a></a><a>21</a><a>ponct</a><a>21</a><a>ponct</a>
                </item>
                <item><a>23</a><a>§</a><a>§</a><a>PONCT</a><a>PONCT</a><a></a><a>21</a><a>ponct</a><a>21</a><a>ponct</a>
                </item>
            </p>
        </description>
        <description>
            <p type="description">
                <item><a>1</a><a>La</a><a>la</a><a>DET</a><a>DET</a><a>n=s|g=f</a><a>2</a><a>det</a><a>2</a><a>det</a>
                </item>
                <item>
                    <a>2</a><a>capitale</a><a>capitale</a><a>NC</a><a>NC</a><a>n=s|g=f</a><a>5</a><a>suj</a><a>5</a><a>suj</a>
                </item>
                <item>
                    <a>3</a><a>chinoise</a><a>chinois</a><a>ADJ</a><a>ADJ</a><a>n=s|g=f</a><a>2</a><a>mod</a><a>2</a><a>mod</a>
                </item>
                <item>
                    <a>4</a><a>est</a><a>être</a><a>V</a><a>V</a><a>n=s|t=P|p=3</a><a>5</a><a>aux_tps</a><a>5</a><a>aux_tps</a>
                </item>
                <item>
                    <a>5</a><a>frappée</a><a>frapper</a><a>VPP</a><a>VPP</a><a>n=s|g=f|t=K</a><a>0</a><a>root</a><a>0</a><a>root</a>
                </item>
                <item><a>6</a><a>par</a><a>par</a><a>P</a><a>P</a><a></a><a>5</a><a>mod</a><a>5</a><a>mod</a></item>
                <item><a>7</a><a>un</a><a>un</a><a>DET</a><a>DET</a><a>n=s|g=m</a><a>9</a><a>det</a><a>9</a><a>det</a>
                </item>
                <item>
                    <a>8</a><a>sévère</a><a>sévère</a><a>ADJ</a><a>ADJ</a><a>n=s</a><a>9</a><a>mod</a><a>9</a><a>mod</a>
                </item>
                <item>
                    <a>9</a><a>épisode</a><a>épisode</a><a>NC</a><a>NC</a><a>n=s|g=m</a><a>6</a><a>prep</a><a>6</a><a>prep</a>
                </item>
                <item><a>10</a><a>de</a><a>de</a><a>P</a><a>P</a><a></a><a>5</a><a>mod</a><a>5</a><a>mod</a></item>
                <item>
                    <a>11</a><a>pollution</a><a>pollution</a><a>NC</a><a>NC</a><a>n=s|g=f</a><a>10</a><a>prep</a><a>10</a><a>prep</a>
                </item>
                <item><a>12</a><a>,</a><a>,</a><a>PONCT</a><a>PONCT</a><a></a><a>11</a><a>ponct</a><a>11</a><a>ponct</a>
                </item>
                <item><a>13</a><a>qu'</a><a>que</a><a>CS</a><a>CS</a><a></a><a>5</a><a>mod</a><a>5</a><a>mod</a></item>
                <item>
                    <a>14</a><a>un</a><a>un</a><a>DET</a><a>DET</a><a>n=s|g=m</a><a>15</a><a>det</a><a>15</a><a>det</a>
                </item>
                <item>
                    <a>15</a><a>Britannique</a><a>britannique</a><a>NC</a><a>NC</a><a>n=s</a><a>17</a><a>suj</a><a>17</a><a>suj</a>
                </item>
                <item>
                    <a>16</a><a>a</a><a>avoir</a><a>V</a><a>V</a><a>n=s|t=P|p=3</a><a>17</a><a>aux_tps</a><a>17</a><a>aux_tps</a>
                </item>
                <item>
                    <a>17</a><a>filmé</a><a>filmer</a><a>VPP</a><a>VPP</a><a>n=s|g=m|t=K</a><a>13</a><a>sub</a><a>13</a><a>sub</a>
                </item>
                <item><a>18</a><a>depuis</a><a>depuis</a><a>P</a><a>P</a><a></a><a>17</a><a>mod</a><a>17</a><a>mod</a>
                </item>
                <item>
                    <a>19</a><a>un</a><a>un</a><a>DET</a><a>DET</a><a>n=s|g=m</a><a>20</a><a>det</a><a>20</a><a>det</a>
                </item>
                <item>
                    <a>20</a><a>gratte</a><a>gratte</a><a>NC</a><a>NC</a><a>n=s|g=f</a><a>18</a><a>prep</a><a>18</a><a>prep</a>
                </item>
                <item><a>21</a><a>-</a><a>-</a><a>PONCT</a><a>PONCT</a><a></a><a>20</a><a>ponct</a><a>20</a><a>ponct</a>
                </item>
                <item>
                    <a>22</a><a>ciel</a><a>ciel</a><a>NC</a><a>NC</a><a>n=s|g=m</a><a>20</a><a>mod</a><a>20</a><a>mod</a>
                </item>
                <item><a>23</a><a>de</a><a>de</a><a>P</a><a>P</a><a></a><a>22</a><a>dep</a><a>22</a><a>dep</a></item>
                <item>
                    <a>24</a><a>Pékin</a><a>Pékin</a><a>NPP</a><a>NPP</a><a>n=s|g=m</a><a>23</a><a>prep</a><a>23</a><a>prep</a>
                </item>
                <item><a>25</a><a>.</a><a>.</a><a>PONCT</a><a>PONCT</a><a></a><a>24</a><a>ponct</a><a>24</a><a>ponct</a>
                </item>
                <item><a>26</a><a>§</a><a>§</a><a>PONCT</a><a>PONCT</a><a></a><a>24</a><a>ponct</a><a>24</a><a>ponct</a>
                </item>
            </p>
        </description>
        <description>
            <p type="description">
                <item><a>1</a><a>L'</a><a>le</a><a>DET</a><a>DET</a><a>n=s</a><a>2</a><a>det</a><a>2</a><a>det</a>
                </item>
                <item>
                    <a>2</a><a>auteur</a><a>auteur</a><a>NC</a><a>NC</a><a>n=s|g=m</a><a>13</a><a>suj</a><a>13</a><a>suj</a>
                </item>
                <item>
                    <a>3</a><a>britannique</a><a>britannique</a><a>ADJ</a><a>ADJ</a><a>n=s</a><a>2</a><a>mod</a><a>2</a><a>mod</a>
                </item>
                <item><a>4</a><a>,</a><a>,</a><a>PONCT</a><a>PONCT</a><a></a><a>3</a><a>ponct</a><a>3</a><a>ponct</a>
                </item>
                <item>
                    <a>5</a><a>mort</a><a>mourir</a><a>VPP</a><a>VPP</a><a>n=s|g=m|t=K</a><a>2</a><a>mod</a><a>2</a><a>mod</a>
                </item>
                <item>
                    <a>6</a><a>lundi</a><a>lundi</a><a>NC</a><a>NC</a><a>n=s|g=m</a><a>5</a><a>mod</a><a>5</a><a>mod</a>
                </item>
                <item><a>7</a><a>2</a><a>2</a><a>ADJ</a><a>ADJ</a><a></a><a>6</a><a>mod</a><a>6</a><a>mod</a></item>
                <item>
                    <a>8</a><a>janvier</a><a>janvier</a><a>NC</a><a>NC</a><a>n=s|g=m</a><a>6</a><a>mod</a><a>6</a><a>mod</a>
                </item>
                <item><a>9</a><a>à</a><a>à</a><a>P</a><a>P</a><a></a><a>5</a><a>mod</a><a>5</a><a>mod</a></item>
                <item><a>10</a><a>90</a><a>90</a><a>NC</a><a>NC</a><a></a><a>9</a><a>prep</a><a>9</a><a>prep</a></item>
                <item><a>11</a><a>ans</a><a>an</a><a>NC</a><a>NC</a><a>n=p|g=m</a><a>10</a><a>mod</a><a>10</a><a>mod</a>
                </item>
                <item><a>12</a><a>,</a><a>,</a><a>PONCT</a><a>PONCT</a><a></a><a>11</a><a>ponct</a><a>11</a><a>ponct</a>
                </item>
                <item>
                    <a>13</a><a>était</a><a>être</a><a>V</a><a>V</a><a>n=s|t=I|p=3</a><a>0</a><a>root</a><a>0</a><a>root</a>
                </item>
                <item>
                    <a>14</a><a>un</a><a>un</a><a>DET</a><a>DET</a><a>n=s|g=m</a><a>15</a><a>det</a><a>15</a><a>det</a>
                </item>
                <item>
                    <a>15</a><a>artiste</a><a>artiste</a><a>NC</a><a>NC</a><a>n=s</a><a>13</a><a>obj</a><a>13</a><a>obj</a>
                </item>
                <item>
                    <a>16</a><a>prolifique</a><a>prolifique</a><a>ADJ</a><a>ADJ</a><a>n=s</a><a>15</a><a>mod</a><a>15</a><a>mod</a>
                </item>
                <item><a>17</a><a>,</a><a>,</a><a>PONCT</a><a>PONCT</a><a></a><a>16</a><a>ponct</a><a>16</a><a>ponct</a>
                </item>
                <item>
                    <a>18</a><a>poète</a><a>poète</a><a>NC</a><a>NC</a><a>n=s</a><a>15</a><a>mod</a><a>15</a><a>mod</a>
                </item>
                <item><a>19</a><a>,</a><a>,</a><a>PONCT</a><a>PONCT</a><a></a><a>18</a><a>ponct</a><a>18</a><a>ponct</a>
                </item>
                <item>
                    <a>20</a><a>peintre</a><a>peintre</a><a>NC</a><a>NC</a><a>n=s</a><a>15</a><a>mod</a><a>15</a><a>mod</a>
                </item>
                <item><a>21</a><a>,</a><a>,</a><a>PONCT</a><a>PONCT</a><a></a><a>20</a><a>ponct</a><a>20</a><a>ponct</a>
                </item>
                <item>
                    <a>22</a><a>critique</a><a>critique</a><a>NC</a><a>NC</a><a>n=s</a><a>15</a><a>mod</a><a>15</a><a>mod</a>
                </item>
                <item><a>23</a><a>d'</a><a>de</a><a>P</a><a>P</a><a></a><a>22</a><a>dep</a><a>22</a><a>dep</a></item>
                <item>
                    <a>24</a><a>art</a><a>art</a><a>NC</a><a>NC</a><a>n=s|g=m</a><a>23</a><a>prep</a><a>23</a><a>prep</a>
                </item>
                <item><a>25</a><a>et</a><a>et</a><a>CC</a><a>CC</a><a></a><a>24</a><a>coord</a><a>24</a><a>coord</a>
                </item>
                <item>
                    <a>26</a><a>scénariste</a><a>scénariste</a><a>NC</a><a>NC</a><a>n=s</a><a>25</a><a>dep_coord</a><a>25</a><a>dep_coord</a>
                </item>
                <item><a>27</a><a>.</a><a>.</a><a>PONCT</a><a>PONCT</a><a></a><a>26</a><a>ponct</a><a>26</a><a>ponct</a>
                </item>
                <item><a>28</a><a>§</a><a>§</a><a>PONCT</a><a>PONCT</a><a></a><a>26</a><a>ponct</a><a>26</a><a>ponct</a>
                </item>
            </p>
        </description>
        <description>
            <p type="description">
                <item><a>1</a><a>Le</a><a>le</a><a>DET</a><a>DET</a><a>n=s|g=m</a><a>2</a><a>det</a><a>2</a><a>det</a>
                </item>
                <item><a>2</a><a>biathlète</a><a>_</a><a>NC</a><a>NC</a><a></a><a>4</a><a>suj</a><a>4</a><a>suj</a>
                </item>
                <item>
                    <a>3</a><a>français</a><a>français</a><a>ADJ</a><a>ADJ</a><a>g=m</a><a>2</a><a>mod</a><a>2</a><a>mod</a>
                </item>
                <item>
                    <a>4</a><a>estime</a><a>estimer</a><a>V</a><a>V</a><a>n=s|t=P,S|p=1,3</a><a>0</a><a>root</a><a>0</a><a>root</a>
                </item>
                <item><a>5</a><a>la</a><a>la</a><a>DET</a><a>DET</a><a>n=s|g=f</a><a>6</a><a>det</a><a>6</a><a>det</a>
                </item>
                <item>
                    <a>6</a><a>réaction</a><a>réaction</a><a>NC</a><a>NC</a><a>n=s|g=f</a><a>4</a><a>obj</a><a>4</a><a>obj</a>
                </item>
                <item><a>7</a><a>de</a><a>de</a><a>P</a><a>P</a><a></a><a>6</a><a>dep</a><a>6</a><a>dep</a></item>
                <item>
                    <a>8</a><a>sa</a><a>sa</a><a>DET</a><a>DET</a><a>n=s|g=f|p=3|poss=s</a><a>9</a><a>det</a><a>9</a><a>det</a>
                </item>
                <item>
                    <a>9</a><a>fédération</a><a>fédération</a><a>NC</a><a>NC</a><a>n=s|g=f</a><a>7</a><a>prep</a><a>7</a><a>prep</a>
                </item>
                <item>
                    <a>10</a><a>insuffisante</a><a>insuffisant</a><a>ADJ</a><a>ADJ</a><a>n=s|g=f</a><a>9</a><a>mod</a><a>9</a><a>mod</a>
                </item>
                <item><a>11</a><a>et</a><a>et</a><a>CC</a><a>CC</a><a></a><a>4</a><a>coord</a><a>4</a><a>coord</a>
                </item>
                <item>
                    <a>12</a><a>annonce</a><a>annoncer</a><a>V</a><a>V</a><a>n=s|t=P,S|p=1,3</a><a>11</a><a>dep_coord</a><a>11</a><a>dep_coord</a>
                </item>
                <item>
                    <a>13</a><a>une</a><a>une</a><a>DET</a><a>DET</a><a>n=s|g=f</a><a>14</a><a>det</a><a>14</a><a>det</a>
                </item>
                <item>
                    <a>14</a><a>réunion</a><a>réunion</a><a>NC</a><a>NC</a><a>n=s|g=f</a><a>12</a><a>obj</a><a>12</a><a>obj</a>
                </item>
                <item><a>15</a><a>avec</a><a>avec</a><a>P</a><a>P</a><a></a><a>12</a><a>mod</a><a>12</a><a>mod</a>
                </item>
                <item><a>16</a><a>les</a><a>les</a><a>DET</a><a>DET</a><a>n=p</a><a>18</a><a>det</a><a>18</a><a>det</a>
                </item>
                <item>
                    <a>17</a><a>autres</a><a>autre</a><a>ADJ</a><a>ADJ</a><a>n=p</a><a>18</a><a>mod</a><a>18</a><a>mod</a>
                </item>
                <item>
                    <a>18</a><a>athlètes</a><a>athlète</a><a>NC</a><a>NC</a><a>n=p</a><a>15</a><a>prep</a><a>15</a><a>prep</a>
                </item>
                <item><a>19</a><a>,</a><a>,</a><a>PONCT</a><a>PONCT</a><a></a><a>18</a><a>ponct</a><a>18</a><a>ponct</a>
                </item>
                <item><a>20</a><a>afin</a><a>_</a><a>ADV</a><a>ADV</a><a></a><a>12</a><a>mod</a><a>12</a><a>mod</a>
                </item>
                <item><a>21</a><a>de</a><a>de</a><a>P</a><a>P</a><a></a><a>12</a><a>mod</a><a>12</a><a>mod</a></item>
                <item>
                    <a>22</a><a>convenir</a><a>convenir</a><a>VINF</a><a>VINF</a><a>t=W</a><a>21</a><a>prep</a><a>21</a><a>prep</a>
                </item>
                <item><a>23</a><a>d'</a><a>de</a><a>P</a><a>P</a><a></a><a>22</a><a>mod</a><a>22</a><a>mod</a></item>
                <item>
                    <a>24</a><a>une</a><a>une</a><a>DET</a><a>DET</a><a>n=s|g=f</a><a>25</a><a>det</a><a>25</a><a>det</a>
                </item>
                <item>
                    <a>25</a><a>position</a><a>position</a><a>NC</a><a>NC</a><a>n=s|g=f</a><a>23</a><a>prep</a><a>23</a><a>prep</a>
                </item>
                <item>
                    <a>26</a><a>commune</a><a>commun</a><a>ADJ</a><a>ADJ</a><a>n=s|g=f</a><a>25</a><a>mod</a><a>25</a><a>mod</a>
                </item>
                <item><a>27</a><a>.</a><a>.</a><a>PONCT</a><a>PONCT</a><a></a><a>26</a><a>ponct</a><a>26</a><a>ponct</a>
                </item>
                <item><a>28</a><a>§</a><a>§</a><a>PONCT</a><a>PONCT</a><a></a><a>26</a><a>ponct</a><a>26</a><a>ponct</a>
                </item>
            </p>
        </description>
    </file>
    <file type="titre" name="2017/01/04/19-00-00/0,2-3208,1-0,0.xml">
        <titre>
            <p type="titre">
                <item><a>1</a><a>"</a><a>"</a><a>PONCT</a><a>PONCT</a><a></a><a>0</a><a>ponct</a><a>0</a><a>ponct</a>
                </item>
                <item>
                    <a>2</a><a>Permis</a><a>permettre</a><a>VPP</a><a>VPP</a><a>g=m|t=K</a><a>10</a><a>mod</a><a>10</a><a>mod</a>
                </item>
                <item><a>3</a><a>de</a><a>de</a><a>P</a><a>P</a><a></a><a>2</a><a>mod</a><a>2</a><a>mod</a></item>
                <item>
                    <a>4</a><a>tuer</a><a>tuer</a><a>VINF</a><a>VINF</a><a>t=W</a><a>3</a><a>prep</a><a>3</a><a>prep</a>
                </item>
                <item><a>5</a><a>"</a><a>"</a><a>PONCT</a><a>PONCT</a><a></a><a>4</a><a>ponct</a><a>4</a><a>ponct</a>
                </item>
                <item><a>6</a><a>:</a><a>:</a><a>PONCT</a><a>PONCT</a><a></a><a>4</a><a>ponct</a><a>4</a><a>ponct</a>
                </item>
                <item>
                    <a>7</a><a>comment</a><a>comment</a><a>ADVWH</a><a>ADVWH</a><a></a><a>10</a><a>mod</a><a>10</a><a>mod</a>
                </item>
                <item><a>8</a><a>la</a><a>la</a><a>DET</a><a>DET</a><a>n=s|g=f</a><a>9</a><a>det</a><a>9</a><a>det</a>
                </item>
                <item>
                    <a>9</a><a>France</a><a>France</a><a>NPP</a><a>NPP</a><a>n=s|g=f,m</a><a>10</a><a>suj</a><a>10</a><a>suj</a>
                </item>
                <item>
                    <a>10</a><a>tue</a><a>tuer</a><a>V</a><a>V</a><a>n=s|t=P,S|p=1,3</a><a>0</a><a>root</a><a>0</a><a>root</a>
                </item>
                <item><a>11</a><a>des</a><a>des</a><a>DET</a><a>DET</a><a>n=p</a><a>12</a><a>det</a><a>12</a><a>det</a>
                </item>
                <item><a>12</a><a>djihadistes</a><a>_</a><a>NC</a><a>NC</a><a></a><a>10</a><a>obj</a><a>10</a><a>obj</a>
                </item>
                <item><a>13</a><a>à</a><a>à</a><a>P</a><a>P</a><a></a><a>10</a><a>mod</a><a>10</a><a>mod</a></item>
                <item><a>14</a><a>l'</a><a>le</a><a>DET</a><a>DET</a><a>n=s</a><a>15</a><a>det</a><a>15</a><a>det</a>
                </item>
                <item>
                    <a>15</a><a>étranger</a><a>étranger</a><a>NC</a><a>NC</a><a>n=s|g=m</a><a>13</a><a>prep</a><a>13</a><a>prep</a>
                </item>
                <item><a>16</a><a>.</a><a>.</a><a>PONCT</a><a>PONCT</a><a></a><a>15</a><a>ponct</a><a>15</a><a>ponct</a>
                </item>
                <item><a>17</a><a>§</a><a>§</a><a>PONCT</a><a>PONCT</a><a></a><a>15</a><a>ponct</a><a>15</a><a>ponct</a>
                </item>
            </p>
        </titre>
        <titre>
            <p type="titre">
                <item>
                    <a>1</a><a>Birmanie</a><a>Birmanie</a><a>NPP</a><a>NPP</a><a>n=s|g=f</a><a>0</a><a>_</a><a>0</a><a>_</a>
                </item>
                <item><a>2</a><a>:</a><a>:</a><a>PONCT</a><a>PONCT</a><a></a><a>1</a><a>ponct</a><a>1</a><a>ponct</a>
                </item>
                <item><a>3</a><a>une</a><a>une</a><a>DET</a><a>DET</a><a>n=s|g=f</a><a>4</a><a>det</a><a>4</a><a>det</a>
                </item>
                <item>
                    <a>4</a><a>haine</a><a>haine</a><a>NC</a><a>NC</a><a>n=s|g=f</a><a>1</a><a>mod</a><a>1</a><a>mod</a>
                </item>
                <item><a>5</a><a>contre</a><a>contre</a><a>P</a><a>P</a><a></a><a>4</a><a>dep</a><a>4</a><a>dep</a>
                </item>
                <item><a>6</a><a>les</a><a>les</a><a>DET</a><a>DET</a><a>n=p</a><a>7</a><a>det</a><a>7</a><a>det</a>
                </item>
                <item><a>7</a><a>Rohingya</a><a>_</a><a>NPP</a><a>NPP</a><a></a><a>5</a><a>prep</a><a>5</a><a>prep</a>
                </item>
                <item>
                    <a>8</a><a>qui</a><a>qui</a><a>PROREL</a><a>PROREL</a><a>n=s</a><a>9</a><a>suj</a><a>9</a><a>suj</a>
                </item>
                <item>
                    <a>9</a><a>remonte</a><a>remonter</a><a>V</a><a>V</a><a>n=s|t=P,S|p=1,3</a><a>4</a><a>mod_rel</a><a>4</a><a>mod_rel</a>
                </item>
                <item><a>10</a><a>à</a><a>à</a><a>P</a><a>P</a><a></a><a>9</a><a>mod</a><a>9</a><a>mod</a></item>
                <item><a>11</a><a>l'</a><a>le</a><a>DET</a><a>DET</a><a>n=s</a><a>12</a><a>det</a><a>12</a><a>det</a>
                </item>
                <item>
                    <a>12</a><a>époque</a><a>époque</a><a>NC</a><a>NC</a><a>n=s|g=f</a><a>10</a><a>prep</a><a>10</a><a>prep</a>
                </item>
                <item>
                    <a>13</a><a>coloniale</a><a>colonial</a><a>ADJ</a><a>ADJ</a><a>n=s|g=f</a><a>12</a><a>mod</a><a>12</a><a>mod</a>
                </item>
                <item><a>14</a><a>.</a><a>.</a><a>PONCT</a><a>PONCT</a><a></a><a>13</a><a>ponct</a><a>13</a><a>ponct</a>
                </item>
                <item><a>15</a><a>§</a><a>§</a><a>PONCT</a><a>PONCT</a><a></a><a>13</a><a>ponct</a><a>13</a><a>ponct</a>
                </item>
            </p>
        </titre>
        <titre>
            <p type="titre">
                <item><a>1</a><a>Les</a><a>les</a><a>DET</a><a>DET</a><a>n=p</a><a>2</a><a>det</a><a>2</a><a>det</a>
                </item>
                <item><a>2</a><a>vœux</a><a>_</a><a>NC</a><a>NC</a><a></a><a>0</a><a>_</a><a>0</a><a>_</a></item>
                <item><a>3</a><a>très</a><a>très</a><a>ADV</a><a>ADV</a><a></a><a>4</a><a>mod</a><a>4</a><a>mod</a>
                </item>
                <item>
                    <a>4</a><a>politiques</a><a>politique</a><a>ADJ</a><a>ADJ</a><a>n=p</a><a>2</a><a>mod</a><a>2</a><a>mod</a>
                </item>
                <item><a>5</a><a>du</a><a>de</a><a>P+D</a><a>P+D</a><a>n=s|g=m</a><a>2</a><a>dep</a><a>2</a><a>dep</a>
                </item>
                <item>
                    <a>6</a><a>patron</a><a>patron</a><a>NC</a><a>NC</a><a>n=s|g=m</a><a>5</a><a>prep</a><a>5</a><a>prep</a>
                </item>
                <item><a>7</a><a>de</a><a>de</a><a>P</a><a>P</a><a></a><a>2</a><a>dep</a><a>2</a><a>dep</a></item>
                <item><a>8</a><a>Facebook</a><a>_</a><a>NPP</a><a>NPP</a><a></a><a>7</a><a>prep</a><a>7</a><a>prep</a>
                </item>
                <item><a>9</a><a>.</a><a>.</a><a>PONCT</a><a>PONCT</a><a></a><a>8</a><a>ponct</a><a>8</a><a>ponct</a>
                </item>
                <item><a>10</a><a>§</a><a>§</a><a>PONCT</a><a>PONCT</a><a></a><a>8</a><a>ponct</a><a>8</a><a>ponct</a>
                </item>
            </p>
        </titre>
        <titre>
            <p type="titre">
                <item><a>1</a><a>En</a><a>en</a><a>P</a><a>P</a><a></a><a>0</a><a>_</a><a>0</a><a>_</a></item>
                <item><a>2</a><a>2017</a><a>2017</a><a>NC</a><a>NC</a><a></a><a>1</a><a>prep</a><a>1</a><a>prep</a>
                </item>
                <item><a>3</a><a>,</a><a>,</a><a>PONCT</a><a>PONCT</a><a></a><a>2</a><a>ponct</a><a>2</a><a>ponct</a>
                </item>
                <item><a>4</a><a>des</a><a>des</a><a>DET</a><a>DET</a><a>n=p</a><a>5</a><a>det</a><a>5</a><a>det</a>
                </item>
                <item><a>5</a><a>jours</a><a>jour</a><a>NC</a><a>NC</a><a>n=p|g=m</a><a>0</a><a>_</a><a>0</a><a>_</a>
                </item>
                <item>
                    <a>6</a><a>fériés</a><a>férié</a><a>ADJ</a><a>ADJ</a><a>n=p|g=m</a><a>5</a><a>mod</a><a>5</a><a>mod</a>
                </item>
                <item>
                    <a>7</a><a>propices</a><a>propice</a><a>ADJ</a><a>ADJ</a><a>n=p</a><a>5</a><a>mod</a><a>5</a><a>mod</a>
                </item>
                <item><a>8</a><a>à</a><a>à</a><a>P</a><a>P</a><a></a><a>5</a><a>dep</a><a>5</a><a>dep</a></item>
                <item>
                    <a>9</a><a>six</a><a>six</a><a>DET</a><a>DET</a><a>s=card|n=p</a><a>10</a><a>det</a><a>10</a><a>det</a>
                </item>
                <item><a>10</a><a>week</a><a>_</a><a>NC</a><a>NC</a><a></a><a>8</a><a>prep</a><a>8</a><a>prep</a></item>
                <item><a>11</a><a>-</a><a>-</a><a>PONCT</a><a>PONCT</a><a></a><a>10</a><a>ponct</a><a>10</a><a>ponct</a>
                </item>
                <item><a>12</a><a>ends</a><a>end</a><a>NC</a><a>NC</a><a>n=p|g=f</a><a>5</a><a>mod</a><a>5</a><a>mod</a>
                </item>
                <item>
                    <a>13</a><a>prolongés</a><a>prolonger</a><a>VPP</a><a>VPP</a><a>n=p|g=m|t=K</a><a>5</a><a>mod</a><a>5</a><a>mod</a>
                </item>
                <item><a>14</a><a>et</a><a>et</a><a>CC</a><a>CC</a><a></a><a>5</a><a>coord</a><a>5</a><a>coord</a>
                </item>
                <item>
                    <a>15</a><a>deux</a><a>deux</a><a>DET</a><a>DET</a><a>s=card|n=p</a><a>16</a><a>det</a><a>16</a><a>det</a>
                </item>
                <item>
                    <a>16</a><a>ponts</a><a>pont</a><a>NC</a><a>NC</a><a>n=p|g=m</a><a>14</a><a>dep_coord</a><a>14</a><a>dep_coord</a>
                </item>
                <item><a>17</a><a>.</a><a>.</a><a>PONCT</a><a>PONCT</a><a></a><a>16</a><a>ponct</a><a>16</a><a>ponct</a>
                </item>
                <item><a>18</a><a>§</a><a>§</a><a>PONCT</a><a>PONCT</a><a></a><a>16</a><a>ponct</a><a>16</a><a>ponct</a>
                </item>
            </p>
        </titre>
        <titre>
            <p type="titre">
                <item><a>1</a><a>La</a><a>la</a><a>DET</a><a>DET</a><a>n=s|g=f</a><a>2</a><a>det</a><a>2</a><a>det</a>
                </item>
                <item>
                    <a>2</a><a>justice</a><a>justice</a><a>NC</a><a>NC</a><a>n=s|g=f</a><a>0</a><a>_</a><a>0</a><a>_</a>
                </item>
                <item><a>3</a><a>russe</a><a>russe</a><a>ADJ</a><a>ADJ</a><a>n=s</a><a>2</a><a>mod</a><a>2</a><a>mod</a>
                </item>
                <item>
                    <a>4</a><a>saisie</a><a>saisir</a><a>VPP</a><a>VPP</a><a>n=s|g=f|t=K</a><a>2</a><a>mod</a><a>2</a><a>mod</a>
                </item>
                <item><a>5</a><a>sur</a><a>sur</a><a>P</a><a>P</a><a></a><a>4</a><a>mod</a><a>4</a><a>mod</a></item>
                <item><a>6</a><a>le</a><a>le</a><a>DET</a><a>DET</a><a>n=s|g=m</a><a>7</a><a>det</a><a>7</a><a>det</a>
                </item>
                <item>
                    <a>7</a><a>prêt</a><a>prêt</a><a>NC</a><a>NC</a><a>n=s|g=m</a><a>5</a><a>prep</a><a>5</a><a>prep</a>
                </item>
                <item>
                    <a>8</a><a>bancaire</a><a>bancaire</a><a>ADJ</a><a>ADJ</a><a>n=s</a><a>7</a><a>mod</a><a>7</a><a>mod</a>
                </item>
                <item>
                    <a>9</a><a>consenti</a><a>consentir</a><a>VPP</a><a>VPP</a><a>n=s|g=m|t=K</a><a>7</a><a>mod</a><a>7</a><a>mod</a>
                </item>
                <item><a>10</a><a>au</a><a>à</a><a>P+D</a><a>P+D</a><a>n=s|g=m</a><a>9</a><a>mod</a><a>9</a><a>mod</a>
                </item>
                <item>
                    <a>11</a><a>Front</a><a>front</a><a>NC</a><a>NC</a><a>n=s|g=m</a><a>10</a><a>prep</a><a>10</a><a>prep</a>
                </item>
                <item>
                    <a>12</a><a>national</a><a>national</a><a>ADJ</a><a>ADJ</a><a>n=s|g=m</a><a>11</a><a>mod</a><a>11</a><a>mod</a>
                </item>
                <item><a>13</a><a>.</a><a>.</a><a>PONCT</a><a>PONCT</a><a></a><a>12</a><a>ponct</a><a>12</a><a>ponct</a>
                </item>
                <item><a>14</a><a>§</a><a>§</a><a>PONCT</a><a>PONCT</a><a></a><a>12</a><a>ponct</a><a>12</a><a>ponct</a>
                </item>
            </p>
        </titre>
        <titre>
            <p type="titre">
                <item>
                    <a>1</a><a>Cyclisme</a><a>cyclisme</a><a>NC</a><a>NC</a><a>n=s|g=m</a><a>15</a><a>suj</a><a>15</a><a>suj</a>
                </item>
                <item><a>2</a><a>:</a><a>:</a><a>PONCT</a><a>PONCT</a><a></a><a>1</a><a>ponct</a><a>1</a><a>ponct</a>
                </item>
                <item><a>3</a><a>Robert</a><a>_</a><a>NPP</a><a>NPP</a><a></a><a>1</a><a>mod</a><a>1</a><a>mod</a>
                </item>
                <item><a>4</a><a>Marchand</a><a>_</a><a>NPP</a><a>NPP</a><a></a><a>1</a><a>mod</a><a>1</a><a>mod</a>
                </item>
                <item><a>5</a><a>,</a><a>,</a><a>PONCT</a><a>PONCT</a><a></a><a>4</a><a>ponct</a><a>4</a><a>ponct</a>
                </item>
                <item><a>6</a><a>105</a><a>105</a><a>ADJ</a><a>ADJ</a><a></a><a>7</a><a>mod</a><a>7</a><a>mod</a></item>
                <item><a>7</a><a>ans</a><a>an</a><a>NC</a><a>NC</a><a>n=p|g=m</a><a>1</a><a>mod</a><a>1</a><a>mod</a>
                </item>
                <item><a>8</a><a>et</a><a>et</a><a>CC</a><a>CC</a><a></a><a>1</a><a>coord</a><a>1</a><a>coord</a></item>
                <item><a>9</a><a>un</a><a>un</a><a>DET</a><a>DET</a><a>n=s|g=m</a><a>10</a><a>det</a><a>10</a><a>det</a>
                </item>
                <item>
                    <a>10</a><a>record</a><a>record</a><a>NC</a><a>NC</a><a>n=s|g=m</a><a>8</a><a>dep_coord</a><a>8</a><a>dep_coord</a>
                </item>
                <item>
                    <a>11</a><a>dont</a><a>dont</a><a>PROREL</a><a>PROREL</a><a></a><a>15</a><a>mod</a><a>15</a><a>mod</a>
                </item>
                <item>
                    <a>12</a><a>tout</a><a>tout</a><a>ADJ</a><a>ADJ</a><a>n=s|g=m</a><a>14</a><a>mod</a><a>14</a><a>mod</a>
                </item>
                <item>
                    <a>13</a><a>le</a><a>le</a><a>DET</a><a>DET</a><a>n=s|g=m</a><a>14</a><a>det</a><a>14</a><a>det</a>
                </item>
                <item>
                    <a>14</a><a>monde</a><a>monde</a><a>NC</a><a>NC</a><a>n=s|g=m</a><a>15</a><a>suj</a><a>15</a><a>suj</a>
                </item>
                <item>
                    <a>15</a><a>parle</a><a>parler</a><a>V</a><a>V</a><a>n=s|t=P,S|p=1,3</a><a>0</a><a>root</a><a>0</a><a>root</a>
                </item>
                <item><a>16</a><a>.</a><a>.</a><a>PONCT</a><a>PONCT</a><a></a><a>15</a><a>ponct</a><a>15</a><a>ponct</a>
                </item>
                <item><a>17</a><a>§</a><a>§</a><a>PONCT</a><a>PONCT</a><a></a><a>15</a><a>ponct</a><a>15</a><a>ponct</a>
                </item>
            </p>
        </titre>
        <titre>
            <p type="titre">
                <item>
                    <a>1</a><a>Suspension</a><a>suspension</a><a>NC</a><a>NC</a><a>n=s|g=f</a><a>0</a><a>_</a><a>0</a><a>_</a>
                </item>
                <item><a>2</a><a>de</a><a>de</a><a>P</a><a>P</a><a></a><a>1</a><a>dep</a><a>1</a><a>dep</a></item>
                <item><a>3</a><a>la</a><a>la</a><a>DET</a><a>DET</a><a>n=s|g=f</a><a>4</a><a>det</a><a>4</a><a>det</a>
                </item>
                <item>
                    <a>4</a><a>commercialisation</a><a>commercialisation</a><a>NC</a><a>NC</a><a>n=s|g=f</a><a>2</a><a>prep</a><a>2</a><a>prep</a>
                </item>
                <item><a>5</a><a>de</a><a>de</a><a>P</a><a>P</a><a></a><a>1</a><a>dep</a><a>1</a><a>dep</a></item>
                <item><a>6</a><a>l'</a><a>le</a><a>DET</a><a>DET</a><a>n=s</a><a>7</a><a>det</a><a>7</a><a>det</a>
                </item>
                <item><a>7</a><a>Uvestérol</a><a>_</a><a>NPP</a><a>NPP</a><a></a><a>5</a><a>prep</a><a>5</a><a>prep</a>
                </item>
                <item><a>8</a><a>D</a><a>_</a><a>NPP</a><a>NPP</a><a></a><a>7</a><a>mod</a><a>7</a><a>mod</a></item>
                <item><a>9</a><a>après</a><a>après</a><a>P</a><a>P</a><a></a><a>1</a><a>dep</a><a>1</a><a>dep</a></item>
                <item>
                    <a>10</a><a>la</a><a>la</a><a>DET</a><a>DET</a><a>n=s|g=f</a><a>11</a><a>det</a><a>11</a><a>det</a>
                </item>
                <item>
                    <a>11</a><a>mort</a><a>mort</a><a>NC</a><a>NC</a><a>n=s|g=f,m</a><a>9</a><a>prep</a><a>9</a><a>prep</a>
                </item>
                <item><a>12</a><a>d'</a><a>de</a><a>P</a><a>P</a><a></a><a>11</a><a>dep</a><a>11</a><a>dep</a></item>
                <item>
                    <a>13</a><a>un</a><a>un</a><a>DET</a><a>DET</a><a>n=s|g=m</a><a>14</a><a>det</a><a>14</a><a>det</a>
                </item>
                <item>
                    <a>14</a><a>nourrisson</a><a>nourrisson</a><a>NC</a><a>NC</a><a>n=s|g=m</a><a>12</a><a>prep</a><a>12</a><a>prep</a>
                </item>
                <item><a>15</a><a>.</a><a>.</a><a>PONCT</a><a>PONCT</a><a></a><a>14</a><a>ponct</a><a>14</a><a>ponct</a>
                </item>
                <item><a>16</a><a>§</a><a>§</a><a>PONCT</a><a>PONCT</a><a></a><a>14</a><a>ponct</a><a>14</a><a>ponct</a>
                </item>
            </p>
        </titre>
        <titre>
            <p type="titre">
                <item>
                    <a>1</a><a>Athlétisme</a><a>athlétisme</a><a>NC</a><a>NC</a><a>n=s|g=m</a><a>11</a><a>suj</a><a>11</a><a>suj</a>
                </item>
                <item><a>2</a><a>:</a><a>:</a><a>PONCT</a><a>PONCT</a><a></a><a>1</a><a>ponct</a><a>1</a><a>ponct</a>
                </item>
                <item>
                    <a>3</a><a>Ashton</a><a>Ashton</a><a>NPP</a><a>NPP</a><a>n=s</a><a>1</a><a>mod</a><a>1</a><a>mod</a>
                </item>
                <item><a>4</a><a>Eaton</a><a>_</a><a>NPP</a><a>NPP</a><a></a><a>1</a><a>mod</a><a>1</a><a>mod</a></item>
                <item><a>5</a><a>,</a><a>,</a><a>PONCT</a><a>PONCT</a><a></a><a>4</a><a>ponct</a><a>4</a><a>ponct</a>
                </item>
                <item><a>6</a><a>le</a><a>le</a><a>DET</a><a>DET</a><a>n=s|g=m</a><a>7</a><a>det</a><a>7</a><a>det</a>
                </item>
                <item><a>7</a><a>roi</a><a>roi</a><a>NC</a><a>NC</a><a>n=s|g=m</a><a>1</a><a>mod</a><a>1</a><a>mod</a>
                </item>
                <item><a>8</a><a>du</a><a>de</a><a>P+D</a><a>P+D</a><a>n=s|g=m</a><a>7</a><a>dep</a><a>7</a><a>dep</a>
                </item>
                <item>
                    <a>9</a><a>décathlon</a><a>décathlon</a><a>NC</a><a>NC</a><a>n=s|g=m</a><a>8</a><a>prep</a><a>8</a><a>prep</a>
                </item>
                <item><a>10</a><a>,</a><a>,</a><a>PONCT</a><a>PONCT</a><a></a><a>9</a><a>ponct</a><a>9</a><a>ponct</a>
                </item>
                <item>
                    <a>11</a><a>prend</a><a>prendre</a><a>V</a><a>V</a><a>n=s|t=P|p=3</a><a>0</a><a>root</a><a>0</a><a>root</a>
                </item>
                <item>
                    <a>12</a><a>sa</a><a>sa</a><a>DET</a><a>DET</a><a>n=s|g=f|p=3|poss=s</a><a>13</a><a>det</a><a>13</a><a>det</a>
                </item>
                <item>
                    <a>13</a><a>retraite</a><a>retraite</a><a>NC</a><a>NC</a><a>n=s|g=f</a><a>11</a><a>obj</a><a>11</a><a>obj</a>
                </item>
                <item><a>14</a><a>.</a><a>.</a><a>PONCT</a><a>PONCT</a><a></a><a>13</a><a>ponct</a><a>13</a><a>ponct</a>
                </item>
                <item><a>15</a><a>§</a><a>§</a><a>PONCT</a><a>PONCT</a><a></a><a>13</a><a>ponct</a><a>13</a><a>ponct</a>
                </item>
            </p>
        </titre>
        <titre>
            <p type="titre">
                <item>
                    <a>1</a><a>Grippe</a><a>grippe</a><a>NC</a><a>NC</a><a>n=s|g=f</a><a>9</a><a>suj</a><a>9</a><a>suj</a>
                </item>
                <item>
                    <a>2</a><a>aviaire</a><a>aviaire</a><a>ADJ</a><a>ADJ</a><a>n=s</a><a>1</a><a>mod</a><a>1</a><a>mod</a>
                </item>
                <item><a>3</a><a>:</a><a>:</a><a>PONCT</a><a>PONCT</a><a></a><a>2</a><a>ponct</a><a>2</a><a>ponct</a>
                </item>
                <item>
                    <a>4</a><a>un_million</a><a>un_million</a><a>NC</a><a>NC</a><a></a><a>1</a><a>mod</a><a>1</a><a>mod</a>
                </item>
                <item><a>5</a><a>de</a><a>de</a><a>P</a><a>P</a><a></a><a>4</a><a>dep</a><a>4</a><a>dep</a></item>
                <item>
                    <a>6</a><a>canards</a><a>canard</a><a>NC</a><a>NC</a><a>n=p|g=m</a><a>5</a><a>prep</a><a>5</a><a>prep</a>
                </item>
                <item><a>7</a><a>d'</a><a>de</a><a>P</a><a>P</a><a></a><a>4</a><a>dep</a><a>4</a><a>dep</a></item>
                <item>
                    <a>8</a><a>élevage</a><a>élevage</a><a>NC</a><a>NC</a><a>n=s|g=m</a><a>7</a><a>prep</a><a>7</a><a>prep</a>
                </item>
                <item>
                    <a>9</a><a>vont</a><a>aller</a><a>V</a><a>V</a><a>n=p|t=P|p=3</a><a>0</a><a>root</a><a>0</a><a>root</a>
                </item>
                <item>
                    <a>10</a><a>être</a><a>être</a><a>VINF</a><a>VINF</a><a>t=W</a><a>11</a><a>aux_pass</a><a>11</a><a>aux_pass</a>
                </item>
                <item>
                    <a>11</a><a>abattus</a><a>abattre</a><a>VPP</a><a>VPP</a><a>n=p|g=m|t=K</a><a>9</a><a>obj</a><a>9</a><a>obj</a>
                </item>
                <item><a>12</a><a>dans</a><a>dans</a><a>P</a><a>P</a><a></a><a>11</a><a>mod</a><a>11</a><a>mod</a>
                </item>
                <item>
                    <a>13</a><a>le</a><a>le</a><a>DET</a><a>DET</a><a>n=s|g=m</a><a>14</a><a>det</a><a>14</a><a>det</a>
                </item>
                <item><a>14</a><a>Sud</a><a>_</a><a>NPP</a><a>NPP</a><a></a><a>12</a><a>prep</a><a>12</a><a>prep</a>
                </item>
                <item><a>15</a><a>-</a><a>-</a><a>PONCT</a><a>PONCT</a><a></a><a>14</a><a>ponct</a><a>14</a><a>ponct</a>
                </item>
                <item>
                    <a>16</a><a>Ouest</a><a>ouest</a><a>NC</a><a>NC</a><a>n=s|g=m</a><a>11</a><a>mod</a><a>11</a><a>mod</a>
                </item>
                <item><a>17</a><a>.</a><a>.</a><a>PONCT</a><a>PONCT</a><a></a><a>16</a><a>ponct</a><a>16</a><a>ponct</a>
                </item>
                <item><a>18</a><a>§</a><a>§</a><a>PONCT</a><a>PONCT</a><a></a><a>16</a><a>ponct</a><a>16</a><a>ponct</a>
                </item>
            </p>
        </titre>
        <titre>
            <p type="titre">
                <item>
                    <a>1</a><a>Primaire</a><a>primaire</a><a>ADJ</a><a>ADJ</a><a>n=s</a><a>0</a><a>_</a><a>0</a><a>_</a>
                </item>
                <item><a>2</a><a>à</a><a>à</a><a>P</a><a>P</a><a></a><a>1</a><a>mod</a><a>1</a><a>mod</a></item>
                <item>
                    <a>3</a><a>gauche</a><a>gauche</a><a>NC</a><a>NC</a><a>n=s</a><a>2</a><a>prep</a><a>2</a><a>prep</a>
                </item>
                <item><a>4</a><a>:</a><a>:</a><a>PONCT</a><a>PONCT</a><a></a><a>3</a><a>ponct</a><a>3</a><a>ponct</a>
                </item>
                <item><a>5</a><a>"</a><a>"</a><a>PONCT</a><a>PONCT</a><a></a><a>3</a><a>ponct</a><a>3</a><a>ponct</a>
                </item>
            </p>
            <p type="titre">
                <item><a>1</a><a>Les</a><a>les</a><a>DET</a><a>DET</a><a>n=p</a><a>2</a><a>det</a><a>2</a><a>det</a>
                </item>
                <item>
                    <a>2</a><a>débats</a><a>débat</a><a>NC</a><a>NC</a><a>n=p|g=m</a><a>4</a><a>suj</a><a>4</a><a>suj</a>
                </item>
                <item>
                    <a>3</a><a>télévisés</a><a>téléviser</a><a>ADJ</a><a>ADJ</a><a>n=p|g=m|t=K</a><a>2</a><a>mod</a><a>2</a><a>mod</a>
                </item>
                <item>
                    <a>4</a><a>devraient</a><a>devoir</a><a>V</a><a>V</a><a>n=p|t=C|p=3</a><a>0</a><a>root</a><a>0</a><a>root</a>
                </item>
                <item><a>5</a><a>être</a><a>être</a><a>VINF</a><a>VINF</a><a>t=W</a><a>4</a><a>obj</a><a>4</a><a>obj</a>
                </item>
                <item><a>6</a><a>très</a><a>très</a><a>ADV</a><a>ADV</a><a></a><a>7</a><a>mod</a><a>7</a><a>mod</a>
                </item>
                <item>
                    <a>7</a><a>importants</a><a>important</a><a>ADJ</a><a>ADJ</a><a>n=p|g=m</a><a>5</a><a>ats</a><a>5</a><a>ats</a>
                </item>
                <item><a>8</a><a>pour</a><a>pour</a><a>P</a><a>P</a><a></a><a>5</a><a>mod</a><a>5</a><a>mod</a></item>
                <item><a>9</a><a>que</a><a>que</a><a>CS</a><a>CS</a><a></a><a>8</a><a>prep</a><a>8</a><a>prep</a></item>
                <item><a>10</a><a>les</a><a>les</a><a>DET</a><a>DET</a><a>n=p</a><a>11</a><a>det</a><a>11</a><a>det</a>
                </item>
                <item>
                    <a>11</a><a>électeurs</a><a>électeur</a><a>NC</a><a>NC</a><a>n=p|g=m</a><a>13</a><a>suj</a><a>13</a><a>suj</a>
                </item>
                <item>
                    <a>12</a><a>se</a><a>se</a><a>CLR</a><a>CLR</a><a>n=p,s|p=3</a><a>13</a><a>aff</a><a>13</a><a>aff</a>
                </item>
                <item>
                    <a>13</a><a>déterminent</a><a>déterminer</a><a>V</a><a>V</a><a>n=p|t=P,S|p=3</a><a>9</a><a>sub</a><a>9</a><a>sub</a>
                </item>
                <item><a>14</a><a>"</a><a>"</a><a>PONCT</a><a>PONCT</a><a></a><a>13</a><a>ponct</a><a>13</a><a>ponct</a>
                </item>
                <item><a>15</a><a>.</a><a>.</a><a>PONCT</a><a>PONCT</a><a></a><a>13</a><a>ponct</a><a>13</a><a>ponct</a>
                </item>
            </p>
            <p type="titre">
                <item><a>1</a><a>§</a><a>§</a><a>PONCT</a><a>PONCT</a><a></a><a>0</a><a>ponct</a><a>0</a><a>ponct</a>
                </item>
            </p>
        </titre>
        <titre>
            <p type="titre">
                <item><a>1</a><a>Les</a><a>les</a><a>DET</a><a>DET</a><a>n=p</a><a>2</a><a>det</a><a>2</a><a>det</a>
                </item>
                <item>
                    <a>2</a><a>échanges</a><a>échange</a><a>NC</a><a>NC</a><a>n=p|g=m</a><a>0</a><a>_</a><a>0</a><a>_</a>
                </item>
                <item>
                    <a>3</a><a>commerciaux</a><a>commercial</a><a>ADJ</a><a>ADJ</a><a>n=p|g=m</a><a>2</a><a>mod</a><a>2</a><a>mod</a>
                </item>
                <item>
                    <a>4</a><a>qui</a><a>qui</a><a>PROREL</a><a>PROREL</a><a>n=s</a><a>5</a><a>suj</a><a>5</a><a>suj</a>
                </item>
                <item>
                    <a>5</a><a>menacent</a><a>menacer</a><a>V</a><a>V</a><a>n=p|t=P,S|p=3</a><a>2</a><a>mod_rel</a><a>2</a><a>mod_rel</a>
                </item>
                <item><a>6</a><a>la</a><a>la</a><a>DET</a><a>DET</a><a>n=s|g=f</a><a>7</a><a>det</a><a>7</a><a>det</a>
                </item>
                <item><a>7</a><a>vie</a><a>vie</a><a>NC</a><a>NC</a><a>n=s|g=f</a><a>5</a><a>obj</a><a>5</a><a>obj</a>
                </item>
                <item>
                    <a>8</a><a>sauvage</a><a>sauvage</a><a>ADJ</a><a>ADJ</a><a>n=s</a><a>7</a><a>mod</a><a>7</a><a>mod</a>
                </item>
                <item><a>9</a><a>.</a><a>.</a><a>PONCT</a><a>PONCT</a><a></a><a>8</a><a>ponct</a><a>8</a><a>ponct</a>
                </item>
                <item><a>10</a><a>§</a><a>§</a><a>PONCT</a><a>PONCT</a><a></a><a>8</a><a>ponct</a><a>8</a><a>ponct</a>
                </item>
            </p>
        </titre>
        <titre>
            <p type="titre">
                <item><a>1</a><a>"</a><a>"</a><a>PONCT</a><a>PONCT</a><a></a><a>0</a><a>ponct</a><a>0</a><a>ponct</a>
                </item>
                <item><a>2</a><a>Mein</a><a>_</a><a>NPP</a><a>NPP</a><a></a><a>15</a><a>suj</a><a>15</a><a>suj</a>
                </item>
                <item><a>3</a><a>Kampf</a><a>_</a><a>NPP</a><a>NPP</a><a></a><a>2</a><a>mod</a><a>2</a><a>mod</a></item>
                <item><a>4</a><a>"</a><a>"</a><a>PONCT</a><a>PONCT</a><a></a><a>3</a><a>ponct</a><a>3</a><a>ponct</a>
                </item>
                <item>
                    <a>5</a><a>réédité</a><a>rééditer</a><a>VPP</a><a>VPP</a><a>n=s|g=m|t=K</a><a>2</a><a>mod</a><a>2</a><a>mod</a>
                </item>
                <item><a>6</a><a>,</a><a>,</a><a>PONCT</a><a>PONCT</a><a></a><a>5</a><a>ponct</a><a>5</a><a>ponct</a>
                </item>
                <item>
                    <a>7</a><a>son</a><a>son</a><a>DET</a><a>DET</a><a>n=s|g=m|p=3|poss=s</a><a>8</a><a>det</a><a>8</a><a>det</a>
                </item>
                <item>
                    <a>8</a><a>bunker</a><a>bunker</a><a>NC</a><a>NC</a><a>n=s|g=m</a><a>5</a><a>mod</a><a>5</a><a>mod</a>
                </item>
                <item>
                    <a>9</a><a>recréé</a><a>recréer</a><a>VPP</a><a>VPP</a><a>n=s|g=m|t=K</a><a>8</a><a>mod</a><a>8</a><a>mod</a>
                </item>
                <item><a>10</a><a>:</a><a>:</a><a>PONCT</a><a>PONCT</a><a></a><a>9</a><a>ponct</a><a>9</a><a>ponct</a>
                </item>
                <item><a>11</a><a>en</a><a>en</a><a>P</a><a>P</a><a></a><a>5</a><a>mod</a><a>5</a><a>mod</a></item>
                <item>
                    <a>12</a><a>Allemagne</a><a>Allemagne</a><a>NPP</a><a>NPP</a><a>n=s|g=f</a><a>11</a><a>prep</a><a>11</a><a>prep</a>
                </item>
                <item><a>13</a><a>,</a><a>,</a><a>PONCT</a><a>PONCT</a><a></a><a>12</a><a>ponct</a><a>12</a><a>ponct</a>
                </item>
                <item><a>14</a><a>Hitler</a><a>_</a><a>NPP</a><a>NPP</a><a></a><a>12</a><a>mod</a><a>12</a><a>mod</a>
                </item>
                <item>
                    <a>15</a><a>fait</a><a>faire</a><a>V</a><a>V</a><a>n=s|t=P|p=3</a><a>0</a><a>root</a><a>0</a><a>root</a>
                </item>
                <item>
                    <a>16</a><a>vendre</a><a>vendre</a><a>VINF</a><a>VINF</a><a>t=W</a><a>15</a><a>obj</a><a>15</a><a>obj</a>
                </item>
                <item><a>17</a><a>.</a><a>.</a><a>PONCT</a><a>PONCT</a><a></a><a>16</a><a>ponct</a><a>16</a><a>ponct</a>
                </item>
                <item><a>18</a><a>§</a><a>§</a><a>PONCT</a><a>PONCT</a><a></a><a>16</a><a>ponct</a><a>16</a><a>ponct</a>
                </item>
            </p>
        </titre>
        <titre>
            <p type="titre">
                <item><a>1</a><a>La</a><a>la</a><a>DET</a><a>DET</a><a>n=s|g=f</a><a>2</a><a>det</a><a>2</a><a>det</a>
                </item>
                <item><a>2</a><a>CGT</a><a>CGT</a><a>NPP</a><a>NPP</a><a>n=s|g=f</a><a>3</a><a>suj</a><a>3</a><a>suj</a>
                </item>
                <item>
                    <a>3</a><a>annonce</a><a>annoncer</a><a>V</a><a>V</a><a>n=s|t=P,S|p=1,3</a><a>0</a><a>root</a><a>0</a><a>root</a>
                </item>
                <item><a>4</a><a>une</a><a>une</a><a>DET</a><a>DET</a><a>n=s|g=f</a><a>5</a><a>det</a><a>5</a><a>det</a>
                </item>
                <item>
                    <a>5</a><a>rentrée</a><a>rentrée</a><a>NC</a><a>NC</a><a>n=s|g=f</a><a>3</a><a>obj</a><a>3</a><a>obj</a>
                </item>
                <item><a>6</a><a>"</a><a>"</a><a>PONCT</a><a>PONCT</a><a></a><a>5</a><a>ponct</a><a>5</a><a>ponct</a>
                </item>
                <item>
                    <a>7</a><a>offensive</a><a>offensive</a><a>NC</a><a>NC</a><a>n=s|g=f</a><a>5</a><a>mod</a><a>5</a><a>mod</a>
                </item>
                <item><a>8</a><a>"</a><a>"</a><a>PONCT</a><a>PONCT</a><a></a><a>7</a><a>ponct</a><a>7</a><a>ponct</a>
                </item>
                <item><a>9</a><a>.</a><a>.</a><a>PONCT</a><a>PONCT</a><a></a><a>7</a><a>ponct</a><a>7</a><a>ponct</a>
                </item>
            </p>
            <p type="titre">
                <item><a>1</a><a>§</a><a>§</a><a>PONCT</a><a>PONCT</a><a></a><a>0</a><a>ponct</a><a>0</a><a>ponct</a>
                </item>
            </p>
        </titre>
        <titre>
            <p type="titre">
                <item>
                    <a>1</a><a>Attentat</a><a>attentat</a><a>NC</a><a>NC</a><a>n=s|g=m</a><a>0</a><a>_</a><a>0</a><a>_</a>
                </item>
                <item><a>2</a><a>de</a><a>de</a><a>P</a><a>P</a><a></a><a>1</a><a>dep</a><a>1</a><a>dep</a></item>
                <item>
                    <a>3</a><a>Berlin</a><a>Berlin</a><a>NPP</a><a>NPP</a><a>n=s|g=f,m</a><a>2</a><a>prep</a><a>2</a><a>prep</a>
                </item>
                <item><a>4</a><a>:</a><a>:</a><a>PONCT</a><a>PONCT</a><a></a><a>3</a><a>ponct</a><a>3</a><a>ponct</a>
                </item>
                <item><a>5</a><a>un</a><a>un</a><a>DET</a><a>DET</a><a>n=s|g=m</a><a>6</a><a>det</a><a>6</a><a>det</a>
                </item>
                <item><a>6</a><a>Tunisien</a><a>_</a><a>NPP</a><a>NPP</a><a></a><a>0</a><a>_</a><a>0</a><a>_</a></item>
                <item>
                    <a>7</a><a>arrêté</a><a>arrêter</a><a>VPP</a><a>VPP</a><a>n=s|g=m|t=K</a><a>6</a><a>mod</a><a>6</a><a>mod</a>
                </item>
                <item><a>8</a><a>en</a><a>en</a><a>P</a><a>P</a><a></a><a>7</a><a>mod</a><a>7</a><a>mod</a></item>
                <item>
                    <a>9</a><a>Allemagne</a><a>Allemagne</a><a>NPP</a><a>NPP</a><a>n=s|g=f</a><a>8</a><a>prep</a><a>8</a><a>prep</a>
                </item>
                <item><a>10</a><a>.</a><a>.</a><a>PONCT</a><a>PONCT</a><a></a><a>9</a><a>ponct</a><a>9</a><a>ponct</a>
                </item>
                <item><a>11</a><a>§</a><a>§</a><a>PONCT</a><a>PONCT</a><a></a><a>9</a><a>ponct</a><a>9</a><a>ponct</a>
                </item>
            </p>
        </titre>
        <titre>
            <p type="titre">
                <item>
                    <a>1</a><a>Dernières</a><a>dernier</a><a>ADJ</a><a>ADJ</a><a>n=p|g=f</a><a>2</a><a>mod</a><a>2</a><a>mod</a>
                </item>
                <item><a>2</a><a>valses</a><a>valse</a><a>NC</a><a>NC</a><a>n=p|g=f</a><a>0</a><a>_</a><a>0</a><a>_</a>
                </item>
                <item>
                    <a>3</a><a>autour</a><a>autour</a><a>NC</a><a>NC</a><a>n=s|g=m</a><a>2</a><a>mod</a><a>2</a><a>mod</a>
                </item>
                <item><a>4</a><a>de</a><a>de</a><a>P</a><a>P</a><a></a><a>2</a><a>dep</a><a>2</a><a>dep</a></item>
                <item><a>5</a><a>Saturne</a><a>_</a><a>NPP</a><a>NPP</a><a></a><a>4</a><a>prep</a><a>4</a><a>prep</a>
                </item>
                <item><a>6</a><a>pour</a><a>pour</a><a>P</a><a>P</a><a></a><a>2</a><a>dep</a><a>2</a><a>dep</a></item>
                <item><a>7</a><a>la</a><a>la</a><a>DET</a><a>DET</a><a>n=s|g=f</a><a>8</a><a>det</a><a>8</a><a>det</a>
                </item>
                <item>
                    <a>8</a><a>sonde</a><a>sonde</a><a>NC</a><a>NC</a><a>n=s|g=f</a><a>6</a><a>prep</a><a>6</a><a>prep</a>
                </item>
                <item><a>9</a><a>Cassini</a><a>_</a><a>NPP</a><a>NPP</a><a></a><a>8</a><a>mod</a><a>8</a><a>mod</a>
                </item>
                <item><a>10</a><a>.</a><a>.</a><a>PONCT</a><a>PONCT</a><a></a><a>9</a><a>ponct</a><a>9</a><a>ponct</a>
                </item>
                <item><a>11</a><a>§</a><a>§</a><a>PONCT</a><a>PONCT</a><a></a><a>9</a><a>ponct</a><a>9</a><a>ponct</a>
                </item>
            </p>
        </titre>
        <titre>
            <p type="titre">
                <item><a>1</a><a>En</a><a>en</a><a>P</a><a>P</a><a></a><a>11</a><a>mod</a><a>11</a><a>mod</a></item>
                <item>
                    <a>2</a><a>Allemagne</a><a>Allemagne</a><a>NPP</a><a>NPP</a><a>n=s|g=f</a><a>1</a><a>prep</a><a>1</a><a>prep</a>
                </item>
                <item><a>3</a><a>,</a><a>,</a><a>PONCT</a><a>PONCT</a><a></a><a>2</a><a>ponct</a><a>2</a><a>ponct</a>
                </item>
                <item><a>4</a><a>les</a><a>les</a><a>DET</a><a>DET</a><a>n=p</a><a>5</a><a>det</a><a>5</a><a>det</a>
                </item>
                <item>
                    <a>5</a><a>caisses</a><a>caisse</a><a>NC</a><a>NC</a><a>n=p|g=f</a><a>11</a><a>suj</a><a>11</a><a>suj</a>
                </item>
                <item><a>6</a><a>de</a><a>de</a><a>P</a><a>P</a><a></a><a>5</a><a>dep</a><a>5</a><a>dep</a></item>
                <item><a>7</a><a>l'</a><a>le</a><a>DET</a><a>DET</a><a>n=s</a><a>8</a><a>det</a><a>8</a><a>det</a>
                </item>
                <item>
                    <a>8</a><a>assurance</a><a>assurance</a><a>NC</a><a>NC</a><a>n=s|g=f</a><a>6</a><a>prep</a><a>6</a><a>prep</a>
                </item>
                <item><a>9</a><a>-</a><a>-</a><a>PONCT</a><a>PONCT</a><a></a><a>8</a><a>ponct</a><a>8</a><a>ponct</a>
                </item>
                <item>
                    <a>10</a><a>chômage</a><a>chômage</a><a>NC</a><a>NC</a><a>n=s|g=m</a><a>8</a><a>mod</a><a>8</a><a>mod</a>
                </item>
                <item>
                    <a>11</a><a>sont</a><a>être</a><a>V</a><a>V</a><a>n=p|t=P|p=3</a><a>0</a><a>root</a><a>0</a><a>root</a>
                </item>
                <item>
                    <a>12</a><a>pleines</a><a>plein</a><a>ADJ</a><a>ADJ</a><a>n=p|g=f</a><a>11</a><a>ats</a><a>11</a><a>ats</a>
                </item>
                <item><a>13</a><a>à</a><a>à</a><a>P</a><a>P</a><a></a><a>11</a><a>mod</a><a>11</a><a>mod</a></item>
                <item>
                    <a>14</a><a>craquer</a><a>craquer</a><a>VINF</a><a>VINF</a><a>t=W</a><a>13</a><a>prep</a><a>13</a><a>prep</a>
                </item>
                <item><a>15</a><a>.</a><a>.</a><a>PONCT</a><a>PONCT</a><a></a><a>14</a><a>ponct</a><a>14</a><a>ponct</a>
                </item>
                <item><a>16</a><a>§</a><a>§</a><a>PONCT</a><a>PONCT</a><a></a><a>14</a><a>ponct</a><a>14</a><a>ponct</a>
                </item>
            </p>
        </titre>
        <titre>
            <p type="titre">
                <item><a>1</a><a>La</a><a>la</a><a>DET</a><a>DET</a><a>n=s|g=f</a><a>3</a><a>det</a><a>3</a><a>det</a>
                </item>
                <item><a>2</a><a>"</a><a>"</a><a>PONCT</a><a>PONCT</a><a></a><a>1</a><a>ponct</a><a>1</a><a>ponct</a>
                </item>
                <item><a>3</a><a>mort</a><a>mort</a><a>NC</a><a>NC</a><a>n=s|g=f,m</a><a>0</a><a>_</a><a>0</a><a>_</a>
                </item>
                <item><a>4</a><a>du</a><a>de</a><a>P+D</a><a>P+D</a><a>n=s|g=m</a><a>3</a><a>dep</a><a>3</a><a>dep</a>
                </item>
                <item><a>5</a><a>RSI</a><a>_</a><a>NPP</a><a>NPP</a><a></a><a>4</a><a>prep</a><a>4</a><a>prep</a></item>
                <item><a>6</a><a>"</a><a>"</a><a>PONCT</a><a>PONCT</a><a></a><a>5</a><a>ponct</a><a>5</a><a>ponct</a>
                </item>
                <item><a>7</a><a>,</a><a>,</a><a>PONCT</a><a>PONCT</a><a></a><a>5</a><a>ponct</a><a>5</a><a>ponct</a>
                </item>
                <item>
                    <a>8</a><a>nouvelle</a><a>nouveau</a><a>ADJ</a><a>ADJ</a><a>n=s|g=f</a><a>9</a><a>mod</a><a>9</a><a>mod</a>
                </item>
                <item>
                    <a>9</a><a>intox</a><a>intoxication</a><a>NC</a><a>NC</a><a>g=f</a><a>0</a><a>_</a><a>0</a><a>_</a>
                </item>
                <item><a>10</a><a>des</a><a>de</a><a>P+D</a><a>P+D</a><a>n=p</a><a>9</a><a>dep</a><a>9</a><a>dep</a>
                </item>
                <item><a>11</a><a>"</a><a>"</a><a>PONCT</a><a>PONCT</a><a></a><a>10</a><a>ponct</a><a>10</a><a>ponct</a>
                </item>
                <item>
                    <a>12</a><a>Libérés</a><a>libérer</a><a>VPP</a><a>VPP</a><a>n=p|g=m|t=K</a><a>10</a><a>prep</a><a>10</a><a>prep</a>
                </item>
                <item><a>13</a><a>de</a><a>de</a><a>P</a><a>P</a><a></a><a>12</a><a>mod</a><a>12</a><a>mod</a></item>
                <item>
                    <a>14</a><a>la</a><a>la</a><a>DET</a><a>DET</a><a>n=s|g=f</a><a>15</a><a>det</a><a>15</a><a>det</a>
                </item>
                <item><a>15</a><a>Sécu</a><a>_</a><a>NPP</a><a>NPP</a><a></a><a>13</a><a>prep</a><a>13</a><a>prep</a>
                </item>
                <item><a>16</a><a>"</a><a>"</a><a>PONCT</a><a>PONCT</a><a></a><a>15</a><a>ponct</a><a>15</a><a>ponct</a>
                </item>
                <item><a>17</a><a>.</a><a>.</a><a>PONCT</a><a>PONCT</a><a></a><a>15</a><a>ponct</a><a>15</a><a>ponct</a>
                </item>
            </p>
            <p type="titre">
                <item><a>1</a><a>§</a><a>§</a><a>PONCT</a><a>PONCT</a><a></a><a>0</a><a>ponct</a><a>0</a><a>ponct</a>
                </item>
            </p>
        </titre>
        <titre>
            <p type="titre">
                <item>
                    <a>1</a><a>Deux</a><a>deux</a><a>DET</a><a>DET</a><a>s=card|n=p</a><a>2</a><a>det</a><a>2</a><a>det</a>
                </item>
                <item>
                    <a>2</a><a>casques</a><a>casque</a><a>NC</a><a>NC</a><a>n=p|g=m</a><a>0</a><a>_</a><a>0</a><a>_</a>
                </item>
                <item>
                    <a>3</a><a>bleus</a><a>bleu</a><a>ADJ</a><a>ADJ</a><a>n=p|g=m</a><a>2</a><a>mod</a><a>2</a><a>mod</a>
                </item>
                <item>
                    <a>4</a><a>marocains</a><a>marocain</a><a>NC</a><a>NC</a><a>n=p|g=m</a><a>2</a><a>mod</a><a>2</a><a>mod</a>
                </item>
                <item>
                    <a>5</a><a>tués</a><a>tuer</a><a>VPP</a><a>VPP</a><a>n=p|g=m|t=K</a><a>4</a><a>mod</a><a>4</a><a>mod</a>
                </item>
                <item><a>6</a><a>en</a><a>en</a><a>P</a><a>P</a><a></a><a>5</a><a>mod</a><a>5</a><a>mod</a></item>
                <item>
                    <a>7</a><a>Centrafrique</a><a>_</a><a>NPP</a><a>NPP</a><a></a><a>6</a><a>prep</a><a>6</a><a>prep</a>
                </item>
                <item><a>8</a><a>.</a><a>.</a><a>PONCT</a><a>PONCT</a><a></a><a>7</a><a>ponct</a><a>7</a><a>ponct</a>
                </item>
                <item><a>9</a><a>§</a><a>§</a><a>PONCT</a><a>PONCT</a><a></a><a>7</a><a>ponct</a><a>7</a><a>ponct</a>
                </item>
            </p>
        </titre>
    </file>
    <file type="description" name="2017/01/04/19-00-00/0,2-3208,1-0,0.xml">
        <description>
            <p type="description">
                <item><a>1</a><a>"</a><a>"</a><a>PONCT</a><a>PONCT</a><a></a><a>0</a><a>ponct</a><a>0</a><a>ponct</a>
                </item>
            </p>
            <p type="description">
                <item><a>1</a><a>Le</a><a>le</a><a>DET</a><a>DET</a><a>n=s|g=m</a><a>2</a><a>det</a><a>2</a><a>det</a>
                </item>
                <item><a>2</a><a>Monde</a><a>_</a><a>NPP</a><a>NPP</a><a></a><a>4</a><a>suj</a><a>4</a><a>suj</a></item>
                <item><a>3</a><a>"</a><a>"</a><a>PONCT</a><a>PONCT</a><a></a><a>2</a><a>ponct</a><a>2</a><a>ponct</a>
                </item>
                <item>
                    <a>4</a><a>publie</a><a>publier</a><a>V</a><a>V</a><a>n=s|t=P,S|p=1,3</a><a>0</a><a>root</a><a>0</a><a>root</a>
                </item>
                <item><a>5</a><a>des</a><a>des</a><a>DET</a><a>DET</a><a>n=p</a><a>6</a><a>det</a><a>6</a><a>det</a>
                </item>
                <item>
                    <a>6</a><a>révélations</a><a>révélation</a><a>NC</a><a>NC</a><a>n=p|g=f</a><a>4</a><a>obj</a><a>4</a><a>obj</a>
                </item>
                <item><a>7</a><a>sur</a><a>sur</a><a>P</a><a>P</a><a></a><a>4</a><a>mod</a><a>4</a><a>mod</a></item>
                <item><a>8</a><a>un</a><a>un</a><a>DET</a><a>DET</a><a>n=s|g=m</a><a>9</a><a>det</a><a>9</a><a>det</a>
                </item>
                <item>
                    <a>9</a><a>aspect</a><a>aspect</a><a>NC</a><a>NC</a><a>n=s|g=m</a><a>7</a><a>prep</a><a>7</a><a>prep</a>
                </item>
                <item><a>10</a><a>de</a><a>de</a><a>P</a><a>P</a><a></a><a>4</a><a>mod</a><a>4</a><a>mod</a></item>
                <item>
                    <a>11</a><a>la</a><a>la</a><a>DET</a><a>DET</a><a>n=s|g=f</a><a>12</a><a>det</a><a>12</a><a>det</a>
                </item>
                <item>
                    <a>12</a><a>lutte</a><a>lutte</a><a>NC</a><a>NC</a><a>n=s|g=f</a><a>10</a><a>prep</a><a>10</a><a>prep</a>
                </item>
                <item>
                    <a>13</a><a>antiterroriste</a><a>_</a><a>ADJ</a><a>ADJ</a><a></a><a>12</a><a>mod</a><a>12</a><a>mod</a>
                </item>
                <item>
                    <a>14</a><a>resté</a><a>rester</a><a>VPP</a><a>VPP</a><a>n=s|g=m|t=K</a><a>4</a><a>mod</a><a>4</a><a>mod</a>
                </item>
                <item>
                    <a>15</a><a>secret</a><a>secret</a><a>NC</a><a>NC</a><a>n=s|g=m</a><a>14</a><a>mod</a><a>14</a><a>mod</a>
                </item>
                <item>
                    <a>16</a><a>défense</a><a>défense</a><a>NC</a><a>NC</a><a>n=s|g=f</a><a>15</a><a>mod</a><a>15</a><a>mod</a>
                </item>
                <item><a>17</a><a>jusqu'</a><a>jusque</a><a>P</a><a>P</a><a></a><a>14</a><a>mod</a><a>14</a><a>mod</a>
                </item>
                <item><a>18</a><a>à</a><a>à</a><a>P</a><a>P</a><a></a><a>17</a><a>prep</a><a>17</a><a>prep</a></item>
                <item>
                    <a>19</a><a>présent</a><a>présent</a><a>ADJ</a><a>ADJ</a><a>n=s|g=m</a><a>0</a><a>_</a><a>0</a><a>_</a>
                </item>
                <item><a>20</a><a>.</a><a>.</a><a>PONCT</a><a>PONCT</a><a></a><a>19</a><a>ponct</a><a>19</a><a>ponct</a>
                </item>
                <item><a>21</a><a>§</a><a>§</a><a>PONCT</a><a>PONCT</a><a></a><a>19</a><a>ponct</a><a>19</a><a>ponct</a>
                </item>
            </p>
        </description>
        <description>
            <p type="description">
                <item><a>1</a><a>Les</a><a>les</a><a>DET</a><a>DET</a><a>n=p</a><a>2</a><a>det</a><a>2</a><a>det</a>
                </item>
                <item>
                    <a>2</a><a>Anglais</a><a>anglais</a><a>NC</a><a>NC</a><a>g=m</a><a>4</a><a>suj</a><a>4</a><a>suj</a>
                </item>
                <item>
                    <a>3</a><a>ont</a><a>avoir</a><a>V</a><a>V</a><a>n=p|t=P|p=3</a><a>4</a><a>aux_tps</a><a>4</a><a>aux_tps</a>
                </item>
                <item>
                    <a>4</a><a>encouragé</a><a>encourager</a><a>VPP</a><a>VPP</a><a>n=s|g=m|t=K</a><a>0</a><a>root</a><a>0</a><a>root</a>
                </item>
                <item><a>5</a><a>au</a><a>à</a><a>P+D</a><a>P+D</a><a>n=s|g=m</a><a>4</a><a>mod</a><a>4</a><a>mod</a>
                </item>
                <item><a>6</a><a>XIXe</a><a>_</a><a>ADJ</a><a>ADJ</a><a></a><a>7</a><a>mod</a><a>7</a><a>mod</a></item>
                <item>
                    <a>7</a><a>siècle</a><a>siècle</a><a>NC</a><a>NC</a><a>n=s|g=m</a><a>5</a><a>prep</a><a>5</a><a>prep</a>
                </item>
                <item><a>8</a><a>les</a><a>les</a><a>DET</a><a>DET</a><a>n=p</a><a>9</a><a>det</a><a>9</a><a>det</a>
                </item>
                <item>
                    <a>9</a><a>populations</a><a>population</a><a>NC</a><a>NC</a><a>n=p|g=f</a><a>4</a><a>obj</a><a>4</a><a>obj</a>
                </item>
                <item>
                    <a>10</a><a>musulmanes</a><a>musulman</a><a>ADJ</a><a>ADJ</a><a>n=p|g=f</a><a>9</a><a>mod</a><a>9</a><a>mod</a>
                </item>
                <item><a>11</a><a>du</a><a>de</a><a>P+D</a><a>P+D</a><a>n=s|g=m</a><a>9</a><a>dep</a><a>9</a><a>dep</a>
                </item>
                <item>
                    <a>12</a><a>Bengale</a><a>Bengale</a><a>NPP</a><a>NPP</a><a>n=s|g=m</a><a>11</a><a>prep</a><a>11</a><a>prep</a>
                </item>
                <item>
                    <a>13</a><a>oriental</a><a>oriental</a><a>ADJ</a><a>ADJ</a><a>n=s|g=m</a><a>12</a><a>mod</a><a>12</a><a>mod</a>
                </item>
                <item><a>14</a><a>à</a><a>à</a><a>P</a><a>P</a><a></a><a>4</a><a>mod</a><a>4</a><a>mod</a></item>
                <item>
                    <a>15</a><a>s'</a><a>se</a><a>CLR</a><a>CLR</a><a>n=p,s|p=3</a><a>16</a><a>aff</a><a>16</a><a>aff</a>
                </item>
                <item>
                    <a>16</a><a>implanter</a><a>implanter</a><a>VINF</a><a>VINF</a><a>t=W</a><a>14</a><a>prep</a><a>14</a><a>prep</a>
                </item>
                <item><a>17</a><a>dans</a><a>dans</a><a>P</a><a>P</a><a></a><a>16</a><a>mod</a><a>16</a><a>mod</a>
                </item>
                <item><a>18</a><a>l'</a><a>le</a><a>DET</a><a>DET</a><a>n=s</a><a>19</a><a>det</a><a>19</a><a>det</a>
                </item>
                <item><a>19</a><a>Etat</a><a>_</a><a>NC</a><a>NC</a><a></a><a>17</a><a>prep</a><a>17</a><a>prep</a>
                </item>
                <item><a>20</a><a>de</a><a>de</a><a>P</a><a>P</a><a></a><a>16</a><a>mod</a><a>16</a><a>mod</a></item>
                <item><a>21</a><a>l'</a><a>le</a><a>DET</a><a>DET</a><a>n=s</a><a>22</a><a>det</a><a>22</a><a>det</a>
                </item>
                <item><a>22</a><a>Arakan</a><a>_</a><a>NPP</a><a>NPP</a><a></a><a>20</a><a>prep</a><a>20</a><a>prep</a>
                </item>
                <item><a>23</a><a>.</a><a>.</a><a>PONCT</a><a>PONCT</a><a></a><a>22</a><a>ponct</a><a>22</a><a>ponct</a>
                </item>
                <item><a>24</a><a>§</a><a>§</a><a>PONCT</a><a>PONCT</a><a></a><a>22</a><a>ponct</a><a>22</a><a>ponct</a>
                </item>
            </p>
        </description>
        <description>
            <p type="description">
                <item><a>1</a><a>Mark</a><a>mark</a><a>NC</a><a>NC</a><a>n=s|g=m</a><a>3</a><a>suj</a><a>3</a><a>suj</a>
                </item>
                <item><a>2</a><a>Zuckerberg</a><a>_</a><a>NPP</a><a>NPP</a><a></a><a>1</a><a>mod</a><a>1</a><a>mod</a>
                </item>
                <item>
                    <a>3</a><a>aurait</a><a>avoir</a><a>V</a><a>V</a><a>n=s|t=C|p=3</a><a>0</a><a>root</a><a>0</a><a>root</a>
                </item>
                <item>
                    <a>4</a><a>-il</a><a>il</a><a>CLS</a><a>CLS</a><a>n=s|g=m|p=3</a><a>3</a><a>suj</a><a>3</a><a>suj</a>
                </item>
                <item><a>5</a><a>des</a><a>de</a><a>P+D</a><a>P+D</a><a>n=p</a><a>3</a><a>mod</a><a>3</a><a>mod</a>
                </item>
                <item>
                    <a>6</a><a>ambitions</a><a>ambition</a><a>NC</a><a>NC</a><a>n=p|g=f</a><a>5</a><a>prep</a><a>5</a><a>prep</a>
                </item>
                <item>
                    <a>7</a><a>électorales</a><a>électoral</a><a>ADJ</a><a>ADJ</a><a>n=p|g=f</a><a>6</a><a>mod</a><a>6</a><a>mod</a>
                </item>
                <item><a>8</a><a>,</a><a>,</a><a>PONCT</a><a>PONCT</a><a></a><a>7</a><a>ponct</a><a>7</a><a>ponct</a>
                </item>
                <item><a>9</a><a>voire</a><a>voire</a><a>CC</a><a>CC</a><a></a><a>7</a><a>coord</a><a>7</a><a>coord</a>
                </item>
                <item>
                    <a>10</a><a>présidentielles</a><a>présidentiel</a><a>ADJ</a><a>ADJ</a><a>n=p|g=f</a><a>9</a><a>dep_coord</a><a>9</a><a>dep_coord</a>
                </item>
                <item><a>11</a><a>?</a><a>?</a><a>PONCT</a><a>PONCT</a><a></a><a>10</a><a>ponct</a><a>10</a><a>ponct</a>
                </item>
            </p>
            <p type="description">
                <item><a>1</a><a>Le</a><a>le</a><a>DET</a><a>DET</a><a>n=s|g=m</a><a>2</a><a>det</a><a>2</a><a>det</a>
                </item>
                <item>
                    <a>2</a><a>patron</a><a>patron</a><a>NC</a><a>NC</a><a>n=s|g=m</a><a>5</a><a>suj</a><a>5</a><a>suj</a>
                </item>
                <item><a>3</a><a>star</a><a>star</a><a>NC</a><a>NC</a><a>n=s|g=f</a><a>2</a><a>mod</a><a>2</a><a>mod</a>
                </item>
                <item>
                    <a>4</a><a>a</a><a>avoir</a><a>V</a><a>V</a><a>n=s|t=P|p=3</a><a>5</a><a>aux_tps</a><a>5</a><a>aux_tps</a>
                </item>
                <item>
                    <a>5</a><a>annoncé</a><a>annoncer</a><a>VPP</a><a>VPP</a><a>n=s|g=m|t=K</a><a>0</a><a>root</a><a>0</a><a>root</a>
                </item>
                <item><a>6</a><a>une</a><a>une</a><a>DET</a><a>DET</a><a>n=s|g=f</a><a>7</a><a>det</a><a>7</a><a>det</a>
                </item>
                <item>
                    <a>7</a><a>tournée</a><a>tournée</a><a>NC</a><a>NC</a><a>n=s|g=f</a><a>5</a><a>obj</a><a>5</a><a>obj</a>
                </item>
                <item><a>8</a><a>dans</a><a>dans</a><a>P</a><a>P</a><a></a><a>5</a><a>mod</a><a>5</a><a>mod</a></item>
                <item>
                    <a>9</a><a>tous</a><a>tout</a><a>ADJ</a><a>ADJ</a><a>n=p|g=m</a><a>11</a><a>mod</a><a>11</a><a>mod</a>
                </item>
                <item><a>10</a><a>les</a><a>les</a><a>DET</a><a>DET</a><a>n=p</a><a>11</a><a>det</a><a>11</a><a>det</a>
                </item>
                <item><a>11</a><a>Etats</a><a>_</a><a>NC</a><a>NC</a><a></a><a>8</a><a>prep</a><a>8</a><a>prep</a>
                </item>
                <item>
                    <a>12</a><a>américains</a><a>américain</a><a>ADJ</a><a>ADJ</a><a>n=p|g=m</a><a>11</a><a>mod</a><a>11</a><a>mod</a>
                </item>
                <item><a>13</a><a>qu'</a><a>que</a><a>CS</a><a>CS</a><a></a><a>5</a><a>mod</a><a>5</a><a>mod</a></item>
                <item>
                    <a>14</a><a>il</a><a>il</a><a>CLS</a><a>CLS</a><a>n=s|g=m|p=3</a><a>19</a><a>suj</a><a>19</a><a>suj</a>
                </item>
                <item><a>15</a><a>n'</a><a>ne</a><a>ADV</a><a>ADV</a><a></a><a>19</a><a>mod</a><a>19</a><a>mod</a>
                </item>
                <item>
                    <a>16</a><a>a</a><a>avoir</a><a>V</a><a>V</a><a>n=s|t=P|p=3</a><a>19</a><a>aux_tps</a><a>19</a><a>aux_tps</a>
                </item>
                <item><a>17</a><a>pas</a><a>pas</a><a>ADV</a><a>ADV</a><a></a><a>18</a><a>mod</a><a>18</a><a>mod</a>
                </item>
                <item>
                    <a>18</a><a>encore</a><a>encore</a><a>ADV</a><a>ADV</a><a></a><a>19</a><a>mod</a><a>19</a><a>mod</a>
                </item>
                <item>
                    <a>19</a><a>visités</a><a>visiter</a><a>VPP</a><a>VPP</a><a>n=p|g=m|t=K</a><a>13</a><a>sub</a><a>13</a><a>sub</a>
                </item>
                <item><a>20</a><a>.</a><a>.</a><a>PONCT</a><a>PONCT</a><a></a><a>19</a><a>ponct</a><a>19</a><a>ponct</a>
                </item>
                <item><a>21</a><a>§</a><a>§</a><a>PONCT</a><a>PONCT</a><a></a><a>19</a><a>ponct</a><a>19</a><a>ponct</a>
                </item>
            </p>
        </description>
        <description>
            <p type="description">
                <item>
                    <a>1</a><a>Contrairement</a><a>_</a><a>ADV</a><a>ADV</a><a></a><a>20</a><a>mod</a><a>20</a><a>mod</a>
                </item>
                <item><a>2</a><a>à</a><a>à</a><a>P</a><a>P</a><a></a><a>20</a><a>mod</a><a>20</a><a>mod</a></item>
                <item><a>3</a><a>l'</a><a>le</a><a>DET</a><a>DET</a><a>n=s</a><a>4</a><a>det</a><a>4</a><a>det</a>
                </item>
                <item>
                    <a>4</a><a>année</a><a>année</a><a>NC</a><a>NC</a><a>n=s|g=f</a><a>2</a><a>prep</a><a>2</a><a>prep</a>
                </item>
                <item><a>5</a><a>2016</a><a>2016</a><a>NC</a><a>NC</a><a></a><a>4</a><a>mod</a><a>4</a><a>mod</a></item>
                <item>
                    <a>6</a><a>qui</a><a>qui</a><a>PROREL</a><a>PROREL</a><a>n=s</a><a>7</a><a>suj</a><a>7</a><a>suj</a>
                </item>
                <item>
                    <a>7</a><a>voyait</a><a>voir</a><a>V</a><a>V</a><a>n=s|t=I|p=3</a><a>4</a><a>mod_rel</a><a>4</a><a>mod_rel</a>
                </item>
                <item><a>8</a><a>de</a><a>de</a><a>DET</a><a>DET</a><a>n=p</a><a>10</a><a>det</a><a>10</a><a>det</a>
                </item>
                <item>
                    <a>9</a><a>nombreux</a><a>nombreux</a><a>ADJ</a><a>ADJ</a><a>g=m</a><a>10</a><a>mod</a><a>10</a><a>mod</a>
                </item>
                <item>
                    <a>10</a><a>jours</a><a>jour</a><a>NC</a><a>NC</a><a>n=p|g=m</a><a>7</a><a>obj</a><a>7</a><a>obj</a>
                </item>
                <item>
                    <a>11</a><a>fériés</a><a>férié</a><a>ADJ</a><a>ADJ</a><a>n=p|g=m</a><a>10</a><a>mod</a><a>10</a><a>mod</a>
                </item>
                <item>
                    <a>12</a><a>tomber</a><a>tomber</a><a>VINF</a><a>VINF</a><a>t=W</a><a>7</a><a>obj</a><a>7</a><a>obj</a>
                </item>
                <item><a>13</a><a>durant</a><a>durant</a><a>P</a><a>P</a><a></a><a>12</a><a>mod</a><a>12</a><a>mod</a>
                </item>
                <item><a>14</a><a>des</a><a>des</a><a>DET</a><a>DET</a><a>n=p</a><a>15</a><a>det</a><a>15</a><a>det</a>
                </item>
                <item><a>15</a><a>week</a><a>_</a><a>NC</a><a>NC</a><a></a><a>13</a><a>prep</a><a>13</a><a>prep</a>
                </item>
                <item><a>16</a><a>-</a><a>-</a><a>PONCT</a><a>PONCT</a><a></a><a>15</a><a>ponct</a><a>15</a><a>ponct</a>
                </item>
                <item>
                    <a>17</a><a>ends</a><a>end</a><a>NC</a><a>NC</a><a>n=p|g=f</a><a>15</a><a>mod</a><a>15</a><a>mod</a>
                </item>
                <item><a>18</a><a>,</a><a>,</a><a>PONCT</a><a>PONCT</a><a></a><a>17</a><a>ponct</a><a>17</a><a>ponct</a>
                </item>
                <item><a>19</a><a>2017</a><a>2017</a><a>NC</a><a>NC</a><a></a><a>15</a><a>mod</a><a>15</a><a>mod</a>
                </item>
                <item>
                    <a>20</a><a>permettra</a><a>permettre</a><a>V</a><a>V</a><a>n=s|t=F|p=3</a><a>0</a><a>root</a><a>0</a><a>root</a>
                </item>
                <item><a>21</a><a>de</a><a>de</a><a>P</a><a>P</a><a></a><a>20</a><a>obj</a><a>20</a><a>obj</a></item>
                <item>
                    <a>22</a><a>bénéficier</a><a>bénéficier</a><a>VINF</a><a>VINF</a><a>t=W</a><a>21</a><a>prep</a><a>21</a><a>prep</a>
                </item>
                <item><a>23</a><a>de</a><a>de</a><a>P</a><a>P</a><a></a><a>22</a><a>mod</a><a>22</a><a>mod</a></item>
                <item>
                    <a>24</a><a>six</a><a>six</a><a>DET</a><a>DET</a><a>s=card|n=p</a><a>25</a><a>det</a><a>25</a><a>det</a>
                </item>
                <item><a>25</a><a>week</a><a>_</a><a>NC</a><a>NC</a><a></a><a>23</a><a>prep</a><a>23</a><a>prep</a>
                </item>
                <item><a>26</a><a>-</a><a>-</a><a>PONCT</a><a>PONCT</a><a></a><a>25</a><a>ponct</a><a>25</a><a>ponct</a>
                </item>
                <item>
                    <a>27</a><a>ends</a><a>end</a><a>NC</a><a>NC</a><a>n=p|g=f</a><a>25</a><a>mod</a><a>25</a><a>mod</a>
                </item>
                <item>
                    <a>28</a><a>prolongés</a><a>prolonger</a><a>VPP</a><a>VPP</a><a>n=p|g=m|t=K</a><a>25</a><a>mod</a><a>25</a><a>mod</a>
                </item>
                <item><a>29</a><a>.</a><a>.</a><a>PONCT</a><a>PONCT</a><a></a><a>28</a><a>ponct</a><a>28</a><a>ponct</a>
                </item>
                <item><a>30</a><a>§</a><a>§</a><a>PONCT</a><a>PONCT</a><a></a><a>28</a><a>ponct</a><a>28</a><a>ponct</a>
                </item>
            </p>
        </description>
        <description>
            <p type="description">
                <item><a>1</a><a>L'</a><a>le</a><a>DET</a><a>DET</a><a>n=s</a><a>2</a><a>det</a><a>2</a><a>det</a>
                </item>
                <item>
                    <a>2</a><a>agence</a><a>agence</a><a>NC</a><a>NC</a><a>n=s|g=f</a><a>8</a><a>suj</a><a>8</a><a>suj</a>
                </item>
                <item><a>3</a><a>russe</a><a>russe</a><a>ADJ</a><a>ADJ</a><a>n=s</a><a>2</a><a>mod</a><a>2</a><a>mod</a>
                </item>
                <item><a>4</a><a>d'</a><a>de</a><a>P</a><a>P</a><a></a><a>2</a><a>dep</a><a>2</a><a>dep</a></item>
                <item>
                    <a>5</a><a>assurance</a><a>assurance</a><a>NC</a><a>NC</a><a>n=s|g=f</a><a>4</a><a>prep</a><a>4</a><a>prep</a>
                </item>
                <item><a>6</a><a>des</a><a>de</a><a>P+D</a><a>P+D</a><a>n=p</a><a>2</a><a>dep</a><a>2</a><a>dep</a>
                </item>
                <item>
                    <a>7</a><a>dépôts</a><a>dépôt</a><a>NC</a><a>NC</a><a>n=p|g=m</a><a>6</a><a>prep</a><a>6</a><a>prep</a>
                </item>
                <item>
                    <a>8</a><a>demande</a><a>demander</a><a>V</a><a>V</a><a>n=s|t=P,S|p=1,3</a><a>0</a><a>root</a><a>0</a><a>root</a>
                </item>
                <item><a>9</a><a>le</a><a>le</a><a>DET</a><a>DET</a><a>n=s|g=m</a><a>10</a><a>det</a><a>10</a><a>det</a>
                </item>
                <item>
                    <a>10</a><a>remboursement</a><a>remboursement</a><a>NC</a><a>NC</a><a>n=s|g=m</a><a>8</a><a>obj</a><a>8</a><a>obj</a>
                </item>
                <item><a>11</a><a>des</a><a>de</a><a>P+D</a><a>P+D</a><a>n=p</a><a>10</a><a>dep</a><a>10</a><a>dep</a>
                </item>
                <item><a>12</a><a>9</a><a>9</a><a>ADJ</a><a>ADJ</a><a></a><a>13</a><a>mod</a><a>13</a><a>mod</a></item>
                <item>
                    <a>13</a><a>millions</a><a>million</a><a>NC</a><a>NC</a><a>n=p</a><a>11</a><a>prep</a><a>11</a><a>prep</a>
                </item>
                <item><a>14</a><a>d'</a><a>de</a><a>P</a><a>P</a><a></a><a>13</a><a>dep</a><a>13</a><a>dep</a></item>
                <item>
                    <a>15</a><a>euros</a><a>euro</a><a>NC</a><a>NC</a><a>n=p|g=m</a><a>14</a><a>prep</a><a>14</a><a>prep</a>
                </item>
                <item>
                    <a>16</a><a>empruntés</a><a>emprunter</a><a>VPP</a><a>VPP</a><a>n=p|g=m|t=K</a><a>15</a><a>mod</a><a>15</a><a>mod</a>
                </item>
                <item><a>17</a><a>par</a><a>par</a><a>P</a><a>P</a><a></a><a>16</a><a>mod</a><a>16</a><a>mod</a></item>
                <item>
                    <a>18</a><a>le</a><a>le</a><a>DET</a><a>DET</a><a>n=s|g=m</a><a>19</a><a>det</a><a>19</a><a>det</a>
                </item>
                <item><a>19</a><a>FN</a><a>_</a><a>NPP</a><a>NPP</a><a></a><a>17</a><a>prep</a><a>17</a><a>prep</a>
                </item>
                <item><a>20</a><a>auprès</a><a>auprès</a><a>ADV</a><a>ADV</a><a></a><a>8</a><a>mod</a><a>8</a><a>mod</a>
                </item>
                <item><a>21</a><a>d'</a><a>de</a><a>P</a><a>P</a><a></a><a>8</a><a>mod</a><a>8</a><a>mod</a></item>
                <item>
                    <a>22</a><a>une</a><a>une</a><a>DET</a><a>DET</a><a>n=s|g=f</a><a>23</a><a>det</a><a>23</a><a>det</a>
                </item>
                <item>
                    <a>23</a><a>banque</a><a>banque</a><a>NC</a><a>NC</a><a>n=s|g=f</a><a>21</a><a>prep</a><a>21</a><a>prep</a>
                </item>
                <item><a>24</a><a>qui</a><a>qui</a><a>PROREL</a><a>PROREL</a><a>n=s</a><a>0</a><a>_</a><a>0</a><a>_</a>
                </item>
                <item><a>25</a><a>a</a><a>avoir</a><a>V</a><a>V</a><a>n=s|t=P|p=3</a><a>0</a><a>_</a><a>0</a><a>_</a>
                </item>
                <item>
                    <a>26</a><a>fait</a><a>faire</a><a>VPP</a><a>VPP</a><a>n=s|g=m|t=K</a><a>0</a><a>_</a><a>0</a><a>_</a>
                </item>
                <item>
                    <a>27</a><a>faillite</a><a>faillite</a><a>NC</a><a>NC</a><a>n=s|g=f</a><a>26</a><a>mod</a><a>26</a><a>mod</a>
                </item>
                <item><a>28</a><a>.</a><a>.</a><a>PONCT</a><a>PONCT</a><a></a><a>27</a><a>ponct</a><a>27</a><a>ponct</a>
                </item>
                <item><a>29</a><a>§</a><a>§</a><a>PONCT</a><a>PONCT</a><a></a><a>27</a><a>ponct</a><a>27</a><a>ponct</a>
                </item>
            </p>
        </description>
        <description>
            <p type="description">
                <item><a>1</a><a>Le</a><a>le</a><a>DET</a><a>DET</a><a>n=s|g=m</a><a>2</a><a>det</a><a>2</a><a>det</a>
                </item>
                <item>
                    <a>2</a><a>cycliste</a><a>cycliste</a><a>NC</a><a>NC</a><a>n=s</a><a>5</a><a>suj</a><a>5</a><a>suj</a>
                </item>
                <item>
                    <a>3</a><a>français</a><a>français</a><a>ADJ</a><a>ADJ</a><a>g=m</a><a>2</a><a>mod</a><a>2</a><a>mod</a>
                </item>
                <item>
                    <a>4</a><a>a</a><a>avoir</a><a>V</a><a>V</a><a>n=s|t=P|p=3</a><a>5</a><a>aux_tps</a><a>5</a><a>aux_tps</a>
                </item>
                <item>
                    <a>5</a><a>établi</a><a>établir</a><a>VPP</a><a>VPP</a><a>n=s|g=m|t=K</a><a>0</a><a>root</a><a>0</a><a>root</a>
                </item>
                <item><a>6</a><a>sur</a><a>sur</a><a>P</a><a>P</a><a></a><a>5</a><a>mod</a><a>5</a><a>mod</a></item>
                <item><a>7</a><a>la</a><a>la</a><a>DET</a><a>DET</a><a>n=s|g=f</a><a>8</a><a>det</a><a>8</a><a>det</a>
                </item>
                <item>
                    <a>8</a><a>piste</a><a>piste</a><a>NC</a><a>NC</a><a>n=s|g=f</a><a>6</a><a>prep</a><a>6</a><a>prep</a>
                </item>
                <item><a>9</a><a>de</a><a>de</a><a>P</a><a>P</a><a></a><a>5</a><a>mod</a><a>5</a><a>mod</a></item>
                <item><a>10</a><a>Saint</a><a>_</a><a>NPP</a><a>NPP</a><a></a><a>9</a><a>prep</a><a>9</a><a>prep</a>
                </item>
                <item><a>11</a><a>-</a><a>-</a><a>PONCT</a><a>PONCT</a><a></a><a>10</a><a>ponct</a><a>10</a><a>ponct</a>
                </item>
                <item>
                    <a>12</a><a>Quentin</a><a>Quentin</a><a>NPP</a><a>NPP</a><a>n=s|g=m</a><a>10</a><a>mod</a><a>10</a><a>mod</a>
                </item>
                <item><a>13</a><a>-</a><a>-</a><a>PONCT</a><a>PONCT</a><a></a><a>12</a><a>ponct</a><a>12</a><a>ponct</a>
                </item>
                <item><a>14</a><a>en</a><a>en</a><a>P</a><a>P</a><a></a><a>5</a><a>mod</a><a>5</a><a>mod</a></item>
                <item><a>15</a><a>-</a><a>-</a><a>PONCT</a><a>PONCT</a><a></a><a>14</a><a>ponct</a><a>14</a><a>ponct</a>
                </item>
                <item>
                    <a>16</a><a>Yvelines</a><a>Yvelines</a><a>NPP</a><a>NPP</a><a>n=p|g=f</a><a>14</a><a>prep</a><a>14</a><a>prep</a>
                </item>
                <item>
                    <a>17</a><a>un</a><a>un</a><a>DET</a><a>DET</a><a>n=s|g=m</a><a>19</a><a>det</a><a>19</a><a>det</a>
                </item>
                <item>
                    <a>18</a><a>nouveau</a><a>nouveau</a><a>ADJ</a><a>ADJ</a><a>n=s|g=m</a><a>19</a><a>mod</a><a>19</a><a>mod</a>
                </item>
                <item>
                    <a>19</a><a>record</a><a>record</a><a>NC</a><a>NC</a><a>n=s|g=m</a><a>5</a><a>mod</a><a>5</a><a>mod</a>
                </item>
                <item><a>20</a><a>de</a><a>de</a><a>P</a><a>P</a><a></a><a>5</a><a>mod</a><a>5</a><a>mod</a></item>
                <item><a>21</a><a>l'</a><a>le</a><a>DET</a><a>DET</a><a>n=s</a><a>22</a><a>det</a><a>22</a><a>det</a>
                </item>
                <item>
                    <a>22</a><a>heure</a><a>heure</a><a>NC</a><a>NC</a><a>n=s|g=f</a><a>20</a><a>prep</a><a>20</a><a>prep</a>
                </item>
                <item><a>23</a><a>dans</a><a>dans</a><a>P</a><a>P</a><a></a><a>5</a><a>mod</a><a>5</a><a>mod</a></item>
                <item>
                    <a>24</a><a>une</a><a>une</a><a>DET</a><a>DET</a><a>n=s|g=f</a><a>25</a><a>det</a><a>25</a><a>det</a>
                </item>
                <item>
                    <a>25</a><a>catégorie</a><a>catégorie</a><a>NC</a><a>NC</a><a>n=s|g=f</a><a>23</a><a>prep</a><a>23</a><a>prep</a>
                </item>
                <item><a>26</a><a>d'</a><a>de</a><a>P</a><a>P</a><a></a><a>25</a><a>dep</a><a>25</a><a>dep</a></item>
                <item>
                    <a>27</a><a>âge</a><a>âge</a><a>NC</a><a>NC</a><a>n=s|g=m</a><a>26</a><a>prep</a><a>26</a><a>prep</a>
                </item>
                <item>
                    <a>28</a><a>créée</a><a>créer</a><a>VPP</a><a>VPP</a><a>n=s|g=f|t=K</a><a>25</a><a>mod</a><a>25</a><a>mod</a>
                </item>
                <item>
                    <a>29</a><a>spécialement</a><a>_</a><a>ADV</a><a>ADV</a><a></a><a>28</a><a>mod</a><a>28</a><a>mod</a>
                </item>
                <item><a>30</a><a>pour</a><a>pour</a><a>P</a><a>P</a><a></a><a>28</a><a>mod</a><a>28</a><a>mod</a>
                </item>
                <item>
                    <a>31</a><a>lui</a><a>lui</a><a>PRO</a><a>PRO</a><a>n=s|g=m|p=3</a><a>30</a><a>prep</a><a>30</a><a>prep</a>
                </item>
                <item><a>32</a><a>.</a><a>.</a><a>PONCT</a><a>PONCT</a><a></a><a>31</a><a>ponct</a><a>31</a><a>ponct</a>
                </item>
                <item><a>33</a><a>§</a><a>§</a><a>PONCT</a><a>PONCT</a><a></a><a>31</a><a>ponct</a><a>31</a><a>ponct</a>
                </item>
            </p>
        </description>
        <description>
            <p type="description">
                <item>
                    <a>1</a><a>Marisol</a><a>Marisol</a><a>NPP</a><a>NPP</a><a>n=s|g=f</a><a>4</a><a>suj</a><a>4</a><a>suj</a>
                </item>
                <item><a>2</a><a>Touraine</a><a>_</a><a>NPP</a><a>NPP</a><a></a><a>1</a><a>mod</a><a>1</a><a>mod</a>
                </item>
                <item>
                    <a>3</a><a>a</a><a>avoir</a><a>V</a><a>V</a><a>n=s|t=P|p=3</a><a>4</a><a>aux_tps</a><a>4</a><a>aux_tps</a>
                </item>
                <item>
                    <a>4</a><a>annoncé</a><a>annoncer</a><a>VPP</a><a>VPP</a><a>n=s|g=m|t=K</a><a>0</a><a>root</a><a>0</a><a>root</a>
                </item>
                <item><a>5</a><a>que</a><a>que</a><a>CS</a><a>CS</a><a></a><a>4</a><a>obj</a><a>4</a><a>obj</a></item>
                <item><a>6</a><a>la</a><a>la</a><a>DET</a><a>DET</a><a>n=s|g=f</a><a>7</a><a>det</a><a>7</a><a>det</a>
                </item>
                <item>
                    <a>7</a><a>procédure</a><a>procédure</a><a>NC</a><a>NC</a><a>n=s|g=f</a><a>10</a><a>suj</a><a>10</a><a>suj</a>
                </item>
                <item>
                    <a>8</a><a>avait</a><a>avoir</a><a>V</a><a>V</a><a>n=s|t=I|p=3</a><a>10</a><a>aux_tps</a><a>10</a><a>aux_tps</a>
                </item>
                <item>
                    <a>9</a><a>été</a><a>être</a><a>VPP</a><a>VPP</a><a>t=K</a><a>10</a><a>aux_pass</a><a>10</a><a>aux_pass</a>
                </item>
                <item>
                    <a>10</a><a>déclenchée</a><a>déclencher</a><a>VPP</a><a>VPP</a><a>n=s|g=f|t=K</a><a>5</a><a>sub</a><a>5</a><a>sub</a>
                </item>
                <item><a>11</a><a>"</a><a>"</a><a>PONCT</a><a>PONCT</a><a></a><a>10</a><a>ponct</a><a>10</a><a>ponct</a>
                </item>
                <item><a>12</a><a>par</a><a>par</a><a>P</a><a>P</a><a></a><a>10</a><a>mod</a><a>10</a><a>mod</a></item>
                <item>
                    <a>13</a><a>mesure</a><a>mesure</a><a>NC</a><a>NC</a><a>n=s|g=f</a><a>12</a><a>prep</a><a>12</a><a>prep</a>
                </item>
                <item><a>14</a><a>de</a><a>de</a><a>P</a><a>P</a><a></a><a>13</a><a>dep</a><a>13</a><a>dep</a></item>
                <item>
                    <a>15</a><a>précaution</a><a>précaution</a><a>NC</a><a>NC</a><a>n=s|g=f</a><a>14</a><a>prep</a><a>14</a><a>prep</a>
                </item>
                <item><a>16</a><a>"</a><a>"</a><a>PONCT</a><a>PONCT</a><a></a><a>15</a><a>ponct</a><a>15</a><a>ponct</a>
                </item>
                <item><a>17</a><a>.</a><a>.</a><a>PONCT</a><a>PONCT</a><a></a><a>15</a><a>ponct</a><a>15</a><a>ponct</a>
                </item>
            </p>
            <p type="description">
                <item><a>1</a><a>La</a><a>la</a><a>DET</a><a>DET</a><a>n=s|g=f</a><a>2</a><a>det</a><a>2</a><a>det</a>
                </item>
                <item><a>2</a><a>mort</a><a>mort</a><a>NC</a><a>NC</a><a>n=s|g=f,m</a><a>0</a><a>_</a><a>0</a><a>_</a>
                </item>
                <item><a>3</a><a>d'</a><a>de</a><a>P</a><a>P</a><a></a><a>2</a><a>dep</a><a>2</a><a>dep</a></item>
                <item><a>4</a><a>un</a><a>un</a><a>DET</a><a>DET</a><a>n=s|g=m</a><a>5</a><a>det</a><a>5</a><a>det</a>
                </item>
                <item>
                    <a>5</a><a>nouveau</a><a>nouveau</a><a>ADJ</a><a>ADJ</a><a>n=s|g=m</a><a>3</a><a>prep</a><a>3</a><a>prep</a>
                </item>
                <item><a>6</a><a>-</a><a>-</a><a>PONCT</a><a>PONCT</a><a></a><a>5</a><a>ponct</a><a>5</a><a>ponct</a>
                </item>
                <item>
                    <a>7</a><a>né</a><a>naître</a><a>VPP</a><a>VPP</a><a>n=s|g=m|t=K</a><a>5</a><a>mod</a><a>5</a><a>mod</a>
                </item>
                <item><a>8</a><a>,</a><a>,</a><a>PONCT</a><a>PONCT</a><a></a><a>7</a><a>ponct</a><a>7</a><a>ponct</a>
                </item>
                <item><a>9</a><a>le</a><a>le</a><a>DET</a><a>DET</a><a>n=s|g=m</a><a>11</a><a>det</a><a>11</a><a>det</a>
                </item>
                <item><a>10</a><a>21</a><a>21</a><a>ADJ</a><a>ADJ</a><a></a><a>11</a><a>mod</a><a>11</a><a>mod</a>
                </item>
                <item>
                    <a>11</a><a>décembre</a><a>décembre</a><a>NC</a><a>NC</a><a>n=s|g=m</a><a>7</a><a>mod</a><a>7</a><a>mod</a>
                </item>
                <item><a>12</a><a>,</a><a>,</a><a>PONCT</a><a>PONCT</a><a></a><a>11</a><a>ponct</a><a>11</a><a>ponct</a>
                </item>
                <item>
                    <a>13</a><a>avait</a><a>avoir</a><a>V</a><a>V</a><a>n=s|t=I|p=3</a><a>0</a><a>_</a><a>0</a><a>_</a>
                </item>
                <item><a>14</a><a>été</a><a>être</a><a>VPP</a><a>VPP</a><a>t=K</a><a>0</a><a>_</a><a>0</a><a>_</a>
                </item>
                <item>
                    <a>15</a><a>révélée</a><a>révéler</a><a>VPP</a><a>VPP</a><a>n=s|g=f|t=K</a><a>14</a><a>ponct</a><a>14</a><a>ponct</a>
                </item>
                <item>
                    <a>16</a><a>lundi</a><a>lundi</a><a>NC</a><a>NC</a><a>n=s|g=m</a><a>15</a><a>mod</a><a>15</a><a>mod</a>
                </item>
                <item><a>17</a><a>.</a><a>.</a><a>PONCT</a><a>PONCT</a><a></a><a>16</a><a>ponct</a><a>16</a><a>ponct</a>
                </item>
                <item><a>18</a><a>§</a><a>§</a><a>PONCT</a><a>PONCT</a><a></a><a>16</a><a>ponct</a><a>16</a><a>ponct</a>
                </item>
            </p>
        </description>
        <description>
            <p type="description">
                <item><a>1</a><a>L'</a><a>le</a><a>DET</a><a>DET</a><a>n=s</a><a>2</a><a>det</a><a>2</a><a>det</a>
                </item>
                <item><a>2</a><a>Américain</a><a>_</a><a>NPP</a><a>NPP</a><a></a><a>15</a><a>suj</a><a>15</a><a>suj</a>
                </item>
                <item><a>3</a><a>,</a><a>,</a><a>PONCT</a><a>PONCT</a><a></a><a>2</a><a>ponct</a><a>2</a><a>ponct</a>
                </item>
                <item>
                    <a>4</a><a>double</a><a>double</a><a>ADJ</a><a>ADJ</a><a>n=s</a><a>5</a><a>mod</a><a>5</a><a>mod</a>
                </item>
                <item>
                    <a>5</a><a>champion</a><a>champion</a><a>NC</a><a>NC</a><a>n=s|g=m</a><a>2</a><a>mod</a><a>2</a><a>mod</a>
                </item>
                <item>
                    <a>6</a><a>olympique</a><a>olympique</a><a>ADJ</a><a>ADJ</a><a>n=s</a><a>5</a><a>mod</a><a>5</a><a>mod</a>
                </item>
                <item><a>7</a><a>et</a><a>et</a><a>CC</a><a>CC</a><a></a><a>5</a><a>coord</a><a>5</a><a>coord</a></item>
                <item>
                    <a>8</a><a>recordman</a><a>recordman</a><a>NC</a><a>NC</a><a>n=s|g=m</a><a>7</a><a>dep_coord</a><a>7</a><a>dep_coord</a>
                </item>
                <item><a>9</a><a>du</a><a>de</a><a>P+D</a><a>P+D</a><a>n=s|g=m</a><a>5</a><a>dep</a><a>5</a><a>dep</a>
                </item>
                <item>
                    <a>10</a><a>monde</a><a>monde</a><a>NC</a><a>NC</a><a>n=s|g=m</a><a>9</a><a>prep</a><a>9</a><a>prep</a>
                </item>
                <item><a>11</a><a>du</a><a>de</a><a>P+D</a><a>P+D</a><a>n=s|g=m</a><a>5</a><a>dep</a><a>5</a><a>dep</a>
                </item>
                <item>
                    <a>12</a><a>décathlon</a><a>décathlon</a><a>NC</a><a>NC</a><a>n=s|g=m</a><a>11</a><a>prep</a><a>11</a><a>prep</a>
                </item>
                <item><a>13</a><a>,</a><a>,</a><a>PONCT</a><a>PONCT</a><a></a><a>12</a><a>ponct</a><a>12</a><a>ponct</a>
                </item>
                <item>
                    <a>14</a><a>a</a><a>avoir</a><a>V</a><a>V</a><a>n=s|t=P|p=3</a><a>15</a><a>aux_tps</a><a>15</a><a>aux_tps</a>
                </item>
                <item>
                    <a>15</a><a>annoncé</a><a>annoncer</a><a>VPP</a><a>VPP</a><a>n=s|g=m|t=K</a><a>0</a><a>root</a><a>0</a><a>root</a>
                </item>
                <item><a>16</a><a>qu'</a><a>que</a><a>CS</a><a>CS</a><a></a><a>15</a><a>obj</a><a>15</a><a>obj</a>
                </item>
                <item>
                    <a>17</a><a>il</a><a>il</a><a>CLS</a><a>CLS</a><a>n=s|g=m|p=3</a><a>18</a><a>suj</a><a>18</a><a>suj</a>
                </item>
                <item>
                    <a>18</a><a>mettait</a><a>mettre</a><a>V</a><a>V</a><a>n=s|t=I|p=3</a><a>16</a><a>sub</a><a>16</a><a>sub</a>
                </item>
                <item><a>19</a><a>fin</a><a>fin</a><a>NC</a><a>NC</a><a>n=s</a><a>18</a><a>obj</a><a>18</a><a>obj</a>
                </item>
                <item><a>20</a><a>à</a><a>à</a><a>P</a><a>P</a><a></a><a>18</a><a>mod</a><a>18</a><a>mod</a></item>
                <item>
                    <a>21</a><a>sa</a><a>sa</a><a>DET</a><a>DET</a><a>n=s|g=f|p=3|poss=s</a><a>22</a><a>det</a><a>22</a><a>det</a>
                </item>
                <item>
                    <a>22</a><a>carrière</a><a>carrière</a><a>NC</a><a>NC</a><a>n=s|g=f</a><a>20</a><a>prep</a><a>20</a><a>prep</a>
                </item>
                <item><a>23</a><a>,</a><a>,</a><a>PONCT</a><a>PONCT</a><a></a><a>22</a><a>ponct</a><a>22</a><a>ponct</a>
                </item>
                <item><a>24</a><a>à</a><a>à</a><a>P</a><a>P</a><a></a><a>18</a><a>mod</a><a>18</a><a>mod</a></item>
                <item><a>25</a><a>28</a><a>28</a><a>ADJ</a><a>ADJ</a><a></a><a>26</a><a>mod</a><a>26</a><a>mod</a>
                </item>
                <item>
                    <a>26</a><a>ans</a><a>an</a><a>NC</a><a>NC</a><a>n=p|g=m</a><a>24</a><a>prep</a><a>24</a><a>prep</a>
                </item>
                <item><a>27</a><a>.</a><a>.</a><a>PONCT</a><a>PONCT</a><a></a><a>26</a><a>ponct</a><a>26</a><a>ponct</a>
                </item>
                <item><a>28</a><a>§</a><a>§</a><a>PONCT</a><a>PONCT</a><a></a><a>26</a><a>ponct</a><a>26</a><a>ponct</a>
                </item>
            </p>
        </description>
        <description>
            <p type="description">
                <item>
                    <a>1</a><a>Cette</a><a>cette</a><a>DET</a><a>DET</a><a>n=s|g=f</a><a>2</a><a>det</a><a>2</a><a>det</a>
                </item>
                <item>
                    <a>2</a><a>campagne</a><a>campagne</a><a>NC</a><a>NC</a><a>n=s|g=f</a><a>6</a><a>suj</a><a>6</a><a>suj</a>
                </item>
                <item><a>3</a><a>d'</a><a>de</a><a>P</a><a>P</a><a></a><a>2</a><a>dep</a><a>2</a><a>dep</a></item>
                <item>
                    <a>4</a><a>abattage</a><a>abattage</a><a>NC</a><a>NC</a><a>n=s|g=m</a><a>3</a><a>prep</a><a>3</a><a>prep</a>
                </item>
                <item>
                    <a>5</a><a>massif</a><a>massif</a><a>ADJ</a><a>ADJ</a><a>n=s|g=m</a><a>4</a><a>mod</a><a>4</a><a>mod</a>
                </item>
                <item>
                    <a>6</a><a>commence</a><a>commencer</a><a>V</a><a>V</a><a>n=s|t=P,S|p=1,3</a><a>0</a><a>root</a><a>0</a><a>root</a>
                </item>
                <item>
                    <a>7</a><a>jeudi</a><a>jeudi</a><a>NC</a><a>NC</a><a>n=s|g=m</a><a>6</a><a>obj</a><a>6</a><a>obj</a>
                </item>
                <item><a>8</a><a>et</a><a>et</a><a>CC</a><a>CC</a><a></a><a>6</a><a>coord</a><a>6</a><a>coord</a></item>
                <item>
                    <a>9</a><a>concerne</a><a>concerner</a><a>V</a><a>V</a><a>n=s|t=P,S|p=1,3</a><a>8</a><a>dep_coord</a><a>8</a><a>dep_coord</a>
                </item>
                <item><a>10</a><a>les</a><a>les</a><a>DET</a><a>DET</a><a>n=p</a><a>11</a><a>det</a><a>11</a><a>det</a>
                </item>
                <item>
                    <a>11</a><a>départements</a><a>département</a><a>NC</a><a>NC</a><a>n=p|g=m</a><a>9</a><a>obj</a><a>9</a><a>obj</a>
                </item>
                <item>
                    <a>12</a><a>du</a><a>de</a><a>P+D</a><a>P+D</a><a>n=s|g=m</a><a>11</a><a>dep</a><a>11</a><a>dep</a>
                </item>
                <item>
                    <a>13</a><a>Gers</a><a>Gers</a><a>NPP</a><a>NPP</a><a>n=s|g=m</a><a>12</a><a>prep</a><a>12</a><a>prep</a>
                </item>
                <item><a>14</a><a>,</a><a>,</a><a>PONCT</a><a>PONCT</a><a></a><a>13</a><a>ponct</a><a>13</a><a>ponct</a>
                </item>
                <item><a>15</a><a>des</a><a>de</a><a>P+D</a><a>P+D</a><a>n=p</a><a>9</a><a>mod</a><a>9</a><a>mod</a>
                </item>
                <item>
                    <a>16</a><a>Landes</a><a>Landes</a><a>NPP</a><a>NPP</a><a>n=p,s|g=m</a><a>15</a><a>prep</a><a>15</a><a>prep</a>
                </item>
                <item><a>17</a><a>et</a><a>et</a><a>CC</a><a>CC</a><a></a><a>15</a><a>coord</a><a>15</a><a>coord</a>
                </item>
                <item>
                    <a>18</a><a>des</a><a>de</a><a>P+D</a><a>P+D</a><a>n=p</a><a>17</a><a>dep_coord</a><a>17</a><a>dep_coord</a>
                </item>
                <item><a>19</a><a>Hautes</a><a>_</a><a>NPP</a><a>NPP</a><a></a><a>18</a><a>prep</a><a>18</a><a>prep</a>
                </item>
                <item><a>20</a><a>-</a><a>-</a><a>PONCT</a><a>PONCT</a><a></a><a>19</a><a>ponct</a><a>19</a><a>ponct</a>
                </item>
                <item>
                    <a>21</a><a>Pyrénées</a><a>Pyrénées</a><a>NPP</a><a>NPP</a><a>n=p|g=f</a><a>19</a><a>mod</a><a>19</a><a>mod</a>
                </item>
                <item><a>22</a><a>.</a><a>.</a><a>PONCT</a><a>PONCT</a><a></a><a>21</a><a>ponct</a><a>21</a><a>ponct</a>
                </item>
                <item><a>23</a><a>§</a><a>§</a><a>PONCT</a><a>PONCT</a><a></a><a>21</a><a>ponct</a><a>21</a><a>ponct</a>
                </item>
            </p>
        </description>
        <description>
            <p type="description">
                <item>
                    <a>1</a><a>Bastien</a><a>Bastien</a><a>NPP</a><a>NPP</a><a>n=s|g=m</a><a>14</a><a>suj</a><a>14</a><a>suj</a>
                </item>
                <item><a>2</a><a>Bonnefous</a><a>_</a><a>NPP</a><a>NPP</a><a></a><a>1</a><a>mod</a><a>1</a><a>mod</a>
                </item>
                <item><a>3</a><a>,</a><a>,</a><a>PONCT</a><a>PONCT</a><a></a><a>2</a><a>ponct</a><a>2</a><a>ponct</a>
                </item>
                <item>
                    <a>4</a><a>journaliste</a><a>journaliste</a><a>NC</a><a>NC</a><a>n=s</a><a>1</a><a>mod</a><a>1</a><a>mod</a>
                </item>
                <item><a>5</a><a>au</a><a>à</a><a>P+D</a><a>P+D</a><a>n=s|g=m</a><a>4</a><a>dep</a><a>4</a><a>dep</a>
                </item>
                <item>
                    <a>6</a><a>service</a><a>service</a><a>NC</a><a>NC</a><a>n=s|g=m</a><a>5</a><a>prep</a><a>5</a><a>prep</a>
                </item>
                <item>
                    <a>7</a><a>politique</a><a>politique</a><a>ADJ</a><a>ADJ</a><a>n=s</a><a>6</a><a>mod</a><a>6</a><a>mod</a>
                </item>
                <item><a>8</a><a>du</a><a>de</a><a>P+D</a><a>P+D</a><a>n=s|g=m</a><a>4</a><a>dep</a><a>4</a><a>dep</a>
                </item>
                <item><a>9</a><a>"</a><a>"</a><a>PONCT</a><a>PONCT</a><a></a><a>8</a><a>ponct</a><a>8</a><a>ponct</a>
                </item>
                <item>
                    <a>10</a><a>Monde</a><a>monde</a><a>NC</a><a>NC</a><a>n=s|g=m</a><a>8</a><a>prep</a><a>8</a><a>prep</a>
                </item>
                <item><a>11</a><a>"</a><a>"</a><a>PONCT</a><a>PONCT</a><a></a><a>10</a><a>ponct</a><a>10</a><a>ponct</a>
                </item>
                <item><a>12</a><a>,</a><a>,</a><a>PONCT</a><a>PONCT</a><a></a><a>10</a><a>ponct</a><a>10</a><a>ponct</a>
                </item>
                <item>
                    <a>13</a><a>a</a><a>avoir</a><a>V</a><a>V</a><a>n=s|t=P|p=3</a><a>14</a><a>aux_tps</a><a>14</a><a>aux_tps</a>
                </item>
                <item>
                    <a>14</a><a>répondu</a><a>répondre</a><a>VPP</a><a>VPP</a><a>n=s|g=m|t=K</a><a>0</a><a>root</a><a>0</a><a>root</a>
                </item>
                <item><a>15</a><a>aux</a><a>à</a><a>P+D</a><a>P+D</a><a>n=p</a><a>14</a><a>mod</a><a>14</a><a>mod</a>
                </item>
                <item>
                    <a>16</a><a>questions</a><a>question</a><a>NC</a><a>NC</a><a>n=p|g=f</a><a>15</a><a>prep</a><a>15</a><a>prep</a>
                </item>
                <item><a>17</a><a>des</a><a>de</a><a>P+D</a><a>P+D</a><a>n=p</a><a>14</a><a>mod</a><a>14</a><a>mod</a>
                </item>
                <item>
                    <a>18</a><a>internautes</a><a>internaute</a><a>NC</a><a>NC</a><a>n=p</a><a>17</a><a>prep</a><a>17</a><a>prep</a>
                </item>
                <item><a>19</a><a>sur</a><a>sur</a><a>P</a><a>P</a><a></a><a>14</a><a>mod</a><a>14</a><a>mod</a></item>
                <item><a>20</a><a>les</a><a>les</a><a>DET</a><a>DET</a><a>n=p</a><a>21</a><a>det</a><a>21</a><a>det</a>
                </item>
                <item>
                    <a>21</a><a>programmes</a><a>programme</a><a>NC</a><a>NC</a><a>n=p|g=m</a><a>19</a><a>prep</a><a>19</a><a>prep</a>
                </item>
                <item><a>22</a><a>des</a><a>de</a><a>P+D</a><a>P+D</a><a>n=p</a><a>14</a><a>mod</a><a>14</a><a>mod</a>
                </item>
                <item>
                    <a>23</a><a>candidats</a><a>candidat</a><a>NC</a><a>NC</a><a>n=p|g=m</a><a>22</a><a>prep</a><a>22</a><a>prep</a>
                </item>
                <item><a>24</a><a>à</a><a>à</a><a>P</a><a>P</a><a></a><a>14</a><a>mod</a><a>14</a><a>mod</a></item>
                <item>
                    <a>25</a><a>la</a><a>la</a><a>DET</a><a>DET</a><a>n=s|g=f</a><a>26</a><a>det</a><a>26</a><a>det</a>
                </item>
                <item>
                    <a>26</a><a>primaire</a><a>primaire</a><a>NC</a><a>NC</a><a>n=s</a><a>24</a><a>prep</a><a>24</a><a>prep</a>
                </item>
                <item><a>27</a><a>des</a><a>de</a><a>P+D</a><a>P+D</a><a>n=p</a><a>26</a><a>dep</a><a>26</a><a>dep</a>
                </item>
                <item><a>28</a><a>22</a><a>22</a><a>NC</a><a>NC</a><a></a><a>27</a><a>prep</a><a>27</a><a>prep</a>
                </item>
                <item><a>29</a><a>et</a><a>et</a><a>CC</a><a>CC</a><a></a><a>28</a><a>coord</a><a>28</a><a>coord</a>
                </item>
                <item><a>30</a><a>29</a><a>29</a><a>ADJ</a><a>ADJ</a><a></a><a>31</a><a>mod</a><a>31</a><a>mod</a>
                </item>
                <item>
                    <a>31</a><a>janvier</a><a>janvier</a><a>NC</a><a>NC</a><a>n=s|g=m</a><a>29</a><a>dep_coord</a><a>29</a><a>dep_coord</a>
                </item>
                <item><a>32</a><a>.</a><a>.</a><a>PONCT</a><a>PONCT</a><a></a><a>31</a><a>ponct</a><a>31</a><a>ponct</a>
                </item>
                <item><a>33</a><a>§</a><a>§</a><a>PONCT</a><a>PONCT</a><a></a><a>31</a><a>ponct</a><a>31</a><a>ponct</a>
                </item>
            </p>
        </description>
        <description>
            <p type="description">
                <item><a>1</a><a>Une</a><a>une</a><a>DET</a><a>DET</a><a>n=s|g=f</a><a>2</a><a>det</a><a>2</a><a>det</a>
                </item>
                <item>
                    <a>2</a><a>étude</a><a>étude</a><a>NC</a><a>NC</a><a>n=s|g=f</a><a>3</a><a>suj</a><a>3</a><a>suj</a>
                </item>
                <item>
                    <a>3</a><a>dresse</a><a>dresser</a><a>V</a><a>V</a><a>n=s|t=P,S|p=1,3</a><a>0</a><a>root</a><a>0</a><a>root</a>
                </item>
                <item><a>4</a><a>une</a><a>une</a><a>DET</a><a>DET</a><a>n=s|g=f</a><a>5</a><a>det</a><a>5</a><a>det</a>
                </item>
                <item>
                    <a>5</a><a>carte</a><a>carte</a><a>NC</a><a>NC</a><a>n=s|g=f</a><a>3</a><a>obj</a><a>3</a><a>obj</a>
                </item>
                <item>
                    <a>6</a><a>mondiale</a><a>mondial</a><a>ADJ</a><a>ADJ</a><a>n=s|g=f</a><a>5</a><a>mod</a><a>5</a><a>mod</a>
                </item>
                <item>
                    <a>7</a><a>identifiant</a><a>identifiant</a><a>ADJ</a><a>ADJ</a><a>n=s|g=m</a><a>5</a><a>mod</a><a>5</a><a>mod</a>
                </item>
                <item><a>8</a><a>les</a><a>les</a><a>DET</a><a>DET</a><a>n=p</a><a>9</a><a>det</a><a>9</a><a>det</a>
                </item>
                <item>
                    <a>9</a><a>zones</a><a>zone</a><a>NC</a><a>NC</a><a>n=p|g=f</a><a>3</a><a>obj</a><a>3</a><a>obj</a>
                </item>
                <item>
                    <a>10</a><a>dont</a><a>dont</a><a>PROREL</a><a>PROREL</a><a></a><a>14</a><a>mod</a><a>14</a><a>mod</a>
                </item>
                <item>
                    <a>11</a><a>la</a><a>la</a><a>DET</a><a>DET</a><a>n=s|g=f</a><a>12</a><a>det</a><a>12</a><a>det</a>
                </item>
                <item>
                    <a>12</a><a>biodiversité</a><a>biodiversité</a><a>NC</a><a>NC</a><a>n=s|g=f</a><a>14</a><a>suj</a><a>14</a><a>suj</a>
                </item>
                <item>
                    <a>13</a><a>est</a><a>être</a><a>V</a><a>V</a><a>n=s|t=P|p=3</a><a>14</a><a>aux_pass</a><a>14</a><a>aux_pass</a>
                </item>
                <item>
                    <a>14</a><a>menacée</a><a>menacer</a><a>VPP</a><a>VPP</a><a>n=s|g=f|t=K</a><a>9</a><a>mod_rel</a><a>9</a><a>mod_rel</a>
                </item>
                <item><a>15</a><a>par</a><a>par</a><a>P</a><a>P</a><a></a><a>14</a><a>mod</a><a>14</a><a>mod</a></item>
                <item>
                    <a>16</a><a>la</a><a>la</a><a>DET</a><a>DET</a><a>n=s|g=f</a><a>17</a><a>det</a><a>17</a><a>det</a>
                </item>
                <item>
                    <a>17</a><a>production</a><a>production</a><a>NC</a><a>NC</a><a>n=s|g=f</a><a>15</a><a>prep</a><a>15</a><a>prep</a>
                </item>
                <item><a>18</a><a>de</a><a>de</a><a>P</a><a>P</a><a></a><a>17</a><a>dep</a><a>17</a><a>dep</a></item>
                <item>
                    <a>19</a><a>biens</a><a>bien</a><a>NC</a><a>NC</a><a>n=p|g=m</a><a>18</a><a>prep</a><a>18</a><a>prep</a>
                </item>
                <item><a>20</a><a>et</a><a>et</a><a>CC</a><a>CC</a><a></a><a>15</a><a>coord</a><a>15</a><a>coord</a>
                </item>
                <item>
                    <a>21</a><a>de</a><a>de</a><a>P</a><a>P</a><a></a><a>20</a><a>dep_coord</a><a>20</a><a>dep_coord</a>
                </item>
                <item>
                    <a>22</a><a>services</a><a>service</a><a>NC</a><a>NC</a><a>n=p|g=m</a><a>21</a><a>prep</a><a>21</a><a>prep</a>
                </item>
                <item><a>23</a><a>d'</a><a>de</a><a>P</a><a>P</a><a></a><a>14</a><a>mod</a><a>14</a><a>mod</a></item>
                <item>
                    <a>24</a><a>exportation</a><a>exportation</a><a>NC</a><a>NC</a><a>n=s|g=f</a><a>23</a><a>prep</a><a>23</a><a>prep</a>
                </item>
                <item><a>25</a><a>.</a><a>.</a><a>PONCT</a><a>PONCT</a><a></a><a>24</a><a>ponct</a><a>24</a><a>ponct</a>
                </item>
                <item><a>26</a><a>§</a><a>§</a><a>PONCT</a><a>PONCT</a><a></a><a>24</a><a>ponct</a><a>24</a><a>ponct</a>
                </item>
            </p>
        </description>
        <description>
            <p type="description">
                <item><a>1</a><a>La</a><a>la</a><a>DET</a><a>DET</a><a>n=s|g=f</a><a>2</a><a>det</a><a>2</a><a>det</a>
                </item>
                <item>
                    <a>2</a><a>réédition</a><a>réédition</a><a>NC</a><a>NC</a><a>n=s|g=f</a><a>9</a><a>suj</a><a>9</a><a>suj</a>
                </item>
                <item>
                    <a>3</a><a>annotée</a><a>annoter</a><a>VPP</a><a>VPP</a><a>n=s|g=f|t=K</a><a>2</a><a>mod</a><a>2</a><a>mod</a>
                </item>
                <item><a>4</a><a>du</a><a>de</a><a>P+D</a><a>P+D</a><a>n=s|g=m</a><a>3</a><a>mod</a><a>3</a><a>mod</a>
                </item>
                <item><a>5</a><a>livre</a><a>livre</a><a>NC</a><a>NC</a><a>n=s</a><a>4</a><a>prep</a><a>4</a><a>prep</a>
                </item>
                <item>
                    <a>6</a><a>fondateur</a><a>fondateur</a><a>NC</a><a>NC</a><a>n=s|g=m</a><a>5</a><a>mod</a><a>5</a><a>mod</a>
                </item>
                <item><a>7</a><a>du</a><a>de</a><a>P+D</a><a>P+D</a><a>n=s|g=m</a><a>2</a><a>dep</a><a>2</a><a>dep</a>
                </item>
                <item>
                    <a>8</a><a>nazisme</a><a>nazisme</a><a>NC</a><a>NC</a><a>n=s|g=m</a><a>7</a><a>prep</a><a>7</a><a>prep</a>
                </item>
                <item>
                    <a>9</a><a>est</a><a>être</a><a>V</a><a>V</a><a>n=s|t=P|p=3</a><a>0</a><a>root</a><a>0</a><a>root</a>
                </item>
                <item><a>10</a><a>une</a><a>un</a><a>PRO</a><a>PRO</a><a>n=s|g=f</a><a>9</a><a>ats</a><a>9</a><a>ats</a>
                </item>
                <item><a>11</a><a>des</a><a>de</a><a>P+D</a><a>P+D</a><a>n=p</a><a>9</a><a>mod</a><a>9</a><a>mod</a>
                </item>
                <item>
                    <a>12</a><a>meilleures</a><a>meilleur</a><a>ADJ</a><a>ADJ</a><a>n=p|g=f</a><a>13</a><a>mod</a><a>13</a><a>mod</a>
                </item>
                <item>
                    <a>13</a><a>ventes</a><a>vente</a><a>NC</a><a>NC</a><a>n=p|g=f</a><a>11</a><a>prep</a><a>11</a><a>prep</a>
                </item>
                <item><a>14</a><a>de</a><a>de</a><a>P</a><a>P</a><a></a><a>9</a><a>mod</a><a>9</a><a>mod</a></item>
                <item><a>15</a><a>l'</a><a>le</a><a>DET</a><a>DET</a><a>n=s</a><a>16</a><a>det</a><a>16</a><a>det</a>
                </item>
                <item>
                    <a>16</a><a>année</a><a>année</a><a>NC</a><a>NC</a><a>n=s|g=f</a><a>14</a><a>prep</a><a>14</a><a>prep</a>
                </item>
                <item><a>17</a><a>.</a><a>.</a><a>PONCT</a><a>PONCT</a><a></a><a>16</a><a>ponct</a><a>16</a><a>ponct</a>
                </item>
                <item><a>18</a><a>§</a><a>§</a><a>PONCT</a><a>PONCT</a><a></a><a>16</a><a>ponct</a><a>16</a><a>ponct</a>
                </item>
            </p>
        </description>
        <description>
            <p type="description">
                <item>
                    <a>1</a><a>Philippe</a><a>Philippe</a><a>NPP</a><a>NPP</a><a>n=s|g=m</a><a>11</a><a>suj</a><a>11</a><a>suj</a>
                </item>
                <item><a>2</a><a>Martinez</a><a>_</a><a>NPP</a><a>NPP</a><a></a><a>1</a><a>mod</a><a>1</a><a>mod</a>
                </item>
                <item><a>3</a><a>,</a><a>,</a><a>PONCT</a><a>PONCT</a><a></a><a>2</a><a>ponct</a><a>2</a><a>ponct</a>
                </item>
                <item>
                    <a>4</a><a>secrétaire</a><a>secrétaire</a><a>NC</a><a>NC</a><a>n=s</a><a>1</a><a>mod</a><a>1</a><a>mod</a>
                </item>
                <item>
                    <a>5</a><a>général</a><a>général</a><a>ADJ</a><a>ADJ</a><a>n=s|g=m</a><a>4</a><a>mod</a><a>4</a><a>mod</a>
                </item>
                <item><a>6</a><a>de</a><a>de</a><a>P</a><a>P</a><a></a><a>4</a><a>dep</a><a>4</a><a>dep</a></item>
                <item><a>7</a><a>la</a><a>la</a><a>DET</a><a>DET</a><a>n=s|g=f</a><a>8</a><a>det</a><a>8</a><a>det</a>
                </item>
                <item>
                    <a>8</a><a>centrale</a><a>centrale</a><a>NC</a><a>NC</a><a>n=s|g=f</a><a>6</a><a>prep</a><a>6</a><a>prep</a>
                </item>
                <item>
                    <a>9</a><a>syndicale</a><a>syndical</a><a>ADJ</a><a>ADJ</a><a>n=s|g=f</a><a>8</a><a>mod</a><a>8</a><a>mod</a>
                </item>
                <item><a>10</a><a>,</a><a>,</a><a>PONCT</a><a>PONCT</a><a></a><a>9</a><a>ponct</a><a>9</a><a>ponct</a>
                </item>
                <item>
                    <a>11</a><a>reproche</a><a>reprocher</a><a>V</a><a>V</a><a>n=s|t=P,S|p=1,3</a><a>0</a><a>root</a><a>0</a><a>root</a>
                </item>
                <item><a>12</a><a>aux</a><a>à</a><a>P+D</a><a>P+D</a><a>n=p</a><a>11</a><a>mod</a><a>11</a><a>mod</a>
                </item>
                <item>
                    <a>13</a><a>candidats</a><a>candidat</a><a>NC</a><a>NC</a><a>n=p|g=m</a><a>12</a><a>prep</a><a>12</a><a>prep</a>
                </item>
                <item><a>14</a><a>à</a><a>à</a><a>P</a><a>P</a><a></a><a>11</a><a>mod</a><a>11</a><a>mod</a></item>
                <item><a>15</a><a>l'</a><a>le</a><a>DET</a><a>DET</a><a>n=s</a><a>16</a><a>det</a><a>16</a><a>det</a>
                </item>
                <item>
                    <a>16</a><a>élection</a><a>élection</a><a>NC</a><a>NC</a><a>n=s|g=f</a><a>14</a><a>prep</a><a>14</a><a>prep</a>
                </item>
                <item>
                    <a>17</a><a>présidentielle</a><a>présidentiel</a><a>ADJ</a><a>ADJ</a><a>n=s|g=f</a><a>16</a><a>mod</a><a>16</a><a>mod</a>
                </item>
                <item><a>18</a><a>de</a><a>de</a><a>P</a><a>P</a><a></a><a>11</a><a>mod</a><a>11</a><a>mod</a></item>
                <item>
                    <a>19</a><a>se</a><a>se</a><a>CLR</a><a>CLR</a><a>n=p,s|p=3</a><a>20</a><a>aff</a><a>20</a><a>aff</a>
                </item>
                <item>
                    <a>20</a><a>focaliser</a><a>focaliser</a><a>VINF</a><a>VINF</a><a>t=W</a><a>18</a><a>prep</a><a>18</a><a>prep</a>
                </item>
                <item><a>21</a><a>sur</a><a>sur</a><a>P</a><a>P</a><a></a><a>20</a><a>mod</a><a>20</a><a>mod</a></item>
                <item>
                    <a>22</a><a>la</a><a>la</a><a>DET</a><a>DET</a><a>n=s|g=f</a><a>23</a><a>det</a><a>23</a><a>det</a>
                </item>
                <item>
                    <a>23</a><a>question</a><a>question</a><a>NC</a><a>NC</a><a>n=s|g=f</a><a>21</a><a>prep</a><a>21</a><a>prep</a>
                </item>
                <item>
                    <a>24</a><a>du</a><a>de</a><a>P+D</a><a>P+D</a><a>n=s|g=m</a><a>20</a><a>mod</a><a>20</a><a>mod</a>
                </item>
                <item><a>25</a><a>"</a><a>"</a><a>PONCT</a><a>PONCT</a><a></a><a>24</a><a>ponct</a><a>24</a><a>ponct</a>
                </item>
                <item><a>26</a><a>pseudo</a><a>_</a><a>ADJ</a><a>ADJ</a><a></a><a>27</a><a>mod</a><a>27</a><a>mod</a>
                </item>
                <item>
                    <a>27</a><a>coût</a><a>coût</a><a>NC</a><a>NC</a><a>n=s|g=m</a><a>24</a><a>prep</a><a>24</a><a>prep</a>
                </item>
                <item>
                    <a>28</a><a>du</a><a>de</a><a>P+D</a><a>P+D</a><a>n=s|g=m</a><a>27</a><a>dep</a><a>27</a><a>dep</a>
                </item>
                <item>
                    <a>29</a><a>travail</a><a>travail</a><a>NC</a><a>NC</a><a>n=s|g=m</a><a>28</a><a>prep</a><a>28</a><a>prep</a>
                </item>
                <item><a>30</a><a>"</a><a>"</a><a>PONCT</a><a>PONCT</a><a></a><a>29</a><a>ponct</a><a>29</a><a>ponct</a>
                </item>
                <item><a>31</a><a>et</a><a>et</a><a>CC</a><a>CC</a><a></a><a>11</a><a>coord</a><a>11</a><a>coord</a>
                </item>
                <item>
                    <a>32</a><a>de</a><a>de</a><a>P</a><a>P</a><a></a><a>31</a><a>dep_coord</a><a>31</a><a>dep_coord</a>
                </item>
                <item>
                    <a>33</a><a>passer</a><a>passer</a><a>VINF</a><a>VINF</a><a>t=W</a><a>32</a><a>prep</a><a>32</a><a>prep</a>
                </item>
                <item><a>34</a><a>à</a><a>à</a><a>P</a><a>P</a><a></a><a>33</a><a>mod</a><a>33</a><a>mod</a></item>
                <item>
                    <a>35</a><a>côté</a><a>côté</a><a>NC</a><a>NC</a><a>n=s|g=m</a><a>34</a><a>prep</a><a>34</a><a>prep</a>
                </item>
                <item><a>36</a><a>des</a><a>de</a><a>P+D</a><a>P+D</a><a>n=p</a><a>33</a><a>mod</a><a>33</a><a>mod</a>
                </item>
                <item>
                    <a>37</a><a>sujets</a><a>sujet</a><a>NC</a><a>NC</a><a>n=p|g=m</a><a>36</a><a>prep</a><a>36</a><a>prep</a>
                </item>
                <item>
                    <a>38</a><a>essentiels</a><a>essentiel</a><a>ADJ</a><a>ADJ</a><a>n=p|g=m</a><a>37</a><a>mod</a><a>37</a><a>mod</a>
                </item>
                <item><a>39</a><a>.</a><a>.</a><a>PONCT</a><a>PONCT</a><a></a><a>38</a><a>ponct</a><a>38</a><a>ponct</a>
                </item>
                <item><a>40</a><a>§</a><a>§</a><a>PONCT</a><a>PONCT</a><a></a><a>38</a><a>ponct</a><a>38</a><a>ponct</a>
                </item>
            </p>
        </description>
        <description>
            <p type="description">
                <item><a>1</a><a>Le</a><a>le</a><a>DET</a><a>DET</a><a>n=s|g=m</a><a>2</a><a>det</a><a>2</a><a>det</a>
                </item>
                <item>
                    <a>2</a><a>suspect</a><a>suspect</a><a>NC</a><a>NC</a><a>n=s|g=m</a><a>20</a><a>suj</a><a>20</a><a>suj</a>
                </item>
                <item><a>3</a><a>,</a><a>,</a><a>PONCT</a><a>PONCT</a><a></a><a>2</a><a>ponct</a><a>2</a><a>ponct</a>
                </item>
                <item>
                    <a>4</a><a>qui</a><a>qui</a><a>PROREL</a><a>PROREL</a><a>n=s</a><a>6</a><a>suj</a><a>6</a><a>suj</a>
                </item>
                <item>
                    <a>5</a><a>a</a><a>avoir</a><a>V</a><a>V</a><a>n=s|t=P|p=3</a><a>6</a><a>aux_tps</a><a>6</a><a>aux_tps</a>
                </item>
                <item>
                    <a>6</a><a>dîné</a><a>dîner</a><a>VPP</a><a>VPP</a><a>n=s|g=m|t=K</a><a>2</a><a>mod_rel</a><a>2</a><a>mod_rel</a>
                </item>
                <item><a>7</a><a>avec</a><a>avec</a><a>P</a><a>P</a><a></a><a>6</a><a>mod</a><a>6</a><a>mod</a></item>
                <item><a>8</a><a>Anis</a><a>_</a><a>NPP</a><a>NPP</a><a></a><a>7</a><a>prep</a><a>7</a><a>prep</a>
                </item>
                <item><a>9</a><a>Amri</a><a>_</a><a>NPP</a><a>NPP</a><a></a><a>8</a><a>mod</a><a>8</a><a>mod</a></item>
                <item>
                    <a>10</a><a>la</a><a>la</a><a>DET</a><a>DET</a><a>n=s|g=f</a><a>11</a><a>det</a><a>11</a><a>det</a>
                </item>
                <item>
                    <a>11</a><a>veille</a><a>veille</a><a>NC</a><a>NC</a><a>n=s|g=f</a><a>6</a><a>obj</a><a>6</a><a>obj</a>
                </item>
                <item><a>12</a><a>de</a><a>de</a><a>P</a><a>P</a><a></a><a>11</a><a>dep</a><a>11</a><a>dep</a></item>
                <item><a>13</a><a>l'</a><a>le</a><a>DET</a><a>DET</a><a>n=s</a><a>14</a><a>det</a><a>14</a><a>det</a>
                </item>
                <item>
                    <a>14</a><a>attentat</a><a>attentat</a><a>NC</a><a>NC</a><a>n=s|g=m</a><a>12</a><a>prep</a><a>12</a><a>prep</a>
                </item>
                <item><a>15</a><a>,</a><a>,</a><a>PONCT</a><a>PONCT</a><a></a><a>14</a><a>ponct</a><a>14</a><a>ponct</a>
                </item>
                <item><a>16</a><a>n'</a><a>ne</a><a>ADV</a><a>ADV</a><a></a><a>20</a><a>mod</a><a>20</a><a>mod</a>
                </item>
                <item>
                    <a>17</a><a>a</a><a>avoir</a><a>V</a><a>V</a><a>n=s|t=P|p=3</a><a>20</a><a>aux_tps</a><a>20</a><a>aux_tps</a>
                </item>
                <item><a>18</a><a>pas</a><a>pas</a><a>ADV</a><a>ADV</a><a></a><a>20</a><a>mod</a><a>20</a><a>mod</a>
                </item>
                <item>
                    <a>19</a><a>été</a><a>être</a><a>VPP</a><a>VPP</a><a>t=K</a><a>20</a><a>aux_pass</a><a>20</a><a>aux_pass</a>
                </item>
                <item>
                    <a>20</a><a>mis</a><a>mettre</a><a>VPP</a><a>VPP</a><a>g=m|t=K</a><a>0</a><a>root</a><a>0</a><a>root</a>
                </item>
                <item><a>21</a><a>en</a><a>en</a><a>P</a><a>P</a><a></a><a>20</a><a>mod</a><a>20</a><a>mod</a></item>
                <item>
                    <a>22</a><a>examen</a><a>examen</a><a>NC</a><a>NC</a><a>n=s|g=m</a><a>21</a><a>prep</a><a>21</a><a>prep</a>
                </item>
                <item><a>23</a><a>,</a><a>,</a><a>PONCT</a><a>PONCT</a><a></a><a>22</a><a>ponct</a><a>22</a><a>ponct</a>
                </item>
                <item>
                    <a>24</a><a>faute</a><a>faute</a><a>NC</a><a>NC</a><a>n=s|g=f</a><a>20</a><a>mod</a><a>20</a><a>mod</a>
                </item>
                <item><a>25</a><a>d'</a><a>de</a><a>P</a><a>P</a><a></a><a>24</a><a>dep</a><a>24</a><a>dep</a></item>
                <item>
                    <a>26</a><a>éléments</a><a>élément</a><a>NC</a><a>NC</a><a>n=p|g=m</a><a>25</a><a>prep</a><a>25</a><a>prep</a>
                </item>
                <item>
                    <a>27</a><a>probants</a><a>probant</a><a>ADJ</a><a>ADJ</a><a>n=p|g=m</a><a>26</a><a>mod</a><a>26</a><a>mod</a>
                </item>
                <item><a>28</a><a>.</a><a>.</a><a>PONCT</a><a>PONCT</a><a></a><a>27</a><a>ponct</a><a>27</a><a>ponct</a>
                </item>
                <item><a>29</a><a>§</a><a>§</a><a>PONCT</a><a>PONCT</a><a></a><a>27</a><a>ponct</a><a>27</a><a>ponct</a>
                </item>
            </p>
        </description>
        <description>
            <p type="description">
                <item><a>1</a><a>En</a><a>en</a><a>P</a><a>P</a><a></a><a>7</a><a>mod</a><a>7</a><a>mod</a></item>
                <item><a>2</a><a>2017</a><a>2017</a><a>NC</a><a>NC</a><a></a><a>1</a><a>prep</a><a>1</a><a>prep</a>
                </item>
                <item><a>3</a><a>,</a><a>,</a><a>PONCT</a><a>PONCT</a><a></a><a>2</a><a>ponct</a><a>2</a><a>ponct</a>
                </item>
                <item><a>4</a><a>le</a><a>le</a><a>DET</a><a>DET</a><a>n=s|g=m</a><a>5</a><a>det</a><a>5</a><a>det</a>
                </item>
                <item>
                    <a>5</a><a>vaisseau</a><a>vaisseau</a><a>NC</a><a>NC</a><a>n=s|g=m</a><a>7</a><a>suj</a><a>7</a><a>suj</a>
                </item>
                <item>
                    <a>6</a><a>spatial</a><a>spatial</a><a>ADJ</a><a>ADJ</a><a>n=s|g=m</a><a>5</a><a>mod</a><a>5</a><a>mod</a>
                </item>
                <item>
                    <a>7</a><a>terminera</a><a>terminer</a><a>V</a><a>V</a><a>n=s|t=F|p=3</a><a>0</a><a>root</a><a>0</a><a>root</a>
                </item>
                <item>
                    <a>8</a><a>son</a><a>son</a><a>DET</a><a>DET</a><a>n=s|g=m|p=3|poss=s</a><a>9</a><a>det</a><a>9</a><a>det</a>
                </item>
                <item>
                    <a>9</a><a>odyssée</a><a>odyssée</a><a>NC</a><a>NC</a><a>n=s|g=f</a><a>7</a><a>obj</a><a>7</a><a>obj</a>
                </item>
                <item>
                    <a>10</a><a>scientifique</a><a>scientifique</a><a>ADJ</a><a>ADJ</a><a>n=s</a><a>9</a><a>mod</a><a>9</a><a>mod</a>
                </item>
                <item><a>11</a><a>de</a><a>de</a><a>P</a><a>P</a><a></a><a>7</a><a>mod</a><a>7</a><a>mod</a></item>
                <item>
                    <a>12</a><a>vingt</a><a>vingt</a><a>DET</a><a>DET</a><a>s=card|n=p</a><a>13</a><a>det</a><a>13</a><a>det</a>
                </item>
                <item>
                    <a>13</a><a>ans</a><a>an</a><a>NC</a><a>NC</a><a>n=p|g=m</a><a>11</a><a>prep</a><a>11</a><a>prep</a>
                </item>
                <item><a>14</a><a>en</a><a>en</a><a>P</a><a>P</a><a></a><a>7</a><a>mod</a><a>7</a><a>mod</a></item>
                <item>
                    <a>15</a><a>se</a><a>se</a><a>CLR</a><a>CLR</a><a>n=p,s|p=3</a><a>16</a><a>aff</a><a>16</a><a>aff</a>
                </item>
                <item>
                    <a>16</a><a>jetant</a><a>jeter</a><a>VPR</a><a>VPR</a><a>t=G</a><a>14</a><a>prep</a><a>14</a><a>prep</a>
                </item>
                <item><a>17</a><a>sur</a><a>sur</a><a>P</a><a>P</a><a></a><a>16</a><a>mod</a><a>16</a><a>mod</a></item>
                <item>
                    <a>18</a><a>la</a><a>la</a><a>DET</a><a>DET</a><a>n=s|g=f</a><a>19</a><a>det</a><a>19</a><a>det</a>
                </item>
                <item>
                    <a>19</a><a>planète</a><a>planète</a><a>NC</a><a>NC</a><a>n=s|g=f</a><a>17</a><a>prep</a><a>17</a><a>prep</a>
                </item>
                <item><a>20</a><a>aux</a><a>à</a><a>P+D</a><a>P+D</a><a>n=p</a><a>19</a><a>dep</a><a>19</a><a>dep</a>
                </item>
                <item>
                    <a>21</a><a>anneaux</a><a>anneau</a><a>NC</a><a>NC</a><a>n=p|g=m</a><a>20</a><a>prep</a><a>20</a><a>prep</a>
                </item>
                <item><a>22</a><a>.</a><a>.</a><a>PONCT</a><a>PONCT</a><a></a><a>21</a><a>ponct</a><a>21</a><a>ponct</a>
                </item>
                <item><a>23</a><a>§</a><a>§</a><a>PONCT</a><a>PONCT</a><a></a><a>21</a><a>ponct</a><a>21</a><a>ponct</a>
                </item>
            </p>
        </description>
        <description>
            <p type="description">
                <item><a>1</a><a>La</a><a>la</a><a>DET</a><a>DET</a><a>n=s|g=f</a><a>2</a><a>det</a><a>2</a><a>det</a>
                </item>
                <item>
                    <a>2</a><a>baisse</a><a>baisse</a><a>NC</a><a>NC</a><a>n=s|g=f</a><a>5</a><a>suj</a><a>5</a><a>suj</a>
                </item>
                <item><a>3</a><a>du</a><a>de</a><a>P+D</a><a>P+D</a><a>n=s|g=m</a><a>2</a><a>dep</a><a>2</a><a>dep</a>
                </item>
                <item>
                    <a>4</a><a>chômage</a><a>chômage</a><a>NC</a><a>NC</a><a>n=s|g=m</a><a>3</a><a>prep</a><a>3</a><a>prep</a>
                </item>
                <item>
                    <a>5</a><a>permet</a><a>permettre</a><a>V</a><a>V</a><a>n=s|t=P|p=3</a><a>0</a><a>root</a><a>0</a><a>root</a>
                </item>
                <item><a>6</a><a>à</a><a>à</a><a>P</a><a>P</a><a></a><a>5</a><a>mod</a><a>5</a><a>mod</a></item>
                <item><a>7</a><a>l'</a><a>le</a><a>DET</a><a>DET</a><a>n=s</a><a>8</a><a>det</a><a>8</a><a>det</a>
                </item>
                <item>
                    <a>8</a><a>agence</a><a>agence</a><a>NC</a><a>NC</a><a>n=s|g=f</a><a>6</a><a>prep</a><a>6</a><a>prep</a>
                </item>
                <item><a>9</a><a>pour</a><a>pour</a><a>P</a><a>P</a><a></a><a>5</a><a>mod</a><a>5</a><a>mod</a></item>
                <item><a>10</a><a>l'</a><a>le</a><a>DET</a><a>DET</a><a>n=s</a><a>11</a><a>det</a><a>11</a><a>det</a>
                </item>
                <item>
                    <a>11</a><a>emploi</a><a>emploi</a><a>NC</a><a>NC</a><a>n=s|g=m</a><a>9</a><a>prep</a><a>9</a><a>prep</a>
                </item>
                <item><a>12</a><a>de</a><a>de</a><a>P</a><a>P</a><a></a><a>5</a><a>mod</a><a>5</a><a>mod</a></item>
                <item>
                    <a>13</a><a>dégager</a><a>dégager</a><a>VINF</a><a>VINF</a><a>t=W</a><a>12</a><a>prep</a><a>12</a><a>prep</a>
                </item>
                <item><a>14</a><a>des</a><a>des</a><a>DET</a><a>DET</a><a>n=p</a><a>15</a><a>det</a><a>15</a><a>det</a>
                </item>
                <item>
                    <a>15</a><a>excédents</a><a>excédent</a><a>NC</a><a>NC</a><a>n=p|g=m</a><a>13</a><a>obj</a><a>13</a><a>obj</a>
                </item>
                <item>
                    <a>16</a><a>records</a><a>record</a><a>NC</a><a>NC</a><a>n=p|g=m</a><a>15</a><a>mod</a><a>15</a><a>mod</a>
                </item>
                <item>
                    <a>17</a><a>dont</a><a>dont</a><a>PROREL</a><a>PROREL</a><a></a><a>20</a><a>mod</a><a>20</a><a>mod</a>
                </item>
                <item><a>18</a><a>l'</a><a>le</a><a>DET</a><a>DET</a><a>n=s</a><a>19</a><a>det</a><a>19</a><a>det</a>
                </item>
                <item>
                    <a>19</a><a>utilisation</a><a>utilisation</a><a>NC</a><a>NC</a><a>n=s|g=f</a><a>20</a><a>suj</a><a>20</a><a>suj</a>
                </item>
                <item>
                    <a>20</a><a>fait</a><a>faire</a><a>V</a><a>V</a><a>n=s|t=P|p=3</a><a>5</a><a>mod</a><a>5</a><a>mod</a>
                </item>
                <item>
                    <a>21</a><a>débat</a><a>débat</a><a>NC</a><a>NC</a><a>n=s|g=m</a><a>20</a><a>obj</a><a>20</a><a>obj</a>
                </item>
                <item><a>22</a><a>.</a><a>.</a><a>PONCT</a><a>PONCT</a><a></a><a>21</a><a>ponct</a><a>21</a><a>ponct</a>
                </item>
                <item><a>23</a><a>§</a><a>§</a><a>PONCT</a><a>PONCT</a><a></a><a>21</a><a>ponct</a><a>21</a><a>ponct</a>
                </item>
            </p>
        </description>
        <description>
            <p type="description">
                <item><a>1</a><a>Des</a><a>des</a><a>DET</a><a>DET</a><a>n=p</a><a>2</a><a>det</a><a>2</a><a>det</a>
                </item>
                <item>
                    <a>2</a><a>articles</a><a>article</a><a>NC</a><a>NC</a><a>n=p|g=m</a><a>14</a><a>suj</a><a>14</a><a>suj</a>
                </item>
                <item>
                    <a>3</a><a>partagés</a><a>partager</a><a>VPP</a><a>VPP</a><a>n=p|g=m|t=K</a><a>2</a><a>mod</a><a>2</a><a>mod</a>
                </item>
                <item><a>4</a><a>des</a><a>de</a><a>P+D</a><a>P+D</a><a>n=p</a><a>3</a><a>mod</a><a>3</a><a>mod</a>
                </item>
                <item>
                    <a>5</a><a>dizaines</a><a>dizaine</a><a>NC</a><a>NC</a><a>n=p|g=f</a><a>4</a><a>prep</a><a>4</a><a>prep</a>
                </item>
                <item><a>6</a><a>de</a><a>de</a><a>P</a><a>P</a><a></a><a>3</a><a>mod</a><a>3</a><a>mod</a></item>
                <item>
                    <a>7</a><a>milliers</a><a>millier</a><a>NC</a><a>NC</a><a>n=p|g=m</a><a>6</a><a>prep</a><a>6</a><a>prep</a>
                </item>
                <item><a>8</a><a>de</a><a>de</a><a>P</a><a>P</a><a></a><a>3</a><a>mod</a><a>3</a><a>mod</a></item>
                <item><a>9</a><a>fois</a><a>fois</a><a>NC</a><a>NC</a><a>g=f</a><a>8</a><a>prep</a><a>8</a><a>prep</a>
                </item>
                <item><a>10</a><a>sur</a><a>sur</a><a>P</a><a>P</a><a></a><a>3</a><a>mod</a><a>3</a><a>mod</a></item>
                <item><a>11</a><a>les</a><a>les</a><a>DET</a><a>DET</a><a>n=p</a><a>12</a><a>det</a><a>12</a><a>det</a>
                </item>
                <item>
                    <a>12</a><a>réseaux</a><a>réseau</a><a>NC</a><a>NC</a><a>n=p|g=m</a><a>10</a><a>prep</a><a>10</a><a>prep</a>
                </item>
                <item>
                    <a>13</a><a>sociaux</a><a>social</a><a>ADJ</a><a>ADJ</a><a>n=p|g=m</a><a>12</a><a>mod</a><a>12</a><a>mod</a>
                </item>
                <item>
                    <a>14</a><a>affirment</a><a>affirmer</a><a>V</a><a>V</a><a>n=p|t=P,S|p=3</a><a>0</a><a>root</a><a>0</a><a>root</a>
                </item>
                <item><a>15</a><a>à</a><a>à</a><a>P</a><a>P</a><a></a><a>14</a><a>mod</a><a>14</a><a>mod</a></item>
                <item>
                    <a>16</a><a>tort</a><a>tort</a><a>NC</a><a>NC</a><a>n=s|g=m</a><a>15</a><a>prep</a><a>15</a><a>prep</a>
                </item>
                <item><a>17</a><a>que</a><a>que</a><a>CS</a><a>CS</a><a></a><a>14</a><a>mod</a><a>14</a><a>mod</a>
                </item>
                <item><a>18</a><a>l'</a><a>le</a><a>DET</a><a>DET</a><a>n=s</a><a>19</a><a>det</a><a>19</a><a>det</a>
                </item>
                <item>
                    <a>19</a><a>administration</a><a>administration</a><a>NC</a><a>NC</a><a>n=s|g=f</a><a>22</a><a>suj</a><a>22</a><a>suj</a>
                </item>
                <item>
                    <a>20</a><a>française</a><a>français</a><a>ADJ</a><a>ADJ</a><a>n=s|g=f</a><a>19</a><a>mod</a><a>19</a><a>mod</a>
                </item>
                <item>
                    <a>21</a><a>aurait</a><a>avoir</a><a>V</a><a>V</a><a>n=s|t=C|p=3</a><a>22</a><a>aux_tps</a><a>22</a><a>aux_tps</a>
                </item>
                <item>
                    <a>22</a><a>enterré</a><a>enterrer</a><a>VPP</a><a>VPP</a><a>n=s|g=m|t=K</a><a>17</a><a>sub</a><a>17</a><a>sub</a>
                </item>
                <item>
                    <a>23</a><a>le</a><a>le</a><a>DET</a><a>DET</a><a>n=s|g=m</a><a>24</a><a>det</a><a>24</a><a>det</a>
                </item>
                <item>
                    <a>24</a><a>régime</a><a>régime</a><a>NC</a><a>NC</a><a>n=s|g=m</a><a>22</a><a>obj</a><a>22</a><a>obj</a>
                </item>
                <item>
                    <a>25</a><a>social</a><a>social</a><a>ADJ</a><a>ADJ</a><a>n=s|g=m</a><a>24</a><a>mod</a><a>24</a><a>mod</a>
                </item>
                <item><a>26</a><a>des</a><a>de</a><a>P+D</a><a>P+D</a><a>n=p</a><a>24</a><a>dep</a><a>24</a><a>dep</a>
                </item>
                <item>
                    <a>27</a><a>indépendants</a><a>indépendant</a><a>ADJ</a><a>ADJ</a><a>n=p|g=m</a><a>0</a><a>_</a><a>0</a><a>_</a>
                </item>
                <item><a>28</a><a>.</a><a>.</a><a>PONCT</a><a>PONCT</a><a></a><a>27</a><a>ponct</a><a>27</a><a>ponct</a>
                </item>
            </p>
            <p type="description">
                <item>
                    <a>1</a><a>Explications</a><a>explication</a><a>NC</a><a>NC</a><a>n=p|g=f</a><a>0</a><a>root</a><a>0</a><a>root</a>
                </item>
                <item><a>2</a><a>.</a><a>.</a><a>PONCT</a><a>PONCT</a><a></a><a>1</a><a>ponct</a><a>1</a><a>ponct</a>
                </item>
                <item><a>3</a><a>§</a><a>§</a><a>PONCT</a><a>PONCT</a><a></a><a>1</a><a>ponct</a><a>1</a><a>ponct</a>
                </item>
            </p>
        </description>
        <description>
            <p type="description">
                <item><a>1</a><a>Les</a><a>les</a><a>DET</a><a>DET</a><a>n=p</a><a>2</a><a>det</a><a>2</a><a>det</a>
                </item>
                <item>
                    <a>2</a><a>militaires</a><a>militaire</a><a>NC</a><a>NC</a><a>n=p|g=m</a><a>3</a><a>suj</a><a>3</a><a>suj</a>
                </item>
                <item>
                    <a>3</a><a>escortaient</a><a>escorter</a><a>V</a><a>V</a><a>n=p|t=I|p=3</a><a>0</a><a>root</a><a>0</a><a>root</a>
                </item>
                <item><a>4</a><a>un</a><a>un</a><a>DET</a><a>DET</a><a>n=s|g=m</a><a>5</a><a>det</a><a>5</a><a>det</a>
                </item>
                <item>
                    <a>5</a><a>convoi</a><a>convoi</a><a>NC</a><a>NC</a><a>n=s|g=m</a><a>3</a><a>obj</a><a>3</a><a>obj</a>
                </item>
                <item><a>6</a><a>dans</a><a>dans</a><a>P</a><a>P</a><a></a><a>3</a><a>mod</a><a>3</a><a>mod</a></item>
                <item><a>7</a><a>le</a><a>le</a><a>DET</a><a>DET</a><a>n=s|g=m</a><a>8</a><a>det</a><a>8</a><a>det</a>
                </item>
                <item><a>8</a><a>sud</a><a>sud</a><a>NC</a><a>NC</a><a>n=s|g=m</a><a>6</a><a>prep</a><a>6</a><a>prep</a>
                </item>
                <item><a>9</a><a>-</a><a>-</a><a>PONCT</a><a>PONCT</a><a></a><a>8</a><a>ponct</a><a>8</a><a>ponct</a>
                </item>
                <item>
                    <a>10</a><a>est</a><a>être</a><a>V</a><a>V</a><a>n=s|t=P|p=3</a><a>3</a><a>mod</a><a>3</a><a>mod</a>
                </item>
                <item>
                    <a>11</a><a>du</a><a>de</a><a>P+D</a><a>P+D</a><a>n=s|g=m</a><a>10</a><a>mod</a><a>10</a><a>mod</a>
                </item>
                <item>
                    <a>12</a><a>pays</a><a>pays</a><a>NC</a><a>NC</a><a>g=m</a><a>11</a><a>prep</a><a>11</a><a>prep</a>
                </item>
                <item><a>13</a><a>.</a><a>.</a><a>PONCT</a><a>PONCT</a><a></a><a>12</a><a>ponct</a><a>12</a><a>ponct</a>
                </item>
            </p>
            <p type="description">
                <item>
                    <a>1</a><a>Leurs</a><a>leurs</a><a>DET</a><a>DET</a><a>n=p|p=3|poss=p</a><a>2</a><a>det</a><a>2</a><a>det</a>
                </item>
                <item>
                    <a>2</a><a>assaillants</a><a>assaillant</a><a>NC</a><a>NC</a><a>n=p|g=m</a><a>5</a><a>suj</a><a>5</a><a>suj</a>
                </item>
                <item><a>3</a><a>se</a><a>se</a><a>CLR</a><a>CLR</a><a>n=p,s|p=3</a><a>5</a><a>aff</a><a>5</a><a>aff</a>
                </item>
                <item>
                    <a>4</a><a>sont</a><a>être</a><a>V</a><a>V</a><a>n=p|t=P|p=3</a><a>5</a><a>aux_tps</a><a>5</a><a>aux_tps</a>
                </item>
                <item>
                    <a>5</a><a>enfuis</a><a>enfuir</a><a>VPP</a><a>VPP</a><a>n=p|g=m|t=K</a><a>0</a><a>root</a><a>0</a><a>root</a>
                </item>
                <item><a>6</a><a>.</a><a>.</a><a>PONCT</a><a>PONCT</a><a></a><a>5</a><a>ponct</a><a>5</a><a>ponct</a>
                </item>
                <item><a>7</a><a>§</a><a>§</a><a>PONCT</a><a>PONCT</a><a></a><a>5</a><a>ponct</a><a>5</a><a>ponct</a>
                </item>
            </p>
        </description>
    </file>

</basetalismane>